
rules:
   0: yard_exp_brackets_4 = , pair 
   1: yard_exp_brackets_3 = , value 
   2: yard_many_2 = 
   3: yard_many_2 = yard_exp_brackets_4 yard_many_2 
   4: yard_rule_list_2 = 
   5: yard_rule_list_2 = pair yard_many_2 
   6: objects = { yard_rule_list_2 } 
   7: pair = STRING1 : value 
   8: yard_many_1 = 
   9: yard_many_1 = yard_exp_brackets_3 yard_many_1 
  10: yard_rule_list_1 = 
  11: yard_rule_list_1 = value yard_many_1 
  12: array1 = [ yard_rule_list_1 ] 
  13: value = STRING1 
  14: value = NUMBER 
  15: value = objects 
  16: value = array1 
  17: value = true 
  18: value = false 
  19: value = null 
  20: yard_start_rule = value 
States count: 30
Generation time: 00:00:00.2656406
