
rules:
   0: yard_exp_brackets_472 = KW_ROWGUID 
   1: yard_exp_brackets_472 = KW_IDENTITY 
   2: yard_exp_brackets_472 = name 
   3: yard_exp_brackets_471 = DEC_NUMBER 
   4: yard_exp_brackets_471 = sql_expr 
   5: yard_exp_brackets_470 = LOCALVAR 
   6: yard_exp_brackets_470 = name yard_opt_238 
   7: yard_exp_brackets_469 = sql_expr 
   8: yard_exp_brackets_469 = ident 
   9: yard_exp_brackets_468 = KW_FULL 
  10: yard_exp_brackets_468 = KW_RIGHT 
  11: yard_exp_brackets_468 = KW_LEFT 
  12: yard_exp_brackets_467 = proximity_term 
  13: yard_exp_brackets_467 = generation_term 
  14: yard_exp_brackets_467 = prefix_term 
  15: yard_exp_brackets_467 = simple_term 
  16: yard_exp_brackets_466 = EMPTY 
  17: yard_exp_brackets_466 = KW_OR 
  18: yard_exp_brackets_465 = EMPTY 
  19: yard_exp_brackets_465 = KW_AND KW_NOT 
  20: yard_exp_brackets_464 = EMPTY 
  21: yard_exp_brackets_464 = KW_AND 
  22: yard_exp_brackets_463 = sql_expr yard_opt_105 
  23: yard_exp_brackets_463 = yard_opt_103 yard_exp_brackets_472 yard_opt_104 
  24: yard_exp_brackets_462 = ident 
  25: yard_exp_brackets_462 = STRING_CONST 
  26: yard_exp_brackets_461 = ident 
  27: yard_exp_brackets_461 = STRING_CONST 
  28: yard_exp_brackets_460 = KW_ROWGUID 
  29: yard_exp_brackets_460 = KW_IDENTITY 
  30: yard_exp_brackets_460 = name 
  31: yard_exp_brackets_459 = DEC_NUMBER 
  32: yard_exp_brackets_459 = IDENT 
  33: yard_exp_brackets_459 = ident 
  34: yard_exp_brackets_458 = KW_SUM 
  35: yard_exp_brackets_458 = KW_MIN 
  36: yard_exp_brackets_458 = KW_MAX 
  37: yard_exp_brackets_458 = KW_COUNT 
  38: yard_exp_brackets_458 = KW_AVG 
  39: yard_exp_brackets_457 = KW_CURSOR yard_opt_6 yard_opt_7 yard_opt_8 yard_opt_9 KW_FOR select_stmnt yard_opt_10 
  40: yard_exp_brackets_456 = sql_expr 
  41: yard_exp_brackets_456 = sql_datatype 
  42: yard_exp_brackets_455 = LOCALVAR 
  43: yard_exp_brackets_455 = dec_num 
  44: yard_exp_brackets_454 = LOCALVAR 
  45: yard_exp_brackets_454 = dec_num 
  46: yard_exp_brackets_453 = yard_opt_270 IDENT 
  47: yard_exp_brackets_452 = KW_USER 
  48: yard_exp_brackets_452 = KW_LOGIN 
  49: yard_exp_brackets_451 = LOCALVAR yard_opt_258 
  50: yard_exp_brackets_451 = sql_expr 
  51: yard_exp_brackets_450 = LOCALVAR yard_opt_258 
  52: yard_exp_brackets_450 = sql_expr 
  53: yard_exp_brackets_449 = KW_USER 
  54: yard_exp_brackets_449 = KW_LOGIN 
  55: yard_exp_brackets_448 = STRING_CONST 
  56: yard_exp_brackets_448 = LOCALVAR 
  57: yard_exp_brackets_447 = STRING_CONST 
  58: yard_exp_brackets_447 = LOCALVAR 
  59: yard_exp_brackets_446 = yard_opt_250 yard_exp_brackets_471 
  60: yard_exp_brackets_445 = DEC_NUMBER 
  61: yard_exp_brackets_445 = sql_expr 
  62: yard_exp_brackets_444 = yard_opt_248 
  63: yard_exp_brackets_444 = LOCALVAR yard_opt_247 
  64: yard_exp_brackets_444 = sql_expr 
  65: yard_exp_brackets_443 = yard_opt_244 
  66: yard_exp_brackets_443 = LOCALVAR yard_opt_243 
  67: yard_exp_brackets_443 = sql_expr 
  68: yard_exp_brackets_442 = yard_opt_237 yard_exp_brackets_470 yard_rule_brace_opt_61 yard_opt_239 
  69: yard_exp_brackets_441 = LOCALVAR 
  70: yard_exp_brackets_441 = ident 
  71: yard_exp_brackets_440 = yard_exp_brackets_469 yard_opt_226 
  72: yard_exp_brackets_439 = sql_expr 
  73: yard_exp_brackets_439 = ident 
  74: yard_exp_brackets_438 = sql_expr 
  75: yard_exp_brackets_438 = KW_NULL 
  76: yard_exp_brackets_438 = KW_DEFAULT 
  77: yard_exp_brackets_437 = KW_OFF 
  78: yard_exp_brackets_437 = KW_ON 
  79: yard_exp_brackets_436 = KW_OFF 
  80: yard_exp_brackets_436 = KW_ON 
  81: yard_exp_brackets_435 = KW_OFF 
  82: yard_exp_brackets_435 = KW_ON 
  83: yard_exp_brackets_434 = KW_OFF 
  84: yard_exp_brackets_434 = KW_ON 
  85: yard_exp_brackets_433 = KW_OFF 
  86: yard_exp_brackets_433 = KW_ON 
  87: yard_exp_brackets_432 = IDENT yard_opt_209 
  88: yard_exp_brackets_431 = KW_DEFAULT 
  89: yard_exp_brackets_431 = IDENT 
  90: yard_exp_brackets_431 = IDENT LPAREN IDENT RPAREN 
  91: yard_exp_brackets_430 = KW_UNIQUE 
  92: yard_exp_brackets_430 = KW_PRIMARY KW_KEY 
  93: yard_exp_brackets_429 = KW_UNIQUE 
  94: yard_exp_brackets_429 = KW_PRIMARY KW_KEY 
  95: yard_exp_brackets_428 = KW_DEFAULT 
  96: yard_exp_brackets_428 = IDENT 
  97: yard_exp_brackets_428 = IDENT LPAREN IDENT RPAREN 
  98: yard_exp_brackets_427 = KW_DEFAULT 
  99: yard_exp_brackets_427 = IDENT 
 100: yard_exp_brackets_427 = IDENT LPAREN IDENT RPAREN 
 101: yard_exp_brackets_426 = KW_UNIQUE 
 102: yard_exp_brackets_426 = KW_PRIMARY KW_KEY 
 103: yard_exp_brackets_425 = computed_column_definition 
 104: yard_exp_brackets_425 = column_definition_create_table 
 105: yard_exp_brackets_424 = KW_DEFAULT 
 106: yard_exp_brackets_424 = IDENT 
 107: yard_exp_brackets_423 = KW_DEFAULT 
 108: yard_exp_brackets_423 = IDENT 
 109: yard_exp_brackets_423 = IDENT LPAREN IDENT RPAREN 
 110: yard_exp_brackets_422 = yard_exp_brackets_468 yard_opt_162 
 111: yard_exp_brackets_421 = yard_exp_brackets_467 yard_opt_153 
 112: yard_exp_brackets_420 = proximity_term 
 113: yard_exp_brackets_420 = generation_term 
 114: yard_exp_brackets_420 = prefix_term 
 115: yard_exp_brackets_420 = simple_term 
 116: yard_exp_brackets_419 = prefix_term 
 117: yard_exp_brackets_419 = simple_term 
 118: yard_exp_brackets_418 = OP_TILDA 
 119: yard_exp_brackets_418 = KW_NEAR 
 120: yard_exp_brackets_417 = prefix_term 
 121: yard_exp_brackets_417 = simple_term 
 122: yard_exp_brackets_416 = OP_TILDA 
 123: yard_exp_brackets_416 = KW_NEAR 
 124: yard_exp_brackets_415 = yard_exp_brackets_466 
 125: yard_exp_brackets_415 = yard_exp_brackets_465 
 126: yard_exp_brackets_415 = yard_exp_brackets_464 
 127: yard_exp_brackets_414 = DEC_NUMBER 
 128: yard_exp_brackets_414 = STRING_CONST 
 129: yard_exp_brackets_413 = DEC_NUMBER 
 130: yard_exp_brackets_413 = STRING_CONST 
 131: yard_exp_brackets_412 = KW_SINGLE_NCLOB 
 132: yard_exp_brackets_412 = KW_SINGLE_CLOB 
 133: yard_exp_brackets_412 = KW_SINGLE_BLOB 
 134: yard_exp_brackets_412 = KW_FORMATFILE OP_EQ STRING_CONST yard_opt_141 
 135: yard_exp_brackets_411 = STRING_CONST 
 136: yard_exp_brackets_411 = yard_opt_139 yard_opt_140 full_ident 
 137: yard_exp_brackets_410 = STRING_CONST 
 138: yard_exp_brackets_410 = STRING_CONST SEMI STRING_CONST SEMI STRING_CONST 
 139: yard_exp_brackets_409 = rowset_function yard_opt_127 yard_opt_129 
 140: yard_exp_brackets_408 = STRING_CONST 
 141: yard_exp_brackets_408 = dec_num 
 142: yard_exp_brackets_407 = STRING_CONST 
 143: yard_exp_brackets_407 = dec_num 
 144: yard_exp_brackets_406 = LPAREN search_condition RPAREN 
 145: yard_exp_brackets_406 = predicate 
 146: yard_exp_brackets_405 = KW_OR 
 147: yard_exp_brackets_405 = KW_AND 
 148: yard_exp_brackets_404 = sql_expr yard_opt_114 
 149: yard_exp_brackets_403 = sql_expr 
 150: yard_exp_brackets_403 = yard_exp_brackets_463 
 151: yard_exp_brackets_403 = name DOT STAR 
 152: yard_exp_brackets_403 = STAR 
 153: yard_exp_brackets_402 = name LPAREN yard_rule_comma_list_7 RPAREN 
 154: yard_exp_brackets_402 = yard_exp_brackets_462 
 155: yard_exp_brackets_401 = DOUBLE_COLON 
 156: yard_exp_brackets_401 = DOT 
 157: yard_exp_brackets_400 = name LPAREN yard_rule_comma_list_7 RPAREN 
 158: yard_exp_brackets_400 = yard_exp_brackets_461 
 159: yard_exp_brackets_399 = DOUBLE_COLON 
 160: yard_exp_brackets_399 = DOT 
 161: yard_exp_brackets_398 = sql_expr yard_opt_101 
 162: yard_exp_brackets_398 = yard_opt_99 yard_exp_brackets_460 yard_opt_100 
 163: yard_exp_brackets_397 = KW_ROLLUP 
 164: yard_exp_brackets_397 = KW_CUBE 
 165: yard_exp_brackets_396 = LPAREN query_expression RPAREN 
 166: yard_exp_brackets_395 = KW_INTERSECT 
 167: yard_exp_brackets_395 = KW_EXCEPT 
 168: yard_exp_brackets_395 = KW_UNION yard_opt_87 
 169: yard_exp_brackets_394 = LOCALVAR OP_EQ STRING_CONST 
 170: yard_exp_brackets_393 = KW_FORCED 
 171: yard_exp_brackets_393 = KW_SIMPLE 
 172: yard_exp_brackets_392 = KW_HASH 
 173: yard_exp_brackets_392 = KW_MERGE 
 174: yard_exp_brackets_392 = KW_LOOP 
 175: yard_exp_brackets_391 = KW_MERGE 
 176: yard_exp_brackets_391 = KW_HASH 
 177: yard_exp_brackets_391 = KW_CONCAT 
 178: yard_exp_brackets_390 = KW_ORDER 
 179: yard_exp_brackets_390 = KW_HASH 
 180: yard_exp_brackets_389 = KW_XMLSCHEMA yard_opt_71 
 181: yard_exp_brackets_389 = KW_XMLDATA 
 182: yard_exp_brackets_388 = KW_AUTO 
 183: yard_exp_brackets_388 = KW_RAW yard_opt_68 
 184: yard_exp_brackets_387 = xml 
 185: yard_exp_brackets_387 = KW_BROWSE 
 186: yard_exp_brackets_386 = LOCALVAR OP_EQ sql_expr 
 187: yard_exp_brackets_385 = yard_exp_brackets_459 yard_opt_66 
 188: yard_exp_brackets_384 = DEC_NUMBER 
 189: yard_exp_brackets_384 = IDENT 
 190: yard_exp_brackets_384 = ident 
 191: yard_exp_brackets_383 = yard_exp_brackets_458 LPAREN sql_expr RPAREN 
 192: yard_exp_brackets_382 = KW_SUM 
 193: yard_exp_brackets_382 = KW_MIN 
 194: yard_exp_brackets_382 = KW_MAX 
 195: yard_exp_brackets_382 = KW_COUNT 
 196: yard_exp_brackets_382 = KW_AVG 
 197: yard_exp_brackets_381 = KW_OR 
 198: yard_exp_brackets_381 = KW_AND 
 199: yard_exp_brackets_380 = IDENT 
 200: yard_exp_brackets_380 = STAR 
 201: yard_exp_brackets_379 = IDENT 
 202: yard_exp_brackets_379 = STAR 
 203: yard_exp_brackets_378 = KW_UNIQUE 
 204: yard_exp_brackets_378 = KW_PRIMARY KW_KEY 
 205: yard_exp_brackets_377 = KW_AS sql_expr 
 206: yard_exp_brackets_376 = ident yard_opt_46 table_type_definition 
 207: yard_exp_brackets_376 = ident KW_CURSOR yard_opt_43 yard_opt_44 yard_opt_45 sql_expr 
 208: yard_exp_brackets_376 = LOCALVAR yard_opt_42 sql_datatype 
 209: yard_exp_brackets_375 = KW_SETERROR 
 210: yard_exp_brackets_375 = KW_NOWAIT 
 211: yard_exp_brackets_375 = KW_LOG 
 212: yard_exp_brackets_374 = STRING_CONST 
 213: yard_exp_brackets_374 = DEC_NUMBER 
 214: yard_exp_brackets_374 = KW_NULL 
 215: yard_exp_brackets_373 = KW_UPDATE yard_opt_11 
 216: yard_exp_brackets_373 = KW_EAD ONLY 
 217: yard_exp_brackets_372 = yard_exp_brackets_457 
 218: yard_exp_brackets_372 = ident 
 219: yard_exp_brackets_372 = LOCALVAR 
 220: yard_exp_brackets_371 = DOUBLE_COLON 
 221: yard_exp_brackets_371 = DOT 
 222: yard_exp_brackets_370 = KW_XML 
 223: yard_exp_brackets_370 = KW_TIME 
 224: yard_exp_brackets_370 = KW_PROFILE 
 225: yard_exp_brackets_370 = KW_IO 
 226: yard_exp_brackets_369 = DOT ident 
 227: yard_exp_brackets_368 = KW_IGNORE_DUP_KEY 
 228: yard_exp_brackets_368 = KW_OWNER 
 229: yard_exp_brackets_368 = KW_STATE 
 230: yard_exp_brackets_368 = KW_CLASS 
 231: yard_exp_brackets_368 = KW_TYPE 
 232: yard_exp_brackets_368 = IDENT 
 233: yard_exp_brackets_367 = KW_IGNORE_DUP_KEY 
 234: yard_exp_brackets_367 = KW_OWNER 
 235: yard_exp_brackets_367 = KW_STATE 
 236: yard_exp_brackets_367 = KW_CLASS 
 237: yard_exp_brackets_367 = KW_TYPE 
 238: yard_exp_brackets_367 = IDENT 
 239: yard_exp_brackets_366 = COMMA yard_exp_brackets_456 
 240: yard_exp_brackets_365 = sql_expr 
 241: yard_exp_brackets_365 = sql_datatype 
 242: yard_exp_brackets_364 = KW_OR 
 243: yard_exp_brackets_364 = KW_AND 
 244: yard_exp_brackets_363 = OP_TILDA 
 245: yard_exp_brackets_363 = OP_MINUS_EQ 
 246: yard_exp_brackets_363 = OP_PLUS_EQ 
 247: yard_exp_brackets_362 = name DOT 
 248: yard_exp_brackets_361 = KW_INTO yard_rule_comma_list_53 
 249: yard_exp_brackets_360 = yard_opt_269 KW_FROM 
 250: yard_exp_brackets_359 = KW_RELATIVE yard_exp_brackets_455 
 251: yard_exp_brackets_359 = KW_ABSOLUTE yard_exp_brackets_454 
 252: yard_exp_brackets_359 = KW_LAST 
 253: yard_exp_brackets_359 = KW_FIRST 
 254: yard_exp_brackets_359 = KW_PRIOR 
 255: yard_exp_brackets_359 = KW_NEXT 
 256: yard_exp_brackets_358 = LOCALVAR 
 257: yard_exp_brackets_358 = yard_exp_brackets_453 
 258: yard_exp_brackets_357 = OP_LT OP_GT 
 259: yard_exp_brackets_356 = OP_MT OP_EQ 
 260: yard_exp_brackets_355 = OP_LT OP_EQ 
 261: yard_exp_brackets_354 = OP_LT OP_MT 
 262: yard_exp_brackets_353 = STRING_CONST 
 263: yard_exp_brackets_353 = KW_OWNER 
 264: yard_exp_brackets_353 = KW_SELF 
 265: yard_exp_brackets_353 = KW_CALLER 
 266: yard_exp_brackets_352 = KW_EXECUTE 
 267: yard_exp_brackets_352 = KW_EXEC 
 268: yard_exp_brackets_351 = KW_MAX 
 269: yard_exp_brackets_351 = DEC_NUMBER 
 270: yard_exp_brackets_350 = KW_AT full_ident 
 271: yard_exp_brackets_349 = KW_AS yard_exp_brackets_452 OP_EQ STRING_CONST 
 272: yard_exp_brackets_348 = COMMA yard_exp_brackets_451 
 273: yard_exp_brackets_347 = COMMA yard_exp_brackets_450 
 274: yard_exp_brackets_346 = STRING_CONST yard_opt_255 yard_opt_256 
 275: yard_exp_brackets_346 = LOCALVAR 
 276: yard_exp_brackets_345 = STRING_CONST yard_opt_255 yard_opt_256 
 277: yard_exp_brackets_345 = LOCALVAR 
 278: yard_exp_brackets_344 = KW_EXECUTE 
 279: yard_exp_brackets_344 = KW_EXEC 
 280: yard_exp_brackets_343 = KW_AS yard_exp_brackets_449 OP_EQ STRING_CONST 
 281: yard_exp_brackets_342 = yard_exp_brackets_448 yard_opt_252 
 282: yard_exp_brackets_341 = yard_exp_brackets_447 yard_opt_252 
 283: yard_exp_brackets_340 = KW_EXECUTE 
 284: yard_exp_brackets_340 = KW_EXEC 
 285: yard_exp_brackets_339 = COMMA yard_exp_brackets_446 
 286: yard_exp_brackets_338 = ident OP_EQ 
 287: yard_exp_brackets_337 = ident OP_EQ 
 288: yard_exp_brackets_336 = yard_opt_249 yard_exp_brackets_445 
 289: yard_exp_brackets_335 = COMMA yard_opt_245 
 290: yard_exp_brackets_334 = yard_opt_246 yard_exp_brackets_444 
 291: yard_exp_brackets_333 = KW_OUT 
 292: yard_exp_brackets_333 = KW_OUTPUT 
 293: yard_exp_brackets_332 = ident OP_EQ 
 294: yard_exp_brackets_331 = yard_opt_242 yard_exp_brackets_443 
 295: yard_exp_brackets_330 = KW_OUT 
 296: yard_exp_brackets_330 = KW_OUTPUT 
 297: yard_exp_brackets_329 = ident OP_EQ 
 298: yard_exp_brackets_328 = KW_WITH KW_RECOMPILE 
 299: yard_exp_brackets_327 = SEMI DEC_NUMBER 
 300: yard_exp_brackets_326 = LOCALVAR OP_EQ 
 301: yard_exp_brackets_325 = KW_EXECUTE 
 302: yard_exp_brackets_325 = KW_EXEC 
 303: yard_exp_brackets_324 = create_object DOT IDENT LPAREN yard_opt_240 RPAREN 
 304: yard_exp_brackets_324 = yard_exp_brackets_442 
 305: yard_exp_brackets_323 = LOCALVAR 
 306: yard_exp_brackets_323 = IDENT 
 307: yard_exp_brackets_322 = KW_TRANSACTION 
 308: yard_exp_brackets_322 = KW_TRAN 
 309: yard_exp_brackets_321 = yard_exp_brackets_441 yard_opt_231 
 310: yard_exp_brackets_320 = KW_WITH KW_MARK yard_opt_232 
 311: yard_exp_brackets_319 = KW_TRANSACTION 
 312: yard_exp_brackets_319 = KW_TRAN 
 313: yard_exp_brackets_318 = IDENT DOT 
 314: yard_exp_brackets_318 = IDENT DOT yard_opt_229 DOT 
 315: yard_exp_brackets_318 = IDENT DOT IDENT DOT IDENT DOT 
 316: yard_exp_brackets_317 = ident 
 317: yard_exp_brackets_317 = STAR 
 318: yard_exp_brackets_316 = ident 
 319: yard_exp_brackets_316 = KW_INSERTED 
 320: yard_exp_brackets_316 = KW_DELETED 
 321: yard_exp_brackets_315 = COMMA yard_exp_brackets_440 
 322: yard_exp_brackets_314 = yard_opt_227 IDENT 
 323: yard_exp_brackets_313 = yard_opt_225 IDENT 
 324: yard_exp_brackets_312 = yard_exp_brackets_439 yard_opt_224 
 325: yard_exp_brackets_311 = yard_opt_223 IDENT 
 326: yard_exp_brackets_310 = sql_expr 
 327: yard_exp_brackets_310 = ident 
 328: yard_exp_brackets_309 = KW_OUTPUT dml_select_list 
 329: yard_exp_brackets_308 = LPAREN yard_rule_comma_list_53 RPAREN 
 330: yard_exp_brackets_307 = IDENT 
 331: yard_exp_brackets_307 = LOCALVAR 
 332: yard_exp_brackets_306 = COMMA LOCALVAR 
 333: yard_exp_brackets_305 = COMMA yard_exp_brackets_438 
 334: yard_exp_brackets_304 = sql_expr 
 335: yard_exp_brackets_304 = KW_NULL 
 336: yard_exp_brackets_304 = KW_DEFAULT 
 337: yard_exp_brackets_303 = KW_DEFAULT KW_VALUES 
 338: yard_exp_brackets_302 = batch_body 
 339: yard_exp_brackets_302 = KW_VALUES LPAREN yard_rule_comma_list_55 RPAREN 
 340: yard_exp_brackets_301 = LPAREN yard_rule_comma_list_53 RPAREN 
 341: yard_exp_brackets_300 = KW_WITH LPAREN yard_many_39 RPAREN 
 342: yard_exp_brackets_299 = KW_TOP LPAREN sql_expr RPAREN yard_opt_212 
 343: yard_exp_brackets_298 = KW_WITH yard_rule_comma_list_13 
 344: yard_exp_brackets_297 = yard_opt_215 yard_opt_216 yard_opt_217 
 345: yard_exp_brackets_296 = rowset_function yard_opt_214 
 346: yard_exp_brackets_296 = object 
 347: yard_exp_brackets_295 = KW_ALLOW_PAGE_LOCKS OP_EQ yard_exp_brackets_437 
 348: yard_exp_brackets_295 = KW_ALLOW_ROW_LOCKS OP_EQ yard_exp_brackets_436 
 349: yard_exp_brackets_295 = KW_STATISTICS_NORECOMPUTE OP_EQ yard_exp_brackets_435 
 350: yard_exp_brackets_295 = KW_IGNORE_DUP_KEY OP_EQ yard_exp_brackets_434 
 351: yard_exp_brackets_295 = KW_FILLFACTOR OP_EQ DEC_NUMBER 
 352: yard_exp_brackets_295 = KW_PAD_INDEX OP_EQ yard_exp_brackets_433 
 353: yard_exp_brackets_294 = KW_UPDATE 
 354: yard_exp_brackets_294 = KW_DELETE 
 355: yard_exp_brackets_293 = COMMA IDENT 
 356: yard_exp_brackets_292 = COMMA yard_exp_brackets_432 
 357: yard_exp_brackets_291 = KW_DESC 
 358: yard_exp_brackets_291 = KW_ASC 
 359: yard_exp_brackets_290 = KW_DESC 
 360: yard_exp_brackets_290 = KW_ASC 
 361: yard_exp_brackets_289 = IDENT yard_opt_208 
 362: yard_exp_brackets_288 = KW_NOT KW_FOR KW_REPLICATION 
 363: yard_exp_brackets_287 = KW_NOT KW_FOR KW_REPLICATION 
 364: yard_exp_brackets_286 = LPAREN yard_rule_comma_list_51 RPAREN 
 365: yard_exp_brackets_285 = KW_ON yard_exp_brackets_431 
 366: yard_exp_brackets_284 = KW_WITH LPAREN yard_rule_comma_list_47 RPAREN 
 367: yard_exp_brackets_284 = KW_WITH KW_FILLFACTOR OP_EQ DEC_NUMBER 
 368: yard_exp_brackets_283 = KW_NONCLUSTERED 
 369: yard_exp_brackets_283 = KW_CLUSTERED 
 370: yard_exp_brackets_282 = KW_CONSTRAINT IDENT 
 371: yard_exp_brackets_281 = KW_CHECK yard_opt_207 LPAREN sql_expr RPAREN 
 372: yard_exp_brackets_281 = KW_FOREIGN KW_KEY LPAREN yard_rule_comma_list_51 RPAREN KW_REFERENCES IDENT yard_opt_205 yard_many_36 yard_opt_206 
 373: yard_exp_brackets_281 = yard_exp_brackets_430 yard_opt_202 LPAREN yard_rule_comma_list_49 RPAREN yard_opt_203 yard_opt_204 
 374: yard_exp_brackets_280 = KW_CHECK yard_opt_200 LPAREN sql_expr RPAREN 
 375: yard_exp_brackets_280 = yard_opt_197 KW_REFERENCES IDENT yard_opt_198 yard_many_35 yard_opt_199 
 376: yard_exp_brackets_280 = yard_opt_193 yard_exp_brackets_429 yard_opt_194 yard_opt_195 yard_opt_196 
 377: yard_exp_brackets_279 = KW_NOT KW_FOR KW_REPLICATION 
 378: yard_exp_brackets_278 = KW_NOT KW_FOR KW_REPLICATION 
 379: yard_exp_brackets_277 = LPAREN IDENT RPAREN 
 380: yard_exp_brackets_276 = KW_FOREIGN KW_KEY 
 381: yard_exp_brackets_275 = KW_ON yard_exp_brackets_428 
 382: yard_exp_brackets_274 = KW_WITH LPAREN yard_rule_comma_list_47 RPAREN 
 383: yard_exp_brackets_274 = KW_WITH KW_FILLFACTOR OP_EQ DEC_NUMBER 
 384: yard_exp_brackets_273 = KW_NONCLUSTERED 
 385: yard_exp_brackets_273 = KW_CLUSTERED 
 386: yard_exp_brackets_272 = KW_CONSTRAINT IDENT 
 387: yard_exp_brackets_271 = KW_PERSISTED yard_opt_191 
 388: yard_exp_brackets_270 = KW_NOT KW_NULL 
 389: yard_exp_brackets_269 = COMMA index_option 
 390: yard_exp_brackets_268 = KW_NOT KW_FOR KW_REPLICATION 
 391: yard_exp_brackets_267 = KW_NOT KW_FOR KW_REPLICATION 
 392: yard_exp_brackets_266 = LPAREN IDENT RPAREN 
 393: yard_exp_brackets_265 = IDENT DOT 
 394: yard_exp_brackets_264 = KW_FOREIGN KW_KEY 
 395: yard_exp_brackets_263 = KW_ON yard_exp_brackets_427 
 396: yard_exp_brackets_262 = KW_WITH LPAREN yard_rule_comma_list_47 RPAREN 
 397: yard_exp_brackets_262 = KW_WITH KW_FILLFACTOR OP_EQ DEC_NUMBER 
 398: yard_exp_brackets_261 = KW_NONCLUSTERED 
 399: yard_exp_brackets_261 = KW_CLUSTERED 
 400: yard_exp_brackets_260 = KW_CONSTRAINT IDENT 
 401: yard_exp_brackets_259 = KW_CHECK yard_opt_189 LPAREN sql_expr RPAREN 
 402: yard_exp_brackets_259 = yard_opt_185 KW_REFERENCES yard_opt_186 IDENT yard_opt_187 yard_many_33 yard_opt_188 
 403: yard_exp_brackets_259 = yard_exp_brackets_426 yard_opt_182 yard_opt_183 yard_opt_184 
 404: yard_exp_brackets_258 = KW_IDENTITY yard_opt_178 yard_opt_179 
 405: yard_exp_brackets_257 = KW_NOT KW_FOR KW_REPLICATION 
 406: yard_exp_brackets_256 = LPAREN sql_expr COMMA sql_expr RPAREN 
 407: yard_exp_brackets_255 = yard_opt_176 KW_DEFAULT sql_expr 
 408: yard_exp_brackets_254 = KW_CONSTRAINT IDENT 
 409: yard_exp_brackets_253 = KW_NOT KW_NULL 
 410: yard_exp_brackets_253 = KW_NULL 
 411: yard_exp_brackets_252 = KW_COLLATE IDENT 
 412: yard_exp_brackets_251 = COMMA yard_exp_brackets_425 
 413: yard_exp_brackets_250 = computed_column_definition 
 414: yard_exp_brackets_250 = column_definition_create_table 
 415: yard_exp_brackets_249 = COMMA table_constraint_create_table 
 416: yard_exp_brackets_248 = KW_TEXTIMAGE_ON yard_exp_brackets_424 
 417: yard_exp_brackets_247 = KW_ON yard_exp_brackets_423 
 418: yard_exp_brackets_246 = IDENT DOT yard_opt_167 yard_opt_168 
 419: yard_exp_brackets_245 = KW_ELSE sql_expr 
 420: yard_exp_brackets_244 = KW_WHEN sql_expr KW_THEN sql_expr 
 421: yard_exp_brackets_243 = name 
 422: yard_exp_brackets_243 = sql_expr 
 423: yard_exp_brackets_242 = yard_exp_brackets_422 yard_opt_163 
 424: yard_exp_brackets_242 = KW_INNER 
 425: yard_exp_brackets_241 = KW_REPEATABLE LPAREN sql_expr RPAREN 
 426: yard_exp_brackets_240 = KW_ROWS 
 427: yard_exp_brackets_240 = KW_PERCENT 
 428: yard_exp_brackets_239 = KW_XLOCK 
 429: yard_exp_brackets_239 = KW_UPDLOCK 
 430: yard_exp_brackets_239 = KW_TABLOCKX 
 431: yard_exp_brackets_239 = KW_TABLOCK 
 432: yard_exp_brackets_239 = KW_SERIALIZABLE 
 433: yard_exp_brackets_239 = KW_ROWLOCK 
 434: yard_exp_brackets_239 = KW_REPEATABLEREAD 
 435: yard_exp_brackets_239 = KW_READPAST 
 436: yard_exp_brackets_239 = KW_READCOMMITTEDLOCK 
 437: yard_exp_brackets_239 = KW_READCOMMITTED 
 438: yard_exp_brackets_239 = KW_PAGLOCK 
 439: yard_exp_brackets_239 = KW_NOWAIT 
 440: yard_exp_brackets_239 = KW_IGNORE_TRIGGERS 
 441: yard_exp_brackets_239 = KW_IGNORE_CONSTRAINTS 
 442: yard_exp_brackets_239 = KW_HOLDLOCK 
 443: yard_exp_brackets_239 = KW_FASTFIRSTROW 
 444: yard_exp_brackets_239 = KW_KEEPDEFAULTS 
 445: yard_exp_brackets_239 = KW_KEEPIDENTITY 
 446: yard_exp_brackets_238 = KW_XLOCK 
 447: yard_exp_brackets_238 = KW_UPDLOCK 
 448: yard_exp_brackets_238 = KW_TABLOCKX 
 449: yard_exp_brackets_238 = KW_TABLOCK 
 450: yard_exp_brackets_238 = KW_SERIALIZABLE 
 451: yard_exp_brackets_238 = KW_ROWLOCK 
 452: yard_exp_brackets_238 = KW_REPEATABLEREAD 
 453: yard_exp_brackets_238 = KW_READUNCOMMITTED 
 454: yard_exp_brackets_238 = KW_READPAST 
 455: yard_exp_brackets_238 = KW_READCOMMITTEDLOCK 
 456: yard_exp_brackets_238 = KW_READCOMMITTED 
 457: yard_exp_brackets_238 = KW_PAGLOCK 
 458: yard_exp_brackets_238 = KW_NOWAIT 
 459: yard_exp_brackets_238 = KW_NOLOCK 
 460: yard_exp_brackets_238 = KW_HOLDLOCK 
 461: yard_exp_brackets_238 = KW_FASTFIRSTROW 
 462: yard_exp_brackets_238 = KW_INDEX LPAREN yard_rule_comma_list_3 RPAREN 
 463: yard_exp_brackets_237 = COMMA yard_exp_brackets_421 
 464: yard_exp_brackets_236 = WEIGHT LPAREN DEC_NUMBER RPAREN 
 465: yard_exp_brackets_235 = WEIGHT LPAREN DEC_NUMBER RPAREN 
 466: yard_exp_brackets_234 = yard_exp_brackets_420 yard_opt_152 
 467: yard_exp_brackets_233 = yard_exp_brackets_418 yard_exp_brackets_419 
 468: yard_exp_brackets_232 = yard_exp_brackets_416 yard_exp_brackets_417 
 469: yard_exp_brackets_231 = prefix_term 
 470: yard_exp_brackets_231 = simple_term 
 471: yard_exp_brackets_230 = COMMA simple_term 
 472: yard_exp_brackets_229 = KW_THESAURUS 
 473: yard_exp_brackets_229 = KW_INFLECTIONAL 
 474: yard_exp_brackets_228 = LPAREN contains_search_condition RPAREN yard_exp_brackets_415 yard_some_3 
 475: yard_exp_brackets_227 = weighted_term 
 476: yard_exp_brackets_227 = proximity_term 
 477: yard_exp_brackets_227 = generation_term 
 478: yard_exp_brackets_227 = prefix_term 
 479: yard_exp_brackets_227 = simple_term 
 480: yard_exp_brackets_226 = COMMA DEC_NUMBER 
 481: yard_exp_brackets_225 = COMMA KW_LANGUAGE yard_exp_brackets_414 
 482: yard_exp_brackets_224 = STAR 
 483: yard_exp_brackets_224 = LPAREN yard_rule_comma_list_3 RPAREN 
 484: yard_exp_brackets_224 = ident 
 485: yard_exp_brackets_223 = COMMA full_ident 
 486: yard_exp_brackets_222 = COMMA DEC_NUMBER 
 487: yard_exp_brackets_221 = COMMA KW_LANGUAGE yard_exp_brackets_413 
 488: yard_exp_brackets_220 = STAR 
 489: yard_exp_brackets_220 = LPAREN yard_rule_comma_list_37 RPAREN 
 490: yard_exp_brackets_220 = full_ident 
 491: yard_exp_brackets_219 = COMMA KW_ROWS_PER_BATCH OP_EQ DEC_NUMBER 
 492: yard_exp_brackets_218 = COMMA KW_MAXERRORS OP_EQ DEC_NUMBER 
 493: yard_exp_brackets_217 = COMMA KW_LASTROW OP_EQ DEC_NUMBER 
 494: yard_exp_brackets_216 = COMMA KW_FIRSTROW OP_EQ DEC_NUMBER 
 495: yard_exp_brackets_215 = COMMA KW_ERRORFILE OP_EQ STRING_CONST 
 496: yard_exp_brackets_214 = COMMA KW_CODEPAGE OP_EQ STRING_CONST 
 497: yard_exp_brackets_213 = full_ident DOT 
 498: yard_exp_brackets_212 = full_ident DOT 
 499: yard_exp_brackets_211 = KW_BULK STRING_CONST COMMA yard_exp_brackets_412 
 500: yard_exp_brackets_211 = STRING_CONST COMMA yard_exp_brackets_410 COMMA yard_exp_brackets_411 
 501: yard_exp_brackets_210 = COMMA name 
 502: yard_exp_brackets_209 = LPAREN yard_rule_comma_list_35 RPAREN 
 503: yard_exp_brackets_208 = KW_AS name 
 504: yard_exp_brackets_207 = yard_opt_136 full_ident 
 505: yard_exp_brackets_206 = LPAREN yard_rule_comma_list_35 RPAREN 
 506: yard_exp_brackets_205 = LPAREN yard_rule_comma_list_35 RPAREN 
 507: yard_exp_brackets_204 = yard_opt_131 name 
 508: yard_exp_brackets_203 = LPAREN yard_rule_comma_list_35 RPAREN 
 509: yard_exp_brackets_202 = yard_opt_128 name 
 510: yard_exp_brackets_201 = KW_WITH LPAREN table_hint yard_many_24 RPAREN 
 511: yard_exp_brackets_200 = LOCALVAR DOT name LPAREN yard_rule_comma_list_7 RPAREN yard_opt_137 yard_opt_138 
 512: yard_exp_brackets_200 = LOCALVAR yard_opt_135 
 513: yard_exp_brackets_200 = unpivoted_table 
 514: yard_exp_brackets_199 = sql_expr yard_opt_130 yard_opt_132 
 515: yard_exp_brackets_199 = yard_exp_brackets_409 
 516: yard_exp_brackets_198 = COMMA table_source 
 517: yard_exp_brackets_197 = KW_FROM yard_rule_comma_list_33 
 518: yard_exp_brackets_196 = LPAREN RPAREN 
 519: yard_exp_brackets_195 = DOT IDENT 
 520: yard_exp_brackets_194 = KW_ESCAPE STRING_CONST 
 521: yard_exp_brackets_193 = yard_exp_brackets_407 COMMA yard_exp_brackets_408 
 522: yard_exp_brackets_192 = KW_ANY 
 523: yard_exp_brackets_192 = KW_SOME 
 524: yard_exp_brackets_192 = KW_ALL 
 525: yard_exp_brackets_191 = yard_exp_brackets_405 yard_opt_116 yard_exp_brackets_406 
 526: yard_exp_brackets_190 = LPAREN search_condition RPAREN 
 527: yard_exp_brackets_190 = yard_opt_115 predicate 
 528: yard_exp_brackets_189 = COMMA yard_exp_brackets_404 
 529: yard_exp_brackets_188 = KW_DESC 
 530: yard_exp_brackets_188 = KW_ASC 
 531: yard_exp_brackets_187 = KW_DESC 
 532: yard_exp_brackets_187 = KW_ASC 
 533: yard_exp_brackets_186 = sql_expr yard_opt_113 
 534: yard_exp_brackets_185 = KW_ORDER KW_BY yard_rule_comma_list_31 
 535: yard_exp_brackets_184 = full_ident 
 536: yard_exp_brackets_184 = select_stmnt 
 537: yard_exp_brackets_184 = KW_PARTITION KW_BY LOCALVAR 
 538: yard_exp_brackets_183 = KW_NTILE 
 539: yard_exp_brackets_183 = KW_ROW_NUMBER 
 540: yard_exp_brackets_183 = KW_DENSE_RANK 
 541: yard_exp_brackets_183 = KW_RANK 
 542: yard_exp_brackets_182 = COMMA yard_opt_109 
 543: yard_exp_brackets_181 = select_stmnt 
 544: yard_exp_brackets_181 = KW_PARTITION KW_BY LOCALVAR 
 545: yard_exp_brackets_180 = select_stmnt 
 546: yard_exp_brackets_180 = KW_PARTITION KW_BY LOCALVAR 
 547: yard_exp_brackets_179 = KW_DISTINCT 
 548: yard_exp_brackets_179 = KW_ALL 
 549: yard_exp_brackets_178 = COMMA yard_exp_brackets_403 
 550: yard_exp_brackets_177 = yard_opt_106 name 
 551: yard_exp_brackets_176 = yard_exp_brackets_401 yard_exp_brackets_402 
 552: yard_exp_brackets_175 = name DOT 
 553: yard_exp_brackets_174 = yard_opt_102 name 
 554: yard_exp_brackets_173 = yard_exp_brackets_399 yard_exp_brackets_400 
 555: yard_exp_brackets_172 = name DOT 
 556: yard_exp_brackets_171 = sql_expr 
 557: yard_exp_brackets_171 = yard_exp_brackets_398 
 558: yard_exp_brackets_171 = name DOT STAR 
 559: yard_exp_brackets_171 = STAR 
 560: yard_exp_brackets_170 = KW_HAVING search_condition 
 561: yard_exp_brackets_169 = KW_GROUP KW_BY yard_opt_96 yard_rule_comma_list_7 yard_opt_97 
 562: yard_exp_brackets_168 = KW_WITH yard_exp_brackets_397 
 563: yard_exp_brackets_167 = KW_WHERE search_condition 
 564: yard_exp_brackets_166 = KW_INTO name 
 565: yard_exp_brackets_165 = KW_TOP sql_expr yard_opt_90 yard_opt_91 
 566: yard_exp_brackets_164 = KW_WITH KW_TIES 
 567: yard_exp_brackets_163 = KW_DISTINCT 
 568: yard_exp_brackets_163 = KW_ALL 
 569: yard_exp_brackets_162 = COMMA yard_exp_brackets_396 
 570: yard_exp_brackets_161 = LPAREN query_expression RPAREN 
 571: yard_exp_brackets_160 = yard_rule_comma_list_25 
 572: yard_exp_brackets_160 = yard_exp_brackets_395 query_specification 
 573: yard_exp_brackets_159 = LPAREN query_expression RPAREN 
 574: yard_exp_brackets_159 = query_specification 
 575: yard_exp_brackets_158 = LPAREN yard_rule_comma_list_3 RPAREN 
 576: yard_exp_brackets_157 = ident 
 577: yard_exp_brackets_157 = full_ident 
 578: yard_exp_brackets_156 = COMMA yard_exp_brackets_394 
 579: yard_exp_brackets_155 = LOCALVAR OP_EQ STRING_CONST 
 580: yard_exp_brackets_154 = KW_USE KW_PLAN STRING_CONST 
 581: yard_exp_brackets_154 = KW_MAXRECURSION DEC_NUMBER 
 582: yard_exp_brackets_154 = KW_EXPAND KW_VIEWS 
 583: yard_exp_brackets_154 = KW_KEEPFIXED KW_PLAN 
 584: yard_exp_brackets_154 = KW_KEEP KW_PLAN 
 585: yard_exp_brackets_154 = KW_ROBUST KW_PLAN 
 586: yard_exp_brackets_154 = KW_RECOMPILE 
 587: yard_exp_brackets_154 = KW_PARAMETERIZATION yard_exp_brackets_393 
 588: yard_exp_brackets_154 = KW_OPTIMIZE KW_FOR LPAREN yard_rule_comma_list_23 RPAREN 
 589: yard_exp_brackets_154 = KW_MAXDOP DEC_NUMBER 
 590: yard_exp_brackets_154 = KW_FORCE KW_ORDER 
 591: yard_exp_brackets_154 = KW_FAST DEC_NUMBER 
 592: yard_exp_brackets_154 = yard_exp_brackets_392 KW_JOIN 
 593: yard_exp_brackets_154 = yard_exp_brackets_391 KW_UNION 
 594: yard_exp_brackets_154 = yard_exp_brackets_390 KW_GROUP 
 595: yard_exp_brackets_153 = COMMA KW_ROOT yard_opt_83 
 596: yard_exp_brackets_152 = LPAREN STRING_CONST RPAREN 
 597: yard_exp_brackets_151 = COMMA KW_TYPE 
 598: yard_exp_brackets_150 = COMMA KW_BINARY KW_BASE64 
 599: yard_exp_brackets_149 = common_directives yard_opt_78 
 600: yard_exp_brackets_148 = COMMA KW_ELEMENTS yard_opt_79 
 601: yard_exp_brackets_147 = KW_ABSENT 
 602: yard_exp_brackets_147 = KW_XSINIL 
 603: yard_exp_brackets_146 = LPAREN STRING_CONST RPAREN 
 604: yard_exp_brackets_145 = common_directives yard_opt_75 
 605: yard_exp_brackets_144 = COMMA KW_XMLDATA 
 606: yard_exp_brackets_143 = common_directives yard_opt_70 yard_opt_72 
 607: yard_exp_brackets_142 = COMMA KW_ELEMENTS yard_opt_73 
 608: yard_exp_brackets_141 = KW_ABSENT 
 609: yard_exp_brackets_141 = KW_XSINIL 
 610: yard_exp_brackets_140 = COMMA yard_exp_brackets_389 
 611: yard_exp_brackets_139 = LPAREN STRING_CONST RPAREN 
 612: yard_exp_brackets_138 = LPAREN STRING_CONST RPAREN 
 613: yard_exp_brackets_137 = KW_PATH yard_opt_76 yard_opt_77 
 614: yard_exp_brackets_137 = KW_EXPLICIT yard_opt_74 
 615: yard_exp_brackets_137 = yard_exp_brackets_388 yard_opt_69 
 616: yard_exp_brackets_136 = KW_FOR yard_exp_brackets_387 
 617: yard_exp_brackets_135 = COMMA yard_exp_brackets_386 
 618: yard_exp_brackets_134 = LOCALVAR OP_EQ sql_expr 
 619: yard_exp_brackets_133 = COMMA common_table_expression 
 620: yard_exp_brackets_132 = COMMA yard_exp_brackets_385 
 621: yard_exp_brackets_131 = KW_DESC 
 622: yard_exp_brackets_131 = KW_ASC 
 623: yard_exp_brackets_130 = KW_DESC 
 624: yard_exp_brackets_130 = KW_ASC 
 625: yard_exp_brackets_129 = yard_exp_brackets_384 yard_opt_65 
 626: yard_exp_brackets_128 = COMMA yard_exp_brackets_383 
 627: yard_exp_brackets_127 = yard_exp_brackets_382 LPAREN sql_expr RPAREN 
 628: yard_exp_brackets_126 = COMMA query_hint 
 629: yard_exp_brackets_125 = yard_exp_brackets_381 yard_opt_63 sql_expr yard_opt_64 
 630: yard_exp_brackets_124 = KW_OPTION LPAREN yard_rule_comma_list_19 RPAREN 
 631: yard_exp_brackets_123 = KW_COMPUTE yard_rule_comma_list_17 yard_opt_58 
 632: yard_exp_brackets_122 = KW_BY yard_rule_comma_list_7 
 633: yard_exp_brackets_121 = KW_ORDER KW_BY yard_rule_comma_list_15 
 634: yard_exp_brackets_120 = KW_WITH yard_rule_comma_list_13 
 635: yard_exp_brackets_119 = yard_exp_brackets_380 
 636: yard_exp_brackets_119 = KW_COUNT LPAREN yard_exp_brackets_379 RPAREN 
 637: yard_exp_brackets_118 = yard_opt_55 query_expression yard_opt_56 yard_opt_57 yard_opt_59 yard_opt_60 
 638: yard_exp_brackets_117 = KW_CHECK LPAREN search_condition RPAREN 
 639: yard_exp_brackets_116 = yard_exp_brackets_378 LPAREN yard_rule_comma_list_3 RPAREN 
 640: yard_exp_brackets_115 = KW_UNIQUE 
 641: yard_exp_brackets_115 = KW_PRIMARY KW_KEY 
 642: yard_exp_brackets_114 = KW_NOT KW_NULL 
 643: yard_exp_brackets_114 = KW_NULL 
 644: yard_exp_brackets_113 = KW_CHECK sql_expr 
 645: yard_exp_brackets_113 = yard_opt_54 
 646: yard_exp_brackets_113 = yard_opt_53 
 647: yard_exp_brackets_112 = KW_IDENTITY yard_opt_50 
 648: yard_exp_brackets_112 = yard_opt_49 
 649: yard_exp_brackets_111 = DEC_NUMBER COMMA DEC_NUMBER 
 650: yard_exp_brackets_110 = KW_DEFAULT sql_expr 
 651: yard_exp_brackets_109 = KW_COLLATE ident 
 652: yard_exp_brackets_108 = yard_exp_brackets_377 
 653: yard_exp_brackets_108 = KW_SCALAR_DATA_TYPE 
 654: yard_exp_brackets_107 = table_constraint 
 655: yard_exp_brackets_107 = column_definition 
 656: yard_exp_brackets_106 = COMMA yard_exp_brackets_376 
 657: yard_exp_brackets_105 = ident yard_opt_41 table_type_definition 
 658: yard_exp_brackets_105 = ident KW_CURSOR yard_opt_38 yard_opt_39 yard_opt_40 sql_expr 
 659: yard_exp_brackets_105 = LOCALVAR yard_opt_37 sql_datatype 
 660: yard_exp_brackets_104 = COMMA sql_expr 
 661: yard_exp_brackets_103 = COMMA yard_exp_brackets_375 
 662: yard_exp_brackets_102 = KW_SETERROR 
 663: yard_exp_brackets_102 = KW_NOWAIT 
 664: yard_exp_brackets_102 = KW_LOG 
 665: yard_exp_brackets_101 = KW_WITH yard_rule_comma_list_9 
 666: yard_exp_brackets_100 = COMMA yard_rule_comma_list_7 
 667: yard_exp_brackets_99 = COMMA dec_num COMMA dec_num 
 668: yard_exp_brackets_98 = LOCALVAR 
 669: yard_exp_brackets_98 = STRING_CONST 
 670: yard_exp_brackets_98 = dec_num 
 671: yard_exp_brackets_97 = KW_ELSE proc_body_stmnt 
 672: yard_exp_brackets_96 = proc_body_stmnt yard_opt_32 
 673: yard_exp_brackets_95 = proc_body_stmnt yard_opt_24 
 674: yard_exp_brackets_94 = KW_FOR KW_REPLICATION 
 675: yard_exp_brackets_93 = KW_WITH yard_some_2 
 676: yard_exp_brackets_92 = SEMI DEC_NUMBER 
 677: yard_exp_brackets_91 = ident DOT 
 678: yard_exp_brackets_90 = KW_PROC 
 679: yard_exp_brackets_90 = KW_PROCEDURE 
 680: yard_exp_brackets_89 = KW_OUTPUT 
 681: yard_exp_brackets_89 = KW_OUT 
 682: yard_exp_brackets_88 = OP_EQ yard_exp_brackets_374 
 683: yard_exp_brackets_87 = full_ident DOT 
 684: yard_exp_brackets_86 = yard_opt_12 ident 
 685: yard_exp_brackets_85 = yard_opt_12 ident 
 686: yard_exp_brackets_84 = ident DOT 
 687: yard_exp_brackets_83 = KW_PROCEDURE 
 688: yard_exp_brackets_83 = KW_PROC 
 689: yard_exp_brackets_82 = COMMA ident 
 690: yard_exp_brackets_81 = COMMA proc_formal_param 
 691: yard_exp_brackets_80 = KW_FOR yard_exp_brackets_373 
 692: yard_exp_brackets_79 = KW_OF yard_rule_comma_list_3 
 693: yard_exp_brackets_78 = KW_OPTIMISTIC 
 694: yard_exp_brackets_78 = KW_SCROLL_LOCKS 
 695: yard_exp_brackets_78 = KW_READ_ONLY 
 696: yard_exp_brackets_77 = KW_FAST_FORWARD 
 697: yard_exp_brackets_77 = KW_DYNAMIC 
 698: yard_exp_brackets_77 = KW_KEYSET 
 699: yard_exp_brackets_77 = KW_STATIC 
 700: yard_exp_brackets_76 = KW_SCROLL 
 701: yard_exp_brackets_76 = KW_FORWARD_ONLY 
 702: yard_exp_brackets_75 = DOUBLE_COLON ident 
 703: yard_exp_brackets_74 = LOCALVAR OP_EQ yard_exp_brackets_372 
 704: yard_exp_brackets_73 = STRING_CONST yard_exp_brackets_371 ident LPAREN yard_rule_comma_list_1 RPAREN 
 705: yard_exp_brackets_73 = LOCALVAR yard_opt_5 OP_EQ sql_expr 
 706: yard_exp_brackets_72 = KW_OFF 
 707: yard_exp_brackets_72 = KW_ON 
 708: yard_exp_brackets_71 = KW_XACT_ABORT 
 709: yard_exp_brackets_71 = KW_STATISTICS yard_exp_brackets_370 
 710: yard_exp_brackets_71 = KW_SHOWPLAN_XML 
 711: yard_exp_brackets_71 = KW_SHOWPLAN_TEXT 
 712: yard_exp_brackets_71 = KW_SHOWPLAN_ALL 
 713: yard_exp_brackets_71 = KW_REMOTE_PROC_TRANSACTIONS 
 714: yard_exp_brackets_71 = KW_PARSEONLY 
 715: yard_exp_brackets_71 = KW_NUMERIC_ROUNDABORT 
 716: yard_exp_brackets_71 = KW_NOEXEC 
 717: yard_exp_brackets_71 = KW_NOCOUNT 
 718: yard_exp_brackets_71 = KW_IMPLICIT_TRANSACTIONS 
 719: yard_exp_brackets_71 = KW_FORCEPLAN 
 720: yard_exp_brackets_71 = KW_FMTONLY 
 721: yard_exp_brackets_71 = KW_QUOTED_IDENTIFIER 
 722: yard_exp_brackets_71 = KW_CURSOR_CLOSE_ON_COMMIT 
 723: yard_exp_brackets_71 = KW_CONCAT_NULL_YIELDS_NULL 
 724: yard_exp_brackets_71 = KW_ANSI_WARNINGS 
 725: yard_exp_brackets_71 = KW_ANSI_PADDING 
 726: yard_exp_brackets_71 = KW_ANSI_NULL_DFLT 
 727: yard_exp_brackets_71 = KW_ANSI_DEFAULTS 
 728: yard_exp_brackets_71 = KW_ANSI_NULLS 
 729: yard_exp_brackets_70 = LOCALVAR 
 730: yard_exp_brackets_70 = IDENT 
 731: yard_exp_brackets_69 = KW_TRANSACTION 
 732: yard_exp_brackets_69 = KW_TRAN 
 733: yard_exp_brackets_68 = batch_body yard_opt_1 
 734: yard_many_46 = yard_exp_brackets_369 yard_many_46 
 735: yard_many_46 = 
 736: yard_rule_not_empty_list_67 = ident yard_many_46 
 737: full_ident = yard_rule_not_empty_list_67 
 738: yard_rule_brace_opt_66 = LBRACKET yard_exp_brackets_368 RBRACKET 
 739: yard_rule_brace_opt_66 = yard_exp_brackets_367 
 740: ident = yard_rule_brace_opt_66 
 741: sql_value = KW_NULL 
 742: sql_value = dec_num 
 743: sql_value = STRING_CONST 
 744: yard_opt_279 = OP_MINUS 
 745: yard_opt_279 = 
 746: dec_num = yard_opt_279 DEC_NUMBER 
 747: yard_many_45 = yard_exp_brackets_366 yard_many_45 
 748: yard_many_45 = 
 749: yard_rule_list_65 = yard_exp_brackets_365 yard_many_45 
 750: yard_rule_list_65 = 
 751: yard_rule_comma_list_64 = yard_rule_list_65 
 752: yard_opt_278 = yard_rule_comma_list_64 
 753: yard_opt_278 = 
 754: call_expr = full_ident LPAREN yard_opt_278 RPAREN 
 755: yard_opt_277 = KW_NOT 
 756: yard_opt_277 = 
 757: yard_opt_276 = KW_NOT 
 758: yard_opt_276 = 
 759: yard_opt_275 = KW_IS 
 760: yard_opt_275 = 
 761: yard_opt_274 = KW_NOT 
 762: yard_opt_274 = 
 763: yard_opt_273 = KW_NOT 
 764: yard_opt_273 = 
 765: yard_opt_272 = KW_NOT 
 766: yard_opt_272 = 
 767: sql_expr = sql_expr KW_LIKE sql_expr 
 768: sql_expr = sql_expr yard_opt_277 KW_IN LPAREN yard_rule_comma_list_7 RPAREN 
 769: sql_expr = fetch_stmnt 
 770: sql_expr = KW_TYPE KW_FROM full_ident 
 771: sql_expr = sql_expr yard_exp_brackets_364 sql_expr 
 772: sql_expr = IDENT LPAREN LOCALVAR COMMA STRING_CONST RPAREN 
 773: sql_expr = yard_opt_275 yard_opt_276 KW_NULL 
 774: sql_expr = yard_opt_274 KW_IS_MEMBER LPAREN STRING_CONST RPAREN 
 775: sql_expr = yard_opt_273 KW_EXISTS sql_expr 
 776: sql_expr = begin_transaction 
 777: sql_expr = case 
 778: sql_expr = sql_expr KW_COLLATE ident 
 779: sql_expr = aggregate_windowed_function 
 780: sql_expr = ranking_windowed_function 
 781: sql_expr = sql_expr KW_IS yard_opt_272 KW_NULL 
 782: sql_expr = sql_expr binop sql_expr 
 783: sql_expr = name 
 784: sql_expr = GLOBALVAR 
 785: sql_expr = yard_exp_brackets_363 sql_expr 
 786: sql_expr = select_stmnt 
 787: sql_expr = call_expr 
 788: sql_expr = LOCALVAR 
 789: sql_expr = LPAREN sql_expr RPAREN 
 790: sql_expr = yard_exp_brackets_362 name 
 791: sql_expr = scalar_function 
 792: sql_expr = sql_value 
 793: yard_opt_271 = yard_exp_brackets_361 
 794: yard_opt_271 = 
 795: yard_opt_270 = KW_GLOBAL 
 796: yard_opt_270 = 
 797: yard_opt_268 = yard_exp_brackets_360 
 798: yard_opt_268 = 
 799: yard_opt_269 = yard_exp_brackets_359 
 800: yard_opt_269 = 
 801: fetch_stmnt = KW_FETCH yard_opt_268 yard_exp_brackets_358 yard_opt_271 
 802: binop = yard_exp_brackets_357 
 803: binop = yard_exp_brackets_356 
 804: binop = yard_exp_brackets_355 
 805: binop = yard_exp_brackets_354 
 806: binop = OP_MT 
 807: binop = OP_LT 
 808: binop = OP_TILDA 
 809: binop = OP_MOD 
 810: binop = OP_DIV 
 811: binop = STAR 
 812: binop = OP_MINUS 
 813: binop = OP_PLUS 
 814: binop = OP_EQ 
 815: binop = OP_OR_EQ 
 816: binop = OP_XOR_EQ 
 817: binop = OP_AND_EQ 
 818: binop = OP_MOD_EQ 
 819: binop = OP_DIV_EQ 
 820: binop = OP_MUL_EQ 
 821: binop = OP_MINUS_EQ 
 822: binop = OP_PLUS_EQ 
 823: execute_as = yard_exp_brackets_352 KW_AS yard_exp_brackets_353 
 824: yard_opt_267 = type_size 
 825: yard_opt_267 = 
 826: yard_opt_266 = type_size 
 827: yard_opt_266 = 
 828: yard_opt_265 = type_size 
 829: yard_opt_265 = 
 830: yard_opt_264 = type_size 
 831: yard_opt_264 = 
 832: yard_opt_263 = type_size 
 833: yard_opt_263 = 
 834: yard_opt_262 = type_size 
 835: yard_opt_262 = 
 836: sql_datatype = KW_SQL_VARIANT 
 837: sql_datatype = KW_NVARCHAR yard_opt_267 
 838: sql_datatype = KW_NCHAR yard_opt_266 
 839: sql_datatype = KW_VARBINARY yard_opt_265 
 840: sql_datatype = KW_VARCHAR yard_opt_264 
 841: sql_datatype = KW_CHAR yard_opt_263 
 842: sql_datatype = KW_REAL 
 843: sql_datatype = KW_FLOAT yard_opt_262 
 844: sql_datatype = KW_MONEY 
 845: sql_datatype = KW_TINYINT 
 846: sql_datatype = KW_INT 
 847: sql_datatype = KW_SYSNAME 
 848: sql_datatype = KW_SMALLMONEY 
 849: sql_datatype = KW_DATETIME 
 850: sql_datatype = KW_DECIMAL 
 851: sql_datatype = KW_SMALLINT 
 852: sql_datatype = KW_BIT 
 853: sql_datatype = KW_NUMERIC 
 854: sql_datatype = KW_BIGINT 
 855: type_size = LPAREN yard_exp_brackets_351 RPAREN 
 856: yard_opt_261 = SEMI 
 857: yard_opt_261 = 
 858: yard_opt_260 = yard_exp_brackets_350 
 859: yard_opt_260 = 
 860: yard_opt_259 = yard_exp_brackets_349 
 861: yard_opt_259 = 
 862: yard_opt_257 = yard_some_7 
 863: yard_opt_257 = 
 864: yard_some_7 = yard_exp_brackets_348 yard_some_7 
 865: yard_some_7 = yard_exp_brackets_347 
 866: yard_opt_258 = KW_OUTPUT 
 867: yard_opt_258 = 
 868: yard_some_6 = yard_exp_brackets_346 yard_some_6 
 869: yard_some_6 = yard_exp_brackets_345 
 870: yard_opt_256 = PLUS 
 871: yard_opt_256 = 
 872: yard_opt_255 = EMPTY 
 873: yard_opt_255 = 
 874: execute_command = yard_exp_brackets_344 LPAREN yard_some_6 yard_opt_257 RPAREN yard_opt_259 yard_opt_260 yard_opt_261 
 875: yard_opt_254 = SEMI 
 876: yard_opt_254 = 
 877: yard_opt_253 = yard_exp_brackets_343 
 878: yard_opt_253 = 
 879: yard_some_5 = yard_exp_brackets_342 yard_some_5 
 880: yard_some_5 = yard_exp_brackets_341 
 881: yard_opt_252 = PLUS 
 882: yard_opt_252 = 
 883: execute_character_string = yard_exp_brackets_340 LPAREN yard_some_5 RPAREN yard_opt_253 yard_opt_254 
 884: yard_opt_251 = yard_rule_comma_list_7 
 885: yard_opt_251 = 
 886: create_object = STOREDPROCEDURE LPAREN yard_opt_251 RPAREN 
 887: yard_many_44 = yard_exp_brackets_339 yard_many_44 
 888: yard_many_44 = 
 889: yard_opt_250 = yard_exp_brackets_338 
 890: yard_opt_250 = 
 891: yard_opt_249 = yard_exp_brackets_337 
 892: yard_opt_249 = 
 893: yard_rule_list_63 = yard_exp_brackets_336 yard_many_44 
 894: yard_rule_list_63 = 
 895: yard_rule_comma_list_62 = yard_rule_list_63 
 896: yard_many_43 = yard_exp_brackets_335 yard_many_43 
 897: yard_many_43 = 
 898: yard_opt_245 = yard_exp_brackets_334 
 899: yard_opt_245 = 
 900: yard_opt_248 = KW_DEFAULT 
 901: yard_opt_248 = 
 902: yard_opt_247 = yard_exp_brackets_333 
 903: yard_opt_247 = 
 904: yard_opt_246 = yard_exp_brackets_332 
 905: yard_opt_246 = 
 906: yard_opt_241 = yard_exp_brackets_331 
 907: yard_opt_241 = 
 908: yard_opt_244 = KW_DEFAULT 
 909: yard_opt_244 = 
 910: yard_opt_243 = yard_exp_brackets_330 
 911: yard_opt_243 = 
 912: yard_opt_242 = yard_exp_brackets_329 
 913: yard_opt_242 = 
 914: yard_rule_list_60 = yard_opt_241 yard_many_43 
 915: yard_rule_list_60 = 
 916: yard_rule_comma_list_59 = yard_rule_list_60 
 917: yard_rule_brace_opt_61 = LPAREN yard_rule_comma_list_59 RPAREN 
 918: yard_rule_brace_opt_61 = yard_rule_comma_list_59 
 919: yard_opt_240 = yard_rule_comma_list_62 
 920: yard_opt_240 = 
 921: yard_opt_239 = yard_exp_brackets_328 
 922: yard_opt_239 = 
 923: yard_opt_238 = yard_exp_brackets_327 
 924: yard_opt_238 = 
 925: yard_opt_237 = yard_exp_brackets_326 
 926: yard_opt_237 = 
 927: yard_opt_236 = yard_exp_brackets_325 
 928: yard_opt_236 = 
 929: execute_proc = yard_opt_236 yard_exp_brackets_324 
 930: execute_stmnt = execute_command 
 931: execute_stmnt = execute_character_string 
 932: execute_stmnt = execute_proc 
 933: yard_opt_235 = SEMI 
 934: yard_opt_235 = 
 935: yard_opt_234 = yard_exp_brackets_323 
 936: yard_opt_234 = 
 937: commit_transaction = KW_COMMIT yard_exp_brackets_322 yard_opt_234 yard_opt_235 
 938: yard_opt_233 = SEMI 
 939: yard_opt_233 = 
 940: yard_opt_230 = yard_exp_brackets_321 
 941: yard_opt_230 = 
 942: yard_opt_231 = yard_exp_brackets_320 
 943: yard_opt_231 = 
 944: yard_opt_232 = STRING_CONST 
 945: yard_opt_232 = 
 946: begin_transaction = KW_BEGIN yard_exp_brackets_319 yard_opt_230 yard_opt_233 
 947: yard_opt_228 = yard_exp_brackets_318 
 948: yard_opt_228 = 
 949: yard_opt_229 = IDENT 
 950: yard_opt_229 = 
 951: object = yard_opt_228 ident 
 952: column_name = yard_exp_brackets_316 DOT yard_exp_brackets_317 
 953: yard_many_42 = yard_exp_brackets_315 yard_many_42 
 954: yard_many_42 = 
 955: yard_opt_226 = yard_exp_brackets_314 
 956: yard_opt_226 = 
 957: yard_opt_227 = KW_AS 
 958: yard_opt_227 = 
 959: yard_opt_224 = yard_exp_brackets_313 
 960: yard_opt_224 = 
 961: yard_opt_225 = KW_AS 
 962: yard_opt_225 = 
 963: yard_rule_list_58 = yard_exp_brackets_312 yard_many_42 
 964: yard_rule_list_58 = 
 965: yard_rule_comma_list_57 = yard_rule_list_58 
 966: yard_opt_222 = yard_exp_brackets_311 
 967: yard_opt_222 = 
 968: yard_opt_223 = KW_AS 
 969: yard_opt_223 = 
 970: dml_select_list = yard_exp_brackets_310 yard_opt_222 yard_rule_comma_list_57 
 971: yard_opt_221 = yard_exp_brackets_309 
 972: yard_opt_221 = 
 973: yard_opt_220 = yard_exp_brackets_308 
 974: yard_opt_220 = 
 975: output_clause = KW_OUTPUT dml_select_list KW_INTO yard_exp_brackets_307 yard_opt_220 yard_opt_221 
 976: yard_many_41 = yard_exp_brackets_306 yard_many_41 
 977: yard_many_41 = 
 978: yard_rule_list_54 = LOCALVAR yard_many_41 
 979: yard_rule_list_54 = 
 980: yard_rule_comma_list_53 = yard_rule_list_54 
 981: yard_many_40 = yard_exp_brackets_305 yard_many_40 
 982: yard_many_40 = 
 983: yard_rule_list_56 = yard_exp_brackets_304 yard_many_40 
 984: yard_rule_list_56 = 
 985: yard_rule_comma_list_55 = yard_rule_list_56 
 986: yard_opt_219 = SEMI 
 987: yard_opt_219 = 
 988: yard_opt_218 = yard_exp_brackets_303 
 989: yard_opt_218 = 
 990: yard_opt_217 = yard_exp_brackets_302 
 991: yard_opt_217 = 
 992: yard_opt_216 = output_clause 
 993: yard_opt_216 = 
 994: yard_opt_215 = yard_exp_brackets_301 
 995: yard_opt_215 = 
 996: yard_opt_214 = yard_exp_brackets_300 
 997: yard_opt_214 = 
 998: yard_many_39 = table_hint yard_many_39 
 999: yard_many_39 = 
1000: yard_opt_213 = KW_INTO 
1001: yard_opt_213 = 
1002: yard_opt_211 = yard_exp_brackets_299 
1003: yard_opt_211 = 
1004: yard_opt_212 = KW_PERCENT 
1005: yard_opt_212 = 
1006: yard_opt_210 = yard_exp_brackets_298 
1007: yard_opt_210 = 
1008: insert = yard_opt_218 yard_opt_219 
1009: insert = yard_opt_210 KW_INSERT yard_opt_211 yard_opt_213 yard_exp_brackets_296 yard_exp_brackets_297 
1010: index_option = yard_exp_brackets_295 
1011: delete_update_options = KW_SET KW_DEFAULT 
1012: delete_update_options = KW_SET KW_NULL 
1013: delete_update_options = KW_CASCADE 
1014: delete_update_options = KW_NO KW_ACTION 
1015: delete_update = KW_ON yard_exp_brackets_294 delete_update_options 
1016: yard_many_38 = yard_exp_brackets_293 yard_many_38 
1017: yard_many_38 = 
1018: yard_rule_list_52 = IDENT yard_many_38 
1019: yard_rule_list_52 = 
1020: yard_rule_comma_list_51 = yard_rule_list_52 
1021: yard_many_37 = yard_exp_brackets_292 yard_many_37 
1022: yard_many_37 = 
1023: yard_opt_209 = yard_exp_brackets_291 
1024: yard_opt_209 = 
1025: yard_opt_208 = yard_exp_brackets_290 
1026: yard_opt_208 = 
1027: yard_rule_list_50 = yard_exp_brackets_289 yard_many_37 
1028: yard_rule_list_50 = 
1029: yard_rule_comma_list_49 = yard_rule_list_50 
1030: yard_opt_207 = yard_exp_brackets_288 
1031: yard_opt_207 = 
1032: yard_opt_206 = yard_exp_brackets_287 
1033: yard_opt_206 = 
1034: yard_many_36 = delete_update yard_many_36 
1035: yard_many_36 = 
1036: yard_opt_205 = yard_exp_brackets_286 
1037: yard_opt_205 = 
1038: yard_opt_204 = yard_exp_brackets_285 
1039: yard_opt_204 = 
1040: yard_opt_203 = yard_exp_brackets_284 
1041: yard_opt_203 = 
1042: yard_opt_202 = yard_exp_brackets_283 
1043: yard_opt_202 = 
1044: yard_opt_201 = yard_exp_brackets_282 
1045: yard_opt_201 = 
1046: table_constraint_create_table = yard_opt_201 yard_exp_brackets_281 
1047: yard_opt_192 = yard_exp_brackets_280 
1048: yard_opt_192 = 
1049: yard_opt_200 = yard_exp_brackets_279 
1050: yard_opt_200 = 
1051: yard_opt_199 = yard_exp_brackets_278 
1052: yard_opt_199 = 
1053: yard_many_35 = delete_update yard_many_35 
1054: yard_many_35 = 
1055: yard_opt_198 = yard_exp_brackets_277 
1056: yard_opt_198 = 
1057: yard_opt_197 = yard_exp_brackets_276 
1058: yard_opt_197 = 
1059: yard_opt_196 = yard_exp_brackets_275 
1060: yard_opt_196 = 
1061: yard_opt_195 = yard_exp_brackets_274 
1062: yard_opt_195 = 
1063: yard_opt_194 = yard_exp_brackets_273 
1064: yard_opt_194 = 
1065: yard_opt_193 = yard_exp_brackets_272 
1066: yard_opt_193 = 
1067: yard_opt_190 = yard_exp_brackets_271 
1068: yard_opt_190 = 
1069: yard_opt_191 = yard_exp_brackets_270 
1070: yard_opt_191 = 
1071: computed_column_definition = IDENT KW_AS sql_expr yard_opt_190 yard_opt_192 
1072: yard_many_34 = yard_exp_brackets_269 yard_many_34 
1073: yard_many_34 = 
1074: yard_rule_list_48 = index_option yard_many_34 
1075: yard_rule_list_48 = 
1076: yard_rule_comma_list_47 = yard_rule_list_48 
1077: yard_opt_189 = yard_exp_brackets_268 
1078: yard_opt_189 = 
1079: yard_opt_188 = yard_exp_brackets_267 
1080: yard_opt_188 = 
1081: yard_many_33 = delete_update yard_many_33 
1082: yard_many_33 = 
1083: yard_opt_187 = yard_exp_brackets_266 
1084: yard_opt_187 = 
1085: yard_opt_186 = yard_exp_brackets_265 
1086: yard_opt_186 = 
1087: yard_opt_185 = yard_exp_brackets_264 
1088: yard_opt_185 = 
1089: yard_opt_184 = yard_exp_brackets_263 
1090: yard_opt_184 = 
1091: yard_opt_183 = yard_exp_brackets_262 
1092: yard_opt_183 = 
1093: yard_opt_182 = yard_exp_brackets_261 
1094: yard_opt_182 = 
1095: yard_opt_181 = yard_exp_brackets_260 
1096: yard_opt_181 = 
1097: column_constraint_create_table = yard_opt_181 yard_exp_brackets_259 
1098: yard_many_32 = column_constraint_create_table yard_many_32 
1099: yard_many_32 = 
1100: yard_opt_180 = KW_ROWGUIDCOL 
1101: yard_opt_180 = 
1102: yard_opt_177 = yard_exp_brackets_258 
1103: yard_opt_177 = 
1104: yard_opt_179 = yard_exp_brackets_257 
1105: yard_opt_179 = 
1106: yard_opt_178 = yard_exp_brackets_256 
1107: yard_opt_178 = 
1108: yard_opt_175 = yard_exp_brackets_255 
1109: yard_opt_175 = 
1110: yard_opt_176 = yard_exp_brackets_254 
1111: yard_opt_176 = 
1112: yard_opt_174 = yard_exp_brackets_253 
1113: yard_opt_174 = 
1114: yard_opt_173 = yard_exp_brackets_252 
1115: yard_opt_173 = 
1116: column_definition_create_table = yard_opt_177 yard_opt_180 yard_many_32 
1117: column_definition_create_table = ident sql_datatype yard_opt_173 yard_opt_174 yard_opt_175 
1118: yard_many_31 = yard_exp_brackets_251 yard_many_31 
1119: yard_many_31 = 
1120: yard_rule_list_44 = yard_exp_brackets_250 yard_many_31 
1121: yard_rule_list_44 = 
1122: yard_rule_comma_list_43 = yard_rule_list_44 
1123: yard_many_30 = yard_exp_brackets_249 yard_many_30 
1124: yard_many_30 = 
1125: yard_rule_list_46 = table_constraint_create_table yard_many_30 
1126: yard_rule_list_46 = 
1127: yard_rule_comma_list_45 = yard_rule_list_46 
1128: yard_opt_172 = SEMI 
1129: yard_opt_172 = 
1130: yard_opt_171 = yard_exp_brackets_248 
1131: yard_opt_171 = 
1132: yard_opt_170 = yard_exp_brackets_247 
1133: yard_opt_170 = 
1134: yard_opt_169 = yard_rule_comma_list_45 
1135: yard_opt_169 = 
1136: yard_opt_166 = yard_exp_brackets_246 
1137: yard_opt_166 = 
1138: yard_opt_168 = DOT 
1139: yard_opt_168 = 
1140: yard_opt_167 = IDENT 
1141: yard_opt_167 = 
1142: create_table = KW_CREATE KW_TABLE yard_opt_166 IDENT LPAREN yard_rule_comma_list_43 yard_opt_169 RPAREN yard_opt_170 yard_opt_171 yard_opt_172 
1143: yard_opt_165 = yard_exp_brackets_245 
1144: yard_opt_165 = 
1145: yard_many_29 = yard_exp_brackets_244 yard_many_29 
1146: yard_many_29 = 
1147: yard_opt_164 = sql_expr 
1148: yard_opt_164 = 
1149: case = KW_CASE yard_opt_164 yard_many_29 yard_opt_165 KW_END 
1150: unpivot_clause = LPAREN name KW_FOR sql_expr KW_IN LPAREN yard_rule_comma_list_37 RPAREN RPAREN 
1151: unpivoted_table = table_source KW_UNPIVOT unpivot_clause full_ident 
1152: pivot_clause = LPAREN sql_expr LPAREN yard_exp_brackets_243 RPAREN KW_FOR sql_expr KW_IN LPAREN yard_rule_comma_list_35 RPAREN RPAREN 
1153: pivoted_table = table_source KW_PIVOT pivot_clause full_ident 
1154: join_hint = KW_REMOTE 
1155: join_hint = KW_MERGE 
1156: join_hint = KW_HASH 
1157: join_hint = KW_LOOP 
1158: yard_opt_161 = yard_exp_brackets_242 
1159: yard_opt_161 = 
1160: yard_opt_163 = join_hint 
1161: yard_opt_163 = 
1162: yard_opt_162 = KW_OUTER 
1163: yard_opt_162 = 
1164: join_type = yard_opt_161 KW_JOIN 
1165: yard_opt_160 = RPAREN 
1166: yard_opt_160 = 
1167: yard_opt_159 = LPAREN 
1168: yard_opt_159 = 
1169: joined_table = yard_opt_159 joined_table yard_opt_160 
1170: joined_table = table_source KW_CROSS KW_JOIN table_source 
1171: joined_table = table_source join_type table_source KW_ON search_condition 
1172: yard_opt_158 = yard_exp_brackets_241 
1173: yard_opt_158 = 
1174: yard_opt_157 = yard_exp_brackets_240 
1175: yard_opt_157 = 
1176: yard_opt_156 = KW_SYSTEM 
1177: yard_opt_156 = 
1178: tablesample_clause = KW_TABLESAMPLE yard_opt_156 LPAREN sql_expr yard_opt_157 RPAREN yard_opt_158 
1179: yard_opt_155 = yard_exp_brackets_239 
1180: yard_opt_155 = 
1181: table_hint_limited = yard_opt_155 
1182: yard_opt_154 = KW_NOEXPAND 
1183: yard_opt_154 = 
1184: table_hint = yard_opt_154 yard_exp_brackets_238 
1185: yard_many_28 = yard_exp_brackets_237 yard_many_28 
1186: yard_many_28 = 
1187: yard_opt_153 = yard_exp_brackets_236 
1188: yard_opt_153 = 
1189: yard_opt_152 = yard_exp_brackets_235 
1190: yard_opt_152 = 
1191: yard_rule_list_42 = yard_exp_brackets_234 yard_many_28 
1192: yard_rule_list_42 = 
1193: yard_rule_comma_list_41 = yard_rule_list_42 
1194: weighted_term = KW_ISABOUT LPAREN yard_rule_comma_list_41 RPAREN 
1195: yard_some_4 = yard_exp_brackets_233 yard_some_4 
1196: yard_some_4 = yard_exp_brackets_232 
1197: proximity_term = yard_exp_brackets_231 yard_some_4 
1198: yard_many_27 = yard_exp_brackets_230 yard_many_27 
1199: yard_many_27 = 
1200: yard_rule_list_40 = simple_term yard_many_27 
1201: yard_rule_list_40 = 
1202: yard_rule_comma_list_39 = yard_rule_list_40 
1203: generation_term = KW_FORMSOF LPAREN yard_exp_brackets_229 COMMA yard_rule_comma_list_39 RPAREN 
1204: prefix_term = STRING_CONST 
1205: simple_term = STRING_CONST 
1206: yard_some_3 = contains_search_condition yard_some_3 
1207: yard_some_3 = contains_search_condition 
1208: contains_search_condition = yard_exp_brackets_228 
1209: contains_search_condition = yard_exp_brackets_227 
1210: yard_opt_151 = yard_exp_brackets_226 
1211: yard_opt_151 = 
1212: yard_opt_150 = yard_exp_brackets_225 
1213: yard_opt_150 = 
1214: containstable = KW_CONTAINSTABLE LPAREN full_ident COMMA yard_exp_brackets_224 COMMA EMPTY contains_search_condition EMPTY yard_opt_150 yard_opt_151 RPAREN 
1215: yard_many_26 = yard_exp_brackets_223 yard_many_26 
1216: yard_many_26 = 
1217: yard_rule_list_38 = full_ident yard_many_26 
1218: yard_rule_list_38 = 
1219: yard_rule_comma_list_37 = yard_rule_list_38 
1220: yard_opt_149 = yard_exp_brackets_222 
1221: yard_opt_149 = 
1222: yard_opt_148 = yard_exp_brackets_221 
1223: yard_opt_148 = 
1224: freetexttable = KW_FREETEXTTABLE LPAREN full_ident COMMA yard_exp_brackets_220 COMMA STRING_CONST yard_opt_148 yard_opt_149 RPAREN 
1225: opendatasource = KW_OPENDATASOURCE LPAREN ident COMMA STRING_CONST RPAREN 
1226: openquery = KW_OPENQUERY LPAREN full_ident COMMA STRING_CONST RPAREN 
1227: yard_opt_147 = yard_exp_brackets_219 
1228: yard_opt_147 = 
1229: yard_opt_146 = yard_exp_brackets_218 
1230: yard_opt_146 = 
1231: yard_opt_145 = yard_exp_brackets_217 
1232: yard_opt_145 = 
1233: yard_opt_144 = yard_exp_brackets_216 
1234: yard_opt_144 = 
1235: yard_opt_143 = yard_exp_brackets_215 
1236: yard_opt_143 = 
1237: yard_opt_142 = yard_exp_brackets_214 
1238: yard_opt_142 = 
1239: bulk_options = yard_opt_142 yard_opt_143 yard_opt_144 yard_opt_145 yard_opt_146 yard_opt_147 
1240: yard_opt_141 = bulk_options 
1241: yard_opt_141 = 
1242: yard_opt_140 = yard_exp_brackets_213 
1243: yard_opt_140 = 
1244: yard_opt_139 = yard_exp_brackets_212 
1245: yard_opt_139 = 
1246: openrowset = KW_OPENROWSET LPAREN yard_exp_brackets_211 RPAREN 
1247: rowset_function = openrowset 
1248: rowset_function = openquery 
1249: rowset_function = opendatasource 
1250: rowset_function = freetexttable 
1251: rowset_function = containstable 
1252: yard_many_25 = yard_exp_brackets_210 yard_many_25 
1253: yard_many_25 = 
1254: yard_rule_list_36 = name yard_many_25 
1255: yard_rule_list_36 = 
1256: yard_rule_comma_list_35 = yard_rule_list_36 
1257: yard_opt_138 = yard_exp_brackets_209 
1258: yard_opt_138 = 
1259: yard_opt_137 = yard_exp_brackets_208 
1260: yard_opt_137 = 
1261: yard_opt_135 = yard_exp_brackets_207 
1262: yard_opt_135 = 
1263: yard_opt_136 = KW_AS 
1264: yard_opt_136 = 
1265: yard_opt_134 = yard_exp_brackets_206 
1266: yard_opt_134 = 
1267: yard_opt_133 = KW_AS 
1268: yard_opt_133 = 
1269: yard_opt_132 = yard_exp_brackets_205 
1270: yard_opt_132 = 
1271: yard_opt_130 = yard_exp_brackets_204 
1272: yard_opt_130 = 
1273: yard_opt_131 = KW_AS 
1274: yard_opt_131 = 
1275: yard_opt_129 = yard_exp_brackets_203 
1276: yard_opt_129 = 
1277: yard_opt_127 = yard_exp_brackets_202 
1278: yard_opt_127 = 
1279: yard_opt_128 = KW_AS 
1280: yard_opt_128 = 
1281: yard_opt_126 = yard_exp_brackets_201 
1282: yard_opt_126 = 
1283: yard_many_24 = COMMA yard_many_24 
1284: yard_many_24 = 
1285: yard_opt_125 = tablesample_clause 
1286: yard_opt_125 = 
1287: yard_opt_124 = KW_AS 
1288: yard_opt_124 = 
1289: table_source = yard_exp_brackets_200 
1290: table_source = pivoted_table 
1291: table_source = joined_table 
1292: table_source = name yard_opt_133 name yard_opt_134 
1293: table_source = yard_exp_brackets_199 
1294: table_source = name yard_opt_124 full_ident yard_opt_125 yard_opt_126 
1295: yard_many_23 = yard_exp_brackets_198 yard_many_23 
1296: yard_many_23 = 
1297: yard_rule_list_34 = table_source yard_many_23 
1298: yard_rule_list_34 = 
1299: yard_rule_comma_list_33 = yard_rule_list_34 
1300: yard_opt_123 = yard_exp_brackets_197 
1301: yard_opt_123 = 
1302: from = yard_opt_123 
1303: yard_opt_122 = yard_exp_brackets_196 
1304: yard_opt_122 = 
1305: yard_opt_121 = yard_exp_brackets_195 
1306: yard_opt_121 = 
1307: yard_opt_120 = KW_NOT 
1308: yard_opt_120 = 
1309: yard_opt_119 = KW_NOT 
1310: yard_opt_119 = 
1311: yard_opt_118 = yard_exp_brackets_194 
1312: yard_opt_118 = 
1313: yard_opt_117 = KW_NOT 
1314: yard_opt_117 = 
1315: predicate = IDENT yard_opt_121 yard_opt_122 KW_IN LPAREN yard_exp_brackets_193 RPAREN 
1316: predicate = KW_EXISTS LPAREN query_expression RPAREN 
1317: predicate = sql_expr binop yard_exp_brackets_192 LPAREN query_expression RPAREN 
1318: predicate = sql_expr KW_IS yard_opt_120 KW_NULL 
1319: predicate = sql_expr yard_opt_119 KW_BETWEEN sql_expr KW_AND sql_expr 
1320: predicate = STRING_CONST yard_opt_117 KW_LIKE STRING_CONST yard_opt_118 
1321: predicate = sql_expr binop sql_expr 
1322: yard_many_22 = yard_exp_brackets_191 yard_many_22 
1323: yard_many_22 = 
1324: yard_opt_116 = KW_NOT 
1325: yard_opt_116 = 
1326: yard_opt_115 = KW_NOT 
1327: yard_opt_115 = 
1328: search_condition = yard_exp_brackets_190 yard_many_22 
1329: yard_many_21 = yard_exp_brackets_189 yard_many_21 
1330: yard_many_21 = 
1331: yard_opt_114 = yard_exp_brackets_188 
1332: yard_opt_114 = 
1333: yard_opt_113 = yard_exp_brackets_187 
1334: yard_opt_113 = 
1335: yard_rule_list_32 = yard_exp_brackets_186 yard_many_21 
1336: yard_rule_list_32 = 
1337: yard_rule_comma_list_31 = yard_rule_list_32 
1338: yard_opt_112 = yard_exp_brackets_185 
1339: yard_opt_112 = 
1340: order_by_clause = yard_opt_112 
1341: yard_opt_111 = yard_many_20 
1342: yard_opt_111 = 
1343: yard_many_20 = yard_exp_brackets_184 yard_many_20 
1344: yard_many_20 = 
1345: yard_opt_110 = sql_expr 
1346: yard_opt_110 = 
1347: ranking_windowed_function = yard_exp_brackets_183 LPAREN yard_opt_110 RPAREN KW_OVER LPAREN yard_opt_111 order_by_clause RPAREN 
1348: yard_many_19 = yard_exp_brackets_182 yard_many_19 
1349: yard_many_19 = 
1350: yard_opt_109 = yard_exp_brackets_181 
1351: yard_opt_109 = 
1352: yard_opt_108 = yard_exp_brackets_180 
1353: yard_opt_108 = 
1354: yard_rule_list_30 = yard_opt_108 yard_many_19 
1355: yard_rule_list_30 = 
1356: yard_rule_comma_list_29 = yard_rule_list_30 
1357: aggregate_windowed_function = KW_OVER LPAREN yard_rule_comma_list_29 order_by_clause RPAREN 
1358: yard_opt_107 = yard_exp_brackets_179 
1359: yard_opt_107 = 
1360: scalar_function = KW_SUM LPAREN yard_opt_107 sql_expr 
1361: scalar_function = KW_LOWER LPAREN sql_expr RPAREN 
1362: name = LOCALVAR 
1363: name = full_ident 
1364: name = ident 
1365: yard_many_18 = yard_exp_brackets_178 yard_many_18 
1366: yard_many_18 = 
1367: yard_opt_105 = yard_exp_brackets_177 
1368: yard_opt_105 = 
1369: yard_opt_106 = KW_AS 
1370: yard_opt_106 = 
1371: yard_opt_104 = yard_exp_brackets_176 
1372: yard_opt_104 = 
1373: yard_opt_103 = yard_exp_brackets_175 
1374: yard_opt_103 = 
1375: yard_opt_101 = yard_exp_brackets_174 
1376: yard_opt_101 = 
1377: yard_opt_102 = KW_AS 
1378: yard_opt_102 = 
1379: yard_opt_100 = yard_exp_brackets_173 
1380: yard_opt_100 = 
1381: yard_opt_99 = yard_exp_brackets_172 
1382: yard_opt_99 = 
1383: yard_rule_list_28 = yard_exp_brackets_171 yard_many_18 
1384: yard_rule_list_28 = 
1385: yard_rule_comma_list_27 = yard_rule_list_28 
1386: select_list = yard_rule_comma_list_27 
1387: yard_opt_98 = yard_exp_brackets_170 
1388: yard_opt_98 = 
1389: yard_opt_95 = yard_exp_brackets_169 
1390: yard_opt_95 = 
1391: yard_opt_97 = yard_exp_brackets_168 
1392: yard_opt_97 = 
1393: yard_opt_96 = KW_ALL 
1394: yard_opt_96 = 
1395: yard_opt_94 = yard_exp_brackets_167 
1396: yard_opt_94 = 
1397: yard_opt_93 = from 
1398: yard_opt_93 = 
1399: yard_opt_92 = yard_exp_brackets_166 
1400: yard_opt_92 = 
1401: yard_opt_89 = yard_exp_brackets_165 
1402: yard_opt_89 = 
1403: yard_opt_91 = yard_exp_brackets_164 
1404: yard_opt_91 = 
1405: yard_opt_90 = KW_PERCENT 
1406: yard_opt_90 = 
1407: yard_opt_88 = yard_exp_brackets_163 
1408: yard_opt_88 = 
1409: query_specification = KW_SELECT yard_opt_88 yard_opt_89 select_list yard_opt_92 yard_opt_93 yard_opt_94 yard_opt_95 yard_opt_98 
1410: yard_many_17 = yard_exp_brackets_162 yard_many_17 
1411: yard_many_17 = 
1412: yard_rule_list_26 = yard_exp_brackets_161 yard_many_17 
1413: yard_rule_list_26 = 
1414: yard_rule_comma_list_25 = yard_rule_list_26 
1415: yard_opt_86 = yard_exp_brackets_160 
1416: yard_opt_86 = 
1417: yard_opt_87 = KW_ALL 
1418: yard_opt_87 = 
1419: query_expression = yard_exp_brackets_159 yard_opt_86 
1420: yard_opt_85 = SEMI 
1421: yard_opt_85 = 
1422: yard_opt_84 = yard_exp_brackets_158 
1423: yard_opt_84 = 
1424: common_table_expression = yard_exp_brackets_157 yard_opt_84 KW_AS LPAREN select_stmnt RPAREN yard_opt_85 
1425: yard_many_16 = yard_exp_brackets_156 yard_many_16 
1426: yard_many_16 = 
1427: yard_rule_list_24 = yard_exp_brackets_155 yard_many_16 
1428: yard_rule_list_24 = 
1429: yard_rule_comma_list_23 = yard_rule_list_24 
1430: query_hint = yard_exp_brackets_154 
1431: yard_opt_82 = yard_exp_brackets_153 
1432: yard_opt_82 = 
1433: yard_opt_83 = yard_exp_brackets_152 
1434: yard_opt_83 = 
1435: yard_opt_81 = yard_exp_brackets_151 
1436: yard_opt_81 = 
1437: yard_opt_80 = yard_exp_brackets_150 
1438: yard_opt_80 = 
1439: common_directives = yard_opt_80 yard_opt_81 yard_opt_82 
1440: yard_opt_77 = yard_exp_brackets_149 
1441: yard_opt_77 = 
1442: yard_opt_78 = yard_exp_brackets_148 
1443: yard_opt_78 = 
1444: yard_opt_79 = yard_exp_brackets_147 
1445: yard_opt_79 = 
1446: yard_opt_76 = yard_exp_brackets_146 
1447: yard_opt_76 = 
1448: yard_opt_74 = yard_exp_brackets_145 
1449: yard_opt_74 = 
1450: yard_opt_75 = yard_exp_brackets_144 
1451: yard_opt_75 = 
1452: yard_opt_69 = yard_exp_brackets_143 
1453: yard_opt_69 = 
1454: yard_opt_72 = yard_exp_brackets_142 
1455: yard_opt_72 = 
1456: yard_opt_73 = yard_exp_brackets_141 
1457: yard_opt_73 = 
1458: yard_opt_70 = yard_exp_brackets_140 
1459: yard_opt_70 = 
1460: yard_opt_71 = yard_exp_brackets_139 
1461: yard_opt_71 = 
1462: yard_opt_68 = yard_exp_brackets_138 
1463: yard_opt_68 = 
1464: xml = KW_XML yard_exp_brackets_137 
1465: yard_opt_67 = yard_exp_brackets_136 
1466: yard_opt_67 = 
1467: for = yard_opt_67 
1468: yard_many_15 = yard_exp_brackets_135 yard_many_15 
1469: yard_many_15 = 
1470: yard_rule_list_22 = yard_exp_brackets_134 yard_many_15 
1471: yard_rule_list_22 = 
1472: yard_rule_comma_list_21 = yard_rule_list_22 
1473: yard_many_14 = yard_exp_brackets_133 yard_many_14 
1474: yard_many_14 = 
1475: yard_rule_list_14 = common_table_expression yard_many_14 
1476: yard_rule_list_14 = 
1477: yard_rule_comma_list_13 = yard_rule_list_14 
1478: yard_many_13 = yard_exp_brackets_132 yard_many_13 
1479: yard_many_13 = 
1480: yard_opt_66 = yard_exp_brackets_131 
1481: yard_opt_66 = 
1482: yard_opt_65 = yard_exp_brackets_130 
1483: yard_opt_65 = 
1484: yard_rule_list_16 = yard_exp_brackets_129 yard_many_13 
1485: yard_rule_list_16 = 
1486: yard_rule_comma_list_15 = yard_rule_list_16 
1487: yard_many_12 = yard_exp_brackets_128 yard_many_12 
1488: yard_many_12 = 
1489: yard_rule_list_18 = yard_exp_brackets_127 yard_many_12 
1490: yard_rule_list_18 = 
1491: yard_rule_comma_list_17 = yard_rule_list_18 
1492: yard_many_11 = yard_exp_brackets_126 yard_many_11 
1493: yard_many_11 = 
1494: yard_rule_list_20 = query_hint yard_many_11 
1495: yard_rule_list_20 = 
1496: yard_rule_comma_list_19 = yard_rule_list_20 
1497: yard_opt_62 = yard_many_10 
1498: yard_opt_62 = 
1499: yard_many_10 = yard_exp_brackets_125 yard_many_10 
1500: yard_many_10 = 
1501: yard_opt_64 = RPAREN 
1502: yard_opt_64 = 
1503: yard_opt_63 = LPAREN 
1504: yard_opt_63 = 
1505: yard_opt_61 = SEMI 
1506: yard_opt_61 = 
1507: yard_opt_60 = yard_exp_brackets_124 
1508: yard_opt_60 = 
1509: yard_opt_59 = for 
1510: yard_opt_59 = 
1511: yard_opt_57 = yard_exp_brackets_123 
1512: yard_opt_57 = 
1513: yard_opt_58 = yard_exp_brackets_122 
1514: yard_opt_58 = 
1515: yard_opt_56 = yard_exp_brackets_121 
1516: yard_opt_56 = 
1517: yard_opt_55 = yard_exp_brackets_120 
1518: yard_opt_55 = 
1519: select_stmnt = KW_SELECT yard_exp_brackets_119 KW_FROM full_ident KW_WHERE sql_expr yard_opt_62 
1520: select_stmnt = KW_SELECT yard_rule_comma_list_21 yard_opt_61 
1521: select_stmnt = yard_exp_brackets_118 
1522: table_constraint = yard_exp_brackets_117 
1523: table_constraint = yard_exp_brackets_116 
1524: yard_opt_54 = yard_exp_brackets_115 
1525: yard_opt_54 = 
1526: yard_opt_53 = yard_exp_brackets_114 
1527: yard_opt_53 = 
1528: column_constraint = yard_exp_brackets_113 
1529: yard_opt_52 = column_constraint 
1530: yard_opt_52 = 
1531: yard_opt_51 = KW_ROWGUIDCOL 
1532: yard_opt_51 = 
1533: yard_opt_48 = yard_exp_brackets_112 
1534: yard_opt_48 = 
1535: yard_opt_50 = yard_exp_brackets_111 
1536: yard_opt_50 = 
1537: yard_opt_49 = yard_exp_brackets_110 
1538: yard_opt_49 = 
1539: yard_opt_47 = yard_exp_brackets_109 
1540: yard_opt_47 = 
1541: column_definition = ident yard_exp_brackets_108 yard_opt_47 yard_opt_48 yard_opt_51 yard_opt_52 
1542: yard_many_9 = yard_exp_brackets_107 yard_many_9 
1543: yard_many_9 = 
1544: table_type_definition = KW_TABLE LPAREN yard_many_9 RPAREN 
1545: yard_many_8 = yard_exp_brackets_106 yard_many_8 
1546: yard_many_8 = 
1547: yard_opt_46 = KW_AS 
1548: yard_opt_46 = 
1549: yard_opt_45 = KW_FOR 
1550: yard_opt_45 = 
1551: yard_opt_44 = KW_STATIC 
1552: yard_opt_44 = 
1553: yard_opt_43 = KW_LOCAL 
1554: yard_opt_43 = 
1555: yard_opt_42 = KW_AS 
1556: yard_opt_42 = 
1557: yard_opt_41 = KW_AS 
1558: yard_opt_41 = 
1559: yard_opt_40 = KW_FOR 
1560: yard_opt_40 = 
1561: yard_opt_39 = KW_STATIC 
1562: yard_opt_39 = 
1563: yard_opt_38 = KW_LOCAL 
1564: yard_opt_38 = 
1565: yard_opt_37 = KW_AS 
1566: yard_opt_37 = 
1567: yard_rule_list_12 = yard_exp_brackets_105 yard_many_8 
1568: yard_rule_list_12 = 
1569: yard_rule_comma_list_11 = yard_rule_list_12 
1570: yard_opt_36 = SEMI 
1571: yard_opt_36 = 
1572: declare = KW_DECLARE yard_rule_comma_list_11 yard_opt_36 
1573: yard_many_7 = yard_exp_brackets_104 yard_many_7 
1574: yard_many_7 = 
1575: yard_rule_list_8 = sql_expr yard_many_7 
1576: yard_rule_list_8 = 
1577: yard_rule_comma_list_7 = yard_rule_list_8 
1578: yard_many_6 = yard_exp_brackets_103 yard_many_6 
1579: yard_many_6 = 
1580: yard_rule_list_10 = yard_exp_brackets_102 yard_many_6 
1581: yard_rule_list_10 = 
1582: yard_rule_comma_list_9 = yard_rule_list_10 
1583: yard_opt_35 = yard_exp_brackets_101 
1584: yard_opt_35 = 
1585: yard_opt_34 = yard_exp_brackets_100 
1586: yard_opt_34 = 
1587: raiserror_stmnt = KW_RAISERROR LPAREN yard_exp_brackets_98 yard_exp_brackets_99 yard_opt_34 RPAREN yard_opt_35 
1588: yard_rule_brace_opt_6 = LPAREN sql_expr RPAREN 
1589: yard_rule_brace_opt_6 = sql_expr 
1590: yard_opt_33 = yard_exp_brackets_97 
1591: yard_opt_33 = 
1592: if_stmt = KW_IF yard_rule_brace_opt_6 proc_body_stmnt yard_opt_33 
1593: yard_many_5 = yard_exp_brackets_96 yard_many_5 
1594: yard_many_5 = 
1595: yard_opt_32 = SEMI 
1596: yard_opt_32 = 
1597: stmt_block = KW_BEGIN yard_many_5 KW_END 
1598: while_stmt = KW_WHILE sql_expr proc_body_stmnt 
1599: proc_body_stmnt = fetch_stmnt 
1600: proc_body_stmnt = insert 
1601: proc_body_stmnt = create_table 
1602: proc_body_stmnt = while_stmt 
1603: proc_body_stmnt = drop_procedure 
1604: proc_body_stmnt = rollback_transaction 
1605: proc_body_stmnt = commit_transaction 
1606: proc_body_stmnt = begin_transaction 
1607: proc_body_stmnt = KW_BEGIN proc_body_stmnt KW_END 
1608: proc_body_stmnt = stmt_block 
1609: proc_body_stmnt = raiserror_stmnt 
1610: proc_body_stmnt = if_stmt 
1611: proc_body_stmnt = KW_RETURN sql_expr 
1612: proc_body_stmnt = declare 
1613: proc_body_stmnt = sql_expr 
1614: proc_body_stmnt = execute_stmnt 
1615: proc_body_stmnt = set_stmnt 
1616: proc_body_stmnt = select_stmnt 
1617: yard_opt_31 = KW_EXECUTE_AS_Clause 
1618: yard_opt_31 = 
1619: yard_opt_30 = KW_RECOMPILE 
1620: yard_opt_30 = 
1621: yard_opt_29 = KW_ENCRYPTION 
1622: yard_opt_29 = 
1623: procedure_option = yard_opt_31 
1624: procedure_option = yard_opt_30 
1625: procedure_option = yard_opt_29 
1626: yard_opt_28 = yard_rule_comma_list_1 
1627: yard_opt_28 = 
1628: yard_opt_27 = yard_rule_comma_list_1 
1629: yard_opt_27 = 
1630: yard_rule_brace_opt_5 = LPAREN yard_opt_28 RPAREN 
1631: yard_rule_brace_opt_5 = yard_opt_27 
1632: yard_opt_26 = SEMI 
1633: yard_opt_26 = 
1634: yard_opt_25 = KW_END 
1635: yard_opt_25 = 
1636: yard_many_4 = yard_exp_brackets_95 yard_many_4 
1637: yard_many_4 = 
1638: yard_opt_24 = SEMI 
1639: yard_opt_24 = 
1640: yard_opt_23 = KW_BEGIN 
1641: yard_opt_23 = 
1642: yard_opt_22 = yard_exp_brackets_94 
1643: yard_opt_22 = 
1644: yard_opt_21 = yard_exp_brackets_93 
1645: yard_opt_21 = 
1646: yard_some_2 = execute_as yard_some_2 
1647: yard_some_2 = execute_as 
1648: yard_opt_20 = yard_exp_brackets_92 
1649: yard_opt_20 = 
1650: yard_opt_19 = yard_exp_brackets_91 
1651: yard_opt_19 = 
1652: create_proc = KW_CREATE yard_exp_brackets_90 yard_opt_19 ident yard_opt_20 yard_rule_brace_opt_5 yard_opt_21 yard_opt_22 KW_AS yard_opt_23 yard_many_4 yard_opt_25 yard_opt_26 
1653: yard_opt_18 = KW_READONLY 
1654: yard_opt_18 = 
1655: yard_opt_17 = yard_exp_brackets_89 
1656: yard_opt_17 = 
1657: yard_opt_16 = yard_exp_brackets_88 
1658: yard_opt_16 = 
1659: yard_opt_15 = KW_VARYING 
1660: yard_opt_15 = 
1661: yard_opt_14 = sql_datatype 
1662: yard_opt_14 = 
1663: yard_opt_13 = yard_exp_brackets_87 
1664: yard_opt_13 = 
1665: proc_formal_param = LOCALVAR yard_opt_13 yard_opt_14 yard_opt_15 yard_opt_16 yard_opt_17 yard_opt_18 
1666: yard_some_1 = yard_exp_brackets_86 yard_some_1 
1667: yard_some_1 = yard_exp_brackets_85 
1668: yard_opt_12 = yard_exp_brackets_84 
1669: yard_opt_12 = 
1670: drop_procedure = KW_DROP yard_exp_brackets_83 yard_some_1 
1671: yard_many_3 = yard_exp_brackets_82 yard_many_3 
1672: yard_many_3 = 
1673: yard_rule_list_4 = ident yard_many_3 
1674: yard_rule_list_4 = 
1675: yard_rule_comma_list_3 = yard_rule_list_4 
1676: yard_many_2 = yard_exp_brackets_81 yard_many_2 
1677: yard_many_2 = 
1678: yard_rule_list_2 = proc_formal_param yard_many_2 
1679: yard_rule_list_2 = 
1680: yard_rule_comma_list_1 = yard_rule_list_2 
1681: yard_opt_10 = yard_exp_brackets_80 
1682: yard_opt_10 = 
1683: yard_opt_11 = yard_exp_brackets_79 
1684: yard_opt_11 = 
1685: yard_opt_9 = KW_TYPE_WARNING 
1686: yard_opt_9 = 
1687: yard_opt_8 = yard_exp_brackets_78 
1688: yard_opt_8 = 
1689: yard_opt_7 = yard_exp_brackets_77 
1690: yard_opt_7 = 
1691: yard_opt_6 = yard_exp_brackets_76 
1692: yard_opt_6 = 
1693: yard_opt_5 = yard_exp_brackets_75 
1694: yard_opt_5 = 
1695: set_localvar = yard_exp_brackets_74 
1696: set_localvar = KW_SET yard_exp_brackets_73 
1697: set_stmnt = set_localvar 
1698: set_stmnt = KW_SET yard_exp_brackets_71 yard_exp_brackets_72 
1699: yard_opt_4 = SEMI 
1700: yard_opt_4 = 
1701: yard_opt_3 = yard_exp_brackets_70 
1702: yard_opt_3 = 
1703: yard_opt_2 = yard_exp_brackets_69 
1704: yard_opt_2 = 
1705: rollback_transaction = KW_ROLLBACK yard_opt_2 yard_opt_3 yard_opt_4 
1706: batch_body = insert 
1707: batch_body = create_table 
1708: batch_body = drop_procedure 
1709: batch_body = rollback_transaction 
1710: batch_body = case 
1711: batch_body = declare 
1712: batch_body = commit_transaction 
1713: batch_body = begin_transaction 
1714: batch_body = KW_USE LBRACKET KW_MDW_CONTROL RBRACKET 
1715: batch_body = set_stmnt 
1716: batch_body = create_proc 
1717: yard_many_1 = yard_exp_brackets_68 yard_many_1 
1718: yard_many_1 = 
1719: yard_opt_1 = KW_GO 
1720: yard_opt_1 = 
1721: root_rule = yard_many_1 
1722: yard_start_rule = root_rule 
Grammar contains non-terminals, which can infinitely infer epsilon:
yard_many_5 <- yard_many_5
yard_many_4 <- yard_many_4
yard_many_1 <- yard_many_1

States count: 2294
Generation time: 00:00:50.2198724
