
rules:
   0: yard_exp_brackets_69 = DOT ident 
   1: yard_exp_brackets_68 = KW_IGNORE_DUP_KEY 
   2: yard_exp_brackets_68 = KW_OWNER 
   3: yard_exp_brackets_68 = KW_STATE 
   4: yard_exp_brackets_68 = KW_CLASS 
   5: yard_exp_brackets_68 = KW_TYPE 
   6: yard_exp_brackets_68 = IDENT 
   7: yard_exp_brackets_67 = KW_IGNORE_DUP_KEY 
   8: yard_exp_brackets_67 = KW_OWNER 
   9: yard_exp_brackets_67 = KW_STATE 
  10: yard_exp_brackets_67 = KW_CLASS 
  11: yard_exp_brackets_67 = KW_TYPE 
  12: yard_exp_brackets_67 = IDENT 
  13: yard_many_1 = yard_exp_brackets_69 yard_many_1 
  14: yard_many_1 = 
  15: yard_rule_not_empty_list_2 = ident yard_many_1 
  16: full_ident = yard_rule_not_empty_list_2 
  17: yard_rule_brace_opt_1 = LBRACKET yard_exp_brackets_68 RBRACKET 
  18: yard_rule_brace_opt_1 = yard_exp_brackets_67 
  19: ident = yard_rule_brace_opt_1 
  20: sql_value = KW_NULL 
  21: sql_value = dec_num 
  22: sql_value = STRING_CONST 
  23: yard_opt_1 = OP_MINUS 
  24: yard_opt_1 = 
  25: dec_num = yard_opt_1 DEC_NUMBER 
  26: yard_exp_brackets_464 = KW_ROWGUID 
  27: yard_exp_brackets_464 = KW_IDENTITY 
  28: yard_exp_brackets_464 = ident 
  29: yard_exp_brackets_463 = LOCALVAR 
  30: yard_exp_brackets_463 = full_ident yard_opt_231 
  31: yard_exp_brackets_462 = sql_expr 
  32: yard_exp_brackets_462 = ident 
  33: yard_exp_brackets_461 = KW_FULL 
  34: yard_exp_brackets_461 = KW_RIGHT 
  35: yard_exp_brackets_461 = KW_LEFT 
  36: yard_exp_brackets_460 = proximity_term 
  37: yard_exp_brackets_460 = generation_term 
  38: yard_exp_brackets_460 = prefix_term 
  39: yard_exp_brackets_460 = simple_term 
  40: yard_exp_brackets_459 = EMPTY 
  41: yard_exp_brackets_459 = KW_OR 
  42: yard_exp_brackets_458 = EMPTY 
  43: yard_exp_brackets_458 = KW_AND KW_NOT 
  44: yard_exp_brackets_457 = EMPTY 
  45: yard_exp_brackets_457 = KW_AND 
  46: yard_exp_brackets_456 = sql_expr yard_opt_102 
  47: yard_exp_brackets_456 = yard_opt_100 yard_exp_brackets_464 yard_opt_101 
  48: yard_exp_brackets_455 = ident 
  49: yard_exp_brackets_455 = STRING_CONST 
  50: yard_exp_brackets_454 = ident 
  51: yard_exp_brackets_454 = STRING_CONST 
  52: yard_exp_brackets_453 = KW_ROWGUID 
  53: yard_exp_brackets_453 = KW_IDENTITY 
  54: yard_exp_brackets_453 = ident 
  55: yard_exp_brackets_452 = DEC_NUMBER 
  56: yard_exp_brackets_452 = ident 
  57: yard_exp_brackets_451 = KW_SUM 
  58: yard_exp_brackets_451 = KW_MIN 
  59: yard_exp_brackets_451 = KW_MAX 
  60: yard_exp_brackets_451 = KW_COUNT 
  61: yard_exp_brackets_451 = KW_AVG 
  62: yard_exp_brackets_450 = KW_CURSOR yard_opt_7 yard_opt_8 yard_opt_9 yard_opt_10 KW_FOR select_stmnt yard_opt_11 
  63: yard_exp_brackets_449 = sql_expr 
  64: yard_exp_brackets_449 = sql_datatype 
  65: yard_exp_brackets_448 = LOCALVAR 
  66: yard_exp_brackets_448 = dec_num 
  67: yard_exp_brackets_447 = LOCALVAR 
  68: yard_exp_brackets_447 = dec_num 
  69: yard_exp_brackets_446 = yard_opt_261 IDENT 
  70: yard_exp_brackets_445 = KW_USER 
  71: yard_exp_brackets_445 = KW_LOGIN 
  72: yard_exp_brackets_444 = KW_USER 
  73: yard_exp_brackets_444 = KW_LOGIN 
  74: yard_exp_brackets_443 = STRING_CONST 
  75: yard_exp_brackets_443 = LOCALVAR 
  76: yard_exp_brackets_442 = STRING_CONST 
  77: yard_exp_brackets_442 = LOCALVAR 
  78: yard_exp_brackets_441 = yard_opt_242 sql_expr 
  79: yard_exp_brackets_440 = yard_opt_240 
  80: yard_exp_brackets_440 = sql_expr yard_opt_239 
  81: yard_exp_brackets_439 = yard_opt_236 
  82: yard_exp_brackets_439 = sql_expr yard_opt_235 
  83: yard_exp_brackets_438 = yard_opt_230 yard_exp_brackets_463 yard_rule_brace_opt_62 yard_opt_232 
  84: yard_exp_brackets_437 = LOCALVAR 
  85: yard_exp_brackets_437 = ident 
  86: yard_exp_brackets_436 = yard_exp_brackets_462 yard_opt_219 
  87: yard_exp_brackets_435 = sql_expr 
  88: yard_exp_brackets_435 = ident 
  89: yard_exp_brackets_434 = sql_expr 
  90: yard_exp_brackets_434 = KW_NULL 
  91: yard_exp_brackets_434 = KW_DEFAULT 
  92: yard_exp_brackets_433 = KW_OFF 
  93: yard_exp_brackets_433 = KW_ON 
  94: yard_exp_brackets_432 = KW_OFF 
  95: yard_exp_brackets_432 = KW_ON 
  96: yard_exp_brackets_431 = KW_OFF 
  97: yard_exp_brackets_431 = KW_ON 
  98: yard_exp_brackets_430 = KW_OFF 
  99: yard_exp_brackets_430 = KW_ON 
 100: yard_exp_brackets_429 = KW_OFF 
 101: yard_exp_brackets_429 = KW_ON 
 102: yard_exp_brackets_428 = IDENT yard_opt_202 
 103: yard_exp_brackets_427 = KW_DEFAULT 
 104: yard_exp_brackets_427 = IDENT 
 105: yard_exp_brackets_427 = IDENT LPAREN IDENT RPAREN 
 106: yard_exp_brackets_426 = KW_UNIQUE 
 107: yard_exp_brackets_426 = KW_PRIMARY KW_KEY 
 108: yard_exp_brackets_425 = KW_UNIQUE 
 109: yard_exp_brackets_425 = KW_PRIMARY KW_KEY 
 110: yard_exp_brackets_424 = KW_DEFAULT 
 111: yard_exp_brackets_424 = IDENT 
 112: yard_exp_brackets_424 = IDENT LPAREN IDENT RPAREN 
 113: yard_exp_brackets_423 = KW_DEFAULT 
 114: yard_exp_brackets_423 = IDENT 
 115: yard_exp_brackets_423 = IDENT LPAREN IDENT RPAREN 
 116: yard_exp_brackets_422 = KW_UNIQUE 
 117: yard_exp_brackets_422 = KW_PRIMARY KW_KEY 
 118: yard_exp_brackets_421 = computed_column_definition 
 119: yard_exp_brackets_421 = column_definition_create_table 
 120: yard_exp_brackets_420 = KW_DEFAULT 
 121: yard_exp_brackets_420 = IDENT 
 122: yard_exp_brackets_419 = KW_DEFAULT 
 123: yard_exp_brackets_419 = IDENT 
 124: yard_exp_brackets_419 = IDENT LPAREN IDENT RPAREN 
 125: yard_exp_brackets_418 = yard_exp_brackets_461 yard_opt_156 
 126: yard_exp_brackets_417 = yard_exp_brackets_460 yard_opt_149 
 127: yard_exp_brackets_416 = proximity_term 
 128: yard_exp_brackets_416 = generation_term 
 129: yard_exp_brackets_416 = prefix_term 
 130: yard_exp_brackets_416 = simple_term 
 131: yard_exp_brackets_415 = prefix_term 
 132: yard_exp_brackets_415 = simple_term 
 133: yard_exp_brackets_414 = OP_TILDA 
 134: yard_exp_brackets_414 = KW_NEAR 
 135: yard_exp_brackets_413 = prefix_term 
 136: yard_exp_brackets_413 = simple_term 
 137: yard_exp_brackets_412 = OP_TILDA 
 138: yard_exp_brackets_412 = KW_NEAR 
 139: yard_exp_brackets_411 = yard_exp_brackets_459 
 140: yard_exp_brackets_411 = yard_exp_brackets_458 
 141: yard_exp_brackets_411 = yard_exp_brackets_457 
 142: yard_exp_brackets_410 = DEC_NUMBER 
 143: yard_exp_brackets_410 = STRING_CONST 
 144: yard_exp_brackets_409 = DEC_NUMBER 
 145: yard_exp_brackets_409 = STRING_CONST 
 146: yard_exp_brackets_408 = KW_SINGLE_NCLOB 
 147: yard_exp_brackets_408 = KW_SINGLE_CLOB 
 148: yard_exp_brackets_408 = KW_SINGLE_BLOB 
 149: yard_exp_brackets_408 = KW_FORMATFILE OP_EQ STRING_CONST yard_opt_137 
 150: yard_exp_brackets_407 = STRING_CONST 
 151: yard_exp_brackets_407 = yard_opt_135 yard_opt_136 full_ident 
 152: yard_exp_brackets_406 = STRING_CONST 
 153: yard_exp_brackets_406 = STRING_CONST SEMI STRING_CONST SEMI STRING_CONST 
 154: yard_exp_brackets_405 = rowset_function yard_opt_123 yard_opt_125 
 155: yard_exp_brackets_404 = STRING_CONST 
 156: yard_exp_brackets_404 = dec_num 
 157: yard_exp_brackets_403 = STRING_CONST 
 158: yard_exp_brackets_403 = dec_num 
 159: yard_exp_brackets_402 = LPAREN search_condition RPAREN 
 160: yard_exp_brackets_402 = predicate 
 161: yard_exp_brackets_401 = KW_OR 
 162: yard_exp_brackets_401 = KW_AND 
 163: yard_exp_brackets_400 = sql_expr yard_opt_111 
 164: yard_exp_brackets_399 = ident OP_EQ sql_expr 
 165: yard_exp_brackets_399 = yard_exp_brackets_456 
 166: yard_exp_brackets_399 = full_ident DOT STAR 
 167: yard_exp_brackets_399 = STAR 
 168: yard_exp_brackets_398 = ident LPAREN yard_rule_comma_list_9 RPAREN 
 169: yard_exp_brackets_398 = yard_exp_brackets_455 
 170: yard_exp_brackets_397 = DOUBLE_COLON 
 171: yard_exp_brackets_397 = DOT 
 172: yard_exp_brackets_396 = ident LPAREN yard_rule_comma_list_9 RPAREN 
 173: yard_exp_brackets_396 = yard_exp_brackets_454 
 174: yard_exp_brackets_395 = DOUBLE_COLON 
 175: yard_exp_brackets_395 = DOT 
 176: yard_exp_brackets_394 = sql_expr yard_opt_98 
 177: yard_exp_brackets_394 = yard_opt_96 yard_exp_brackets_453 yard_opt_97 
 178: yard_exp_brackets_393 = KW_ROLLUP 
 179: yard_exp_brackets_393 = KW_CUBE 
 180: yard_exp_brackets_392 = LPAREN query_expression RPAREN 
 181: yard_exp_brackets_391 = KW_INTERSECT 
 182: yard_exp_brackets_391 = KW_EXCEPT 
 183: yard_exp_brackets_391 = KW_UNION yard_opt_84 
 184: yard_exp_brackets_390 = LOCALVAR OP_EQ STRING_CONST 
 185: yard_exp_brackets_389 = KW_FORCED 
 186: yard_exp_brackets_389 = KW_SIMPLE 
 187: yard_exp_brackets_388 = KW_HASH 
 188: yard_exp_brackets_388 = KW_MERGE 
 189: yard_exp_brackets_388 = KW_LOOP 
 190: yard_exp_brackets_387 = KW_MERGE 
 191: yard_exp_brackets_387 = KW_HASH 
 192: yard_exp_brackets_387 = KW_CONCAT 
 193: yard_exp_brackets_386 = KW_ORDER 
 194: yard_exp_brackets_386 = KW_HASH 
 195: yard_exp_brackets_385 = KW_XMLSCHEMA yard_opt_68 
 196: yard_exp_brackets_385 = KW_XMLDATA 
 197: yard_exp_brackets_384 = KW_AUTO 
 198: yard_exp_brackets_384 = KW_RAW yard_opt_65 
 199: yard_exp_brackets_383 = xml 
 200: yard_exp_brackets_383 = KW_BROWSE 
 201: yard_exp_brackets_382 = LOCALVAR OP_EQ sql_expr 
 202: yard_exp_brackets_381 = yard_exp_brackets_452 yard_opt_63 
 203: yard_exp_brackets_380 = DEC_NUMBER 
 204: yard_exp_brackets_380 = ident 
 205: yard_exp_brackets_379 = yard_exp_brackets_451 sql_expr 
 206: yard_exp_brackets_378 = KW_SUM 
 207: yard_exp_brackets_378 = KW_MIN 
 208: yard_exp_brackets_378 = KW_MAX 
 209: yard_exp_brackets_378 = KW_COUNT 
 210: yard_exp_brackets_378 = KW_AVG 
 211: yard_exp_brackets_377 = KW_OR 
 212: yard_exp_brackets_377 = KW_AND 
 213: yard_exp_brackets_376 = IDENT 
 214: yard_exp_brackets_376 = STAR 
 215: yard_exp_brackets_375 = IDENT 
 216: yard_exp_brackets_375 = STAR 
 217: yard_exp_brackets_374 = KW_UNIQUE 
 218: yard_exp_brackets_374 = KW_PRIMARY KW_KEY 
 219: yard_exp_brackets_373 = KW_AS sql_expr 
 220: yard_exp_brackets_372 = ident yard_opt_45 table_type_definition 
 221: yard_exp_brackets_372 = ident KW_CURSOR yard_opt_42 yard_opt_43 yard_opt_44 sql_expr 
 222: yard_exp_brackets_372 = LOCALVAR yard_opt_41 sql_datatype 
 223: yard_exp_brackets_371 = KW_SETERROR 
 224: yard_exp_brackets_371 = KW_NOWAIT 
 225: yard_exp_brackets_371 = KW_LOG 
 226: yard_exp_brackets_370 = STRING_CONST 
 227: yard_exp_brackets_370 = DEC_NUMBER 
 228: yard_exp_brackets_370 = KW_NULL 
 229: yard_exp_brackets_369 = KW_UPDATE yard_opt_12 
 230: yard_exp_brackets_369 = KW_EAD ONLY 
 231: yard_exp_brackets_368 = yard_exp_brackets_450 
 232: yard_exp_brackets_368 = ident 
 233: yard_exp_brackets_368 = LOCALVAR 
 234: yard_exp_brackets_367 = DOUBLE_COLON 
 235: yard_exp_brackets_367 = DOT 
 236: yard_exp_brackets_366 = KW_XML 
 237: yard_exp_brackets_366 = KW_TIME 
 238: yard_exp_brackets_366 = KW_PROFILE 
 239: yard_exp_brackets_366 = KW_IO 
 240: yard_exp_brackets_365 = COMMA yard_exp_brackets_449 
 241: yard_exp_brackets_364 = sql_expr 
 242: yard_exp_brackets_364 = sql_datatype 
 243: yard_exp_brackets_363 = KW_OR 
 244: yard_exp_brackets_363 = KW_AND 
 245: yard_exp_brackets_362 = OP_TILDA 
 246: yard_exp_brackets_362 = OP_MINUS_EQ 
 247: yard_exp_brackets_362 = OP_PLUS_EQ 
 248: yard_exp_brackets_361 = KW_INTO yard_rule_comma_list_54 
 249: yard_exp_brackets_360 = yard_opt_260 KW_FROM 
 250: yard_exp_brackets_359 = KW_RELATIVE yard_exp_brackets_448 
 251: yard_exp_brackets_359 = KW_ABSOLUTE yard_exp_brackets_447 
 252: yard_exp_brackets_359 = KW_LAST 
 253: yard_exp_brackets_359 = KW_FIRST 
 254: yard_exp_brackets_359 = KW_PRIOR 
 255: yard_exp_brackets_359 = KW_NEXT 
 256: yard_exp_brackets_358 = LOCALVAR 
 257: yard_exp_brackets_358 = yard_exp_brackets_446 
 258: yard_exp_brackets_357 = OP_LT OP_GT 
 259: yard_exp_brackets_356 = OP_MT OP_EQ 
 260: yard_exp_brackets_355 = OP_LT OP_EQ 
 261: yard_exp_brackets_354 = OP_LT OP_MT 
 262: yard_exp_brackets_353 = ident OP_EQ STRING_CONST 
 263: yard_exp_brackets_353 = KW_OWNER 
 264: yard_exp_brackets_353 = KW_SELF 
 265: yard_exp_brackets_353 = KW_CALLER 
 266: yard_exp_brackets_352 = KW_EXECUTE 
 267: yard_exp_brackets_352 = KW_EXEC 
 268: yard_exp_brackets_351 = KW_MAX 
 269: yard_exp_brackets_351 = DEC_NUMBER 
 270: yard_exp_brackets_350 = KW_AT full_ident 
 271: yard_exp_brackets_349 = KW_AS yard_exp_brackets_445 OP_EQ STRING_CONST 
 272: yard_exp_brackets_348 = COMMA sql_expr yard_opt_249 
 273: yard_exp_brackets_347 = COMMA sql_expr yard_opt_249 
 274: yard_exp_brackets_346 = STRING_CONST yard_opt_246 yard_opt_247 
 275: yard_exp_brackets_346 = LOCALVAR 
 276: yard_exp_brackets_345 = STRING_CONST yard_opt_246 yard_opt_247 
 277: yard_exp_brackets_345 = LOCALVAR 
 278: yard_exp_brackets_344 = KW_EXECUTE 
 279: yard_exp_brackets_344 = KW_EXEC 
 280: yard_exp_brackets_343 = KW_AS yard_exp_brackets_444 OP_EQ STRING_CONST 
 281: yard_exp_brackets_342 = yard_exp_brackets_443 yard_opt_243 
 282: yard_exp_brackets_341 = yard_exp_brackets_442 yard_opt_243 
 283: yard_exp_brackets_340 = KW_EXECUTE 
 284: yard_exp_brackets_340 = KW_EXEC 
 285: yard_exp_brackets_339 = COMMA yard_exp_brackets_441 
 286: yard_exp_brackets_338 = ident OP_EQ 
 287: yard_exp_brackets_337 = ident OP_EQ 
 288: yard_exp_brackets_336 = yard_opt_241 sql_expr 
 289: yard_exp_brackets_335 = COMMA yard_opt_237 
 290: yard_exp_brackets_334 = yard_opt_238 yard_exp_brackets_440 
 291: yard_exp_brackets_333 = KW_OUT 
 292: yard_exp_brackets_333 = KW_OUTPUT 
 293: yard_exp_brackets_332 = ident OP_EQ 
 294: yard_exp_brackets_331 = yard_opt_234 yard_exp_brackets_439 
 295: yard_exp_brackets_330 = KW_OUT 
 296: yard_exp_brackets_330 = KW_OUTPUT 
 297: yard_exp_brackets_329 = ident OP_EQ 
 298: yard_exp_brackets_328 = KW_WITH KW_RECOMPILE 
 299: yard_exp_brackets_327 = SEMI DEC_NUMBER 
 300: yard_exp_brackets_326 = LOCALVAR OP_EQ 
 301: yard_exp_brackets_325 = KW_EXECUTE 
 302: yard_exp_brackets_325 = KW_EXEC 
 303: yard_exp_brackets_324 = create_object DOT IDENT LPAREN yard_rule_comma_list_63 RPAREN 
 304: yard_exp_brackets_324 = yard_exp_brackets_438 
 305: yard_exp_brackets_323 = LOCALVAR 
 306: yard_exp_brackets_323 = IDENT 
 307: yard_exp_brackets_322 = KW_TRANSACTION 
 308: yard_exp_brackets_322 = KW_TRAN 
 309: yard_exp_brackets_321 = yard_exp_brackets_437 yard_opt_224 
 310: yard_exp_brackets_320 = KW_WITH KW_MARK yard_opt_225 
 311: yard_exp_brackets_319 = KW_TRANSACTION 
 312: yard_exp_brackets_319 = KW_TRAN 
 313: yard_exp_brackets_318 = IDENT DOT 
 314: yard_exp_brackets_318 = IDENT DOT yard_opt_222 DOT 
 315: yard_exp_brackets_318 = IDENT DOT IDENT DOT IDENT DOT 
 316: yard_exp_brackets_317 = ident 
 317: yard_exp_brackets_317 = STAR 
 318: yard_exp_brackets_316 = ident 
 319: yard_exp_brackets_316 = KW_INSERTED 
 320: yard_exp_brackets_316 = KW_DELETED 
 321: yard_exp_brackets_315 = COMMA yard_exp_brackets_436 
 322: yard_exp_brackets_314 = yard_opt_220 IDENT 
 323: yard_exp_brackets_313 = yard_opt_218 IDENT 
 324: yard_exp_brackets_312 = yard_exp_brackets_435 yard_opt_217 
 325: yard_exp_brackets_311 = yard_opt_216 IDENT 
 326: yard_exp_brackets_310 = sql_expr 
 327: yard_exp_brackets_310 = ident 
 328: yard_exp_brackets_309 = KW_OUTPUT dml_select_list 
 329: yard_exp_brackets_308 = LPAREN yard_rule_comma_list_54 RPAREN 
 330: yard_exp_brackets_307 = IDENT 
 331: yard_exp_brackets_307 = LOCALVAR 
 332: yard_exp_brackets_306 = COMMA LOCALVAR 
 333: yard_exp_brackets_305 = COMMA yard_exp_brackets_434 
 334: yard_exp_brackets_304 = sql_expr 
 335: yard_exp_brackets_304 = KW_NULL 
 336: yard_exp_brackets_304 = KW_DEFAULT 
 337: yard_exp_brackets_303 = KW_DEFAULT KW_VALUES 
 338: yard_exp_brackets_302 = batch_body 
 339: yard_exp_brackets_302 = KW_VALUES LPAREN yard_rule_comma_list_56 RPAREN 
 340: yard_exp_brackets_301 = LPAREN yard_rule_comma_list_54 RPAREN 
 341: yard_exp_brackets_300 = KW_WITH LPAREN yard_many_39 RPAREN 
 342: yard_exp_brackets_299 = KW_TOP sql_expr yard_opt_205 
 343: yard_exp_brackets_298 = KW_WITH yard_rule_comma_list_15 
 344: yard_exp_brackets_297 = yard_opt_208 yard_opt_209 yard_opt_210 
 345: yard_exp_brackets_296 = rowset_function yard_opt_207 
 346: yard_exp_brackets_296 = object 
 347: yard_exp_brackets_295 = KW_ALLOW_PAGE_LOCKS OP_EQ yard_exp_brackets_433 
 348: yard_exp_brackets_295 = KW_ALLOW_ROW_LOCKS OP_EQ yard_exp_brackets_432 
 349: yard_exp_brackets_295 = KW_STATISTICS_NORECOMPUTE OP_EQ yard_exp_brackets_431 
 350: yard_exp_brackets_295 = KW_IGNORE_DUP_KEY OP_EQ yard_exp_brackets_430 
 351: yard_exp_brackets_295 = KW_FILLFACTOR OP_EQ DEC_NUMBER 
 352: yard_exp_brackets_295 = KW_PAD_INDEX OP_EQ yard_exp_brackets_429 
 353: yard_exp_brackets_294 = KW_UPDATE 
 354: yard_exp_brackets_294 = KW_DELETE 
 355: yard_exp_brackets_293 = COMMA IDENT 
 356: yard_exp_brackets_292 = COMMA yard_exp_brackets_428 
 357: yard_exp_brackets_291 = KW_DESC 
 358: yard_exp_brackets_291 = KW_ASC 
 359: yard_exp_brackets_290 = KW_DESC 
 360: yard_exp_brackets_290 = KW_ASC 
 361: yard_exp_brackets_289 = IDENT yard_opt_201 
 362: yard_exp_brackets_288 = KW_NOT KW_FOR KW_REPLICATION 
 363: yard_exp_brackets_287 = KW_NOT KW_FOR KW_REPLICATION 
 364: yard_exp_brackets_286 = LPAREN yard_rule_comma_list_52 RPAREN 
 365: yard_exp_brackets_285 = KW_ON yard_exp_brackets_427 
 366: yard_exp_brackets_284 = KW_WITH LPAREN yard_rule_comma_list_48 RPAREN 
 367: yard_exp_brackets_284 = KW_WITH KW_FILLFACTOR OP_EQ DEC_NUMBER 
 368: yard_exp_brackets_283 = KW_NONCLUSTERED 
 369: yard_exp_brackets_283 = KW_CLUSTERED 
 370: yard_exp_brackets_282 = KW_CONSTRAINT IDENT 
 371: yard_exp_brackets_281 = KW_CHECK yard_opt_200 sql_expr 
 372: yard_exp_brackets_281 = KW_FOREIGN KW_KEY LPAREN yard_rule_comma_list_52 RPAREN KW_REFERENCES IDENT yard_opt_198 yard_many_36 yard_opt_199 
 373: yard_exp_brackets_281 = yard_exp_brackets_426 yard_opt_195 LPAREN yard_rule_comma_list_50 RPAREN yard_opt_196 yard_opt_197 
 374: yard_exp_brackets_280 = KW_CHECK yard_opt_193 sql_expr 
 375: yard_exp_brackets_280 = yard_opt_190 KW_REFERENCES IDENT yard_opt_191 yard_many_35 yard_opt_192 
 376: yard_exp_brackets_280 = yard_opt_186 yard_exp_brackets_425 yard_opt_187 yard_opt_188 yard_opt_189 
 377: yard_exp_brackets_279 = KW_NOT KW_FOR KW_REPLICATION 
 378: yard_exp_brackets_278 = KW_NOT KW_FOR KW_REPLICATION 
 379: yard_exp_brackets_277 = LPAREN IDENT RPAREN 
 380: yard_exp_brackets_276 = KW_FOREIGN KW_KEY 
 381: yard_exp_brackets_275 = KW_ON yard_exp_brackets_424 
 382: yard_exp_brackets_274 = KW_WITH LPAREN yard_rule_comma_list_48 RPAREN 
 383: yard_exp_brackets_274 = KW_WITH KW_FILLFACTOR OP_EQ DEC_NUMBER 
 384: yard_exp_brackets_273 = KW_NONCLUSTERED 
 385: yard_exp_brackets_273 = KW_CLUSTERED 
 386: yard_exp_brackets_272 = KW_CONSTRAINT IDENT 
 387: yard_exp_brackets_271 = KW_PERSISTED yard_opt_184 
 388: yard_exp_brackets_270 = KW_NOT KW_NULL 
 389: yard_exp_brackets_269 = COMMA index_option 
 390: yard_exp_brackets_268 = KW_NOT KW_FOR KW_REPLICATION 
 391: yard_exp_brackets_267 = KW_NOT KW_FOR KW_REPLICATION 
 392: yard_exp_brackets_266 = LPAREN IDENT RPAREN 
 393: yard_exp_brackets_265 = IDENT DOT 
 394: yard_exp_brackets_264 = KW_FOREIGN KW_KEY 
 395: yard_exp_brackets_263 = KW_ON yard_exp_brackets_423 
 396: yard_exp_brackets_262 = KW_WITH LPAREN yard_rule_comma_list_48 RPAREN 
 397: yard_exp_brackets_262 = KW_WITH KW_FILLFACTOR OP_EQ DEC_NUMBER 
 398: yard_exp_brackets_261 = KW_NONCLUSTERED 
 399: yard_exp_brackets_261 = KW_CLUSTERED 
 400: yard_exp_brackets_260 = KW_CONSTRAINT IDENT 
 401: yard_exp_brackets_259 = KW_CHECK yard_opt_182 sql_expr 
 402: yard_exp_brackets_259 = yard_opt_178 KW_REFERENCES yard_opt_179 IDENT yard_opt_180 yard_many_33 yard_opt_181 
 403: yard_exp_brackets_259 = yard_exp_brackets_422 yard_opt_175 yard_opt_176 yard_opt_177 
 404: yard_exp_brackets_258 = KW_IDENTITY yard_opt_171 yard_opt_172 
 405: yard_exp_brackets_257 = KW_NOT KW_FOR KW_REPLICATION 
 406: yard_exp_brackets_256 = LPAREN sql_expr COMMA sql_expr RPAREN 
 407: yard_exp_brackets_255 = yard_opt_169 KW_DEFAULT sql_expr 
 408: yard_exp_brackets_254 = KW_CONSTRAINT IDENT 
 409: yard_exp_brackets_253 = KW_NOT KW_NULL 
 410: yard_exp_brackets_253 = KW_NULL 
 411: yard_exp_brackets_252 = KW_COLLATE IDENT 
 412: yard_exp_brackets_251 = COMMA yard_exp_brackets_421 
 413: yard_exp_brackets_250 = computed_column_definition 
 414: yard_exp_brackets_250 = column_definition_create_table 
 415: yard_exp_brackets_249 = COMMA table_constraint_create_table 
 416: yard_exp_brackets_248 = KW_TEXTIMAGE_ON yard_exp_brackets_420 
 417: yard_exp_brackets_247 = KW_ON yard_exp_brackets_419 
 418: yard_exp_brackets_246 = IDENT DOT yard_opt_161 yard_opt_162 
 419: yard_exp_brackets_245 = KW_ELSE sql_expr 
 420: yard_exp_brackets_244 = KW_WHEN sql_expr KW_THEN sql_expr 
 421: yard_exp_brackets_243 = yard_exp_brackets_418 yard_opt_157 
 422: yard_exp_brackets_243 = KW_INNER 
 423: yard_exp_brackets_242 = KW_REPEATABLE sql_expr 
 424: yard_exp_brackets_241 = KW_ROWS 
 425: yard_exp_brackets_241 = KW_PERCENT 
 426: yard_exp_brackets_240 = KW_XLOCK 
 427: yard_exp_brackets_240 = KW_UPDLOCK 
 428: yard_exp_brackets_240 = KW_TABLOCKX 
 429: yard_exp_brackets_240 = KW_TABLOCK 
 430: yard_exp_brackets_240 = KW_SERIALIZABLE 
 431: yard_exp_brackets_240 = KW_ROWLOCK 
 432: yard_exp_brackets_240 = KW_REPEATABLEREAD 
 433: yard_exp_brackets_240 = KW_READPAST 
 434: yard_exp_brackets_240 = KW_READCOMMITTEDLOCK 
 435: yard_exp_brackets_240 = KW_READCOMMITTED 
 436: yard_exp_brackets_240 = KW_PAGLOCK 
 437: yard_exp_brackets_240 = KW_NOWAIT 
 438: yard_exp_brackets_240 = KW_IGNORE_TRIGGERS 
 439: yard_exp_brackets_240 = KW_IGNORE_CONSTRAINTS 
 440: yard_exp_brackets_240 = KW_HOLDLOCK 
 441: yard_exp_brackets_240 = KW_FASTFIRSTROW 
 442: yard_exp_brackets_240 = KW_KEEPDEFAULTS 
 443: yard_exp_brackets_240 = KW_KEEPIDENTITY 
 444: yard_exp_brackets_239 = KW_XLOCK 
 445: yard_exp_brackets_239 = KW_UPDLOCK 
 446: yard_exp_brackets_239 = KW_TABLOCKX 
 447: yard_exp_brackets_239 = KW_TABLOCK 
 448: yard_exp_brackets_239 = KW_SERIALIZABLE 
 449: yard_exp_brackets_239 = KW_ROWLOCK 
 450: yard_exp_brackets_239 = KW_REPEATABLEREAD 
 451: yard_exp_brackets_239 = KW_READUNCOMMITTED 
 452: yard_exp_brackets_239 = KW_READPAST 
 453: yard_exp_brackets_239 = KW_READCOMMITTEDLOCK 
 454: yard_exp_brackets_239 = KW_READCOMMITTED 
 455: yard_exp_brackets_239 = KW_PAGLOCK 
 456: yard_exp_brackets_239 = KW_NOWAIT 
 457: yard_exp_brackets_239 = KW_NOLOCK 
 458: yard_exp_brackets_239 = KW_HOLDLOCK 
 459: yard_exp_brackets_239 = KW_FASTFIRSTROW 
 460: yard_exp_brackets_239 = KW_INDEX LPAREN yard_rule_comma_list_5 RPAREN 
 461: yard_exp_brackets_238 = COMMA yard_exp_brackets_417 
 462: yard_exp_brackets_237 = WEIGHT LPAREN DEC_NUMBER RPAREN 
 463: yard_exp_brackets_236 = WEIGHT LPAREN DEC_NUMBER RPAREN 
 464: yard_exp_brackets_235 = yard_exp_brackets_416 yard_opt_148 
 465: yard_exp_brackets_234 = yard_exp_brackets_414 yard_exp_brackets_415 
 466: yard_exp_brackets_233 = yard_exp_brackets_412 yard_exp_brackets_413 
 467: yard_exp_brackets_232 = prefix_term 
 468: yard_exp_brackets_232 = simple_term 
 469: yard_exp_brackets_231 = COMMA simple_term 
 470: yard_exp_brackets_230 = KW_THESAURUS 
 471: yard_exp_brackets_230 = KW_INFLECTIONAL 
 472: yard_exp_brackets_229 = LPAREN contains_search_condition RPAREN yard_exp_brackets_411 yard_some_3 
 473: yard_exp_brackets_228 = weighted_term 
 474: yard_exp_brackets_228 = proximity_term 
 475: yard_exp_brackets_228 = generation_term 
 476: yard_exp_brackets_228 = prefix_term 
 477: yard_exp_brackets_228 = simple_term 
 478: yard_exp_brackets_227 = COMMA DEC_NUMBER 
 479: yard_exp_brackets_226 = COMMA KW_LANGUAGE yard_exp_brackets_410 
 480: yard_exp_brackets_225 = STAR 
 481: yard_exp_brackets_225 = LPAREN yard_rule_comma_list_5 RPAREN 
 482: yard_exp_brackets_225 = ident 
 483: yard_exp_brackets_224 = COMMA full_ident 
 484: yard_exp_brackets_223 = COMMA DEC_NUMBER 
 485: yard_exp_brackets_222 = COMMA KW_LANGUAGE yard_exp_brackets_409 
 486: yard_exp_brackets_221 = STAR 
 487: yard_exp_brackets_221 = LPAREN yard_rule_comma_list_37 RPAREN 
 488: yard_exp_brackets_221 = full_ident 
 489: yard_exp_brackets_220 = COMMA KW_ROWS_PER_BATCH OP_EQ DEC_NUMBER 
 490: yard_exp_brackets_219 = COMMA KW_MAXERRORS OP_EQ DEC_NUMBER 
 491: yard_exp_brackets_218 = COMMA KW_LASTROW OP_EQ DEC_NUMBER 
 492: yard_exp_brackets_217 = COMMA KW_FIRSTROW OP_EQ DEC_NUMBER 
 493: yard_exp_brackets_216 = COMMA KW_ERRORFILE OP_EQ STRING_CONST 
 494: yard_exp_brackets_215 = COMMA KW_CODEPAGE OP_EQ STRING_CONST 
 495: yard_exp_brackets_214 = full_ident DOT 
 496: yard_exp_brackets_213 = full_ident DOT 
 497: yard_exp_brackets_212 = KW_BULK STRING_CONST COMMA yard_exp_brackets_408 
 498: yard_exp_brackets_212 = STRING_CONST COMMA yard_exp_brackets_406 COMMA yard_exp_brackets_407 
 499: yard_exp_brackets_211 = LPAREN yard_rule_comma_list_5 RPAREN 
 500: yard_exp_brackets_210 = KW_AS ident 
 501: yard_exp_brackets_209 = yard_opt_132 full_ident 
 502: yard_exp_brackets_208 = LPAREN yard_rule_comma_list_5 RPAREN 
 503: yard_exp_brackets_207 = LPAREN yard_rule_comma_list_5 RPAREN 
 504: yard_exp_brackets_206 = yard_opt_127 ident 
 505: yard_exp_brackets_205 = LPAREN yard_rule_comma_list_5 RPAREN 
 506: yard_exp_brackets_204 = yard_opt_124 ident 
 507: yard_exp_brackets_203 = KW_WITH LPAREN table_hint yard_many_25 RPAREN 
 508: yard_exp_brackets_202 = LOCALVAR DOT ident LPAREN yard_rule_comma_list_9 RPAREN yard_opt_133 yard_opt_134 
 509: yard_exp_brackets_202 = LOCALVAR yard_opt_131 
 510: yard_exp_brackets_202 = unpivoted_table 
 511: yard_exp_brackets_201 = sql_expr yard_opt_126 yard_opt_128 
 512: yard_exp_brackets_201 = yard_exp_brackets_405 
 513: yard_exp_brackets_200 = COMMA table_source 
 514: yard_exp_brackets_199 = KW_FROM yard_rule_comma_list_35 
 515: yard_exp_brackets_198 = LPAREN RPAREN 
 516: yard_exp_brackets_197 = DOT IDENT 
 517: yard_exp_brackets_196 = KW_ESCAPE STRING_CONST 
 518: yard_exp_brackets_195 = yard_exp_brackets_403 COMMA yard_exp_brackets_404 
 519: yard_exp_brackets_194 = KW_ANY 
 520: yard_exp_brackets_194 = KW_SOME 
 521: yard_exp_brackets_194 = KW_ALL 
 522: yard_exp_brackets_193 = yard_exp_brackets_401 yard_opt_113 yard_exp_brackets_402 
 523: yard_exp_brackets_192 = LPAREN search_condition RPAREN 
 524: yard_exp_brackets_192 = yard_opt_112 predicate 
 525: yard_exp_brackets_191 = COMMA yard_exp_brackets_400 
 526: yard_exp_brackets_190 = KW_DESC 
 527: yard_exp_brackets_190 = KW_ASC 
 528: yard_exp_brackets_189 = KW_DESC 
 529: yard_exp_brackets_189 = KW_ASC 
 530: yard_exp_brackets_188 = sql_expr yard_opt_110 
 531: yard_exp_brackets_187 = KW_ORDER KW_BY yard_rule_comma_list_33 
 532: yard_exp_brackets_186 = full_ident 
 533: yard_exp_brackets_186 = select_stmnt 
 534: yard_exp_brackets_186 = KW_PARTITION KW_BY LOCALVAR 
 535: yard_exp_brackets_185 = KW_NTILE 
 536: yard_exp_brackets_185 = KW_ROW_NUMBER 
 537: yard_exp_brackets_185 = KW_DENSE_RANK 
 538: yard_exp_brackets_185 = KW_RANK 
 539: yard_exp_brackets_184 = COMMA yard_opt_106 
 540: yard_exp_brackets_183 = select_stmnt 
 541: yard_exp_brackets_183 = KW_PARTITION KW_BY LOCALVAR 
 542: yard_exp_brackets_182 = select_stmnt 
 543: yard_exp_brackets_182 = KW_PARTITION KW_BY LOCALVAR 
 544: yard_exp_brackets_181 = KW_DISTINCT 
 545: yard_exp_brackets_181 = KW_ALL 
 546: yard_exp_brackets_180 = COMMA yard_exp_brackets_399 
 547: yard_exp_brackets_179 = yard_opt_103 ident 
 548: yard_exp_brackets_178 = yard_exp_brackets_397 yard_exp_brackets_398 
 549: yard_exp_brackets_177 = ident DOT 
 550: yard_exp_brackets_176 = yard_opt_99 ident 
 551: yard_exp_brackets_175 = yard_exp_brackets_395 yard_exp_brackets_396 
 552: yard_exp_brackets_174 = ident DOT 
 553: yard_exp_brackets_173 = ident OP_EQ sql_expr 
 554: yard_exp_brackets_173 = yard_exp_brackets_394 
 555: yard_exp_brackets_173 = full_ident DOT STAR 
 556: yard_exp_brackets_173 = STAR 
 557: yard_exp_brackets_172 = KW_HAVING search_condition 
 558: yard_exp_brackets_171 = KW_GROUP KW_BY yard_opt_93 yard_rule_comma_list_9 yard_opt_94 
 559: yard_exp_brackets_170 = KW_WITH yard_exp_brackets_393 
 560: yard_exp_brackets_169 = KW_WHERE search_condition 
 561: yard_exp_brackets_168 = KW_INTO full_ident 
 562: yard_exp_brackets_167 = KW_TOP sql_expr yard_opt_87 yard_opt_88 
 563: yard_exp_brackets_166 = KW_WITH KW_TIES 
 564: yard_exp_brackets_165 = KW_DISTINCT 
 565: yard_exp_brackets_165 = KW_ALL 
 566: yard_exp_brackets_164 = COMMA yard_exp_brackets_392 
 567: yard_exp_brackets_163 = LPAREN query_expression RPAREN 
 568: yard_exp_brackets_162 = yard_rule_comma_list_27 
 569: yard_exp_brackets_162 = yard_exp_brackets_391 query_specification 
 570: yard_exp_brackets_161 = LPAREN query_expression RPAREN 
 571: yard_exp_brackets_161 = query_specification 
 572: yard_exp_brackets_160 = LPAREN yard_rule_comma_list_5 RPAREN 
 573: yard_exp_brackets_159 = ident 
 574: yard_exp_brackets_159 = full_ident 
 575: yard_exp_brackets_158 = COMMA yard_exp_brackets_390 
 576: yard_exp_brackets_157 = LOCALVAR OP_EQ STRING_CONST 
 577: yard_exp_brackets_156 = KW_USE KW_PLAN STRING_CONST 
 578: yard_exp_brackets_156 = KW_MAXRECURSION DEC_NUMBER 
 579: yard_exp_brackets_156 = KW_EXPAND KW_VIEWS 
 580: yard_exp_brackets_156 = KW_KEEPFIXED KW_PLAN 
 581: yard_exp_brackets_156 = KW_KEEP KW_PLAN 
 582: yard_exp_brackets_156 = KW_ROBUST KW_PLAN 
 583: yard_exp_brackets_156 = KW_RECOMPILE 
 584: yard_exp_brackets_156 = KW_PARAMETERIZATION yard_exp_brackets_389 
 585: yard_exp_brackets_156 = KW_OPTIMIZE KW_FOR LPAREN yard_rule_comma_list_25 RPAREN 
 586: yard_exp_brackets_156 = KW_MAXDOP DEC_NUMBER 
 587: yard_exp_brackets_156 = KW_FORCE KW_ORDER 
 588: yard_exp_brackets_156 = KW_FAST DEC_NUMBER 
 589: yard_exp_brackets_156 = yard_exp_brackets_388 KW_JOIN 
 590: yard_exp_brackets_156 = yard_exp_brackets_387 KW_UNION 
 591: yard_exp_brackets_156 = yard_exp_brackets_386 KW_GROUP 
 592: yard_exp_brackets_155 = COMMA KW_ROOT yard_opt_80 
 593: yard_exp_brackets_154 = LPAREN STRING_CONST RPAREN 
 594: yard_exp_brackets_153 = COMMA KW_TYPE 
 595: yard_exp_brackets_152 = COMMA KW_BINARY KW_BASE64 
 596: yard_exp_brackets_151 = common_directives yard_opt_75 
 597: yard_exp_brackets_150 = COMMA KW_ELEMENTS yard_opt_76 
 598: yard_exp_brackets_149 = KW_ABSENT 
 599: yard_exp_brackets_149 = KW_XSINIL 
 600: yard_exp_brackets_148 = LPAREN STRING_CONST RPAREN 
 601: yard_exp_brackets_147 = common_directives yard_opt_72 
 602: yard_exp_brackets_146 = COMMA KW_XMLDATA 
 603: yard_exp_brackets_145 = common_directives yard_opt_67 yard_opt_69 
 604: yard_exp_brackets_144 = COMMA KW_ELEMENTS yard_opt_70 
 605: yard_exp_brackets_143 = KW_ABSENT 
 606: yard_exp_brackets_143 = KW_XSINIL 
 607: yard_exp_brackets_142 = COMMA yard_exp_brackets_385 
 608: yard_exp_brackets_141 = LPAREN STRING_CONST RPAREN 
 609: yard_exp_brackets_140 = LPAREN STRING_CONST RPAREN 
 610: yard_exp_brackets_139 = KW_PATH yard_opt_73 yard_opt_74 
 611: yard_exp_brackets_139 = KW_EXPLICIT yard_opt_71 
 612: yard_exp_brackets_139 = yard_exp_brackets_384 yard_opt_66 
 613: yard_exp_brackets_138 = KW_FOR yard_exp_brackets_383 
 614: yard_exp_brackets_137 = COMMA yard_exp_brackets_382 
 615: yard_exp_brackets_136 = LOCALVAR OP_EQ sql_expr 
 616: yard_exp_brackets_135 = COMMA common_table_expression 
 617: yard_exp_brackets_134 = COMMA yard_exp_brackets_381 
 618: yard_exp_brackets_133 = KW_DESC 
 619: yard_exp_brackets_133 = KW_ASC 
 620: yard_exp_brackets_132 = KW_DESC 
 621: yard_exp_brackets_132 = KW_ASC 
 622: yard_exp_brackets_131 = yard_exp_brackets_380 yard_opt_62 
 623: yard_exp_brackets_130 = COMMA yard_exp_brackets_379 
 624: yard_exp_brackets_129 = yard_exp_brackets_378 sql_expr 
 625: yard_exp_brackets_128 = COMMA query_hint 
 626: yard_exp_brackets_127 = yard_exp_brackets_377 yard_rule_brace_opt_8 
 627: yard_exp_brackets_126 = KW_OPTION LPAREN yard_rule_comma_list_21 RPAREN 
 628: yard_exp_brackets_125 = KW_COMPUTE yard_rule_comma_list_19 yard_opt_57 
 629: yard_exp_brackets_124 = KW_BY yard_rule_comma_list_9 
 630: yard_exp_brackets_123 = KW_ORDER KW_BY yard_rule_comma_list_17 
 631: yard_exp_brackets_122 = KW_WITH yard_rule_comma_list_15 
 632: yard_exp_brackets_121 = yard_exp_brackets_376 
 633: yard_exp_brackets_121 = KW_COUNT LPAREN yard_exp_brackets_375 RPAREN 
 634: yard_exp_brackets_120 = yard_opt_54 query_expression yard_opt_55 yard_opt_56 yard_opt_58 yard_opt_59 
 635: yard_exp_brackets_119 = KW_CHECK LPAREN search_condition RPAREN 
 636: yard_exp_brackets_118 = yard_exp_brackets_374 LPAREN yard_rule_comma_list_5 RPAREN 
 637: yard_exp_brackets_117 = KW_UNIQUE 
 638: yard_exp_brackets_117 = KW_PRIMARY KW_KEY 
 639: yard_exp_brackets_116 = KW_NOT KW_NULL 
 640: yard_exp_brackets_116 = KW_NULL 
 641: yard_exp_brackets_115 = KW_CHECK sql_expr 
 642: yard_exp_brackets_115 = yard_opt_53 
 643: yard_exp_brackets_115 = yard_opt_52 
 644: yard_exp_brackets_114 = KW_IDENTITY yard_opt_49 
 645: yard_exp_brackets_114 = yard_opt_48 
 646: yard_exp_brackets_113 = DEC_NUMBER COMMA DEC_NUMBER 
 647: yard_exp_brackets_112 = KW_DEFAULT sql_expr 
 648: yard_exp_brackets_111 = KW_COLLATE ident 
 649: yard_exp_brackets_110 = yard_exp_brackets_373 
 650: yard_exp_brackets_110 = KW_SCALAR_DATA_TYPE 
 651: yard_exp_brackets_109 = table_constraint 
 652: yard_exp_brackets_109 = column_definition 
 653: yard_exp_brackets_108 = COMMA yard_exp_brackets_372 
 654: yard_exp_brackets_107 = ident yard_opt_40 table_type_definition 
 655: yard_exp_brackets_107 = ident KW_CURSOR yard_opt_37 yard_opt_38 yard_opt_39 sql_expr 
 656: yard_exp_brackets_107 = LOCALVAR yard_opt_36 sql_datatype 
 657: yard_exp_brackets_106 = COMMA sql_expr 
 658: yard_exp_brackets_105 = COMMA yard_exp_brackets_371 
 659: yard_exp_brackets_104 = KW_SETERROR 
 660: yard_exp_brackets_104 = KW_NOWAIT 
 661: yard_exp_brackets_104 = KW_LOG 
 662: yard_exp_brackets_103 = KW_WITH yard_rule_comma_list_11 
 663: yard_exp_brackets_102 = COMMA yard_rule_comma_list_9 
 664: yard_exp_brackets_101 = COMMA dec_num COMMA dec_num 
 665: yard_exp_brackets_100 = LOCALVAR 
 666: yard_exp_brackets_100 = STRING_CONST 
 667: yard_exp_brackets_100 = dec_num 
 668: yard_exp_brackets_99 = KW_ELSE proc_body_stmnt 
 669: yard_exp_brackets_98 = proc_body_stmnt yard_opt_31 
 670: yard_exp_brackets_97 = proc_body_stmnt yard_opt_25 
 671: yard_exp_brackets_96 = KW_FOR KW_REPLICATION 
 672: yard_exp_brackets_95 = KW_WITH yard_some_2 
 673: yard_exp_brackets_94 = SEMI DEC_NUMBER 
 674: yard_exp_brackets_93 = ident DOT 
 675: yard_exp_brackets_92 = KW_PROC 
 676: yard_exp_brackets_92 = KW_PROCEDURE 
 677: yard_exp_brackets_91 = KW_OUTPUT 
 678: yard_exp_brackets_91 = KW_OUT 
 679: yard_exp_brackets_90 = OP_EQ yard_exp_brackets_370 
 680: yard_exp_brackets_89 = full_ident DOT 
 681: yard_exp_brackets_88 = yard_opt_13 ident 
 682: yard_exp_brackets_87 = yard_opt_13 ident 
 683: yard_exp_brackets_86 = ident DOT 
 684: yard_exp_brackets_85 = KW_PROCEDURE 
 685: yard_exp_brackets_85 = KW_PROC 
 686: yard_exp_brackets_84 = COMMA ident 
 687: yard_exp_brackets_83 = COMMA proc_formal_param 
 688: yard_exp_brackets_82 = KW_FOR yard_exp_brackets_369 
 689: yard_exp_brackets_81 = KW_OF yard_rule_comma_list_5 
 690: yard_exp_brackets_80 = KW_OPTIMISTIC 
 691: yard_exp_brackets_80 = KW_SCROLL_LOCKS 
 692: yard_exp_brackets_80 = KW_READ_ONLY 
 693: yard_exp_brackets_79 = KW_FAST_FORWARD 
 694: yard_exp_brackets_79 = KW_DYNAMIC 
 695: yard_exp_brackets_79 = KW_KEYSET 
 696: yard_exp_brackets_79 = KW_STATIC 
 697: yard_exp_brackets_78 = KW_SCROLL 
 698: yard_exp_brackets_78 = KW_FORWARD_ONLY 
 699: yard_exp_brackets_77 = DOUBLE_COLON ident 
 700: yard_exp_brackets_76 = LOCALVAR OP_EQ yard_exp_brackets_368 
 701: yard_exp_brackets_75 = STRING_CONST yard_exp_brackets_367 ident LPAREN yard_rule_comma_list_3 RPAREN 
 702: yard_exp_brackets_75 = LOCALVAR yard_opt_6 OP_EQ sql_expr 
 703: yard_exp_brackets_74 = KW_OFF 
 704: yard_exp_brackets_74 = KW_ON 
 705: yard_exp_brackets_73 = KW_XACT_ABORT 
 706: yard_exp_brackets_73 = KW_STATISTICS yard_exp_brackets_366 
 707: yard_exp_brackets_73 = KW_SHOWPLAN_XML 
 708: yard_exp_brackets_73 = KW_SHOWPLAN_TEXT 
 709: yard_exp_brackets_73 = KW_SHOWPLAN_ALL 
 710: yard_exp_brackets_73 = KW_REMOTE_PROC_TRANSACTIONS 
 711: yard_exp_brackets_73 = KW_PARSEONLY 
 712: yard_exp_brackets_73 = KW_NUMERIC_ROUNDABORT 
 713: yard_exp_brackets_73 = KW_NOEXEC 
 714: yard_exp_brackets_73 = KW_NOCOUNT 
 715: yard_exp_brackets_73 = KW_IMPLICIT_TRANSACTIONS 
 716: yard_exp_brackets_73 = KW_FORCEPLAN 
 717: yard_exp_brackets_73 = KW_FMTONLY 
 718: yard_exp_brackets_73 = KW_QUOTED_IDENTIFIER 
 719: yard_exp_brackets_73 = KW_CURSOR_CLOSE_ON_COMMIT 
 720: yard_exp_brackets_73 = KW_CONCAT_NULL_YIELDS_NULL 
 721: yard_exp_brackets_73 = KW_ANSI_WARNINGS 
 722: yard_exp_brackets_73 = KW_ANSI_PADDING 
 723: yard_exp_brackets_73 = KW_ANSI_NULL_DFLT 
 724: yard_exp_brackets_73 = KW_ANSI_DEFAULTS 
 725: yard_exp_brackets_73 = KW_ANSI_NULLS 
 726: yard_exp_brackets_72 = LOCALVAR 
 727: yard_exp_brackets_72 = IDENT 
 728: yard_exp_brackets_71 = KW_TRANSACTION 
 729: yard_exp_brackets_71 = KW_TRAN 
 730: yard_exp_brackets_70 = batch_body yard_opt_2 
 731: yard_many_45 = yard_exp_brackets_365 yard_many_45 
 732: yard_many_45 = 
 733: yard_rule_list_66 = yard_exp_brackets_364 yard_many_45 
 734: yard_rule_list_66 = 
 735: yard_rule_comma_list_65 = yard_rule_list_66 
 736: call_expr = full_ident LPAREN yard_rule_comma_list_65 RPAREN 
 737: yard_opt_269 = KW_NOT 
 738: yard_opt_269 = 
 739: yard_opt_268 = KW_NOT 
 740: yard_opt_268 = 
 741: yard_opt_267 = KW_NOT 
 742: yard_opt_267 = 
 743: yard_opt_266 = KW_IS 
 744: yard_opt_266 = 
 745: yard_opt_265 = KW_NOT 
 746: yard_opt_265 = 
 747: yard_opt_264 = KW_NOT 
 748: yard_opt_264 = 
 749: yard_opt_263 = KW_NOT 
 750: yard_opt_263 = 
 751: sql_expr = sql_expr yard_opt_269 KW_LIKE sql_expr 
 752: sql_expr = sql_expr yard_opt_268 KW_IN LPAREN yard_rule_comma_list_9 RPAREN 
 753: sql_expr = fetch_stmnt 
 754: sql_expr = KW_TYPE KW_FROM full_ident 
 755: sql_expr = sql_expr yard_exp_brackets_363 sql_expr 
 756: sql_expr = IDENT LPAREN LOCALVAR COMMA STRING_CONST RPAREN 
 757: sql_expr = yard_opt_266 yard_opt_267 KW_NULL 
 758: sql_expr = yard_opt_265 KW_IS_MEMBER LPAREN STRING_CONST RPAREN 
 759: sql_expr = yard_opt_264 KW_EXISTS sql_expr 
 760: sql_expr = begin_transaction 
 761: sql_expr = case 
 762: sql_expr = sql_expr KW_COLLATE ident 
 763: sql_expr = aggregate_windowed_function 
 764: sql_expr = ranking_windowed_function 
 765: sql_expr = sql_expr KW_IS yard_opt_263 KW_NULL 
 766: sql_expr = sql_expr binop sql_expr 
 767: sql_expr = GLOBALVAR 
 768: sql_expr = yard_exp_brackets_362 sql_expr 
 769: sql_expr = select_stmnt 
 770: sql_expr = full_ident 
 771: sql_expr = ident 
 772: sql_expr = call_expr 
 773: sql_expr = LOCALVAR 
 774: sql_expr = LPAREN sql_expr RPAREN 
 775: sql_expr = scalar_function 
 776: sql_expr = sql_value 
 777: yard_opt_262 = yard_exp_brackets_361 
 778: yard_opt_262 = 
 779: yard_opt_261 = KW_GLOBAL 
 780: yard_opt_261 = 
 781: yard_opt_259 = yard_exp_brackets_360 
 782: yard_opt_259 = 
 783: yard_opt_260 = yard_exp_brackets_359 
 784: yard_opt_260 = 
 785: fetch_stmnt = KW_FETCH yard_opt_259 yard_exp_brackets_358 yard_opt_262 
 786: binop = yard_exp_brackets_357 
 787: binop = yard_exp_brackets_356 
 788: binop = yard_exp_brackets_355 
 789: binop = yard_exp_brackets_354 
 790: binop = OP_MT 
 791: binop = OP_LT 
 792: binop = OP_TILDA 
 793: binop = OP_MOD 
 794: binop = OP_DIV 
 795: binop = STAR 
 796: binop = OP_MINUS 
 797: binop = OP_PLUS 
 798: binop = OP_EQ 
 799: binop = OP_OR_EQ 
 800: binop = OP_XOR_EQ 
 801: binop = OP_AND_EQ 
 802: binop = OP_MOD_EQ 
 803: binop = OP_DIV_EQ 
 804: binop = OP_MUL_EQ 
 805: binop = OP_MINUS_EQ 
 806: binop = OP_PLUS_EQ 
 807: execute_as = yard_exp_brackets_352 KW_AS yard_exp_brackets_353 
 808: yard_opt_258 = type_size 
 809: yard_opt_258 = 
 810: yard_opt_257 = type_size 
 811: yard_opt_257 = 
 812: yard_opt_256 = type_size 
 813: yard_opt_256 = 
 814: yard_opt_255 = type_size 
 815: yard_opt_255 = 
 816: yard_opt_254 = type_size 
 817: yard_opt_254 = 
 818: yard_opt_253 = type_size 
 819: yard_opt_253 = 
 820: sql_datatype = KW_SQL_VARIANT 
 821: sql_datatype = KW_NVARCHAR yard_opt_258 
 822: sql_datatype = KW_NCHAR yard_opt_257 
 823: sql_datatype = KW_VARBINARY yard_opt_256 
 824: sql_datatype = KW_VARCHAR yard_opt_255 
 825: sql_datatype = KW_CHAR yard_opt_254 
 826: sql_datatype = KW_REAL 
 827: sql_datatype = KW_FLOAT yard_opt_253 
 828: sql_datatype = KW_MONEY 
 829: sql_datatype = KW_TINYINT 
 830: sql_datatype = KW_INT 
 831: sql_datatype = KW_SYSNAME 
 832: sql_datatype = KW_SMALLMONEY 
 833: sql_datatype = KW_DATETIME 
 834: sql_datatype = KW_DECIMAL 
 835: sql_datatype = KW_SMALLINT 
 836: sql_datatype = KW_BIT 
 837: sql_datatype = KW_NUMERIC 
 838: sql_datatype = KW_BIGINT 
 839: type_size = LPAREN yard_exp_brackets_351 RPAREN 
 840: yard_opt_252 = SEMI 
 841: yard_opt_252 = 
 842: yard_opt_251 = yard_exp_brackets_350 
 843: yard_opt_251 = 
 844: yard_opt_250 = yard_exp_brackets_349 
 845: yard_opt_250 = 
 846: yard_opt_248 = yard_some_8 
 847: yard_opt_248 = 
 848: yard_some_8 = yard_exp_brackets_348 yard_some_8 
 849: yard_some_8 = yard_exp_brackets_347 
 850: yard_opt_249 = KW_OUTPUT 
 851: yard_opt_249 = 
 852: yard_some_7 = yard_exp_brackets_346 yard_some_7 
 853: yard_some_7 = yard_exp_brackets_345 
 854: yard_opt_247 = PLUS 
 855: yard_opt_247 = 
 856: yard_opt_246 = EMPTY 
 857: yard_opt_246 = 
 858: execute_command = yard_exp_brackets_344 LPAREN yard_some_7 yard_opt_248 RPAREN yard_opt_250 yard_opt_251 yard_opt_252 
 859: yard_opt_245 = SEMI 
 860: yard_opt_245 = 
 861: yard_opt_244 = yard_exp_brackets_343 
 862: yard_opt_244 = 
 863: yard_some_6 = yard_exp_brackets_342 yard_some_6 
 864: yard_some_6 = yard_exp_brackets_341 
 865: yard_opt_243 = PLUS 
 866: yard_opt_243 = 
 867: execute_character_string = yard_exp_brackets_340 LPAREN yard_some_6 RPAREN yard_opt_244 yard_opt_245 
 868: create_object = STOREDPROCEDURE LPAREN yard_rule_comma_list_9 RPAREN 
 869: yard_many_44 = yard_exp_brackets_339 yard_many_44 
 870: yard_many_44 = 
 871: yard_opt_242 = yard_exp_brackets_338 
 872: yard_opt_242 = 
 873: yard_opt_241 = yard_exp_brackets_337 
 874: yard_opt_241 = 
 875: yard_rule_list_64 = yard_exp_brackets_336 yard_many_44 
 876: yard_rule_list_64 = 
 877: yard_rule_comma_list_63 = yard_rule_list_64 
 878: yard_many_43 = yard_exp_brackets_335 yard_many_43 
 879: yard_many_43 = 
 880: yard_opt_237 = yard_exp_brackets_334 
 881: yard_opt_237 = 
 882: yard_opt_240 = KW_DEFAULT 
 883: yard_opt_240 = 
 884: yard_opt_239 = yard_exp_brackets_333 
 885: yard_opt_239 = 
 886: yard_opt_238 = yard_exp_brackets_332 
 887: yard_opt_238 = 
 888: yard_opt_233 = yard_exp_brackets_331 
 889: yard_opt_233 = 
 890: yard_opt_236 = KW_DEFAULT 
 891: yard_opt_236 = 
 892: yard_opt_235 = yard_exp_brackets_330 
 893: yard_opt_235 = 
 894: yard_opt_234 = yard_exp_brackets_329 
 895: yard_opt_234 = 
 896: yard_rule_list_61 = yard_opt_233 yard_many_43 
 897: yard_rule_list_61 = 
 898: yard_rule_comma_list_60 = yard_rule_list_61 
 899: yard_rule_brace_opt_62 = LPAREN yard_rule_comma_list_60 RPAREN 
 900: yard_rule_brace_opt_62 = yard_rule_comma_list_60 
 901: yard_opt_232 = yard_exp_brackets_328 
 902: yard_opt_232 = 
 903: yard_opt_231 = yard_exp_brackets_327 
 904: yard_opt_231 = 
 905: yard_opt_230 = yard_exp_brackets_326 
 906: yard_opt_230 = 
 907: yard_opt_229 = yard_exp_brackets_325 
 908: yard_opt_229 = 
 909: execute_proc = yard_opt_229 yard_exp_brackets_324 
 910: execute_stmnt = execute_command 
 911: execute_stmnt = execute_character_string 
 912: execute_stmnt = execute_proc 
 913: yard_opt_228 = SEMI 
 914: yard_opt_228 = 
 915: yard_opt_227 = yard_exp_brackets_323 
 916: yard_opt_227 = 
 917: commit_transaction = KW_COMMIT yard_exp_brackets_322 yard_opt_227 yard_opt_228 
 918: yard_opt_226 = SEMI 
 919: yard_opt_226 = 
 920: yard_opt_223 = yard_exp_brackets_321 
 921: yard_opt_223 = 
 922: yard_opt_224 = yard_exp_brackets_320 
 923: yard_opt_224 = 
 924: yard_opt_225 = STRING_CONST 
 925: yard_opt_225 = 
 926: begin_transaction = KW_BEGIN yard_exp_brackets_319 yard_opt_223 yard_opt_226 
 927: yard_opt_221 = yard_exp_brackets_318 
 928: yard_opt_221 = 
 929: yard_opt_222 = IDENT 
 930: yard_opt_222 = 
 931: object = yard_opt_221 ident 
 932: column_name = yard_exp_brackets_316 DOT yard_exp_brackets_317 
 933: yard_many_42 = yard_exp_brackets_315 yard_many_42 
 934: yard_many_42 = 
 935: yard_opt_219 = yard_exp_brackets_314 
 936: yard_opt_219 = 
 937: yard_opt_220 = KW_AS 
 938: yard_opt_220 = 
 939: yard_opt_217 = yard_exp_brackets_313 
 940: yard_opt_217 = 
 941: yard_opt_218 = KW_AS 
 942: yard_opt_218 = 
 943: yard_rule_list_59 = yard_exp_brackets_312 yard_many_42 
 944: yard_rule_list_59 = 
 945: yard_rule_comma_list_58 = yard_rule_list_59 
 946: yard_opt_215 = yard_exp_brackets_311 
 947: yard_opt_215 = 
 948: yard_opt_216 = KW_AS 
 949: yard_opt_216 = 
 950: dml_select_list = yard_exp_brackets_310 yard_opt_215 yard_rule_comma_list_58 
 951: yard_opt_214 = yard_exp_brackets_309 
 952: yard_opt_214 = 
 953: yard_opt_213 = yard_exp_brackets_308 
 954: yard_opt_213 = 
 955: output_clause = KW_OUTPUT dml_select_list KW_INTO yard_exp_brackets_307 yard_opt_213 yard_opt_214 
 956: yard_many_41 = yard_exp_brackets_306 yard_many_41 
 957: yard_many_41 = 
 958: yard_rule_list_55 = LOCALVAR yard_many_41 
 959: yard_rule_list_55 = 
 960: yard_rule_comma_list_54 = yard_rule_list_55 
 961: yard_many_40 = yard_exp_brackets_305 yard_many_40 
 962: yard_many_40 = 
 963: yard_rule_list_57 = yard_exp_brackets_304 yard_many_40 
 964: yard_rule_list_57 = 
 965: yard_rule_comma_list_56 = yard_rule_list_57 
 966: yard_opt_212 = SEMI 
 967: yard_opt_212 = 
 968: yard_opt_211 = yard_exp_brackets_303 
 969: yard_opt_211 = 
 970: yard_opt_210 = yard_exp_brackets_302 
 971: yard_opt_210 = 
 972: yard_opt_209 = output_clause 
 973: yard_opt_209 = 
 974: yard_opt_208 = yard_exp_brackets_301 
 975: yard_opt_208 = 
 976: yard_opt_207 = yard_exp_brackets_300 
 977: yard_opt_207 = 
 978: yard_many_39 = table_hint yard_many_39 
 979: yard_many_39 = 
 980: yard_opt_206 = KW_INTO 
 981: yard_opt_206 = 
 982: yard_opt_204 = yard_exp_brackets_299 
 983: yard_opt_204 = 
 984: yard_opt_205 = KW_PERCENT 
 985: yard_opt_205 = 
 986: yard_opt_203 = yard_exp_brackets_298 
 987: yard_opt_203 = 
 988: insert = yard_opt_211 yard_opt_212 
 989: insert = yard_opt_203 KW_INSERT yard_opt_204 yard_opt_206 yard_exp_brackets_296 yard_exp_brackets_297 
 990: index_option = yard_exp_brackets_295 
 991: delete_update_options = KW_SET KW_DEFAULT 
 992: delete_update_options = KW_SET KW_NULL 
 993: delete_update_options = KW_CASCADE 
 994: delete_update_options = KW_NO KW_ACTION 
 995: delete_update = KW_ON yard_exp_brackets_294 delete_update_options 
 996: yard_many_38 = yard_exp_brackets_293 yard_many_38 
 997: yard_many_38 = 
 998: yard_rule_list_53 = IDENT yard_many_38 
 999: yard_rule_list_53 = 
1000: yard_rule_comma_list_52 = yard_rule_list_53 
1001: yard_many_37 = yard_exp_brackets_292 yard_many_37 
1002: yard_many_37 = 
1003: yard_opt_202 = yard_exp_brackets_291 
1004: yard_opt_202 = 
1005: yard_opt_201 = yard_exp_brackets_290 
1006: yard_opt_201 = 
1007: yard_rule_list_51 = yard_exp_brackets_289 yard_many_37 
1008: yard_rule_list_51 = 
1009: yard_rule_comma_list_50 = yard_rule_list_51 
1010: yard_opt_200 = yard_exp_brackets_288 
1011: yard_opt_200 = 
1012: yard_opt_199 = yard_exp_brackets_287 
1013: yard_opt_199 = 
1014: yard_many_36 = delete_update yard_many_36 
1015: yard_many_36 = 
1016: yard_opt_198 = yard_exp_brackets_286 
1017: yard_opt_198 = 
1018: yard_opt_197 = yard_exp_brackets_285 
1019: yard_opt_197 = 
1020: yard_opt_196 = yard_exp_brackets_284 
1021: yard_opt_196 = 
1022: yard_opt_195 = yard_exp_brackets_283 
1023: yard_opt_195 = 
1024: yard_opt_194 = yard_exp_brackets_282 
1025: yard_opt_194 = 
1026: table_constraint_create_table = yard_opt_194 yard_exp_brackets_281 
1027: yard_opt_185 = yard_exp_brackets_280 
1028: yard_opt_185 = 
1029: yard_opt_193 = yard_exp_brackets_279 
1030: yard_opt_193 = 
1031: yard_opt_192 = yard_exp_brackets_278 
1032: yard_opt_192 = 
1033: yard_many_35 = delete_update yard_many_35 
1034: yard_many_35 = 
1035: yard_opt_191 = yard_exp_brackets_277 
1036: yard_opt_191 = 
1037: yard_opt_190 = yard_exp_brackets_276 
1038: yard_opt_190 = 
1039: yard_opt_189 = yard_exp_brackets_275 
1040: yard_opt_189 = 
1041: yard_opt_188 = yard_exp_brackets_274 
1042: yard_opt_188 = 
1043: yard_opt_187 = yard_exp_brackets_273 
1044: yard_opt_187 = 
1045: yard_opt_186 = yard_exp_brackets_272 
1046: yard_opt_186 = 
1047: yard_opt_183 = yard_exp_brackets_271 
1048: yard_opt_183 = 
1049: yard_opt_184 = yard_exp_brackets_270 
1050: yard_opt_184 = 
1051: computed_column_definition = IDENT KW_AS sql_expr yard_opt_183 yard_opt_185 
1052: yard_many_34 = yard_exp_brackets_269 yard_many_34 
1053: yard_many_34 = 
1054: yard_rule_list_49 = index_option yard_many_34 
1055: yard_rule_list_49 = 
1056: yard_rule_comma_list_48 = yard_rule_list_49 
1057: yard_opt_182 = yard_exp_brackets_268 
1058: yard_opt_182 = 
1059: yard_opt_181 = yard_exp_brackets_267 
1060: yard_opt_181 = 
1061: yard_many_33 = delete_update yard_many_33 
1062: yard_many_33 = 
1063: yard_opt_180 = yard_exp_brackets_266 
1064: yard_opt_180 = 
1065: yard_opt_179 = yard_exp_brackets_265 
1066: yard_opt_179 = 
1067: yard_opt_178 = yard_exp_brackets_264 
1068: yard_opt_178 = 
1069: yard_opt_177 = yard_exp_brackets_263 
1070: yard_opt_177 = 
1071: yard_opt_176 = yard_exp_brackets_262 
1072: yard_opt_176 = 
1073: yard_opt_175 = yard_exp_brackets_261 
1074: yard_opt_175 = 
1075: yard_opt_174 = yard_exp_brackets_260 
1076: yard_opt_174 = 
1077: column_constraint_create_table = yard_opt_174 yard_exp_brackets_259 
1078: yard_many_32 = column_constraint_create_table yard_many_32 
1079: yard_many_32 = 
1080: yard_opt_173 = KW_ROWGUIDCOL 
1081: yard_opt_173 = 
1082: yard_opt_170 = yard_exp_brackets_258 
1083: yard_opt_170 = 
1084: yard_opt_172 = yard_exp_brackets_257 
1085: yard_opt_172 = 
1086: yard_opt_171 = yard_exp_brackets_256 
1087: yard_opt_171 = 
1088: yard_opt_168 = yard_exp_brackets_255 
1089: yard_opt_168 = 
1090: yard_opt_169 = yard_exp_brackets_254 
1091: yard_opt_169 = 
1092: yard_opt_167 = yard_exp_brackets_253 
1093: yard_opt_167 = 
1094: yard_opt_166 = yard_exp_brackets_252 
1095: yard_opt_166 = 
1096: column_definition_create_table = yard_opt_170 yard_opt_173 yard_many_32 
1097: column_definition_create_table = ident sql_datatype yard_opt_166 yard_opt_167 yard_opt_168 
1098: yard_many_31 = yard_exp_brackets_251 yard_many_31 
1099: yard_many_31 = 
1100: yard_rule_list_45 = yard_exp_brackets_250 yard_many_31 
1101: yard_rule_list_45 = 
1102: yard_rule_comma_list_44 = yard_rule_list_45 
1103: yard_many_30 = yard_exp_brackets_249 yard_many_30 
1104: yard_many_30 = 
1105: yard_rule_list_47 = table_constraint_create_table yard_many_30 
1106: yard_rule_list_47 = 
1107: yard_rule_comma_list_46 = yard_rule_list_47 
1108: yard_opt_165 = SEMI 
1109: yard_opt_165 = 
1110: yard_opt_164 = yard_exp_brackets_248 
1111: yard_opt_164 = 
1112: yard_opt_163 = yard_exp_brackets_247 
1113: yard_opt_163 = 
1114: yard_opt_160 = yard_exp_brackets_246 
1115: yard_opt_160 = 
1116: yard_opt_162 = DOT 
1117: yard_opt_162 = 
1118: yard_opt_161 = IDENT 
1119: yard_opt_161 = 
1120: create_table = KW_CREATE KW_TABLE yard_opt_160 IDENT LPAREN yard_rule_comma_list_44 yard_rule_comma_list_46 RPAREN yard_opt_163 yard_opt_164 yard_opt_165 
1121: yard_opt_159 = yard_exp_brackets_245 
1122: yard_opt_159 = 
1123: yard_many_29 = yard_exp_brackets_244 yard_many_29 
1124: yard_many_29 = 
1125: yard_opt_158 = sql_expr 
1126: yard_opt_158 = 
1127: case = KW_CASE yard_opt_158 yard_many_29 yard_opt_159 KW_END 
1128: unpivot_clause = LPAREN ident KW_FOR sql_expr KW_IN LPAREN yard_rule_comma_list_37 RPAREN RPAREN 
1129: unpivoted_table = table_source KW_UNPIVOT unpivot_clause full_ident 
1130: yard_some_5 = sql_expr yard_some_5 
1131: yard_some_5 = sql_expr 
1132: pivot_clause = LPAREN yard_some_5 KW_FOR sql_expr KW_IN LPAREN yard_rule_comma_list_5 RPAREN RPAREN 
1133: pivoted_table = table_source KW_PIVOT pivot_clause full_ident 
1134: join_hint = KW_REMOTE 
1135: join_hint = KW_MERGE 
1136: join_hint = KW_HASH 
1137: join_hint = KW_LOOP 
1138: yard_opt_155 = yard_exp_brackets_243 
1139: yard_opt_155 = 
1140: yard_opt_157 = join_hint 
1141: yard_opt_157 = 
1142: yard_opt_156 = KW_OUTER 
1143: yard_opt_156 = 
1144: join_type = yard_opt_155 KW_JOIN 
1145: yard_rule_brace_opt_43 = LPAREN joined_table RPAREN 
1146: yard_rule_brace_opt_43 = joined_table 
1147: joined_table = yard_rule_brace_opt_43 
1148: joined_table = table_source KW_CROSS KW_JOIN table_source 
1149: joined_table = table_source join_type table_source KW_ON search_condition 
1150: yard_opt_154 = yard_exp_brackets_242 
1151: yard_opt_154 = 
1152: yard_opt_153 = yard_exp_brackets_241 
1153: yard_opt_153 = 
1154: yard_opt_152 = KW_SYSTEM 
1155: yard_opt_152 = 
1156: tablesample_clause = KW_TABLESAMPLE yard_opt_152 LPAREN sql_expr yard_opt_153 RPAREN yard_opt_154 
1157: yard_opt_151 = yard_exp_brackets_240 
1158: yard_opt_151 = 
1159: table_hint_limited = yard_opt_151 
1160: yard_opt_150 = KW_NOEXPAND 
1161: yard_opt_150 = 
1162: table_hint = yard_opt_150 yard_exp_brackets_239 
1163: yard_many_28 = yard_exp_brackets_238 yard_many_28 
1164: yard_many_28 = 
1165: yard_opt_149 = yard_exp_brackets_237 
1166: yard_opt_149 = 
1167: yard_opt_148 = yard_exp_brackets_236 
1168: yard_opt_148 = 
1169: yard_rule_list_42 = yard_exp_brackets_235 yard_many_28 
1170: yard_rule_list_42 = 
1171: yard_rule_comma_list_41 = yard_rule_list_42 
1172: weighted_term = KW_ISABOUT LPAREN yard_rule_comma_list_41 RPAREN 
1173: yard_some_4 = yard_exp_brackets_234 yard_some_4 
1174: yard_some_4 = yard_exp_brackets_233 
1175: proximity_term = yard_exp_brackets_232 yard_some_4 
1176: yard_many_27 = yard_exp_brackets_231 yard_many_27 
1177: yard_many_27 = 
1178: yard_rule_list_40 = simple_term yard_many_27 
1179: yard_rule_list_40 = 
1180: yard_rule_comma_list_39 = yard_rule_list_40 
1181: generation_term = KW_FORMSOF LPAREN yard_exp_brackets_230 COMMA yard_rule_comma_list_39 RPAREN 
1182: prefix_term = STRING_CONST 
1183: simple_term = STRING_CONST 
1184: yard_some_3 = contains_search_condition yard_some_3 
1185: yard_some_3 = contains_search_condition 
1186: contains_search_condition = yard_exp_brackets_229 
1187: contains_search_condition = yard_exp_brackets_228 
1188: yard_opt_147 = yard_exp_brackets_227 
1189: yard_opt_147 = 
1190: yard_opt_146 = yard_exp_brackets_226 
1191: yard_opt_146 = 
1192: containstable = KW_CONTAINSTABLE LPAREN full_ident COMMA yard_exp_brackets_225 COMMA EMPTY contains_search_condition EMPTY yard_opt_146 yard_opt_147 RPAREN 
1193: yard_many_26 = yard_exp_brackets_224 yard_many_26 
1194: yard_many_26 = 
1195: yard_rule_list_38 = full_ident yard_many_26 
1196: yard_rule_list_38 = 
1197: yard_rule_comma_list_37 = yard_rule_list_38 
1198: yard_opt_145 = yard_exp_brackets_223 
1199: yard_opt_145 = 
1200: yard_opt_144 = yard_exp_brackets_222 
1201: yard_opt_144 = 
1202: freetexttable = KW_FREETEXTTABLE LPAREN full_ident COMMA yard_exp_brackets_221 COMMA STRING_CONST yard_opt_144 yard_opt_145 RPAREN 
1203: opendatasource = KW_OPENDATASOURCE LPAREN ident COMMA STRING_CONST RPAREN 
1204: openquery = KW_OPENQUERY LPAREN full_ident COMMA STRING_CONST RPAREN 
1205: yard_opt_143 = yard_exp_brackets_220 
1206: yard_opt_143 = 
1207: yard_opt_142 = yard_exp_brackets_219 
1208: yard_opt_142 = 
1209: yard_opt_141 = yard_exp_brackets_218 
1210: yard_opt_141 = 
1211: yard_opt_140 = yard_exp_brackets_217 
1212: yard_opt_140 = 
1213: yard_opt_139 = yard_exp_brackets_216 
1214: yard_opt_139 = 
1215: yard_opt_138 = yard_exp_brackets_215 
1216: yard_opt_138 = 
1217: bulk_options = yard_opt_138 yard_opt_139 yard_opt_140 yard_opt_141 yard_opt_142 yard_opt_143 
1218: yard_opt_137 = bulk_options 
1219: yard_opt_137 = 
1220: yard_opt_136 = yard_exp_brackets_214 
1221: yard_opt_136 = 
1222: yard_opt_135 = yard_exp_brackets_213 
1223: yard_opt_135 = 
1224: openrowset = KW_OPENROWSET LPAREN yard_exp_brackets_212 RPAREN 
1225: rowset_function = openrowset 
1226: rowset_function = openquery 
1227: rowset_function = opendatasource 
1228: rowset_function = freetexttable 
1229: rowset_function = containstable 
1230: yard_opt_134 = yard_exp_brackets_211 
1231: yard_opt_134 = 
1232: yard_opt_133 = yard_exp_brackets_210 
1233: yard_opt_133 = 
1234: yard_opt_131 = yard_exp_brackets_209 
1235: yard_opt_131 = 
1236: yard_opt_132 = KW_AS 
1237: yard_opt_132 = 
1238: yard_opt_130 = yard_exp_brackets_208 
1239: yard_opt_130 = 
1240: yard_opt_129 = KW_AS 
1241: yard_opt_129 = 
1242: yard_opt_128 = yard_exp_brackets_207 
1243: yard_opt_128 = 
1244: yard_opt_126 = yard_exp_brackets_206 
1245: yard_opt_126 = 
1246: yard_opt_127 = KW_AS 
1247: yard_opt_127 = 
1248: yard_opt_125 = yard_exp_brackets_205 
1249: yard_opt_125 = 
1250: yard_opt_123 = yard_exp_brackets_204 
1251: yard_opt_123 = 
1252: yard_opt_124 = KW_AS 
1253: yard_opt_124 = 
1254: yard_opt_122 = yard_exp_brackets_203 
1255: yard_opt_122 = 
1256: yard_many_25 = COMMA yard_many_25 
1257: yard_many_25 = 
1258: yard_opt_121 = tablesample_clause 
1259: yard_opt_121 = 
1260: yard_opt_120 = KW_AS 
1261: yard_opt_120 = 
1262: table_source = yard_exp_brackets_202 
1263: table_source = pivoted_table 
1264: table_source = joined_table 
1265: table_source = ident yard_opt_129 ident yard_opt_130 
1266: table_source = yard_exp_brackets_201 
1267: table_source = full_ident yard_opt_120 full_ident yard_opt_121 yard_opt_122 
1268: yard_many_24 = yard_exp_brackets_200 yard_many_24 
1269: yard_many_24 = 
1270: yard_rule_list_36 = table_source yard_many_24 
1271: yard_rule_list_36 = 
1272: yard_rule_comma_list_35 = yard_rule_list_36 
1273: yard_opt_119 = yard_exp_brackets_199 
1274: yard_opt_119 = 
1275: from = yard_opt_119 
1276: yard_opt_118 = yard_exp_brackets_198 
1277: yard_opt_118 = 
1278: yard_opt_117 = yard_exp_brackets_197 
1279: yard_opt_117 = 
1280: yard_opt_116 = KW_NOT 
1281: yard_opt_116 = 
1282: yard_opt_115 = KW_NOT 
1283: yard_opt_115 = 
1284: yard_opt_114 = yard_exp_brackets_196 
1285: yard_opt_114 = 
1286: predicate = IDENT yard_opt_117 yard_opt_118 KW_IN LPAREN yard_exp_brackets_195 RPAREN 
1287: predicate = KW_EXISTS LPAREN query_expression RPAREN 
1288: predicate = sql_expr binop yard_exp_brackets_194 LPAREN query_expression RPAREN 
1289: predicate = sql_expr KW_IS yard_opt_116 KW_NULL 
1290: predicate = sql_expr yard_opt_115 KW_BETWEEN sql_expr KW_AND sql_expr 
1291: predicate = sql_expr yard_opt_114 
1292: yard_many_23 = yard_exp_brackets_193 yard_many_23 
1293: yard_many_23 = 
1294: yard_opt_113 = KW_NOT 
1295: yard_opt_113 = 
1296: yard_opt_112 = KW_NOT 
1297: yard_opt_112 = 
1298: search_condition = yard_exp_brackets_192 yard_many_23 
1299: yard_many_22 = yard_exp_brackets_191 yard_many_22 
1300: yard_many_22 = 
1301: yard_opt_111 = yard_exp_brackets_190 
1302: yard_opt_111 = 
1303: yard_opt_110 = yard_exp_brackets_189 
1304: yard_opt_110 = 
1305: yard_rule_list_34 = yard_exp_brackets_188 yard_many_22 
1306: yard_rule_list_34 = 
1307: yard_rule_comma_list_33 = yard_rule_list_34 
1308: yard_opt_109 = yard_exp_brackets_187 
1309: yard_opt_109 = 
1310: order_by_clause = yard_opt_109 
1311: yard_opt_108 = yard_many_21 
1312: yard_opt_108 = 
1313: yard_many_21 = yard_exp_brackets_186 yard_many_21 
1314: yard_many_21 = 
1315: yard_opt_107 = sql_expr 
1316: yard_opt_107 = 
1317: ranking_windowed_function = yard_exp_brackets_185 LPAREN yard_opt_107 RPAREN KW_OVER LPAREN yard_opt_108 order_by_clause RPAREN 
1318: yard_many_20 = yard_exp_brackets_184 yard_many_20 
1319: yard_many_20 = 
1320: yard_opt_106 = yard_exp_brackets_183 
1321: yard_opt_106 = 
1322: yard_opt_105 = yard_exp_brackets_182 
1323: yard_opt_105 = 
1324: yard_rule_list_32 = yard_opt_105 yard_many_20 
1325: yard_rule_list_32 = 
1326: yard_rule_comma_list_31 = yard_rule_list_32 
1327: aggregate_windowed_function = KW_OVER LPAREN yard_rule_comma_list_31 order_by_clause RPAREN 
1328: yard_opt_104 = yard_exp_brackets_181 
1329: yard_opt_104 = 
1330: scalar_function = KW_SUM LPAREN yard_opt_104 sql_expr 
1331: scalar_function = KW_LOWER sql_expr 
1332: yard_many_19 = yard_exp_brackets_180 yard_many_19 
1333: yard_many_19 = 
1334: yard_opt_102 = yard_exp_brackets_179 
1335: yard_opt_102 = 
1336: yard_opt_103 = KW_AS 
1337: yard_opt_103 = 
1338: yard_opt_101 = yard_exp_brackets_178 
1339: yard_opt_101 = 
1340: yard_opt_100 = yard_exp_brackets_177 
1341: yard_opt_100 = 
1342: yard_opt_98 = yard_exp_brackets_176 
1343: yard_opt_98 = 
1344: yard_opt_99 = KW_AS 
1345: yard_opt_99 = 
1346: yard_opt_97 = yard_exp_brackets_175 
1347: yard_opt_97 = 
1348: yard_opt_96 = yard_exp_brackets_174 
1349: yard_opt_96 = 
1350: yard_rule_list_30 = yard_exp_brackets_173 yard_many_19 
1351: yard_rule_list_30 = 
1352: yard_rule_comma_list_29 = yard_rule_list_30 
1353: select_list = yard_rule_comma_list_29 
1354: yard_opt_95 = yard_exp_brackets_172 
1355: yard_opt_95 = 
1356: yard_opt_92 = yard_exp_brackets_171 
1357: yard_opt_92 = 
1358: yard_opt_94 = yard_exp_brackets_170 
1359: yard_opt_94 = 
1360: yard_opt_93 = KW_ALL 
1361: yard_opt_93 = 
1362: yard_opt_91 = yard_exp_brackets_169 
1363: yard_opt_91 = 
1364: yard_opt_90 = from 
1365: yard_opt_90 = 
1366: yard_opt_89 = yard_exp_brackets_168 
1367: yard_opt_89 = 
1368: yard_opt_86 = yard_exp_brackets_167 
1369: yard_opt_86 = 
1370: yard_opt_88 = yard_exp_brackets_166 
1371: yard_opt_88 = 
1372: yard_opt_87 = KW_PERCENT 
1373: yard_opt_87 = 
1374: yard_opt_85 = yard_exp_brackets_165 
1375: yard_opt_85 = 
1376: query_specification = KW_SELECT yard_opt_85 yard_opt_86 select_list yard_opt_89 yard_opt_90 yard_opt_91 yard_opt_92 yard_opt_95 
1377: yard_many_18 = yard_exp_brackets_164 yard_many_18 
1378: yard_many_18 = 
1379: yard_rule_list_28 = yard_exp_brackets_163 yard_many_18 
1380: yard_rule_list_28 = 
1381: yard_rule_comma_list_27 = yard_rule_list_28 
1382: yard_opt_83 = yard_exp_brackets_162 
1383: yard_opt_83 = 
1384: yard_opt_84 = KW_ALL 
1385: yard_opt_84 = 
1386: query_expression = yard_exp_brackets_161 yard_opt_83 
1387: yard_opt_82 = SEMI 
1388: yard_opt_82 = 
1389: yard_opt_81 = yard_exp_brackets_160 
1390: yard_opt_81 = 
1391: common_table_expression = yard_exp_brackets_159 yard_opt_81 KW_AS LPAREN select_stmnt RPAREN yard_opt_82 
1392: yard_many_17 = yard_exp_brackets_158 yard_many_17 
1393: yard_many_17 = 
1394: yard_rule_list_26 = yard_exp_brackets_157 yard_many_17 
1395: yard_rule_list_26 = 
1396: yard_rule_comma_list_25 = yard_rule_list_26 
1397: query_hint = yard_exp_brackets_156 
1398: yard_opt_79 = yard_exp_brackets_155 
1399: yard_opt_79 = 
1400: yard_opt_80 = yard_exp_brackets_154 
1401: yard_opt_80 = 
1402: yard_opt_78 = yard_exp_brackets_153 
1403: yard_opt_78 = 
1404: yard_opt_77 = yard_exp_brackets_152 
1405: yard_opt_77 = 
1406: common_directives = yard_opt_77 yard_opt_78 yard_opt_79 
1407: yard_opt_74 = yard_exp_brackets_151 
1408: yard_opt_74 = 
1409: yard_opt_75 = yard_exp_brackets_150 
1410: yard_opt_75 = 
1411: yard_opt_76 = yard_exp_brackets_149 
1412: yard_opt_76 = 
1413: yard_opt_73 = yard_exp_brackets_148 
1414: yard_opt_73 = 
1415: yard_opt_71 = yard_exp_brackets_147 
1416: yard_opt_71 = 
1417: yard_opt_72 = yard_exp_brackets_146 
1418: yard_opt_72 = 
1419: yard_opt_66 = yard_exp_brackets_145 
1420: yard_opt_66 = 
1421: yard_opt_69 = yard_exp_brackets_144 
1422: yard_opt_69 = 
1423: yard_opt_70 = yard_exp_brackets_143 
1424: yard_opt_70 = 
1425: yard_opt_67 = yard_exp_brackets_142 
1426: yard_opt_67 = 
1427: yard_opt_68 = yard_exp_brackets_141 
1428: yard_opt_68 = 
1429: yard_opt_65 = yard_exp_brackets_140 
1430: yard_opt_65 = 
1431: xml = KW_XML yard_exp_brackets_139 
1432: yard_opt_64 = yard_exp_brackets_138 
1433: yard_opt_64 = 
1434: for = yard_opt_64 
1435: yard_many_16 = yard_exp_brackets_137 yard_many_16 
1436: yard_many_16 = 
1437: yard_rule_list_24 = yard_exp_brackets_136 yard_many_16 
1438: yard_rule_list_24 = 
1439: yard_rule_comma_list_23 = yard_rule_list_24 
1440: yard_many_15 = yard_exp_brackets_135 yard_many_15 
1441: yard_many_15 = 
1442: yard_rule_list_16 = common_table_expression yard_many_15 
1443: yard_rule_list_16 = 
1444: yard_rule_comma_list_15 = yard_rule_list_16 
1445: yard_many_14 = yard_exp_brackets_134 yard_many_14 
1446: yard_many_14 = 
1447: yard_opt_63 = yard_exp_brackets_133 
1448: yard_opt_63 = 
1449: yard_opt_62 = yard_exp_brackets_132 
1450: yard_opt_62 = 
1451: yard_rule_list_18 = yard_exp_brackets_131 yard_many_14 
1452: yard_rule_list_18 = 
1453: yard_rule_comma_list_17 = yard_rule_list_18 
1454: yard_many_13 = yard_exp_brackets_130 yard_many_13 
1455: yard_many_13 = 
1456: yard_rule_list_20 = yard_exp_brackets_129 yard_many_13 
1457: yard_rule_list_20 = 
1458: yard_rule_comma_list_19 = yard_rule_list_20 
1459: yard_many_12 = yard_exp_brackets_128 yard_many_12 
1460: yard_many_12 = 
1461: yard_rule_list_22 = query_hint yard_many_12 
1462: yard_rule_list_22 = 
1463: yard_rule_comma_list_21 = yard_rule_list_22 
1464: yard_opt_61 = yard_many_11 
1465: yard_opt_61 = 
1466: yard_many_11 = yard_exp_brackets_127 yard_many_11 
1467: yard_many_11 = 
1468: yard_opt_60 = SEMI 
1469: yard_opt_60 = 
1470: yard_opt_59 = yard_exp_brackets_126 
1471: yard_opt_59 = 
1472: yard_opt_58 = for 
1473: yard_opt_58 = 
1474: yard_opt_56 = yard_exp_brackets_125 
1475: yard_opt_56 = 
1476: yard_opt_57 = yard_exp_brackets_124 
1477: yard_opt_57 = 
1478: yard_opt_55 = yard_exp_brackets_123 
1479: yard_opt_55 = 
1480: yard_opt_54 = yard_exp_brackets_122 
1481: yard_opt_54 = 
1482: select_stmnt = KW_SELECT yard_exp_brackets_121 KW_FROM full_ident KW_WHERE sql_expr yard_opt_61 
1483: select_stmnt = KW_SELECT yard_rule_comma_list_23 yard_opt_60 
1484: select_stmnt = yard_exp_brackets_120 
1485: table_constraint = yard_exp_brackets_119 
1486: table_constraint = yard_exp_brackets_118 
1487: yard_opt_53 = yard_exp_brackets_117 
1488: yard_opt_53 = 
1489: yard_opt_52 = yard_exp_brackets_116 
1490: yard_opt_52 = 
1491: column_constraint = yard_exp_brackets_115 
1492: yard_opt_51 = column_constraint 
1493: yard_opt_51 = 
1494: yard_opt_50 = KW_ROWGUIDCOL 
1495: yard_opt_50 = 
1496: yard_opt_47 = yard_exp_brackets_114 
1497: yard_opt_47 = 
1498: yard_opt_49 = yard_exp_brackets_113 
1499: yard_opt_49 = 
1500: yard_opt_48 = yard_exp_brackets_112 
1501: yard_opt_48 = 
1502: yard_opt_46 = yard_exp_brackets_111 
1503: yard_opt_46 = 
1504: column_definition = ident yard_exp_brackets_110 yard_opt_46 yard_opt_47 yard_opt_50 yard_opt_51 
1505: yard_many_10 = yard_exp_brackets_109 yard_many_10 
1506: yard_many_10 = 
1507: table_type_definition = KW_TABLE LPAREN yard_many_10 RPAREN 
1508: yard_many_9 = yard_exp_brackets_108 yard_many_9 
1509: yard_many_9 = 
1510: yard_opt_45 = KW_AS 
1511: yard_opt_45 = 
1512: yard_opt_44 = KW_FOR 
1513: yard_opt_44 = 
1514: yard_opt_43 = KW_STATIC 
1515: yard_opt_43 = 
1516: yard_opt_42 = KW_LOCAL 
1517: yard_opt_42 = 
1518: yard_opt_41 = KW_AS 
1519: yard_opt_41 = 
1520: yard_opt_40 = KW_AS 
1521: yard_opt_40 = 
1522: yard_opt_39 = KW_FOR 
1523: yard_opt_39 = 
1524: yard_opt_38 = KW_STATIC 
1525: yard_opt_38 = 
1526: yard_opt_37 = KW_LOCAL 
1527: yard_opt_37 = 
1528: yard_opt_36 = KW_AS 
1529: yard_opt_36 = 
1530: yard_rule_list_14 = yard_exp_brackets_107 yard_many_9 
1531: yard_rule_list_14 = 
1532: yard_rule_comma_list_13 = yard_rule_list_14 
1533: yard_opt_35 = SEMI 
1534: yard_opt_35 = 
1535: declare = KW_DECLARE yard_rule_comma_list_13 yard_opt_35 
1536: yard_many_8 = yard_exp_brackets_106 yard_many_8 
1537: yard_many_8 = 
1538: yard_rule_list_10 = sql_expr yard_many_8 
1539: yard_rule_list_10 = 
1540: yard_rule_comma_list_9 = yard_rule_list_10 
1541: yard_many_7 = yard_exp_brackets_105 yard_many_7 
1542: yard_many_7 = 
1543: yard_rule_list_12 = yard_exp_brackets_104 yard_many_7 
1544: yard_rule_list_12 = 
1545: yard_rule_comma_list_11 = yard_rule_list_12 
1546: yard_opt_34 = yard_exp_brackets_103 
1547: yard_opt_34 = 
1548: yard_opt_33 = yard_exp_brackets_102 
1549: yard_opt_33 = 
1550: raiserror_stmnt = KW_RAISERROR LPAREN yard_exp_brackets_100 yard_exp_brackets_101 yard_opt_33 RPAREN yard_opt_34 
1551: yard_rule_brace_opt_8 = LPAREN sql_expr RPAREN 
1552: yard_rule_brace_opt_8 = sql_expr 
1553: yard_opt_32 = yard_exp_brackets_99 
1554: yard_opt_32 = 
1555: if_stmt = KW_IF yard_rule_brace_opt_8 proc_body_stmnt yard_opt_32 
1556: yard_many_6 = yard_exp_brackets_98 yard_many_6 
1557: yard_many_6 = 
1558: yard_opt_31 = SEMI 
1559: yard_opt_31 = 
1560: stmt_block = KW_BEGIN yard_many_6 KW_END 
1561: while_stmt = KW_WHILE sql_expr proc_body_stmnt 
1562: proc_body_stmnt = fetch_stmnt 
1563: proc_body_stmnt = insert 
1564: proc_body_stmnt = create_table 
1565: proc_body_stmnt = while_stmt 
1566: proc_body_stmnt = drop_procedure 
1567: proc_body_stmnt = rollback_transaction 
1568: proc_body_stmnt = commit_transaction 
1569: proc_body_stmnt = begin_transaction 
1570: proc_body_stmnt = KW_BEGIN proc_body_stmnt KW_END 
1571: proc_body_stmnt = stmt_block 
1572: proc_body_stmnt = raiserror_stmnt 
1573: proc_body_stmnt = if_stmt 
1574: proc_body_stmnt = KW_RETURN sql_expr 
1575: proc_body_stmnt = declare 
1576: proc_body_stmnt = sql_expr 
1577: proc_body_stmnt = execute_stmnt 
1578: proc_body_stmnt = set_stmnt 
1579: proc_body_stmnt = select_stmnt 
1580: yard_opt_30 = KW_EXECUTE_AS_Clause 
1581: yard_opt_30 = 
1582: yard_opt_29 = KW_RECOMPILE 
1583: yard_opt_29 = 
1584: yard_opt_28 = KW_ENCRYPTION 
1585: yard_opt_28 = 
1586: procedure_option = yard_opt_30 
1587: procedure_option = yard_opt_29 
1588: procedure_option = yard_opt_28 
1589: yard_rule_brace_opt_7 = LPAREN yard_rule_comma_list_3 RPAREN 
1590: yard_rule_brace_opt_7 = yard_rule_comma_list_3 
1591: yard_opt_27 = SEMI 
1592: yard_opt_27 = 
1593: yard_opt_26 = KW_END 
1594: yard_opt_26 = 
1595: yard_many_5 = yard_exp_brackets_97 yard_many_5 
1596: yard_many_5 = 
1597: yard_opt_25 = SEMI 
1598: yard_opt_25 = 
1599: yard_opt_24 = KW_BEGIN 
1600: yard_opt_24 = 
1601: yard_opt_23 = yard_exp_brackets_96 
1602: yard_opt_23 = 
1603: yard_opt_22 = yard_exp_brackets_95 
1604: yard_opt_22 = 
1605: yard_some_2 = execute_as yard_some_2 
1606: yard_some_2 = execute_as 
1607: yard_opt_21 = yard_exp_brackets_94 
1608: yard_opt_21 = 
1609: yard_opt_20 = yard_exp_brackets_93 
1610: yard_opt_20 = 
1611: create_proc = KW_CREATE yard_exp_brackets_92 yard_opt_20 ident yard_opt_21 yard_rule_brace_opt_7 yard_opt_22 yard_opt_23 KW_AS yard_opt_24 yard_many_5 yard_opt_26 yard_opt_27 
1612: yard_opt_19 = KW_READONLY 
1613: yard_opt_19 = 
1614: yard_opt_18 = yard_exp_brackets_91 
1615: yard_opt_18 = 
1616: yard_opt_17 = yard_exp_brackets_90 
1617: yard_opt_17 = 
1618: yard_opt_16 = KW_VARYING 
1619: yard_opt_16 = 
1620: yard_opt_15 = sql_datatype 
1621: yard_opt_15 = 
1622: yard_opt_14 = yard_exp_brackets_89 
1623: yard_opt_14 = 
1624: proc_formal_param = LOCALVAR yard_opt_14 yard_opt_15 yard_opt_16 yard_opt_17 yard_opt_18 yard_opt_19 
1625: yard_some_1 = yard_exp_brackets_88 yard_some_1 
1626: yard_some_1 = yard_exp_brackets_87 
1627: yard_opt_13 = yard_exp_brackets_86 
1628: yard_opt_13 = 
1629: drop_procedure = KW_DROP yard_exp_brackets_85 yard_some_1 
1630: yard_many_4 = yard_exp_brackets_84 yard_many_4 
1631: yard_many_4 = 
1632: yard_rule_list_6 = ident yard_many_4 
1633: yard_rule_list_6 = 
1634: yard_rule_comma_list_5 = yard_rule_list_6 
1635: yard_many_3 = yard_exp_brackets_83 yard_many_3 
1636: yard_many_3 = 
1637: yard_rule_list_4 = proc_formal_param yard_many_3 
1638: yard_rule_list_4 = 
1639: yard_rule_comma_list_3 = yard_rule_list_4 
1640: yard_opt_11 = yard_exp_brackets_82 
1641: yard_opt_11 = 
1642: yard_opt_12 = yard_exp_brackets_81 
1643: yard_opt_12 = 
1644: yard_opt_10 = KW_TYPE_WARNING 
1645: yard_opt_10 = 
1646: yard_opt_9 = yard_exp_brackets_80 
1647: yard_opt_9 = 
1648: yard_opt_8 = yard_exp_brackets_79 
1649: yard_opt_8 = 
1650: yard_opt_7 = yard_exp_brackets_78 
1651: yard_opt_7 = 
1652: yard_opt_6 = yard_exp_brackets_77 
1653: yard_opt_6 = 
1654: set_localvar = yard_exp_brackets_76 
1655: set_localvar = KW_SET yard_exp_brackets_75 
1656: set_stmnt = set_localvar 
1657: set_stmnt = KW_SET yard_exp_brackets_73 yard_exp_brackets_74 
1658: yard_opt_5 = SEMI 
1659: yard_opt_5 = 
1660: yard_opt_4 = yard_exp_brackets_72 
1661: yard_opt_4 = 
1662: yard_opt_3 = yard_exp_brackets_71 
1663: yard_opt_3 = 
1664: rollback_transaction = KW_ROLLBACK yard_opt_3 yard_opt_4 yard_opt_5 
1665: batch_body = insert 
1666: batch_body = create_table 
1667: batch_body = drop_procedure 
1668: batch_body = if_stmt 
1669: batch_body = rollback_transaction 
1670: batch_body = case 
1671: batch_body = declare 
1672: batch_body = commit_transaction 
1673: batch_body = begin_transaction 
1674: batch_body = KW_USE LBRACKET KW_MDW_CONTROL RBRACKET 
1675: batch_body = set_stmnt 
1676: batch_body = create_proc 
1677: yard_many_2 = yard_exp_brackets_70 yard_many_2 
1678: yard_many_2 = 
1679: yard_opt_2 = KW_GO 
1680: yard_opt_2 = 
1681: root_rule = yard_many_2 
1682: yard_start_rule = root_rule 
Grammar contains non-terminals, which can infinitely infer epsilon:
yard_many_6 <- yard_many_6
yard_many_5 <- yard_many_5
yard_many_2 <- yard_many_2

States count: 2247
Generation time: 00:00:58.8823679
