
rules:
   0: yard_exp_brackets_1604 = , pair 
   1: yard_exp_brackets_1603 = , value 
   2: yard_many_178 = 
   3: yard_many_178 = yard_exp_brackets_1604 yard_many_178 
   4: yard_rule_list_1602 = 
   5: yard_rule_list_1602 = pair yard_many_178 
   6: objects = { yard_rule_list_1602 } 
   7: pair = STRING1 : value 
   8: yard_many_177 = 
   9: yard_many_177 = yard_exp_brackets_1603 yard_many_177 
  10: yard_rule_list_1601 = 
  11: yard_rule_list_1601 = value yard_many_177 
  12: array1 = [ yard_rule_list_1601 ] 
  13: value = STRING1 
  14: value = NUMBER 
  15: value = objects 
  16: value = array1 
  17: value = true 
  18: value = false 
  19: value = null 
  20: yard_start_rule = value 
States count: 30
Generation time: 00:00:00.2490141
