
rules:
   0: yard_exp_brackets_1600 = simple_term 
   1: yard_exp_brackets_1600 = prefix_term 
   2: yard_exp_brackets_1600 = generation_term 
   3: yard_exp_brackets_1600 = proximity_term 
   4: yard_exp_brackets_1599 = sql_expr yard_opt_882 
   5: yard_exp_brackets_1598 = ident 
   6: yard_exp_brackets_1598 = DEC_NUMBER 
   7: yard_exp_brackets_1597 = avg 
   8: yard_exp_brackets_1597 = count 
   9: yard_exp_brackets_1597 = max 
  10: yard_exp_brackets_1597 = min 
  11: yard_exp_brackets_1597 = sum 
  12: yard_exp_brackets_1596 = ident 
  13: yard_exp_brackets_1596 = sql_expr 
  14: yard_exp_brackets_1595 = ident 
  15: yard_exp_brackets_1595 = LOCALVAR 
  16: yard_exp_brackets_1594 = on 
  17: yard_exp_brackets_1594 = off 
  18: yard_exp_brackets_1593 = on 
  19: yard_exp_brackets_1593 = off 
  20: yard_exp_brackets_1592 = on 
  21: yard_exp_brackets_1592 = off 
  22: yard_exp_brackets_1591 = on 
  23: yard_exp_brackets_1591 = off 
  24: yard_exp_brackets_1590 = on 
  25: yard_exp_brackets_1590 = off 
  26: yard_exp_brackets_1589 = IDENT yard_opt_966 
  27: yard_exp_brackets_1588 = IDENT ( IDENT ) 
  28: yard_exp_brackets_1588 = IDENT 
  29: yard_exp_brackets_1588 = default 
  30: yard_exp_brackets_1587 = primary key 
  31: yard_exp_brackets_1587 = unique 
  32: yard_exp_brackets_1586 = primary key 
  33: yard_exp_brackets_1586 = unique 
  34: yard_exp_brackets_1585 = IDENT ( IDENT ) 
  35: yard_exp_brackets_1585 = IDENT 
  36: yard_exp_brackets_1585 = default 
  37: yard_exp_brackets_1584 = IDENT ( IDENT ) 
  38: yard_exp_brackets_1584 = IDENT 
  39: yard_exp_brackets_1584 = default 
  40: yard_exp_brackets_1583 = primary key 
  41: yard_exp_brackets_1583 = unique 
  42: yard_exp_brackets_1582 = column_definition_create_table 
  43: yard_exp_brackets_1582 = computed_column_definition 
  44: yard_exp_brackets_1581 = IDENT 
  45: yard_exp_brackets_1581 = default 
  46: yard_exp_brackets_1580 = IDENT ( IDENT ) 
  47: yard_exp_brackets_1580 = IDENT 
  48: yard_exp_brackets_1580 = default 
  49: yard_exp_brackets_1579 = yard_exp_brackets_1600 yard_opt_915 
  50: yard_exp_brackets_1578 = simple_term 
  51: yard_exp_brackets_1578 = prefix_term 
  52: yard_exp_brackets_1578 = generation_term 
  53: yard_exp_brackets_1578 = proximity_term 
  54: yard_exp_brackets_1577 = simple_term 
  55: yard_exp_brackets_1577 = prefix_term 
  56: yard_exp_brackets_1576 = near 
  57: yard_exp_brackets_1576 = ~ 
  58: yard_exp_brackets_1575 = simple_term 
  59: yard_exp_brackets_1575 = prefix_term 
  60: yard_exp_brackets_1574 = near 
  61: yard_exp_brackets_1574 = ~ 
  62: yard_exp_brackets_1573 = STRING_CONST 
  63: yard_exp_brackets_1573 = DEC_NUMBER 
  64: yard_exp_brackets_1572 = STRING_CONST 
  65: yard_exp_brackets_1572 = DEC_NUMBER 
  66: yard_exp_brackets_1571 = formatfile = STRING_CONST yard_opt_903 
  67: yard_exp_brackets_1571 = single_blob 
  68: yard_exp_brackets_1571 = single_clob 
  69: yard_exp_brackets_1571 = single_nclob 
  70: yard_exp_brackets_1570 = full_ident 
  71: yard_exp_brackets_1570 = STRING_CONST 
  72: yard_exp_brackets_1569 = STRING_CONST ; STRING_CONST ; STRING_CONST 
  73: yard_exp_brackets_1569 = STRING_CONST 
  74: yard_exp_brackets_1568 = predicate 
  75: yard_exp_brackets_1568 = ( search_condition ) 
  76: yard_exp_brackets_1567 = and 
  77: yard_exp_brackets_1567 = or 
  78: yard_exp_brackets_1566 = * 
  79: yard_exp_brackets_1566 = full_ident . * 
  80: yard_exp_brackets_1566 = yard_exp_brackets_1599 
  81: yard_exp_brackets_1566 = ident = sql_expr 
  82: yard_exp_brackets_1565 = sql_expr yard_opt_880 
  83: yard_exp_brackets_1564 = cube 
  84: yard_exp_brackets_1564 = rollup 
  85: yard_exp_brackets_1563 = ( query_expression ) 
  86: yard_exp_brackets_1562 = union yard_opt_868 
  87: yard_exp_brackets_1562 = except 
  88: yard_exp_brackets_1562 = intersect 
  89: yard_exp_brackets_1561 = LOCALVAR = STRING_CONST 
  90: yard_exp_brackets_1560 = xmldata 
  91: yard_exp_brackets_1560 = xmlschema yard_opt_852 
  92: yard_exp_brackets_1559 = raw yard_opt_849 
  93: yard_exp_brackets_1559 = auto 
  94: yard_exp_brackets_1558 = yard_exp_brackets_1598 yard_opt_848 
  95: yard_exp_brackets_1557 = ident 
  96: yard_exp_brackets_1557 = DEC_NUMBER 
  97: yard_exp_brackets_1556 = yard_exp_brackets_1597 sql_expr 
  98: yard_exp_brackets_1555 = avg 
  99: yard_exp_brackets_1555 = count 
 100: yard_exp_brackets_1555 = max 
 101: yard_exp_brackets_1555 = min 
 102: yard_exp_brackets_1555 = sum 
 103: yard_exp_brackets_1554 = yard_exp_brackets_1596 yard_opt_838 
 104: yard_exp_brackets_1553 = ident 
 105: yard_exp_brackets_1553 = sql_expr 
 106: yard_exp_brackets_1552 = default 
 107: yard_exp_brackets_1552 = null 
 108: yard_exp_brackets_1552 = sql_expr 
 109: yard_exp_brackets_1551 = login 
 110: yard_exp_brackets_1551 = user 
 111: yard_exp_brackets_1550 = login 
 112: yard_exp_brackets_1550 = user 
 113: yard_exp_brackets_1549 = LOCALVAR 
 114: yard_exp_brackets_1549 = STRING_CONST 
 115: yard_exp_brackets_1548 = LOCALVAR 
 116: yard_exp_brackets_1548 = STRING_CONST 
 117: yard_exp_brackets_1547 = sql_expr 
 118: yard_exp_brackets_1547 = LOCALVAR yard_opt_812 
 119: yard_exp_brackets_1547 = yard_opt_813 
 120: yard_exp_brackets_1546 = sql_expr 
 121: yard_exp_brackets_1546 = LOCALVAR yard_opt_808 
 122: yard_exp_brackets_1546 = yard_opt_809 
 123: yard_exp_brackets_1545 = yard_opt_805 sql_expr 
 124: yard_exp_brackets_1544 = full_ident yard_opt_802 
 125: yard_exp_brackets_1544 = LOCALVAR 
 126: yard_exp_brackets_1543 = log 
 127: yard_exp_brackets_1543 = nowait 
 128: yard_exp_brackets_1543 = seterror 
 129: yard_exp_brackets_1542 = LOCALVAR yard_opt_784 sql_datatype 
 130: yard_exp_brackets_1542 = ident cursor yard_opt_785 yard_opt_786 yard_opt_787 sql_expr 
 131: yard_exp_brackets_1542 = ident yard_opt_788 table_type_definition 
 132: yard_exp_brackets_1541 = dec_num 
 133: yard_exp_brackets_1541 = LOCALVAR 
 134: yard_exp_brackets_1540 = dec_num 
 135: yard_exp_brackets_1540 = LOCALVAR 
 136: yard_exp_brackets_1539 = sql_expr yard_opt_758 
 137: yard_exp_brackets_1538 = sql_datatype 
 138: yard_exp_brackets_1538 = sql_expr 
 139: yard_exp_brackets_1537 = null 
 140: yard_exp_brackets_1537 = DEC_NUMBER 
 141: yard_exp_brackets_1537 = STRING_CONST 
 142: yard_exp_brackets_1536 = read only 
 143: yard_exp_brackets_1536 = update yard_opt_740 
 144: yard_exp_brackets_1535 = . 
 145: yard_exp_brackets_1535 = DOUBLE_COLON 
 146: yard_exp_brackets_1534 = io 
 147: yard_exp_brackets_1534 = profile 
 148: yard_exp_brackets_1534 = time 
 149: yard_exp_brackets_1534 = xml 
 150: yard_exp_brackets_1533 = batch_body yard_opt_976 
 151: yard_exp_brackets_1532 = IDENT 
 152: yard_exp_brackets_1532 = LOCALVAR 
 153: yard_exp_brackets_1531 = tran 
 154: yard_exp_brackets_1531 = transaction 
 155: yard_exp_brackets_1530 = yard_exp_brackets_1595 yard_opt_971 
 156: yard_exp_brackets_1529 = with mark yard_opt_972 
 157: yard_exp_brackets_1528 = tran 
 158: yard_exp_brackets_1528 = transaction 
 159: yard_exp_brackets_1527 = IDENT 
 160: yard_exp_brackets_1527 = LOCALVAR 
 161: yard_exp_brackets_1526 = tran 
 162: yard_exp_brackets_1526 = transaction 
 163: yard_exp_brackets_1525 = pad_index = yard_exp_brackets_1590 
 164: yard_exp_brackets_1525 = fillfactor = DEC_NUMBER 
 165: yard_exp_brackets_1525 = ignore_dup_key = yard_exp_brackets_1591 
 166: yard_exp_brackets_1525 = statistics_norecompute = yard_exp_brackets_1592 
 167: yard_exp_brackets_1525 = allow_row_locks = yard_exp_brackets_1593 
 168: yard_exp_brackets_1525 = allow_page_locks = yard_exp_brackets_1594 
 169: yard_exp_brackets_1524 = delete 
 170: yard_exp_brackets_1524 = update 
 171: yard_exp_brackets_1523 = , IDENT 
 172: yard_exp_brackets_1522 = , yard_exp_brackets_1589 
 173: yard_exp_brackets_1521 = asc 
 174: yard_exp_brackets_1521 = desc 
 175: yard_exp_brackets_1520 = asc 
 176: yard_exp_brackets_1520 = desc 
 177: yard_exp_brackets_1519 = IDENT yard_opt_965 
 178: yard_exp_brackets_1518 = not for replication 
 179: yard_exp_brackets_1517 = not for replication 
 180: yard_exp_brackets_1516 = ( yard_rule_comma_list_1259 ) 
 181: yard_exp_brackets_1515 = on yard_exp_brackets_1588 
 182: yard_exp_brackets_1514 = with fillfactor = DEC_NUMBER 
 183: yard_exp_brackets_1514 = with ( yard_rule_comma_list_1255 ) 
 184: yard_exp_brackets_1513 = clustered 
 185: yard_exp_brackets_1513 = nonclustered 
 186: yard_exp_brackets_1512 = constraint IDENT 
 187: yard_exp_brackets_1511 = yard_exp_brackets_1587 yard_opt_959 ( yard_rule_comma_list_1257 ) yard_opt_960 yard_opt_961 
 188: yard_exp_brackets_1511 = foreign key ( yard_rule_comma_list_1259 ) references IDENT yard_opt_962 yard_many_173 yard_opt_963 
 189: yard_exp_brackets_1511 = check yard_opt_964 sql_expr 
 190: yard_exp_brackets_1510 = yard_opt_950 yard_exp_brackets_1586 yard_opt_951 yard_opt_952 yard_opt_953 
 191: yard_exp_brackets_1510 = yard_opt_954 references IDENT yard_opt_955 yard_many_172 yard_opt_956 
 192: yard_exp_brackets_1510 = check yard_opt_957 sql_expr 
 193: yard_exp_brackets_1509 = not for replication 
 194: yard_exp_brackets_1508 = not for replication 
 195: yard_exp_brackets_1507 = ( IDENT ) 
 196: yard_exp_brackets_1506 = foreign key 
 197: yard_exp_brackets_1505 = on yard_exp_brackets_1585 
 198: yard_exp_brackets_1504 = with fillfactor = DEC_NUMBER 
 199: yard_exp_brackets_1504 = with ( yard_rule_comma_list_1255 ) 
 200: yard_exp_brackets_1503 = clustered 
 201: yard_exp_brackets_1503 = nonclustered 
 202: yard_exp_brackets_1502 = constraint IDENT 
 203: yard_exp_brackets_1501 = persisted yard_opt_948 
 204: yard_exp_brackets_1500 = not null 
 205: yard_exp_brackets_1499 = , index_option 
 206: yard_exp_brackets_1498 = not for replication 
 207: yard_exp_brackets_1497 = not for replication 
 208: yard_exp_brackets_1496 = ( IDENT ) 
 209: yard_exp_brackets_1495 = IDENT . 
 210: yard_exp_brackets_1494 = foreign key 
 211: yard_exp_brackets_1493 = on yard_exp_brackets_1584 
 212: yard_exp_brackets_1492 = with fillfactor = DEC_NUMBER 
 213: yard_exp_brackets_1492 = with ( yard_rule_comma_list_1255 ) 
 214: yard_exp_brackets_1491 = clustered 
 215: yard_exp_brackets_1491 = nonclustered 
 216: yard_exp_brackets_1490 = constraint IDENT 
 217: yard_exp_brackets_1489 = yard_exp_brackets_1583 yard_opt_939 yard_opt_940 yard_opt_941 
 218: yard_exp_brackets_1489 = yard_opt_942 references yard_opt_943 IDENT yard_opt_944 yard_many_170 yard_opt_945 
 219: yard_exp_brackets_1489 = check yard_opt_946 sql_expr 
 220: yard_exp_brackets_1488 = identity yard_opt_935 yard_opt_936 
 221: yard_exp_brackets_1487 = not for replication 
 222: yard_exp_brackets_1486 = ( sql_expr , sql_expr ) 
 223: yard_exp_brackets_1485 = yard_opt_933 default sql_expr 
 224: yard_exp_brackets_1484 = constraint IDENT 
 225: yard_exp_brackets_1483 = yard_opt_931 null 
 226: yard_exp_brackets_1482 = collate IDENT 
 227: yard_exp_brackets_1481 = , yard_exp_brackets_1582 
 228: yard_exp_brackets_1480 = column_definition_create_table 
 229: yard_exp_brackets_1480 = computed_column_definition 
 230: yard_exp_brackets_1479 = , table_constraint_create_table 
 231: yard_exp_brackets_1478 = textimage_on yard_exp_brackets_1581 
 232: yard_exp_brackets_1477 = on yard_exp_brackets_1580 
 233: yard_exp_brackets_1476 = IDENT . yard_opt_924 yard_opt_925 
 234: yard_exp_brackets_1475 = left 
 235: yard_exp_brackets_1475 = right 
 236: yard_exp_brackets_1475 = full 
 237: yard_exp_brackets_1474 = repeatable sql_expr 
 238: yard_exp_brackets_1473 = percent 
 239: yard_exp_brackets_1473 = rows 
 240: yard_exp_brackets_1472 = index ( yard_rule_comma_list_1205 ) 
 241: yard_exp_brackets_1472 = fastfirstrow 
 242: yard_exp_brackets_1472 = holdlock 
 243: yard_exp_brackets_1472 = nolock 
 244: yard_exp_brackets_1472 = nowait 
 245: yard_exp_brackets_1472 = paglock 
 246: yard_exp_brackets_1472 = readcommitted 
 247: yard_exp_brackets_1472 = readcommittedlock 
 248: yard_exp_brackets_1472 = readpast 
 249: yard_exp_brackets_1472 = readuncommitted 
 250: yard_exp_brackets_1472 = repeatableread 
 251: yard_exp_brackets_1472 = rowlock 
 252: yard_exp_brackets_1472 = serializable 
 253: yard_exp_brackets_1472 = tablock 
 254: yard_exp_brackets_1472 = tablockx 
 255: yard_exp_brackets_1472 = updlock 
 256: yard_exp_brackets_1472 = xlock 
 257: yard_exp_brackets_1471 = , yard_exp_brackets_1579 
 258: yard_exp_brackets_1470 = WEIGHT ( DEC_NUMBER ) 
 259: yard_exp_brackets_1469 = WEIGHT ( DEC_NUMBER ) 
 260: yard_exp_brackets_1468 = yard_exp_brackets_1578 yard_opt_914 
 261: yard_exp_brackets_1467 = yard_exp_brackets_1576 yard_exp_brackets_1577 
 262: yard_exp_brackets_1466 = yard_exp_brackets_1574 yard_exp_brackets_1575 
 263: yard_exp_brackets_1465 = simple_term 
 264: yard_exp_brackets_1465 = prefix_term 
 265: yard_exp_brackets_1464 = , simple_term 
 266: yard_exp_brackets_1463 = inflectional 
 267: yard_exp_brackets_1463 = thesaurus 
 268: yard_exp_brackets_1462 = and 
 269: yard_exp_brackets_1462 = & 
 270: yard_exp_brackets_1462 = and not 
 271: yard_exp_brackets_1462 = &! 
 272: yard_exp_brackets_1462 = or 
 273: yard_exp_brackets_1462 = | 
 274: yard_exp_brackets_1461 = , DEC_NUMBER 
 275: yard_exp_brackets_1460 = , language yard_exp_brackets_1573 
 276: yard_exp_brackets_1459 = ident 
 277: yard_exp_brackets_1459 = ( yard_rule_comma_list_1205 ) 
 278: yard_exp_brackets_1459 = * 
 279: yard_exp_brackets_1458 = , full_ident 
 280: yard_exp_brackets_1457 = , DEC_NUMBER 
 281: yard_exp_brackets_1456 = , language yard_exp_brackets_1572 
 282: yard_exp_brackets_1455 = full_ident 
 283: yard_exp_brackets_1455 = ( yard_rule_comma_list_1245 ) 
 284: yard_exp_brackets_1455 = * 
 285: yard_exp_brackets_1454 = , rows_per_batch = DEC_NUMBER 
 286: yard_exp_brackets_1453 = , maxerrors = DEC_NUMBER 
 287: yard_exp_brackets_1452 = , lastrow = DEC_NUMBER 
 288: yard_exp_brackets_1451 = , firstrow = DEC_NUMBER 
 289: yard_exp_brackets_1450 = , errorfile = STRING_CONST 
 290: yard_exp_brackets_1449 = , codepage = STRING_CONST 
 291: yard_exp_brackets_1448 = STRING_CONST , yard_exp_brackets_1569 , yard_exp_brackets_1570 
 292: yard_exp_brackets_1448 = bulk STRING_CONST , yard_exp_brackets_1571 
 293: yard_exp_brackets_1447 = ( yard_rule_comma_list_1205 ) 
 294: yard_exp_brackets_1446 = as ident 
 295: yard_exp_brackets_1445 = yard_opt_900 full_ident 
 296: yard_exp_brackets_1444 = ( yard_rule_comma_list_1205 ) 
 297: yard_exp_brackets_1443 = ( yard_rule_comma_list_1205 ) 
 298: yard_exp_brackets_1442 = yard_opt_895 ident 
 299: yard_exp_brackets_1441 = with ( table_hint yard_many_163 ) 
 300: yard_exp_brackets_1440 = rowset_function 
 301: yard_exp_brackets_1440 = sql_expr 
 302: yard_exp_brackets_1439 = , table_source 
 303: yard_exp_brackets_1438 = ( ) 
 304: yard_exp_brackets_1437 = . IDENT 
 305: yard_exp_brackets_1436 = escape STRING_CONST 
 306: yard_exp_brackets_1435 = dec_num 
 307: yard_exp_brackets_1435 = STRING_CONST 
 308: yard_exp_brackets_1434 = dec_num 
 309: yard_exp_brackets_1434 = STRING_CONST 
 310: yard_exp_brackets_1433 = all 
 311: yard_exp_brackets_1433 = some 
 312: yard_exp_brackets_1433 = any 
 313: yard_exp_brackets_1432 = yard_exp_brackets_1567 yard_opt_885 yard_exp_brackets_1568 
 314: yard_exp_brackets_1431 = yard_opt_884 predicate 
 315: yard_exp_brackets_1431 = ( search_condition ) 
 316: yard_exp_brackets_1430 = , yard_exp_brackets_1566 
 317: yard_exp_brackets_1429 = yard_opt_883 ident 
 318: yard_exp_brackets_1428 = yard_opt_881 ident 
 319: yard_exp_brackets_1427 = * 
 320: yard_exp_brackets_1427 = full_ident . * 
 321: yard_exp_brackets_1427 = yard_exp_brackets_1565 
 322: yard_exp_brackets_1427 = ident = sql_expr 
 323: yard_exp_brackets_1426 = having search_condition 
 324: yard_exp_brackets_1425 = group by yard_opt_877 yard_rule_comma_list_1207 yard_opt_878 
 325: yard_exp_brackets_1424 = with yard_exp_brackets_1564 
 326: yard_exp_brackets_1423 = where search_condition 
 327: yard_exp_brackets_1422 = into full_ident 
 328: yard_exp_brackets_1421 = top sql_expr yard_opt_871 yard_opt_872 
 329: yard_exp_brackets_1420 = with ties 
 330: yard_exp_brackets_1419 = all 
 331: yard_exp_brackets_1419 = distinct 
 332: yard_exp_brackets_1418 = , yard_exp_brackets_1563 
 333: yard_exp_brackets_1417 = ( query_expression ) 
 334: yard_exp_brackets_1416 = yard_exp_brackets_1562 query_specification 
 335: yard_exp_brackets_1416 = yard_rule_comma_list_1240 
 336: yard_exp_brackets_1415 = query_specification 
 337: yard_exp_brackets_1415 = ( query_expression ) 
 338: yard_exp_brackets_1414 = ( yard_rule_comma_list_1205 ) 
 339: yard_exp_brackets_1413 = full_ident 
 340: yard_exp_brackets_1413 = ident 
 341: yard_exp_brackets_1412 = , root yard_opt_864 
 342: yard_exp_brackets_1411 = ( STRING_CONST ) 
 343: yard_exp_brackets_1410 = , type 
 344: yard_exp_brackets_1409 = , binary base64 
 345: yard_exp_brackets_1408 = , yard_exp_brackets_1561 
 346: yard_exp_brackets_1407 = LOCALVAR = STRING_CONST 
 347: yard_exp_brackets_1406 = simple 
 348: yard_exp_brackets_1406 = forced 
 349: yard_exp_brackets_1405 = loop 
 350: yard_exp_brackets_1405 = merge 
 351: yard_exp_brackets_1405 = hash 
 352: yard_exp_brackets_1404 = concat 
 353: yard_exp_brackets_1404 = hash 
 354: yard_exp_brackets_1404 = merge 
 355: yard_exp_brackets_1403 = hash 
 356: yard_exp_brackets_1403 = order 
 357: yard_exp_brackets_1402 = common_directives yard_opt_859 
 358: yard_exp_brackets_1401 = , elements yard_opt_860 
 359: yard_exp_brackets_1400 = xsinil 
 360: yard_exp_brackets_1400 = absent 
 361: yard_exp_brackets_1399 = ( STRING_CONST ) 
 362: yard_exp_brackets_1398 = common_directives yard_opt_856 
 363: yard_exp_brackets_1397 = , xmldata 
 364: yard_exp_brackets_1396 = common_directives yard_opt_851 yard_opt_853 
 365: yard_exp_brackets_1395 = , elements yard_opt_854 
 366: yard_exp_brackets_1394 = xsinil 
 367: yard_exp_brackets_1394 = absent 
 368: yard_exp_brackets_1393 = , yard_exp_brackets_1560 
 369: yard_exp_brackets_1392 = ( STRING_CONST ) 
 370: yard_exp_brackets_1391 = ( STRING_CONST ) 
 371: yard_exp_brackets_1390 = yard_exp_brackets_1559 yard_opt_850 
 372: yard_exp_brackets_1390 = explicit yard_opt_855 
 373: yard_exp_brackets_1390 = path yard_opt_857 yard_opt_858 
 374: yard_exp_brackets_1389 = browse 
 375: yard_exp_brackets_1389 = xml 
 376: yard_exp_brackets_1388 = , yard_exp_brackets_1558 
 377: yard_exp_brackets_1387 = asc 
 378: yard_exp_brackets_1387 = desc 
 379: yard_exp_brackets_1386 = asc 
 380: yard_exp_brackets_1386 = desc 
 381: yard_exp_brackets_1385 = yard_exp_brackets_1557 yard_opt_847 
 382: yard_exp_brackets_1384 = , yard_exp_brackets_1556 
 383: yard_exp_brackets_1383 = yard_exp_brackets_1555 sql_expr 
 384: yard_exp_brackets_1382 = , query_hint 
 385: yard_exp_brackets_1381 = option ( yard_rule_comma_list_1236 ) 
 386: yard_exp_brackets_1380 = compute yard_rule_comma_list_1234 yard_opt_843 
 387: yard_exp_brackets_1379 = by yard_rule_comma_list_1207 
 388: yard_exp_brackets_1378 = order by yard_rule_comma_list_1232 
 389: yard_exp_brackets_1377 = with yard_rule_comma_list_1226 
 390: yard_exp_brackets_1376 = , yard_exp_brackets_1554 
 391: yard_exp_brackets_1375 = yard_opt_839 IDENT 
 392: yard_exp_brackets_1374 = yard_opt_837 IDENT 
 393: yard_exp_brackets_1373 = yard_exp_brackets_1553 yard_opt_836 
 394: yard_exp_brackets_1372 = yard_opt_835 IDENT 
 395: yard_exp_brackets_1371 = ident 
 396: yard_exp_brackets_1371 = sql_expr 
 397: yard_exp_brackets_1370 = output dml_select_list 
 398: yard_exp_brackets_1369 = ( yard_rule_comma_list_1215 ) 
 399: yard_exp_brackets_1368 = LOCALVAR 
 400: yard_exp_brackets_1368 = IDENT 
 401: yard_exp_brackets_1367 = , common_table_expression 
 402: yard_exp_brackets_1366 = , yard_exp_brackets_1552 
 403: yard_exp_brackets_1365 = default 
 404: yard_exp_brackets_1365 = null 
 405: yard_exp_brackets_1365 = sql_expr 
 406: yard_exp_brackets_1364 = values ( yard_rule_comma_list_1228 ) 
 407: yard_exp_brackets_1364 = proc_body_stmnt 
 408: yard_exp_brackets_1364 = default values 
 409: yard_exp_brackets_1363 = ( yard_rule_comma_list_1205 ) 
 410: yard_exp_brackets_1362 = with ( yard_many_151 ) 
 411: yard_exp_brackets_1361 = top sql_expr yard_opt_825 
 412: yard_exp_brackets_1360 = with yard_rule_comma_list_1226 
 413: yard_exp_brackets_1359 = object 
 414: yard_exp_brackets_1359 = rowset_function yard_opt_827 
 415: yard_exp_brackets_1358 = at full_ident 
 416: yard_exp_brackets_1357 = as yard_exp_brackets_1551 = STRING_CONST 
 417: yard_exp_brackets_1356 = , sql_expr yard_opt_819 
 418: yard_exp_brackets_1355 = LOCALVAR 
 419: yard_exp_brackets_1355 = STRING_CONST yard_opt_817 yard_opt_818 
 420: yard_exp_brackets_1354 = LOCALVAR 
 421: yard_exp_brackets_1354 = STRING_CONST yard_opt_817 yard_opt_818 
 422: yard_exp_brackets_1353 = exec 
 423: yard_exp_brackets_1353 = execute 
 424: yard_exp_brackets_1352 = as yard_exp_brackets_1550 = STRING_CONST 
 425: yard_exp_brackets_1351 = yard_exp_brackets_1549 yard_opt_814 
 426: yard_exp_brackets_1350 = yard_exp_brackets_1548 yard_opt_814 
 427: yard_exp_brackets_1349 = exec 
 428: yard_exp_brackets_1349 = execute 
 429: yard_exp_brackets_1348 = , yard_opt_810 
 430: yard_exp_brackets_1347 = yard_opt_811 yard_exp_brackets_1547 
 431: yard_exp_brackets_1346 = output 
 432: yard_exp_brackets_1346 = out 
 433: yard_exp_brackets_1345 = LOCALVAR = 
 434: yard_exp_brackets_1344 = yard_opt_807 yard_exp_brackets_1546 
 435: yard_exp_brackets_1343 = output 
 436: yard_exp_brackets_1343 = out 
 437: yard_exp_brackets_1342 = LOCALVAR = 
 438: yard_exp_brackets_1341 = , yard_exp_brackets_1545 
 439: yard_exp_brackets_1340 = LOCALVAR = 
 440: yard_exp_brackets_1339 = LOCALVAR = 
 441: yard_exp_brackets_1338 = yard_opt_804 sql_expr 
 442: yard_exp_brackets_1337 = with recompile 
 443: yard_exp_brackets_1336 = ; DEC_NUMBER 
 444: yard_exp_brackets_1335 = LOCALVAR = 
 445: yard_exp_brackets_1334 = exec 
 446: yard_exp_brackets_1334 = execute 
 447: yard_exp_brackets_1333 = create_object . IDENT ( yard_rule_comma_list_1222 ) 
 448: yard_exp_brackets_1333 = yard_opt_801 yard_exp_brackets_1544 yard_rule_comma_list_1224 yard_opt_803 
 449: yard_exp_brackets_1332 = proc 
 450: yard_exp_brackets_1332 = procedure 
 451: yard_exp_brackets_1331 = proc_body_stmnt yard_opt_798 
 452: yard_exp_brackets_1330 = , yard_exp_brackets_1543 
 453: yard_exp_brackets_1329 = log 
 454: yard_exp_brackets_1329 = nowait 
 455: yard_exp_brackets_1329 = seterror 
 456: yard_exp_brackets_1328 = with yard_rule_comma_list_1220 
 457: yard_exp_brackets_1327 = , yard_rule_comma_list_1207 
 458: yard_exp_brackets_1326 = , dec_num , dec_num 
 459: yard_exp_brackets_1325 = dec_num 
 460: yard_exp_brackets_1325 = STRING_CONST 
 461: yard_exp_brackets_1325 = LOCALVAR 
 462: yard_exp_brackets_1324 = primary key 
 463: yard_exp_brackets_1324 = unique 
 464: yard_exp_brackets_1323 = yard_opt_795 null 
 465: yard_exp_brackets_1323 = primary key 
 466: yard_exp_brackets_1323 = unique 
 467: yard_exp_brackets_1323 = check sql_expr 
 468: yard_exp_brackets_1322 = default sql_expr 
 469: yard_exp_brackets_1322 = identity yard_opt_791 
 470: yard_exp_brackets_1321 = DEC_NUMBER , DEC_NUMBER 
 471: yard_exp_brackets_1320 = collate ident 
 472: yard_exp_brackets_1319 = scalar_data_type 
 473: yard_exp_brackets_1319 = as sql_expr 
 474: yard_exp_brackets_1318 = column_definition 
 475: yard_exp_brackets_1318 = table_constraint 
 476: yard_exp_brackets_1317 = , yard_exp_brackets_1542 
 477: yard_exp_brackets_1316 = LOCALVAR yard_opt_779 sql_datatype 
 478: yard_exp_brackets_1316 = ident cursor yard_opt_780 yard_opt_781 yard_opt_782 sql_expr 
 479: yard_exp_brackets_1316 = ident yard_opt_783 table_type_definition 
 480: yard_exp_brackets_1315 = DEC_NUMBER 
 481: yard_exp_brackets_1315 = max 
 482: yard_exp_brackets_1314 = else sql_expr 
 483: yard_exp_brackets_1313 = when sql_expr then sql_expr 
 484: yard_exp_brackets_1312 = else proc_body_stmnt 
 485: yard_exp_brackets_1311 = caller 
 486: yard_exp_brackets_1311 = self 
 487: yard_exp_brackets_1311 = owner 
 488: yard_exp_brackets_1311 = ident = STRING_CONST 
 489: yard_exp_brackets_1310 = exec 
 490: yard_exp_brackets_1310 = execute 
 491: yard_exp_brackets_1309 = proc_body_stmnt yard_opt_767 
 492: yard_exp_brackets_1308 = for replication 
 493: yard_exp_brackets_1307 = with yard_some_22 
 494: yard_exp_brackets_1306 = ; DEC_NUMBER 
 495: yard_exp_brackets_1305 = ident . 
 496: yard_exp_brackets_1304 = procedure 
 497: yard_exp_brackets_1304 = proc 
 498: yard_exp_brackets_1303 = , LOCALVAR 
 499: yard_exp_brackets_1302 = into yard_rule_comma_list_1215 
 500: yard_exp_brackets_1301 = yard_opt_760 from 
 501: yard_exp_brackets_1300 = next 
 502: yard_exp_brackets_1300 = prior 
 503: yard_exp_brackets_1300 = first 
 504: yard_exp_brackets_1300 = last 
 505: yard_exp_brackets_1300 = absolute yard_exp_brackets_1540 
 506: yard_exp_brackets_1300 = relative yard_exp_brackets_1541 
 507: yard_exp_brackets_1299 = yard_opt_761 IDENT 
 508: yard_exp_brackets_1299 = LOCALVAR 
 509: yard_exp_brackets_1298 = > = 
 510: yard_exp_brackets_1297 = < = 
 511: yard_exp_brackets_1296 = < > 
 512: yard_exp_brackets_1295 = , yard_exp_brackets_1539 
 513: yard_exp_brackets_1294 = asc 
 514: yard_exp_brackets_1294 = desc 
 515: yard_exp_brackets_1293 = asc 
 516: yard_exp_brackets_1293 = desc 
 517: yard_exp_brackets_1292 = sql_expr yard_opt_757 
 518: yard_exp_brackets_1291 = order by yard_rule_comma_list_1213 
 519: yard_exp_brackets_1290 = , yard_opt_755 
 520: yard_exp_brackets_1289 = partition by LOCALVAR 
 521: yard_exp_brackets_1289 = select_stmnt 
 522: yard_exp_brackets_1288 = partition by LOCALVAR 
 523: yard_exp_brackets_1288 = select_stmnt 
 524: yard_exp_brackets_1287 = partition by LOCALVAR 
 525: yard_exp_brackets_1287 = select_stmnt 
 526: yard_exp_brackets_1287 = full_ident 
 527: yard_exp_brackets_1286 = rank 
 528: yard_exp_brackets_1286 = dense_rank 
 529: yard_exp_brackets_1286 = row_number 
 530: yard_exp_brackets_1286 = ntile 
 531: yard_exp_brackets_1285 = , yard_exp_brackets_1538 
 532: yard_exp_brackets_1284 = sql_datatype 
 533: yard_exp_brackets_1284 = sql_expr 
 534: yard_exp_brackets_1283 = all 
 535: yard_exp_brackets_1283 = distinct 
 536: yard_exp_brackets_1282 = hour 
 537: yard_exp_brackets_1282 = minute 
 538: yard_exp_brackets_1282 = second 
 539: yard_exp_brackets_1281 = unistr 
 540: yard_exp_brackets_1281 = trunc 
 541: yard_exp_brackets_1281 = extract 
 542: yard_exp_brackets_1280 = , sql_expr 
 543: yard_exp_brackets_1279 = and 
 544: yard_exp_brackets_1279 = or 
 545: yard_exp_brackets_1278 = not 
 546: yard_exp_brackets_1278 = += 
 547: yard_exp_brackets_1278 = -= 
 548: yard_exp_brackets_1278 = ~ 
 549: yard_exp_brackets_1277 = out 
 550: yard_exp_brackets_1277 = output 
 551: yard_exp_brackets_1276 = = yard_exp_brackets_1537 
 552: yard_exp_brackets_1275 = full_ident . 
 553: yard_exp_brackets_1274 = , ident 
 554: yard_exp_brackets_1273 = , proc_formal_param 
 555: yard_exp_brackets_1272 = for yard_exp_brackets_1536 
 556: yard_exp_brackets_1271 = of yard_rule_comma_list_1205 
 557: yard_exp_brackets_1270 = read_only 
 558: yard_exp_brackets_1270 = scroll_locks 
 559: yard_exp_brackets_1270 = optimistic 
 560: yard_exp_brackets_1269 = static 
 561: yard_exp_brackets_1269 = keyset 
 562: yard_exp_brackets_1269 = dynamic 
 563: yard_exp_brackets_1269 = fast_forward 
 564: yard_exp_brackets_1268 = forward_only 
 565: yard_exp_brackets_1268 = scroll 
 566: yard_exp_brackets_1267 = DOUBLE_COLON ident 
 567: yard_exp_brackets_1266 = LOCALVAR yard_opt_734 = sql_expr 
 568: yard_exp_brackets_1266 = STRING_CONST yard_exp_brackets_1535 ident ( yard_rule_comma_list_1203 ) 
 569: yard_exp_brackets_1265 = on 
 570: yard_exp_brackets_1265 = off 
 571: yard_exp_brackets_1264 = ansi_nulls 
 572: yard_exp_brackets_1264 = ansi_defaults 
 573: yard_exp_brackets_1264 = ansi_null_dflt 
 574: yard_exp_brackets_1264 = ansi_padding 
 575: yard_exp_brackets_1264 = ansi_warnings 
 576: yard_exp_brackets_1264 = concat_null_yields_null 
 577: yard_exp_brackets_1264 = cursor_close_on_commit 
 578: yard_exp_brackets_1264 = quoted_identifier 
 579: yard_exp_brackets_1264 = fmtonly 
 580: yard_exp_brackets_1264 = forceplan 
 581: yard_exp_brackets_1264 = implicit_transactions 
 582: yard_exp_brackets_1264 = nocount 
 583: yard_exp_brackets_1264 = noexec 
 584: yard_exp_brackets_1264 = numeric_roundabort 
 585: yard_exp_brackets_1264 = parseonly 
 586: yard_exp_brackets_1264 = remote_proc_transactions 
 587: yard_exp_brackets_1264 = showplan_all 
 588: yard_exp_brackets_1264 = showplan_text 
 589: yard_exp_brackets_1264 = showplan_xml 
 590: yard_exp_brackets_1264 = statistics yard_exp_brackets_1534 
 591: yard_exp_brackets_1264 = xact_abort 
 592: yard_exp_brackets_1263 = . ident 
 593: yard_exp_brackets_1262 = IDENT 
 594: yard_exp_brackets_1262 = type 
 595: yard_exp_brackets_1262 = class 
 596: yard_exp_brackets_1262 = state 
 597: yard_exp_brackets_1262 = owner 
 598: yard_exp_brackets_1262 = ignore_dup_key 
 599: yard_exp_brackets_1262 = count 
 600: yard_exp_brackets_1262 = enable 
 601: yard_exp_brackets_1262 = open 
 602: yard_exp_brackets_1262 = close 
 603: yard_exp_brackets_1261 = IDENT 
 604: yard_exp_brackets_1261 = type 
 605: yard_exp_brackets_1261 = class 
 606: yard_exp_brackets_1261 = state 
 607: yard_exp_brackets_1261 = owner 
 608: yard_exp_brackets_1261 = ignore_dup_key 
 609: yard_exp_brackets_1261 = count 
 610: yard_exp_brackets_1261 = enable 
 611: yard_exp_brackets_1261 = open 
 612: yard_exp_brackets_1261 = close 
 613: batch_body = create_proc 
 614: batch_body = set_stmnt 
 615: batch_body = use [ mdw_control ] 
 616: batch_body = begin_transaction 
 617: batch_body = commit_transaction 
 618: batch_body = declare 
 619: batch_body = case 
 620: batch_body = rollback_transaction 
 621: batch_body = if_stmt 
 622: batch_body = drop_procedure 
 623: batch_body = create_table 
 624: batch_body = insert 
 625: batch_body = stmt_block 
 626: batch_body = select_stmnt 
 627: yard_many_176 = 
 628: yard_many_176 = yard_exp_brackets_1533 yard_many_176 
 629: yard_opt_976 = 
 630: yard_opt_976 = go 
 631: root_rule = yard_many_176 
 632: yard_start_rule = root_rule 
 633: yard_opt_975 = 
 634: yard_opt_975 = ; 
 635: yard_opt_974 = 
 636: yard_opt_974 = yard_exp_brackets_1532 
 637: commit_transaction = commit yard_exp_brackets_1531 yard_opt_974 yard_opt_975 
 638: yard_opt_973 = 
 639: yard_opt_973 = ; 
 640: yard_opt_970 = 
 641: yard_opt_970 = yard_exp_brackets_1530 
 642: yard_opt_971 = 
 643: yard_opt_971 = yard_exp_brackets_1529 
 644: yard_opt_972 = 
 645: yard_opt_972 = STRING_CONST 
 646: begin_transaction = begin yard_exp_brackets_1528 yard_opt_970 yard_opt_973 
 647: yard_opt_969 = 
 648: yard_opt_969 = ; 
 649: yard_opt_968 = 
 650: yard_opt_968 = yard_exp_brackets_1527 
 651: yard_opt_967 = 
 652: yard_opt_967 = yard_exp_brackets_1526 
 653: rollback_transaction = rollback yard_opt_967 yard_opt_968 yard_opt_969 
 654: index_option = yard_exp_brackets_1525 
 655: delete_update_options = no action 
 656: delete_update_options = cascade 
 657: delete_update_options = set null 
 658: delete_update_options = set default 
 659: delete_update = on yard_exp_brackets_1524 delete_update_options 
 660: yard_many_175 = 
 661: yard_many_175 = yard_exp_brackets_1523 yard_many_175 
 662: yard_rule_list_1260 = 
 663: yard_rule_list_1260 = IDENT yard_many_175 
 664: yard_rule_comma_list_1259 = yard_rule_list_1260 
 665: yard_many_174 = 
 666: yard_many_174 = yard_exp_brackets_1522 yard_many_174 
 667: yard_opt_966 = 
 668: yard_opt_966 = yard_exp_brackets_1521 
 669: yard_opt_965 = 
 670: yard_opt_965 = yard_exp_brackets_1520 
 671: yard_rule_list_1258 = 
 672: yard_rule_list_1258 = yard_exp_brackets_1519 yard_many_174 
 673: yard_rule_comma_list_1257 = yard_rule_list_1258 
 674: yard_opt_964 = 
 675: yard_opt_964 = yard_exp_brackets_1518 
 676: yard_opt_963 = 
 677: yard_opt_963 = yard_exp_brackets_1517 
 678: yard_many_173 = 
 679: yard_many_173 = delete_update yard_many_173 
 680: yard_opt_962 = 
 681: yard_opt_962 = yard_exp_brackets_1516 
 682: yard_opt_961 = 
 683: yard_opt_961 = yard_exp_brackets_1515 
 684: yard_opt_960 = 
 685: yard_opt_960 = yard_exp_brackets_1514 
 686: yard_opt_959 = 
 687: yard_opt_959 = yard_exp_brackets_1513 
 688: yard_opt_958 = 
 689: yard_opt_958 = yard_exp_brackets_1512 
 690: table_constraint_create_table = yard_opt_958 yard_exp_brackets_1511 
 691: yard_opt_949 = 
 692: yard_opt_949 = yard_exp_brackets_1510 
 693: yard_opt_957 = 
 694: yard_opt_957 = yard_exp_brackets_1509 
 695: yard_opt_956 = 
 696: yard_opt_956 = yard_exp_brackets_1508 
 697: yard_many_172 = 
 698: yard_many_172 = delete_update yard_many_172 
 699: yard_opt_955 = 
 700: yard_opt_955 = yard_exp_brackets_1507 
 701: yard_opt_954 = 
 702: yard_opt_954 = yard_exp_brackets_1506 
 703: yard_opt_953 = 
 704: yard_opt_953 = yard_exp_brackets_1505 
 705: yard_opt_952 = 
 706: yard_opt_952 = yard_exp_brackets_1504 
 707: yard_opt_951 = 
 708: yard_opt_951 = yard_exp_brackets_1503 
 709: yard_opt_950 = 
 710: yard_opt_950 = yard_exp_brackets_1502 
 711: yard_opt_947 = 
 712: yard_opt_947 = yard_exp_brackets_1501 
 713: yard_opt_948 = 
 714: yard_opt_948 = yard_exp_brackets_1500 
 715: computed_column_definition = IDENT as sql_expr yard_opt_947 yard_opt_949 
 716: yard_many_171 = 
 717: yard_many_171 = yard_exp_brackets_1499 yard_many_171 
 718: yard_rule_list_1256 = 
 719: yard_rule_list_1256 = index_option yard_many_171 
 720: yard_rule_comma_list_1255 = yard_rule_list_1256 
 721: yard_opt_946 = 
 722: yard_opt_946 = yard_exp_brackets_1498 
 723: yard_opt_945 = 
 724: yard_opt_945 = yard_exp_brackets_1497 
 725: yard_many_170 = 
 726: yard_many_170 = delete_update yard_many_170 
 727: yard_opt_944 = 
 728: yard_opt_944 = yard_exp_brackets_1496 
 729: yard_opt_943 = 
 730: yard_opt_943 = yard_exp_brackets_1495 
 731: yard_opt_942 = 
 732: yard_opt_942 = yard_exp_brackets_1494 
 733: yard_opt_941 = 
 734: yard_opt_941 = yard_exp_brackets_1493 
 735: yard_opt_940 = 
 736: yard_opt_940 = yard_exp_brackets_1492 
 737: yard_opt_939 = 
 738: yard_opt_939 = yard_exp_brackets_1491 
 739: yard_opt_938 = 
 740: yard_opt_938 = yard_exp_brackets_1490 
 741: column_constraint_create_table = yard_opt_938 yard_exp_brackets_1489 
 742: yard_many_169 = 
 743: yard_many_169 = column_constraint_create_table yard_many_169 
 744: yard_opt_937 = 
 745: yard_opt_937 = rowguidcol 
 746: yard_opt_934 = 
 747: yard_opt_934 = yard_exp_brackets_1488 
 748: yard_opt_936 = 
 749: yard_opt_936 = yard_exp_brackets_1487 
 750: yard_opt_935 = 
 751: yard_opt_935 = yard_exp_brackets_1486 
 752: yard_opt_932 = 
 753: yard_opt_932 = yard_exp_brackets_1485 
 754: yard_opt_933 = 
 755: yard_opt_933 = yard_exp_brackets_1484 
 756: yard_opt_930 = 
 757: yard_opt_930 = yard_exp_brackets_1483 
 758: yard_opt_931 = 
 759: yard_opt_931 = not 
 760: yard_opt_929 = 
 761: yard_opt_929 = yard_exp_brackets_1482 
 762: column_definition_create_table = ident sql_datatype yard_opt_929 yard_opt_930 yard_opt_932 
 763: column_definition_create_table = yard_opt_934 yard_opt_937 yard_many_169 
 764: yard_many_168 = 
 765: yard_many_168 = yard_exp_brackets_1481 yard_many_168 
 766: yard_rule_list_1252 = 
 767: yard_rule_list_1252 = yard_exp_brackets_1480 yard_many_168 
 768: yard_rule_comma_list_1251 = yard_rule_list_1252 
 769: yard_many_167 = 
 770: yard_many_167 = yard_exp_brackets_1479 yard_many_167 
 771: yard_rule_list_1254 = 
 772: yard_rule_list_1254 = table_constraint_create_table yard_many_167 
 773: yard_rule_comma_list_1253 = yard_rule_list_1254 
 774: yard_opt_928 = 
 775: yard_opt_928 = ; 
 776: yard_opt_927 = 
 777: yard_opt_927 = yard_exp_brackets_1478 
 778: yard_opt_926 = 
 779: yard_opt_926 = yard_exp_brackets_1477 
 780: yard_opt_923 = 
 781: yard_opt_923 = yard_exp_brackets_1476 
 782: yard_opt_925 = 
 783: yard_opt_925 = . 
 784: yard_opt_924 = 
 785: yard_opt_924 = IDENT 
 786: create_table = create table yard_opt_923 IDENT ( yard_rule_comma_list_1251 yard_rule_comma_list_1253 ) yard_opt_926 yard_opt_927 yard_opt_928 
 787: unpivot_clause = ( ident for sql_expr in ( yard_rule_comma_list_1245 ) ) 
 788: unpivoted_table = table_source unpivot unpivot_clause full_ident 
 789: yard_some_28 = sql_expr 
 790: yard_some_28 = sql_expr yard_some_28 
 791: pivot_clause = ( yard_some_28 for sql_expr in ( yard_rule_comma_list_1205 ) ) 
 792: pivoted_table = table_source pivot pivot_clause full_ident 
 793: join_hint = loop 
 794: join_hint = hash 
 795: join_hint = merge 
 796: join_hint = remote 
 797: yard_opt_922 = 
 798: yard_opt_922 = join_hint 
 799: yard_opt_921 = 
 800: yard_opt_921 = outer 
 801: join_type = inner 
 802: join_type = yard_exp_brackets_1475 yard_opt_921 yard_opt_922 
 803: yard_opt_920 = 
 804: yard_opt_920 = join_type 
 805: joined_table = table_source yard_opt_920 join table_source on search_condition 
 806: joined_table = table_source cross join table_source 
 807: joined_table = ( joined_table ) 
 808: yard_opt_919 = 
 809: yard_opt_919 = yard_exp_brackets_1474 
 810: yard_opt_918 = 
 811: yard_opt_918 = yard_exp_brackets_1473 
 812: yard_opt_917 = 
 813: yard_opt_917 = system 
 814: tablesample_clause = tablesample yard_opt_917 ( sql_expr yard_opt_918 ) yard_opt_919 
 815: yard_opt_916 = 
 816: yard_opt_916 = noexpand 
 817: table_hint = yard_opt_916 yard_exp_brackets_1472 
 818: yard_many_166 = 
 819: yard_many_166 = yard_exp_brackets_1471 yard_many_166 
 820: yard_opt_915 = 
 821: yard_opt_915 = yard_exp_brackets_1470 
 822: yard_opt_914 = 
 823: yard_opt_914 = yard_exp_brackets_1469 
 824: yard_rule_list_1250 = 
 825: yard_rule_list_1250 = yard_exp_brackets_1468 yard_many_166 
 826: yard_rule_comma_list_1249 = yard_rule_list_1250 
 827: weighted_term = isabout ( yard_rule_comma_list_1249 ) 
 828: yard_some_27 = yard_exp_brackets_1466 
 829: yard_some_27 = yard_exp_brackets_1467 yard_some_27 
 830: proximity_term = yard_exp_brackets_1465 yard_some_27 
 831: yard_many_165 = 
 832: yard_many_165 = yard_exp_brackets_1464 yard_many_165 
 833: yard_rule_list_1248 = 
 834: yard_rule_list_1248 = simple_term yard_many_165 
 835: yard_rule_comma_list_1247 = yard_rule_list_1248 
 836: generation_term = formsof ( yard_exp_brackets_1463 , yard_rule_comma_list_1247 ) 
 837: prefix_term = STRING_CONST 
 838: simple_term = STRING_CONST 
 839: yard_some_26 = contains_search_condition 
 840: yard_some_26 = contains_search_condition yard_some_26 
 841: contains_search_condition = simple_term 
 842: contains_search_condition = prefix_term 
 843: contains_search_condition = generation_term 
 844: contains_search_condition = proximity_term 
 845: contains_search_condition = weighted_term 
 846: contains_search_condition = ( contains_search_condition ) yard_exp_brackets_1462 yard_some_26 
 847: yard_opt_913 = 
 848: yard_opt_913 = yard_exp_brackets_1461 
 849: yard_opt_912 = 
 850: yard_opt_912 = yard_exp_brackets_1460 
 851: containstable = containstable ( full_ident , yard_exp_brackets_1459 , \' contains_search_condition \' yard_opt_912 yard_opt_913 ) 
 852: yard_many_164 = 
 853: yard_many_164 = yard_exp_brackets_1458 yard_many_164 
 854: yard_rule_list_1246 = 
 855: yard_rule_list_1246 = full_ident yard_many_164 
 856: yard_rule_comma_list_1245 = yard_rule_list_1246 
 857: yard_opt_911 = 
 858: yard_opt_911 = yard_exp_brackets_1457 
 859: yard_opt_910 = 
 860: yard_opt_910 = yard_exp_brackets_1456 
 861: freetexttable = freetexttable ( full_ident , yard_exp_brackets_1455 , STRING_CONST yard_opt_910 yard_opt_911 ) 
 862: opendatasource = opendatasource ( ident , STRING_CONST ) 
 863: openquery = openquery ( full_ident , STRING_CONST ) 
 864: yard_opt_909 = 
 865: yard_opt_909 = yard_exp_brackets_1454 
 866: yard_opt_908 = 
 867: yard_opt_908 = yard_exp_brackets_1453 
 868: yard_opt_907 = 
 869: yard_opt_907 = yard_exp_brackets_1452 
 870: yard_opt_906 = 
 871: yard_opt_906 = yard_exp_brackets_1451 
 872: yard_opt_905 = 
 873: yard_opt_905 = yard_exp_brackets_1450 
 874: yard_opt_904 = 
 875: yard_opt_904 = yard_exp_brackets_1449 
 876: bulk_options = yard_opt_904 yard_opt_905 yard_opt_906 yard_opt_907 yard_opt_908 yard_opt_909 
 877: yard_opt_903 = 
 878: yard_opt_903 = bulk_options 
 879: openrowset = openrowset ( yard_exp_brackets_1448 ) 
 880: rowset_function = containstable 
 881: rowset_function = freetexttable 
 882: rowset_function = opendatasource 
 883: rowset_function = openquery 
 884: rowset_function = openrowset 
 885: yard_opt_902 = 
 886: yard_opt_902 = yard_exp_brackets_1447 
 887: yard_opt_901 = 
 888: yard_opt_901 = yard_exp_brackets_1446 
 889: yard_opt_899 = 
 890: yard_opt_899 = yard_exp_brackets_1445 
 891: yard_opt_900 = 
 892: yard_opt_900 = as 
 893: yard_opt_898 = 
 894: yard_opt_898 = yard_exp_brackets_1444 
 895: yard_opt_897 = 
 896: yard_opt_897 = as 
 897: yard_opt_896 = 
 898: yard_opt_896 = yard_exp_brackets_1443 
 899: yard_opt_894 = 
 900: yard_opt_894 = yard_exp_brackets_1442 
 901: yard_opt_895 = 
 902: yard_opt_895 = as 
 903: yard_opt_893 = 
 904: yard_opt_893 = yard_exp_brackets_1441 
 905: yard_many_163 = 
 906: yard_many_163 = , yard_many_163 
 907: yard_opt_892 = 
 908: yard_opt_892 = tablesample_clause 
 909: yard_opt_891 = 
 910: yard_opt_891 = as 
 911: table_source = full_ident yard_opt_891 full_ident yard_opt_892 yard_opt_893 
 912: table_source = yard_exp_brackets_1440 yard_opt_894 yard_opt_896 
 913: table_source = ident yard_opt_897 ident yard_opt_898 
 914: table_source = joined_table 
 915: table_source = pivoted_table 
 916: table_source = unpivoted_table 
 917: table_source = LOCALVAR yard_opt_899 
 918: table_source = LOCALVAR . ident ( yard_rule_comma_list_1207 ) yard_opt_901 yard_opt_902 
 919: yard_many_162 = 
 920: yard_many_162 = yard_exp_brackets_1439 yard_many_162 
 921: yard_rule_not_empty_list_1244 = table_source yard_many_162 
 922: from = from yard_rule_not_empty_list_1244 
 923: yard_opt_890 = 
 924: yard_opt_890 = yard_exp_brackets_1438 
 925: yard_opt_889 = 
 926: yard_opt_889 = yard_exp_brackets_1437 
 927: yard_opt_888 = 
 928: yard_opt_888 = not 
 929: yard_opt_887 = 
 930: yard_opt_887 = not 
 931: yard_opt_886 = 
 932: yard_opt_886 = yard_exp_brackets_1436 
 933: predicate = sql_expr yard_opt_886 
 934: predicate = sql_expr yard_opt_887 between sql_expr and sql_expr 
 935: predicate = sql_expr is yard_opt_888 null 
 936: predicate = sql_expr binop yard_exp_brackets_1433 ( query_expression ) 
 937: predicate = exists ( query_expression ) 
 938: predicate = IDENT yard_opt_889 yard_opt_890 in ( yard_exp_brackets_1434 , yard_exp_brackets_1435 ) 
 939: yard_many_161 = 
 940: yard_many_161 = yard_exp_brackets_1432 yard_many_161 
 941: yard_opt_885 = 
 942: yard_opt_885 = not 
 943: yard_opt_884 = 
 944: yard_opt_884 = not 
 945: search_condition = yard_exp_brackets_1431 yard_many_161 
 946: yard_many_160 = 
 947: yard_many_160 = yard_exp_brackets_1430 yard_many_160 
 948: yard_opt_882 = 
 949: yard_opt_882 = yard_exp_brackets_1429 
 950: yard_opt_883 = 
 951: yard_opt_883 = as 
 952: yard_opt_880 = 
 953: yard_opt_880 = yard_exp_brackets_1428 
 954: yard_opt_881 = 
 955: yard_opt_881 = as 
 956: yard_rule_list_1243 = 
 957: yard_rule_list_1243 = yard_exp_brackets_1427 yard_many_160 
 958: yard_rule_comma_list_1242 = yard_rule_list_1243 
 959: select_list = yard_rule_comma_list_1242 
 960: yard_opt_879 = 
 961: yard_opt_879 = yard_exp_brackets_1426 
 962: yard_opt_876 = 
 963: yard_opt_876 = yard_exp_brackets_1425 
 964: yard_opt_878 = 
 965: yard_opt_878 = yard_exp_brackets_1424 
 966: yard_opt_877 = 
 967: yard_opt_877 = all 
 968: yard_opt_875 = 
 969: yard_opt_875 = yard_exp_brackets_1423 
 970: yard_opt_874 = 
 971: yard_opt_874 = from 
 972: yard_opt_873 = 
 973: yard_opt_873 = yard_exp_brackets_1422 
 974: yard_opt_870 = 
 975: yard_opt_870 = yard_exp_brackets_1421 
 976: yard_opt_872 = 
 977: yard_opt_872 = yard_exp_brackets_1420 
 978: yard_opt_871 = 
 979: yard_opt_871 = percent 
 980: yard_opt_869 = 
 981: yard_opt_869 = yard_exp_brackets_1419 
 982: query_specification = select yard_opt_869 yard_opt_870 select_list yard_opt_873 yard_opt_874 yard_opt_875 yard_opt_876 yard_opt_879 
 983: yard_many_159 = 
 984: yard_many_159 = yard_exp_brackets_1418 yard_many_159 
 985: yard_rule_list_1241 = 
 986: yard_rule_list_1241 = yard_exp_brackets_1417 yard_many_159 
 987: yard_rule_comma_list_1240 = yard_rule_list_1241 
 988: yard_opt_867 = 
 989: yard_opt_867 = yard_exp_brackets_1416 
 990: yard_opt_868 = 
 991: yard_opt_868 = all 
 992: query_expression = yard_exp_brackets_1415 yard_opt_867 
 993: yard_opt_866 = 
 994: yard_opt_866 = ; 
 995: yard_opt_865 = 
 996: yard_opt_865 = yard_exp_brackets_1414 
 997: common_table_expression = yard_exp_brackets_1413 yard_opt_865 as ( select_stmnt ) yard_opt_866 
 998: yard_opt_863 = 
 999: yard_opt_863 = yard_exp_brackets_1412 
1000: yard_opt_864 = 
1001: yard_opt_864 = yard_exp_brackets_1411 
1002: yard_opt_862 = 
1003: yard_opt_862 = yard_exp_brackets_1410 
1004: yard_opt_861 = 
1005: yard_opt_861 = yard_exp_brackets_1409 
1006: common_directives = yard_opt_861 yard_opt_862 yard_opt_863 
1007: yard_many_158 = 
1008: yard_many_158 = yard_exp_brackets_1408 yard_many_158 
1009: yard_rule_list_1239 = 
1010: yard_rule_list_1239 = yard_exp_brackets_1407 yard_many_158 
1011: yard_rule_comma_list_1238 = yard_rule_list_1239 
1012: query_hint = yard_exp_brackets_1403 group 
1013: query_hint = yard_exp_brackets_1404 union 
1014: query_hint = yard_exp_brackets_1405 join 
1015: query_hint = fast DEC_NUMBER 
1016: query_hint = force order 
1017: query_hint = maxdop DEC_NUMBER 
1018: query_hint = optimize for ( yard_rule_comma_list_1238 ) 
1019: query_hint = parameterization yard_exp_brackets_1406 
1020: query_hint = recompile 
1021: query_hint = robust plan 
1022: query_hint = keep plan 
1023: query_hint = keepfixed plan 
1024: query_hint = expand views 
1025: query_hint = maxrecursion DEC_NUMBER 
1026: query_hint = use plan STRING_CONST 
1027: yard_opt_858 = 
1028: yard_opt_858 = yard_exp_brackets_1402 
1029: yard_opt_859 = 
1030: yard_opt_859 = yard_exp_brackets_1401 
1031: yard_opt_860 = 
1032: yard_opt_860 = yard_exp_brackets_1400 
1033: yard_opt_857 = 
1034: yard_opt_857 = yard_exp_brackets_1399 
1035: yard_opt_855 = 
1036: yard_opt_855 = yard_exp_brackets_1398 
1037: yard_opt_856 = 
1038: yard_opt_856 = yard_exp_brackets_1397 
1039: yard_opt_850 = 
1040: yard_opt_850 = yard_exp_brackets_1396 
1041: yard_opt_853 = 
1042: yard_opt_853 = yard_exp_brackets_1395 
1043: yard_opt_854 = 
1044: yard_opt_854 = yard_exp_brackets_1394 
1045: yard_opt_851 = 
1046: yard_opt_851 = yard_exp_brackets_1393 
1047: yard_opt_852 = 
1048: yard_opt_852 = yard_exp_brackets_1392 
1049: yard_opt_849 = 
1050: yard_opt_849 = yard_exp_brackets_1391 
1051: xml = xml yard_exp_brackets_1390 
1052: for = for yard_exp_brackets_1389 
1053: yard_many_157 = 
1054: yard_many_157 = yard_exp_brackets_1388 yard_many_157 
1055: yard_opt_848 = 
1056: yard_opt_848 = yard_exp_brackets_1387 
1057: yard_opt_847 = 
1058: yard_opt_847 = yard_exp_brackets_1386 
1059: yard_rule_list_1233 = 
1060: yard_rule_list_1233 = yard_exp_brackets_1385 yard_many_157 
1061: yard_rule_comma_list_1232 = yard_rule_list_1233 
1062: yard_many_156 = 
1063: yard_many_156 = yard_exp_brackets_1384 yard_many_156 
1064: yard_rule_list_1235 = 
1065: yard_rule_list_1235 = yard_exp_brackets_1383 yard_many_156 
1066: yard_rule_comma_list_1234 = yard_rule_list_1235 
1067: yard_many_155 = 
1068: yard_many_155 = yard_exp_brackets_1382 yard_many_155 
1069: yard_rule_list_1237 = 
1070: yard_rule_list_1237 = query_hint yard_many_155 
1071: yard_rule_comma_list_1236 = yard_rule_list_1237 
1072: yard_opt_846 = 
1073: yard_opt_846 = ; 
1074: yard_opt_845 = 
1075: yard_opt_845 = yard_exp_brackets_1381 
1076: yard_opt_844 = 
1077: yard_opt_844 = for 
1078: yard_opt_842 = 
1079: yard_opt_842 = yard_exp_brackets_1380 
1080: yard_opt_843 = 
1081: yard_opt_843 = yard_exp_brackets_1379 
1082: yard_opt_841 = 
1083: yard_opt_841 = yard_exp_brackets_1378 
1084: yard_opt_840 = 
1085: yard_opt_840 = yard_exp_brackets_1377 
1086: select_stmnt = yard_opt_840 query_expression yard_opt_841 yard_opt_842 yard_opt_844 yard_opt_845 yard_opt_846 
1087: object = full_ident 
1088: yard_many_154 = 
1089: yard_many_154 = yard_exp_brackets_1376 yard_many_154 
1090: yard_opt_838 = 
1091: yard_opt_838 = yard_exp_brackets_1375 
1092: yard_opt_839 = 
1093: yard_opt_839 = as 
1094: yard_opt_836 = 
1095: yard_opt_836 = yard_exp_brackets_1374 
1096: yard_opt_837 = 
1097: yard_opt_837 = as 
1098: yard_rule_list_1231 = 
1099: yard_rule_list_1231 = yard_exp_brackets_1373 yard_many_154 
1100: yard_rule_comma_list_1230 = yard_rule_list_1231 
1101: yard_opt_834 = 
1102: yard_opt_834 = yard_exp_brackets_1372 
1103: yard_opt_835 = 
1104: yard_opt_835 = as 
1105: dml_select_list = yard_exp_brackets_1371 yard_opt_834 yard_rule_comma_list_1230 
1106: yard_opt_833 = 
1107: yard_opt_833 = yard_exp_brackets_1370 
1108: yard_opt_832 = 
1109: yard_opt_832 = yard_exp_brackets_1369 
1110: output_clause = output dml_select_list into yard_exp_brackets_1368 yard_opt_832 yard_opt_833 
1111: yard_many_153 = 
1112: yard_many_153 = yard_exp_brackets_1367 yard_many_153 
1113: yard_rule_list_1227 = 
1114: yard_rule_list_1227 = common_table_expression yard_many_153 
1115: yard_rule_comma_list_1226 = yard_rule_list_1227 
1116: yard_many_152 = 
1117: yard_many_152 = yard_exp_brackets_1366 yard_many_152 
1118: yard_rule_list_1229 = 
1119: yard_rule_list_1229 = yard_exp_brackets_1365 yard_many_152 
1120: yard_rule_comma_list_1228 = yard_rule_list_1229 
1121: yard_opt_831 = 
1122: yard_opt_831 = ; 
1123: yard_opt_830 = 
1124: yard_opt_830 = yard_exp_brackets_1364 
1125: yard_opt_829 = 
1126: yard_opt_829 = output_clause 
1127: yard_opt_828 = 
1128: yard_opt_828 = yard_exp_brackets_1363 
1129: yard_opt_827 = 
1130: yard_opt_827 = yard_exp_brackets_1362 
1131: yard_many_151 = 
1132: yard_many_151 = table_hint yard_many_151 
1133: yard_opt_826 = 
1134: yard_opt_826 = into 
1135: yard_opt_824 = 
1136: yard_opt_824 = yard_exp_brackets_1361 
1137: yard_opt_825 = 
1138: yard_opt_825 = percent 
1139: yard_opt_823 = 
1140: yard_opt_823 = yard_exp_brackets_1360 
1141: insert = yard_opt_823 insert yard_opt_824 yard_opt_826 yard_exp_brackets_1359 yard_opt_828 yard_opt_829 yard_opt_830 yard_opt_831 
1142: yard_opt_822 = 
1143: yard_opt_822 = ; 
1144: yard_opt_821 = 
1145: yard_opt_821 = yard_exp_brackets_1358 
1146: yard_opt_820 = 
1147: yard_opt_820 = yard_exp_brackets_1357 
1148: yard_many_150 = 
1149: yard_many_150 = yard_exp_brackets_1356 yard_many_150 
1150: yard_opt_819 = 
1151: yard_opt_819 = output 
1152: yard_some_25 = yard_exp_brackets_1354 
1153: yard_some_25 = yard_exp_brackets_1355 yard_some_25 
1154: yard_opt_818 = 
1155: yard_opt_818 = + 
1156: yard_opt_817 = 
1157: yard_opt_817 = ? 
1158: execute_command = yard_exp_brackets_1353 ( yard_some_25 yard_many_150 ) yard_opt_820 yard_opt_821 yard_opt_822 
1159: yard_opt_816 = 
1160: yard_opt_816 = ; 
1161: yard_opt_815 = 
1162: yard_opt_815 = yard_exp_brackets_1352 
1163: yard_some_24 = yard_exp_brackets_1350 
1164: yard_some_24 = yard_exp_brackets_1351 yard_some_24 
1165: yard_opt_814 = 
1166: yard_opt_814 = + 
1167: execute_character_string = yard_exp_brackets_1349 ( yard_some_24 ) yard_opt_815 yard_opt_816 
1168: create_object = STOREDPROCEDURE ( yard_rule_comma_list_1207 ) 
1169: yard_many_149 = 
1170: yard_many_149 = yard_exp_brackets_1348 yard_many_149 
1171: yard_opt_810 = 
1172: yard_opt_810 = yard_exp_brackets_1347 
1173: yard_opt_813 = 
1174: yard_opt_813 = default 
1175: yard_opt_812 = 
1176: yard_opt_812 = yard_exp_brackets_1346 
1177: yard_opt_811 = 
1178: yard_opt_811 = yard_exp_brackets_1345 
1179: yard_opt_806 = 
1180: yard_opt_806 = yard_exp_brackets_1344 
1181: yard_opt_809 = 
1182: yard_opt_809 = default 
1183: yard_opt_808 = 
1184: yard_opt_808 = yard_exp_brackets_1343 
1185: yard_opt_807 = 
1186: yard_opt_807 = yard_exp_brackets_1342 
1187: yard_rule_list_1225 = 
1188: yard_rule_list_1225 = yard_opt_806 yard_many_149 
1189: yard_rule_comma_list_1224 = yard_rule_list_1225 
1190: yard_many_148 = 
1191: yard_many_148 = yard_exp_brackets_1341 yard_many_148 
1192: yard_opt_805 = 
1193: yard_opt_805 = yard_exp_brackets_1340 
1194: yard_opt_804 = 
1195: yard_opt_804 = yard_exp_brackets_1339 
1196: yard_rule_list_1223 = 
1197: yard_rule_list_1223 = yard_exp_brackets_1338 yard_many_148 
1198: yard_rule_comma_list_1222 = yard_rule_list_1223 
1199: yard_opt_803 = 
1200: yard_opt_803 = yard_exp_brackets_1337 
1201: yard_opt_802 = 
1202: yard_opt_802 = yard_exp_brackets_1336 
1203: yard_opt_801 = 
1204: yard_opt_801 = yard_exp_brackets_1335 
1205: yard_opt_800 = 
1206: yard_opt_800 = yard_exp_brackets_1334 
1207: execute_proc = yard_opt_800 yard_exp_brackets_1333 
1208: execute_stmnt = execute_proc 
1209: execute_stmnt = execute_character_string 
1210: execute_stmnt = execute_command 
1211: yard_opt_799 = 
1212: yard_opt_799 = ; 
1213: print_stmt = print sql_expr yard_opt_799 
1214: yard_some_23 = full_ident 
1215: yard_some_23 = full_ident yard_some_23 
1216: drop_procedure = drop yard_exp_brackets_1332 yard_some_23 
1217: yard_many_147 = 
1218: yard_many_147 = yard_exp_brackets_1331 yard_many_147 
1219: yard_opt_798 = 
1220: yard_opt_798 = ; 
1221: stmt_block = begin yard_many_147 end 
1222: yard_many_146 = 
1223: yard_many_146 = yard_exp_brackets_1330 yard_many_146 
1224: yard_rule_list_1221 = 
1225: yard_rule_list_1221 = yard_exp_brackets_1329 yard_many_146 
1226: yard_rule_comma_list_1220 = yard_rule_list_1221 
1227: yard_opt_797 = 
1228: yard_opt_797 = yard_exp_brackets_1328 
1229: yard_opt_796 = 
1230: yard_opt_796 = yard_exp_brackets_1327 
1231: raiserror_stmnt = raiserror ( yard_exp_brackets_1325 yard_exp_brackets_1326 yard_opt_796 ) yard_opt_797 
1232: table_constraint = yard_exp_brackets_1324 ( yard_rule_comma_list_1205 ) 
1233: table_constraint = check ( search_condition ) 
1234: yard_opt_794 = 
1235: yard_opt_794 = yard_exp_brackets_1323 
1236: yard_opt_795 = 
1237: yard_opt_795 = not 
1238: column_constraint = yard_opt_794 
1239: yard_opt_793 = 
1240: yard_opt_793 = column_constraint 
1241: yard_opt_792 = 
1242: yard_opt_792 = rowguidcol 
1243: yard_opt_790 = 
1244: yard_opt_790 = yard_exp_brackets_1322 
1245: yard_opt_791 = 
1246: yard_opt_791 = yard_exp_brackets_1321 
1247: yard_opt_789 = 
1248: yard_opt_789 = yard_exp_brackets_1320 
1249: column_definition = ident yard_exp_brackets_1319 yard_opt_789 yard_opt_790 yard_opt_792 yard_opt_793 
1250: yard_many_145 = 
1251: yard_many_145 = yard_exp_brackets_1318 yard_many_145 
1252: table_type_definition = table ( yard_many_145 ) 
1253: yard_many_144 = 
1254: yard_many_144 = yard_exp_brackets_1317 yard_many_144 
1255: yard_opt_788 = 
1256: yard_opt_788 = as 
1257: yard_opt_787 = 
1258: yard_opt_787 = for 
1259: yard_opt_786 = 
1260: yard_opt_786 = static 
1261: yard_opt_785 = 
1262: yard_opt_785 = local 
1263: yard_opt_784 = 
1264: yard_opt_784 = as 
1265: yard_opt_783 = 
1266: yard_opt_783 = as 
1267: yard_opt_782 = 
1268: yard_opt_782 = for 
1269: yard_opt_781 = 
1270: yard_opt_781 = static 
1271: yard_opt_780 = 
1272: yard_opt_780 = local 
1273: yard_opt_779 = 
1274: yard_opt_779 = as 
1275: yard_rule_list_1219 = 
1276: yard_rule_list_1219 = yard_exp_brackets_1316 yard_many_144 
1277: yard_rule_comma_list_1218 = yard_rule_list_1219 
1278: yard_opt_778 = 
1279: yard_opt_778 = ; 
1280: declare = declare yard_rule_comma_list_1218 yard_opt_778 
1281: proc_body_stmnt = select_stmnt 
1282: proc_body_stmnt = set_stmnt 
1283: proc_body_stmnt = execute_stmnt 
1284: proc_body_stmnt = declare 
1285: proc_body_stmnt = return sql_expr 
1286: proc_body_stmnt = if_stmt 
1287: proc_body_stmnt = raiserror_stmnt 
1288: proc_body_stmnt = stmt_block 
1289: proc_body_stmnt = begin_transaction 
1290: proc_body_stmnt = commit_transaction 
1291: proc_body_stmnt = rollback_transaction 
1292: proc_body_stmnt = drop_procedure 
1293: proc_body_stmnt = while_stmt 
1294: proc_body_stmnt = create_table 
1295: proc_body_stmnt = insert 
1296: proc_body_stmnt = fetch_stmnt 
1297: proc_body_stmnt = print_stmt 
1298: type_size = ( yard_exp_brackets_1315 ) 
1299: yard_opt_777 = 
1300: yard_opt_777 = type_size 
1301: yard_opt_776 = 
1302: yard_opt_776 = type_size 
1303: yard_opt_775 = 
1304: yard_opt_775 = type_size 
1305: yard_opt_774 = 
1306: yard_opt_774 = type_size 
1307: yard_opt_773 = 
1308: yard_opt_773 = type_size 
1309: yard_opt_772 = 
1310: yard_opt_772 = type_size 
1311: sql_datatype = bigint 
1312: sql_datatype = numeric 
1313: sql_datatype = bit 
1314: sql_datatype = smallint 
1315: sql_datatype = decimal 
1316: sql_datatype = datetime 
1317: sql_datatype = smallmoney 
1318: sql_datatype = sysname 
1319: sql_datatype = int 
1320: sql_datatype = tinyint 
1321: sql_datatype = money 
1322: sql_datatype = float yard_opt_772 
1323: sql_datatype = real 
1324: sql_datatype = char yard_opt_773 
1325: sql_datatype = varchar yard_opt_774 
1326: sql_datatype = varbinary yard_opt_775 
1327: sql_datatype = nchar yard_opt_776 
1328: sql_datatype = nvarchar yard_opt_777 
1329: sql_datatype = sql_variant 
1330: yard_opt_771 = 
1331: yard_opt_771 = yard_exp_brackets_1314 
1332: yard_many_143 = 
1333: yard_many_143 = yard_exp_brackets_1313 yard_many_143 
1334: yard_opt_770 = 
1335: yard_opt_770 = sql_expr 
1336: case = case yard_opt_770 yard_many_143 yard_opt_771 end 
1337: yard_opt_769 = 
1338: yard_opt_769 = yard_exp_brackets_1312 
1339: if_stmt = if sql_expr proc_body_stmnt yard_opt_769 
1340: while_stmt = while sql_expr proc_body_stmnt 
1341: execute_as = yard_exp_brackets_1310 as yard_exp_brackets_1311 
1342: yard_rule_brace_opt_1217 = yard_rule_comma_list_1203 
1343: yard_rule_brace_opt_1217 = ( yard_rule_comma_list_1203 ) 
1344: yard_opt_768 = 
1345: yard_opt_768 = ; 
1346: yard_many_142 = 
1347: yard_many_142 = yard_exp_brackets_1309 yard_many_142 
1348: yard_opt_767 = 
1349: yard_opt_767 = ; 
1350: yard_opt_766 = 
1351: yard_opt_766 = yard_exp_brackets_1308 
1352: yard_opt_765 = 
1353: yard_opt_765 = yard_exp_brackets_1307 
1354: yard_some_22 = execute_as 
1355: yard_some_22 = execute_as yard_some_22 
1356: yard_opt_764 = 
1357: yard_opt_764 = yard_exp_brackets_1306 
1358: yard_opt_763 = 
1359: yard_opt_763 = yard_exp_brackets_1305 
1360: create_proc = create yard_exp_brackets_1304 yard_opt_763 ident yard_opt_764 yard_rule_brace_opt_1217 yard_opt_765 yard_opt_766 as yard_many_142 yard_opt_768 
1361: yard_many_141 = 
1362: yard_many_141 = yard_exp_brackets_1303 yard_many_141 
1363: yard_rule_list_1216 = 
1364: yard_rule_list_1216 = LOCALVAR yard_many_141 
1365: yard_rule_comma_list_1215 = yard_rule_list_1216 
1366: yard_opt_762 = 
1367: yard_opt_762 = yard_exp_brackets_1302 
1368: yard_opt_761 = 
1369: yard_opt_761 = global 
1370: yard_opt_759 = 
1371: yard_opt_759 = yard_exp_brackets_1301 
1372: yard_opt_760 = 
1373: yard_opt_760 = yard_exp_brackets_1300 
1374: fetch_stmnt = fetch yard_opt_759 yard_exp_brackets_1299 yard_opt_762 
1375: binop = += 
1376: binop = -= 
1377: binop = *= 
1378: binop = /= 
1379: binop = %= 
1380: binop = &= 
1381: binop = ^= 
1382: binop = |= 
1383: binop = = 
1384: binop = + 
1385: binop = - 
1386: binop = * 
1387: binop = / 
1388: binop = % 
1389: binop = ~ 
1390: binop = < 
1391: binop = > 
1392: binop = yard_exp_brackets_1296 
1393: binop = yard_exp_brackets_1297 
1394: binop = yard_exp_brackets_1298 
1395: yard_many_140 = 
1396: yard_many_140 = yard_exp_brackets_1295 yard_many_140 
1397: yard_opt_758 = 
1398: yard_opt_758 = yard_exp_brackets_1294 
1399: yard_opt_757 = 
1400: yard_opt_757 = yard_exp_brackets_1293 
1401: yard_rule_list_1214 = 
1402: yard_rule_list_1214 = yard_exp_brackets_1292 yard_many_140 
1403: yard_rule_comma_list_1213 = yard_rule_list_1214 
1404: yard_opt_756 = 
1405: yard_opt_756 = yard_exp_brackets_1291 
1406: order_by_clause = yard_opt_756 
1407: yard_many_139 = 
1408: yard_many_139 = yard_exp_brackets_1290 yard_many_139 
1409: yard_opt_755 = 
1410: yard_opt_755 = yard_exp_brackets_1289 
1411: yard_opt_754 = 
1412: yard_opt_754 = yard_exp_brackets_1288 
1413: yard_rule_list_1212 = 
1414: yard_rule_list_1212 = yard_opt_754 yard_many_139 
1415: yard_rule_comma_list_1211 = yard_rule_list_1212 
1416: aggregate_windowed_function = over ( yard_rule_comma_list_1211 order_by_clause ) 
1417: yard_opt_753 = 
1418: yard_opt_753 = yard_many_138 
1419: yard_many_138 = 
1420: yard_many_138 = yard_exp_brackets_1287 yard_many_138 
1421: yard_opt_752 = 
1422: yard_opt_752 = sql_expr 
1423: ranking_windowed_function = yard_exp_brackets_1286 ( yard_opt_752 ) over ( yard_opt_753 order_by_clause ) 
1424: yard_many_137 = 
1425: yard_many_137 = yard_exp_brackets_1285 yard_many_137 
1426: yard_rule_list_1210 = 
1427: yard_rule_list_1210 = yard_exp_brackets_1284 yard_many_137 
1428: yard_rule_comma_list_1209 = yard_rule_list_1210 
1429: call_expr = full_ident ( yard_rule_comma_list_1209 ) 
1430: yard_opt_751 = 
1431: yard_opt_751 = yard_exp_brackets_1283 
1432: scalar_function = lower sql_expr 
1433: scalar_function = sum ( yard_opt_751 sql_expr ) 
1434: scalar_function = yard_exp_brackets_1281 ( sql_expr ) 
1435: scalar_function = yard_exp_brackets_1282 from sql_expr 
1436: scalar_function = hextoraw ( sql_value ) 
1437: sql_expr = sql_expr_not_concat 
1438: sql_expr = sql_expr_not_concat | | sql_expr 
1439: yard_many_136 = 
1440: yard_many_136 = yard_exp_brackets_1280 yard_many_136 
1441: yard_rule_list_1208 = 
1442: yard_rule_list_1208 = sql_expr yard_many_136 
1443: yard_rule_comma_list_1207 = yard_rule_list_1208 
1444: yard_opt_750 = 
1445: yard_opt_750 = not 
1446: yard_opt_749 = 
1447: yard_opt_749 = not 
1448: yard_opt_748 = 
1449: yard_opt_748 = not 
1450: yard_opt_747 = 
1451: yard_opt_747 = is 
1452: sql_expr_not_concat = sql_value 
1453: sql_expr_not_concat = scalar_function 
1454: sql_expr_not_concat = ( sql_expr ) 
1455: sql_expr_not_concat = call_expr 
1456: sql_expr_not_concat = full_ident 
1457: sql_expr_not_concat = select_stmnt 
1458: sql_expr_not_concat = yard_exp_brackets_1278 sql_expr 
1459: sql_expr_not_concat = GLOBALVAR 
1460: sql_expr_not_concat = LOCALVAR 
1461: sql_expr_not_concat = * 
1462: sql_expr_not_concat = sql_expr binop sql_expr 
1463: sql_expr_not_concat = sql_expr yard_opt_747 yard_opt_748 null 
1464: sql_expr_not_concat = ranking_windowed_function 
1465: sql_expr_not_concat = aggregate_windowed_function 
1466: sql_expr_not_concat = sql_expr collate ident 
1467: sql_expr_not_concat = case 
1468: sql_expr_not_concat = exists sql_expr 
1469: sql_expr_not_concat = is_member ( STRING_CONST ) 
1470: sql_expr_not_concat = sql_expr yard_exp_brackets_1279 sql_expr 
1471: sql_expr_not_concat = type from full_ident 
1472: sql_expr_not_concat = fetch_stmnt 
1473: sql_expr_not_concat = sql_expr yard_opt_749 in ( yard_rule_comma_list_1207 ) 
1474: sql_expr_not_concat = sql_expr yard_opt_750 like sql_expr 
1475: yard_opt_746 = 
1476: yard_opt_746 = readonly 
1477: yard_opt_745 = 
1478: yard_opt_745 = yard_exp_brackets_1277 
1479: yard_opt_744 = 
1480: yard_opt_744 = yard_exp_brackets_1276 
1481: yard_opt_743 = 
1482: yard_opt_743 = varying 
1483: yard_opt_742 = 
1484: yard_opt_742 = sql_datatype 
1485: yard_opt_741 = 
1486: yard_opt_741 = yard_exp_brackets_1275 
1487: proc_formal_param = LOCALVAR yard_opt_741 yard_opt_742 yard_opt_743 yard_opt_744 yard_opt_745 yard_opt_746 
1488: yard_many_135 = 
1489: yard_many_135 = yard_exp_brackets_1274 yard_many_135 
1490: yard_rule_list_1206 = 
1491: yard_rule_list_1206 = ident yard_many_135 
1492: yard_rule_comma_list_1205 = yard_rule_list_1206 
1493: yard_many_134 = 
1494: yard_many_134 = yard_exp_brackets_1273 yard_many_134 
1495: yard_rule_list_1204 = 
1496: yard_rule_list_1204 = proc_formal_param yard_many_134 
1497: yard_rule_comma_list_1203 = yard_rule_list_1204 
1498: yard_opt_739 = 
1499: yard_opt_739 = yard_exp_brackets_1272 
1500: yard_opt_740 = 
1501: yard_opt_740 = yard_exp_brackets_1271 
1502: yard_opt_738 = 
1503: yard_opt_738 = type_warning 
1504: yard_opt_737 = 
1505: yard_opt_737 = yard_exp_brackets_1270 
1506: yard_opt_736 = 
1507: yard_opt_736 = yard_exp_brackets_1269 
1508: yard_opt_735 = 
1509: yard_opt_735 = yard_exp_brackets_1268 
1510: yard_opt_734 = 
1511: yard_opt_734 = yard_exp_brackets_1267 
1512: set_localvar = set yard_exp_brackets_1266 
1513: set_localvar = LOCALVAR = LOCALVAR 
1514: set_localvar = cursor yard_opt_735 yard_opt_736 yard_opt_737 yard_opt_738 for select_stmnt yard_opt_739 
1515: set_stmnt = set yard_exp_brackets_1264 yard_exp_brackets_1265 
1516: set_stmnt = set_localvar 
1517: yard_many_133 = 
1518: yard_many_133 = yard_exp_brackets_1263 yard_many_133 
1519: yard_rule_not_empty_list_1202 = ident yard_many_133 
1520: full_ident = yard_rule_not_empty_list_1202 
1521: yard_rule_brace_opt_1201 = yard_exp_brackets_1261 
1522: yard_rule_brace_opt_1201 = [ yard_exp_brackets_1262 ] 
1523: ident = yard_rule_brace_opt_1201 
1524: sql_value = STRING_CONST 
1525: sql_value = dec_num 
1526: sql_value = null 
1527: yard_opt_733 = 
1528: yard_opt_733 = - 
1529: dec_num = yard_opt_733 DEC_NUMBER 
States count: 2107
Generation time: 00:00:29.8747284
