
rules:
   0: yard_exp_brackets_3316 = DOT ident 
   1: yard_exp_brackets_3315 = KW_IGNORE_DUP_KEY 
   2: yard_exp_brackets_3315 = KW_OWNER 
   3: yard_exp_brackets_3315 = KW_STATE 
   4: yard_exp_brackets_3315 = KW_CLASS 
   5: yard_exp_brackets_3315 = KW_TYPE 
   6: yard_exp_brackets_3315 = IDENT 
   7: yard_exp_brackets_3314 = KW_IGNORE_DUP_KEY 
   8: yard_exp_brackets_3314 = KW_OWNER 
   9: yard_exp_brackets_3314 = KW_STATE 
  10: yard_exp_brackets_3314 = KW_CLASS 
  11: yard_exp_brackets_3314 = KW_TYPE 
  12: yard_exp_brackets_3314 = IDENT 
  13: yard_many_318 = yard_exp_brackets_3316 yard_many_318 
  14: yard_many_318 = 
  15: yard_rule_not_empty_list_3248 = ident yard_many_318 
  16: full_ident = yard_rule_not_empty_list_3248 
  17: yard_rule_brace_opt_3247 = LBRACKET yard_exp_brackets_3315 RBRACKET 
  18: yard_rule_brace_opt_3247 = yard_exp_brackets_3314 
  19: ident = yard_rule_brace_opt_3247 
  20: sql_value = KW_NULL 
  21: sql_value = dec_num 
  22: sql_value = STRING_CONST 
  23: yard_opt_1872 = OP_MINUS 
  24: yard_opt_1872 = 
  25: dec_num = yard_opt_1872 DEC_NUMBER 
  26: yard_exp_brackets_3711 = KW_ROWGUID 
  27: yard_exp_brackets_3711 = KW_IDENTITY 
  28: yard_exp_brackets_3711 = ident 
  29: yard_exp_brackets_3710 = LOCALVAR 
  30: yard_exp_brackets_3710 = full_ident yard_opt_2101 
  31: yard_exp_brackets_3709 = sql_expr 
  32: yard_exp_brackets_3709 = ident 
  33: yard_exp_brackets_3708 = KW_FULL 
  34: yard_exp_brackets_3708 = KW_RIGHT 
  35: yard_exp_brackets_3708 = KW_LEFT 
  36: yard_exp_brackets_3707 = proximity_term 
  37: yard_exp_brackets_3707 = generation_term 
  38: yard_exp_brackets_3707 = prefix_term 
  39: yard_exp_brackets_3707 = simple_term 
  40: yard_exp_brackets_3706 = EMPTY 
  41: yard_exp_brackets_3706 = KW_OR 
  42: yard_exp_brackets_3705 = EMPTY 
  43: yard_exp_brackets_3705 = KW_AND KW_NOT 
  44: yard_exp_brackets_3704 = EMPTY 
  45: yard_exp_brackets_3704 = KW_AND 
  46: yard_exp_brackets_3703 = sql_expr yard_opt_1972 
  47: yard_exp_brackets_3703 = yard_opt_1970 yard_exp_brackets_3711 yard_opt_1971 
  48: yard_exp_brackets_3702 = ident 
  49: yard_exp_brackets_3702 = STRING_CONST 
  50: yard_exp_brackets_3701 = ident 
  51: yard_exp_brackets_3701 = STRING_CONST 
  52: yard_exp_brackets_3700 = KW_ROWGUID 
  53: yard_exp_brackets_3700 = KW_IDENTITY 
  54: yard_exp_brackets_3700 = ident 
  55: yard_exp_brackets_3699 = DEC_NUMBER 
  56: yard_exp_brackets_3699 = ident 
  57: yard_exp_brackets_3698 = KW_SUM 
  58: yard_exp_brackets_3698 = KW_MIN 
  59: yard_exp_brackets_3698 = KW_MAX 
  60: yard_exp_brackets_3698 = KW_COUNT 
  61: yard_exp_brackets_3698 = KW_AVG 
  62: yard_exp_brackets_3697 = sql_expr 
  63: yard_exp_brackets_3697 = sql_datatype 
  64: yard_exp_brackets_3696 = LOCALVAR 
  65: yard_exp_brackets_3696 = dec_num 
  66: yard_exp_brackets_3695 = LOCALVAR 
  67: yard_exp_brackets_3695 = dec_num 
  68: yard_exp_brackets_3694 = yard_opt_2131 IDENT 
  69: yard_exp_brackets_3693 = KW_USER 
  70: yard_exp_brackets_3693 = KW_LOGIN 
  71: yard_exp_brackets_3692 = KW_USER 
  72: yard_exp_brackets_3692 = KW_LOGIN 
  73: yard_exp_brackets_3691 = STRING_CONST 
  74: yard_exp_brackets_3691 = LOCALVAR 
  75: yard_exp_brackets_3690 = STRING_CONST 
  76: yard_exp_brackets_3690 = LOCALVAR 
  77: yard_exp_brackets_3689 = yard_opt_2112 sql_expr 
  78: yard_exp_brackets_3688 = yard_opt_2110 
  79: yard_exp_brackets_3688 = LOCALVAR yard_opt_2109 
  80: yard_exp_brackets_3688 = DEC_NUMBER 
  81: yard_exp_brackets_3688 = KW_NULL 
  82: yard_exp_brackets_3688 = ident 
  83: yard_exp_brackets_3687 = yard_opt_2106 
  84: yard_exp_brackets_3687 = LOCALVAR yard_opt_2105 
  85: yard_exp_brackets_3687 = DEC_NUMBER 
  86: yard_exp_brackets_3687 = KW_NULL 
  87: yard_exp_brackets_3687 = ident 
  88: yard_exp_brackets_3686 = yard_opt_2100 yard_exp_brackets_3710 yard_rule_brace_opt_3309 yard_opt_2102 
  89: yard_exp_brackets_3685 = LOCALVAR 
  90: yard_exp_brackets_3685 = ident 
  91: yard_exp_brackets_3684 = yard_exp_brackets_3709 yard_opt_2089 
  92: yard_exp_brackets_3683 = sql_expr 
  93: yard_exp_brackets_3683 = ident 
  94: yard_exp_brackets_3682 = sql_expr 
  95: yard_exp_brackets_3682 = KW_NULL 
  96: yard_exp_brackets_3682 = KW_DEFAULT 
  97: yard_exp_brackets_3681 = KW_OFF 
  98: yard_exp_brackets_3681 = KW_ON 
  99: yard_exp_brackets_3680 = KW_OFF 
 100: yard_exp_brackets_3680 = KW_ON 
 101: yard_exp_brackets_3679 = KW_OFF 
 102: yard_exp_brackets_3679 = KW_ON 
 103: yard_exp_brackets_3678 = KW_OFF 
 104: yard_exp_brackets_3678 = KW_ON 
 105: yard_exp_brackets_3677 = KW_OFF 
 106: yard_exp_brackets_3677 = KW_ON 
 107: yard_exp_brackets_3676 = IDENT yard_opt_2072 
 108: yard_exp_brackets_3675 = KW_DEFAULT 
 109: yard_exp_brackets_3675 = IDENT 
 110: yard_exp_brackets_3675 = IDENT LPAREN IDENT RPAREN 
 111: yard_exp_brackets_3674 = KW_UNIQUE 
 112: yard_exp_brackets_3674 = KW_PRIMARY KW_KEY 
 113: yard_exp_brackets_3673 = KW_UNIQUE 
 114: yard_exp_brackets_3673 = KW_PRIMARY KW_KEY 
 115: yard_exp_brackets_3672 = KW_DEFAULT 
 116: yard_exp_brackets_3672 = IDENT 
 117: yard_exp_brackets_3672 = IDENT LPAREN IDENT RPAREN 
 118: yard_exp_brackets_3671 = KW_DEFAULT 
 119: yard_exp_brackets_3671 = IDENT 
 120: yard_exp_brackets_3671 = IDENT LPAREN IDENT RPAREN 
 121: yard_exp_brackets_3670 = KW_UNIQUE 
 122: yard_exp_brackets_3670 = KW_PRIMARY KW_KEY 
 123: yard_exp_brackets_3669 = computed_column_definition 
 124: yard_exp_brackets_3669 = column_definition_create_table 
 125: yard_exp_brackets_3668 = KW_DEFAULT 
 126: yard_exp_brackets_3668 = IDENT 
 127: yard_exp_brackets_3667 = KW_DEFAULT 
 128: yard_exp_brackets_3667 = IDENT 
 129: yard_exp_brackets_3667 = IDENT LPAREN IDENT RPAREN 
 130: yard_exp_brackets_3666 = yard_exp_brackets_3708 yard_opt_2026 
 131: yard_exp_brackets_3665 = yard_exp_brackets_3707 yard_opt_2019 
 132: yard_exp_brackets_3664 = proximity_term 
 133: yard_exp_brackets_3664 = generation_term 
 134: yard_exp_brackets_3664 = prefix_term 
 135: yard_exp_brackets_3664 = simple_term 
 136: yard_exp_brackets_3663 = prefix_term 
 137: yard_exp_brackets_3663 = simple_term 
 138: yard_exp_brackets_3662 = OP_TILDA 
 139: yard_exp_brackets_3662 = KW_NEAR 
 140: yard_exp_brackets_3661 = prefix_term 
 141: yard_exp_brackets_3661 = simple_term 
 142: yard_exp_brackets_3660 = OP_TILDA 
 143: yard_exp_brackets_3660 = KW_NEAR 
 144: yard_exp_brackets_3659 = yard_exp_brackets_3706 
 145: yard_exp_brackets_3659 = yard_exp_brackets_3705 
 146: yard_exp_brackets_3659 = yard_exp_brackets_3704 
 147: yard_exp_brackets_3658 = DEC_NUMBER 
 148: yard_exp_brackets_3658 = STRING_CONST 
 149: yard_exp_brackets_3657 = DEC_NUMBER 
 150: yard_exp_brackets_3657 = STRING_CONST 
 151: yard_exp_brackets_3656 = KW_SINGLE_NCLOB 
 152: yard_exp_brackets_3656 = KW_SINGLE_CLOB 
 153: yard_exp_brackets_3656 = KW_SINGLE_BLOB 
 154: yard_exp_brackets_3656 = KW_FORMATFILE OP_EQ STRING_CONST yard_opt_2007 
 155: yard_exp_brackets_3655 = STRING_CONST 
 156: yard_exp_brackets_3655 = yard_opt_2005 yard_opt_2006 full_ident 
 157: yard_exp_brackets_3654 = STRING_CONST 
 158: yard_exp_brackets_3654 = STRING_CONST SEMI STRING_CONST SEMI STRING_CONST 
 159: yard_exp_brackets_3653 = rowset_function yard_opt_1993 yard_opt_1995 
 160: yard_exp_brackets_3652 = STRING_CONST 
 161: yard_exp_brackets_3652 = dec_num 
 162: yard_exp_brackets_3651 = STRING_CONST 
 163: yard_exp_brackets_3651 = dec_num 
 164: yard_exp_brackets_3650 = LPAREN search_condition RPAREN 
 165: yard_exp_brackets_3650 = predicate 
 166: yard_exp_brackets_3649 = KW_OR 
 167: yard_exp_brackets_3649 = KW_AND 
 168: yard_exp_brackets_3648 = sql_expr yard_opt_1981 
 169: yard_exp_brackets_3647 = ident OP_EQ sql_expr 
 170: yard_exp_brackets_3647 = yard_exp_brackets_3703 
 171: yard_exp_brackets_3647 = full_ident DOT STAR 
 172: yard_exp_brackets_3647 = STAR 
 173: yard_exp_brackets_3646 = ident LPAREN yard_rule_comma_list_3256 RPAREN 
 174: yard_exp_brackets_3646 = yard_exp_brackets_3702 
 175: yard_exp_brackets_3645 = DOUBLE_COLON 
 176: yard_exp_brackets_3645 = DOT 
 177: yard_exp_brackets_3644 = ident LPAREN yard_rule_comma_list_3256 RPAREN 
 178: yard_exp_brackets_3644 = yard_exp_brackets_3701 
 179: yard_exp_brackets_3643 = DOUBLE_COLON 
 180: yard_exp_brackets_3643 = DOT 
 181: yard_exp_brackets_3642 = sql_expr yard_opt_1968 
 182: yard_exp_brackets_3642 = yard_opt_1966 yard_exp_brackets_3700 yard_opt_1967 
 183: yard_exp_brackets_3641 = KW_ROLLUP 
 184: yard_exp_brackets_3641 = KW_CUBE 
 185: yard_exp_brackets_3640 = LPAREN query_expression RPAREN 
 186: yard_exp_brackets_3639 = KW_INTERSECT 
 187: yard_exp_brackets_3639 = KW_EXCEPT 
 188: yard_exp_brackets_3639 = KW_UNION yard_opt_1954 
 189: yard_exp_brackets_3638 = LOCALVAR OP_EQ STRING_CONST 
 190: yard_exp_brackets_3637 = KW_FORCED 
 191: yard_exp_brackets_3637 = KW_SIMPLE 
 192: yard_exp_brackets_3636 = KW_HASH 
 193: yard_exp_brackets_3636 = KW_MERGE 
 194: yard_exp_brackets_3636 = KW_LOOP 
 195: yard_exp_brackets_3635 = KW_MERGE 
 196: yard_exp_brackets_3635 = KW_HASH 
 197: yard_exp_brackets_3635 = KW_CONCAT 
 198: yard_exp_brackets_3634 = KW_ORDER 
 199: yard_exp_brackets_3634 = KW_HASH 
 200: yard_exp_brackets_3633 = KW_XMLSCHEMA yard_opt_1938 
 201: yard_exp_brackets_3633 = KW_XMLDATA 
 202: yard_exp_brackets_3632 = KW_AUTO 
 203: yard_exp_brackets_3632 = KW_RAW yard_opt_1935 
 204: yard_exp_brackets_3631 = xml 
 205: yard_exp_brackets_3631 = KW_BROWSE 
 206: yard_exp_brackets_3630 = LOCALVAR OP_EQ sql_expr 
 207: yard_exp_brackets_3629 = yard_exp_brackets_3699 yard_opt_1933 
 208: yard_exp_brackets_3628 = DEC_NUMBER 
 209: yard_exp_brackets_3628 = ident 
 210: yard_exp_brackets_3627 = yard_exp_brackets_3698 sql_expr 
 211: yard_exp_brackets_3626 = KW_SUM 
 212: yard_exp_brackets_3626 = KW_MIN 
 213: yard_exp_brackets_3626 = KW_MAX 
 214: yard_exp_brackets_3626 = KW_COUNT 
 215: yard_exp_brackets_3626 = KW_AVG 
 216: yard_exp_brackets_3625 = KW_OR 
 217: yard_exp_brackets_3625 = KW_AND 
 218: yard_exp_brackets_3624 = IDENT 
 219: yard_exp_brackets_3624 = STAR 
 220: yard_exp_brackets_3623 = IDENT 
 221: yard_exp_brackets_3623 = STAR 
 222: yard_exp_brackets_3622 = KW_UNIQUE 
 223: yard_exp_brackets_3622 = KW_PRIMARY KW_KEY 
 224: yard_exp_brackets_3621 = KW_AS sql_expr 
 225: yard_exp_brackets_3620 = ident yard_opt_1915 table_type_definition 
 226: yard_exp_brackets_3620 = ident KW_CURSOR yard_opt_1912 yard_opt_1913 yard_opt_1914 sql_expr 
 227: yard_exp_brackets_3620 = LOCALVAR yard_opt_1911 sql_datatype 
 228: yard_exp_brackets_3619 = KW_SETERROR 
 229: yard_exp_brackets_3619 = KW_NOWAIT 
 230: yard_exp_brackets_3619 = KW_LOG 
 231: yard_exp_brackets_3618 = STRING_CONST 
 232: yard_exp_brackets_3618 = DEC_NUMBER 
 233: yard_exp_brackets_3618 = KW_NULL 
 234: yard_exp_brackets_3617 = KW_UPDATE yard_opt_1883 
 235: yard_exp_brackets_3617 = KW_EAD ONLY 
 236: yard_exp_brackets_3616 = KW_CURSOR yard_opt_1878 yard_opt_1879 yard_opt_1880 yard_opt_1881 KW_FOR select_stmnt yard_opt_1882 
 237: yard_exp_brackets_3615 = DOUBLE_COLON 
 238: yard_exp_brackets_3615 = DOT 
 239: yard_exp_brackets_3614 = KW_XML 
 240: yard_exp_brackets_3614 = KW_TIME 
 241: yard_exp_brackets_3614 = KW_PROFILE 
 242: yard_exp_brackets_3614 = KW_IO 
 243: yard_exp_brackets_3613 = COMMA yard_exp_brackets_3697 
 244: yard_exp_brackets_3612 = sql_expr 
 245: yard_exp_brackets_3612 = sql_datatype 
 246: yard_exp_brackets_3611 = KW_OR 
 247: yard_exp_brackets_3611 = KW_AND 
 248: yard_exp_brackets_3610 = OP_TILDA 
 249: yard_exp_brackets_3610 = OP_MINUS_EQ 
 250: yard_exp_brackets_3610 = OP_PLUS_EQ 
 251: yard_exp_brackets_3610 = KW_NOT 
 252: yard_exp_brackets_3609 = KW_INTO yard_rule_comma_list_3301 
 253: yard_exp_brackets_3608 = yard_opt_2130 KW_FROM 
 254: yard_exp_brackets_3607 = KW_RELATIVE yard_exp_brackets_3696 
 255: yard_exp_brackets_3607 = KW_ABSOLUTE yard_exp_brackets_3695 
 256: yard_exp_brackets_3607 = KW_LAST 
 257: yard_exp_brackets_3607 = KW_FIRST 
 258: yard_exp_brackets_3607 = KW_PRIOR 
 259: yard_exp_brackets_3607 = KW_NEXT 
 260: yard_exp_brackets_3606 = LOCALVAR 
 261: yard_exp_brackets_3606 = yard_exp_brackets_3694 
 262: yard_exp_brackets_3605 = OP_LT OP_GT 
 263: yard_exp_brackets_3604 = OP_MT OP_EQ 
 264: yard_exp_brackets_3603 = OP_LT OP_EQ 
 265: yard_exp_brackets_3602 = OP_LT OP_MT 
 266: yard_exp_brackets_3601 = ident OP_EQ STRING_CONST 
 267: yard_exp_brackets_3601 = KW_OWNER 
 268: yard_exp_brackets_3601 = KW_SELF 
 269: yard_exp_brackets_3601 = KW_CALLER 
 270: yard_exp_brackets_3600 = KW_EXECUTE 
 271: yard_exp_brackets_3600 = KW_EXEC 
 272: yard_exp_brackets_3599 = KW_MAX 
 273: yard_exp_brackets_3599 = DEC_NUMBER 
 274: yard_exp_brackets_3598 = KW_AT full_ident 
 275: yard_exp_brackets_3597 = KW_AS yard_exp_brackets_3693 OP_EQ STRING_CONST 
 276: yard_exp_brackets_3596 = COMMA sql_expr yard_opt_2119 
 277: yard_exp_brackets_3595 = COMMA sql_expr yard_opt_2119 
 278: yard_exp_brackets_3594 = STRING_CONST yard_opt_2116 yard_opt_2117 
 279: yard_exp_brackets_3594 = LOCALVAR 
 280: yard_exp_brackets_3593 = STRING_CONST yard_opt_2116 yard_opt_2117 
 281: yard_exp_brackets_3593 = LOCALVAR 
 282: yard_exp_brackets_3592 = KW_EXECUTE 
 283: yard_exp_brackets_3592 = KW_EXEC 
 284: yard_exp_brackets_3591 = KW_AS yard_exp_brackets_3692 OP_EQ STRING_CONST 
 285: yard_exp_brackets_3590 = yard_exp_brackets_3691 yard_opt_2113 
 286: yard_exp_brackets_3589 = yard_exp_brackets_3690 yard_opt_2113 
 287: yard_exp_brackets_3588 = KW_EXECUTE 
 288: yard_exp_brackets_3588 = KW_EXEC 
 289: yard_exp_brackets_3587 = COMMA yard_exp_brackets_3689 
 290: yard_exp_brackets_3586 = ident OP_EQ 
 291: yard_exp_brackets_3585 = ident OP_EQ 
 292: yard_exp_brackets_3584 = yard_opt_2111 sql_expr 
 293: yard_exp_brackets_3583 = COMMA yard_opt_2107 
 294: yard_exp_brackets_3582 = yard_opt_2108 yard_exp_brackets_3688 
 295: yard_exp_brackets_3581 = KW_OUT 
 296: yard_exp_brackets_3581 = KW_OUTPUT 
 297: yard_exp_brackets_3580 = ident OP_EQ 
 298: yard_exp_brackets_3579 = yard_opt_2104 yard_exp_brackets_3687 
 299: yard_exp_brackets_3578 = KW_OUT 
 300: yard_exp_brackets_3578 = KW_OUTPUT 
 301: yard_exp_brackets_3577 = ident OP_EQ 
 302: yard_exp_brackets_3576 = KW_WITH KW_RECOMPILE 
 303: yard_exp_brackets_3575 = SEMI DEC_NUMBER 
 304: yard_exp_brackets_3574 = LOCALVAR OP_EQ 
 305: yard_exp_brackets_3573 = KW_EXECUTE 
 306: yard_exp_brackets_3573 = KW_EXEC 
 307: yard_exp_brackets_3572 = create_object DOT IDENT LPAREN yard_rule_comma_list_3310 RPAREN 
 308: yard_exp_brackets_3572 = yard_exp_brackets_3686 
 309: yard_exp_brackets_3571 = LOCALVAR 
 310: yard_exp_brackets_3571 = IDENT 
 311: yard_exp_brackets_3570 = KW_TRANSACTION 
 312: yard_exp_brackets_3570 = KW_TRAN 
 313: yard_exp_brackets_3569 = yard_exp_brackets_3685 yard_opt_2094 
 314: yard_exp_brackets_3568 = KW_WITH KW_MARK yard_opt_2095 
 315: yard_exp_brackets_3567 = KW_TRANSACTION 
 316: yard_exp_brackets_3567 = KW_TRAN 
 317: yard_exp_brackets_3566 = IDENT DOT 
 318: yard_exp_brackets_3566 = IDENT DOT yard_opt_2092 DOT 
 319: yard_exp_brackets_3566 = IDENT DOT IDENT DOT IDENT DOT 
 320: yard_exp_brackets_3565 = ident 
 321: yard_exp_brackets_3565 = STAR 
 322: yard_exp_brackets_3564 = ident 
 323: yard_exp_brackets_3564 = KW_INSERTED 
 324: yard_exp_brackets_3564 = KW_DELETED 
 325: yard_exp_brackets_3563 = COMMA yard_exp_brackets_3684 
 326: yard_exp_brackets_3562 = yard_opt_2090 IDENT 
 327: yard_exp_brackets_3561 = yard_opt_2088 IDENT 
 328: yard_exp_brackets_3560 = yard_exp_brackets_3683 yard_opt_2087 
 329: yard_exp_brackets_3559 = yard_opt_2086 IDENT 
 330: yard_exp_brackets_3558 = sql_expr 
 331: yard_exp_brackets_3558 = ident 
 332: yard_exp_brackets_3557 = KW_OUTPUT dml_select_list 
 333: yard_exp_brackets_3556 = LPAREN yard_rule_comma_list_3301 RPAREN 
 334: yard_exp_brackets_3555 = IDENT 
 335: yard_exp_brackets_3555 = LOCALVAR 
 336: yard_exp_brackets_3554 = COMMA LOCALVAR 
 337: yard_exp_brackets_3553 = COMMA yard_exp_brackets_3682 
 338: yard_exp_brackets_3552 = sql_expr 
 339: yard_exp_brackets_3552 = KW_NULL 
 340: yard_exp_brackets_3552 = KW_DEFAULT 
 341: yard_exp_brackets_3551 = KW_DEFAULT KW_VALUES 
 342: yard_exp_brackets_3550 = batch_body 
 343: yard_exp_brackets_3550 = KW_VALUES LPAREN yard_rule_comma_list_3303 RPAREN 
 344: yard_exp_brackets_3549 = LPAREN yard_rule_comma_list_3301 RPAREN 
 345: yard_exp_brackets_3548 = KW_WITH LPAREN yard_many_357 RPAREN 
 346: yard_exp_brackets_3547 = KW_TOP sql_expr yard_opt_2075 
 347: yard_exp_brackets_3546 = KW_WITH yard_rule_comma_list_3262 
 348: yard_exp_brackets_3545 = yard_opt_2078 yard_opt_2079 yard_opt_2080 
 349: yard_exp_brackets_3544 = rowset_function yard_opt_2077 
 350: yard_exp_brackets_3544 = object 
 351: yard_exp_brackets_3543 = KW_ALLOW_PAGE_LOCKS OP_EQ yard_exp_brackets_3681 
 352: yard_exp_brackets_3543 = KW_ALLOW_ROW_LOCKS OP_EQ yard_exp_brackets_3680 
 353: yard_exp_brackets_3543 = KW_STATISTICS_NORECOMPUTE OP_EQ yard_exp_brackets_3679 
 354: yard_exp_brackets_3543 = KW_IGNORE_DUP_KEY OP_EQ yard_exp_brackets_3678 
 355: yard_exp_brackets_3543 = KW_FILLFACTOR OP_EQ DEC_NUMBER 
 356: yard_exp_brackets_3543 = KW_PAD_INDEX OP_EQ yard_exp_brackets_3677 
 357: yard_exp_brackets_3542 = KW_UPDATE 
 358: yard_exp_brackets_3542 = KW_DELETE 
 359: yard_exp_brackets_3541 = COMMA IDENT 
 360: yard_exp_brackets_3540 = COMMA yard_exp_brackets_3676 
 361: yard_exp_brackets_3539 = KW_DESC 
 362: yard_exp_brackets_3539 = KW_ASC 
 363: yard_exp_brackets_3538 = KW_DESC 
 364: yard_exp_brackets_3538 = KW_ASC 
 365: yard_exp_brackets_3537 = IDENT yard_opt_2071 
 366: yard_exp_brackets_3536 = KW_NOT KW_FOR KW_REPLICATION 
 367: yard_exp_brackets_3535 = KW_NOT KW_FOR KW_REPLICATION 
 368: yard_exp_brackets_3534 = LPAREN yard_rule_comma_list_3299 RPAREN 
 369: yard_exp_brackets_3533 = KW_ON yard_exp_brackets_3675 
 370: yard_exp_brackets_3532 = KW_WITH LPAREN yard_rule_comma_list_3295 RPAREN 
 371: yard_exp_brackets_3532 = KW_WITH KW_FILLFACTOR OP_EQ DEC_NUMBER 
 372: yard_exp_brackets_3531 = KW_NONCLUSTERED 
 373: yard_exp_brackets_3531 = KW_CLUSTERED 
 374: yard_exp_brackets_3530 = KW_CONSTRAINT IDENT 
 375: yard_exp_brackets_3529 = KW_CHECK yard_opt_2070 sql_expr 
 376: yard_exp_brackets_3529 = KW_FOREIGN KW_KEY LPAREN yard_rule_comma_list_3299 RPAREN KW_REFERENCES IDENT yard_opt_2068 yard_many_354 yard_opt_2069 
 377: yard_exp_brackets_3529 = yard_exp_brackets_3674 yard_opt_2065 LPAREN yard_rule_comma_list_3297 RPAREN yard_opt_2066 yard_opt_2067 
 378: yard_exp_brackets_3528 = KW_CHECK yard_opt_2063 sql_expr 
 379: yard_exp_brackets_3528 = yard_opt_2060 KW_REFERENCES IDENT yard_opt_2061 yard_many_353 yard_opt_2062 
 380: yard_exp_brackets_3528 = yard_opt_2056 yard_exp_brackets_3673 yard_opt_2057 yard_opt_2058 yard_opt_2059 
 381: yard_exp_brackets_3527 = KW_NOT KW_FOR KW_REPLICATION 
 382: yard_exp_brackets_3526 = KW_NOT KW_FOR KW_REPLICATION 
 383: yard_exp_brackets_3525 = LPAREN IDENT RPAREN 
 384: yard_exp_brackets_3524 = KW_FOREIGN KW_KEY 
 385: yard_exp_brackets_3523 = KW_ON yard_exp_brackets_3672 
 386: yard_exp_brackets_3522 = KW_WITH LPAREN yard_rule_comma_list_3295 RPAREN 
 387: yard_exp_brackets_3522 = KW_WITH KW_FILLFACTOR OP_EQ DEC_NUMBER 
 388: yard_exp_brackets_3521 = KW_NONCLUSTERED 
 389: yard_exp_brackets_3521 = KW_CLUSTERED 
 390: yard_exp_brackets_3520 = KW_CONSTRAINT IDENT 
 391: yard_exp_brackets_3519 = KW_PERSISTED yard_opt_2054 
 392: yard_exp_brackets_3518 = KW_NOT KW_NULL 
 393: yard_exp_brackets_3517 = COMMA index_option 
 394: yard_exp_brackets_3516 = KW_NOT KW_FOR KW_REPLICATION 
 395: yard_exp_brackets_3515 = KW_NOT KW_FOR KW_REPLICATION 
 396: yard_exp_brackets_3514 = LPAREN IDENT RPAREN 
 397: yard_exp_brackets_3513 = IDENT DOT 
 398: yard_exp_brackets_3512 = KW_FOREIGN KW_KEY 
 399: yard_exp_brackets_3511 = KW_ON yard_exp_brackets_3671 
 400: yard_exp_brackets_3510 = KW_WITH LPAREN yard_rule_comma_list_3295 RPAREN 
 401: yard_exp_brackets_3510 = KW_WITH KW_FILLFACTOR OP_EQ DEC_NUMBER 
 402: yard_exp_brackets_3509 = KW_NONCLUSTERED 
 403: yard_exp_brackets_3509 = KW_CLUSTERED 
 404: yard_exp_brackets_3508 = KW_CONSTRAINT IDENT 
 405: yard_exp_brackets_3507 = KW_CHECK yard_opt_2052 sql_expr 
 406: yard_exp_brackets_3507 = yard_opt_2048 KW_REFERENCES yard_opt_2049 IDENT yard_opt_2050 yard_many_351 yard_opt_2051 
 407: yard_exp_brackets_3507 = yard_exp_brackets_3670 yard_opt_2045 yard_opt_2046 yard_opt_2047 
 408: yard_exp_brackets_3506 = KW_IDENTITY yard_opt_2041 yard_opt_2042 
 409: yard_exp_brackets_3505 = KW_NOT KW_FOR KW_REPLICATION 
 410: yard_exp_brackets_3504 = LPAREN sql_expr COMMA sql_expr RPAREN 
 411: yard_exp_brackets_3503 = yard_opt_2039 KW_DEFAULT sql_expr 
 412: yard_exp_brackets_3502 = KW_CONSTRAINT IDENT 
 413: yard_exp_brackets_3501 = KW_NOT KW_NULL 
 414: yard_exp_brackets_3501 = KW_NULL 
 415: yard_exp_brackets_3500 = KW_COLLATE IDENT 
 416: yard_exp_brackets_3499 = COMMA yard_exp_brackets_3669 
 417: yard_exp_brackets_3498 = computed_column_definition 
 418: yard_exp_brackets_3498 = column_definition_create_table 
 419: yard_exp_brackets_3497 = COMMA table_constraint_create_table 
 420: yard_exp_brackets_3496 = KW_TEXTIMAGE_ON yard_exp_brackets_3668 
 421: yard_exp_brackets_3495 = KW_ON yard_exp_brackets_3667 
 422: yard_exp_brackets_3494 = IDENT DOT yard_opt_2031 yard_opt_2032 
 423: yard_exp_brackets_3493 = KW_ELSE sql_expr 
 424: yard_exp_brackets_3492 = KW_WHEN sql_expr KW_THEN sql_expr 
 425: yard_exp_brackets_3491 = yard_exp_brackets_3666 yard_opt_2027 
 426: yard_exp_brackets_3491 = KW_INNER 
 427: yard_exp_brackets_3490 = KW_REPEATABLE sql_expr 
 428: yard_exp_brackets_3489 = KW_ROWS 
 429: yard_exp_brackets_3489 = KW_PERCENT 
 430: yard_exp_brackets_3488 = KW_XLOCK 
 431: yard_exp_brackets_3488 = KW_UPDLOCK 
 432: yard_exp_brackets_3488 = KW_TABLOCKX 
 433: yard_exp_brackets_3488 = KW_TABLOCK 
 434: yard_exp_brackets_3488 = KW_SERIALIZABLE 
 435: yard_exp_brackets_3488 = KW_ROWLOCK 
 436: yard_exp_brackets_3488 = KW_REPEATABLEREAD 
 437: yard_exp_brackets_3488 = KW_READPAST 
 438: yard_exp_brackets_3488 = KW_READCOMMITTEDLOCK 
 439: yard_exp_brackets_3488 = KW_READCOMMITTED 
 440: yard_exp_brackets_3488 = KW_PAGLOCK 
 441: yard_exp_brackets_3488 = KW_NOWAIT 
 442: yard_exp_brackets_3488 = KW_IGNORE_TRIGGERS 
 443: yard_exp_brackets_3488 = KW_IGNORE_CONSTRAINTS 
 444: yard_exp_brackets_3488 = KW_HOLDLOCK 
 445: yard_exp_brackets_3488 = KW_FASTFIRSTROW 
 446: yard_exp_brackets_3488 = KW_KEEPDEFAULTS 
 447: yard_exp_brackets_3488 = KW_KEEPIDENTITY 
 448: yard_exp_brackets_3487 = KW_XLOCK 
 449: yard_exp_brackets_3487 = KW_UPDLOCK 
 450: yard_exp_brackets_3487 = KW_TABLOCKX 
 451: yard_exp_brackets_3487 = KW_TABLOCK 
 452: yard_exp_brackets_3487 = KW_SERIALIZABLE 
 453: yard_exp_brackets_3487 = KW_ROWLOCK 
 454: yard_exp_brackets_3487 = KW_REPEATABLEREAD 
 455: yard_exp_brackets_3487 = KW_READUNCOMMITTED 
 456: yard_exp_brackets_3487 = KW_READPAST 
 457: yard_exp_brackets_3487 = KW_READCOMMITTEDLOCK 
 458: yard_exp_brackets_3487 = KW_READCOMMITTED 
 459: yard_exp_brackets_3487 = KW_PAGLOCK 
 460: yard_exp_brackets_3487 = KW_NOWAIT 
 461: yard_exp_brackets_3487 = KW_NOLOCK 
 462: yard_exp_brackets_3487 = KW_HOLDLOCK 
 463: yard_exp_brackets_3487 = KW_FASTFIRSTROW 
 464: yard_exp_brackets_3487 = KW_INDEX LPAREN yard_rule_comma_list_3251 RPAREN 
 465: yard_exp_brackets_3486 = COMMA yard_exp_brackets_3665 
 466: yard_exp_brackets_3485 = WEIGHT LPAREN DEC_NUMBER RPAREN 
 467: yard_exp_brackets_3484 = WEIGHT LPAREN DEC_NUMBER RPAREN 
 468: yard_exp_brackets_3483 = yard_exp_brackets_3664 yard_opt_2018 
 469: yard_exp_brackets_3482 = yard_exp_brackets_3662 yard_exp_brackets_3663 
 470: yard_exp_brackets_3481 = yard_exp_brackets_3660 yard_exp_brackets_3661 
 471: yard_exp_brackets_3480 = prefix_term 
 472: yard_exp_brackets_3480 = simple_term 
 473: yard_exp_brackets_3479 = COMMA simple_term 
 474: yard_exp_brackets_3478 = KW_THESAURUS 
 475: yard_exp_brackets_3478 = KW_INFLECTIONAL 
 476: yard_exp_brackets_3477 = LPAREN contains_search_condition RPAREN yard_exp_brackets_3659 yard_some_59 
 477: yard_exp_brackets_3476 = weighted_term 
 478: yard_exp_brackets_3476 = proximity_term 
 479: yard_exp_brackets_3476 = generation_term 
 480: yard_exp_brackets_3476 = prefix_term 
 481: yard_exp_brackets_3476 = simple_term 
 482: yard_exp_brackets_3475 = COMMA DEC_NUMBER 
 483: yard_exp_brackets_3474 = COMMA KW_LANGUAGE yard_exp_brackets_3658 
 484: yard_exp_brackets_3473 = STAR 
 485: yard_exp_brackets_3473 = LPAREN yard_rule_comma_list_3251 RPAREN 
 486: yard_exp_brackets_3473 = ident 
 487: yard_exp_brackets_3472 = COMMA full_ident 
 488: yard_exp_brackets_3471 = COMMA DEC_NUMBER 
 489: yard_exp_brackets_3470 = COMMA KW_LANGUAGE yard_exp_brackets_3657 
 490: yard_exp_brackets_3469 = STAR 
 491: yard_exp_brackets_3469 = LPAREN yard_rule_comma_list_3284 RPAREN 
 492: yard_exp_brackets_3469 = full_ident 
 493: yard_exp_brackets_3468 = COMMA KW_ROWS_PER_BATCH OP_EQ DEC_NUMBER 
 494: yard_exp_brackets_3467 = COMMA KW_MAXERRORS OP_EQ DEC_NUMBER 
 495: yard_exp_brackets_3466 = COMMA KW_LASTROW OP_EQ DEC_NUMBER 
 496: yard_exp_brackets_3465 = COMMA KW_FIRSTROW OP_EQ DEC_NUMBER 
 497: yard_exp_brackets_3464 = COMMA KW_ERRORFILE OP_EQ STRING_CONST 
 498: yard_exp_brackets_3463 = COMMA KW_CODEPAGE OP_EQ STRING_CONST 
 499: yard_exp_brackets_3462 = full_ident DOT 
 500: yard_exp_brackets_3461 = full_ident DOT 
 501: yard_exp_brackets_3460 = KW_BULK STRING_CONST COMMA yard_exp_brackets_3656 
 502: yard_exp_brackets_3460 = STRING_CONST COMMA yard_exp_brackets_3654 COMMA yard_exp_brackets_3655 
 503: yard_exp_brackets_3459 = LPAREN yard_rule_comma_list_3251 RPAREN 
 504: yard_exp_brackets_3458 = KW_AS ident 
 505: yard_exp_brackets_3457 = yard_opt_2002 full_ident 
 506: yard_exp_brackets_3456 = LPAREN yard_rule_comma_list_3251 RPAREN 
 507: yard_exp_brackets_3455 = LPAREN yard_rule_comma_list_3251 RPAREN 
 508: yard_exp_brackets_3454 = yard_opt_1997 ident 
 509: yard_exp_brackets_3453 = LPAREN yard_rule_comma_list_3251 RPAREN 
 510: yard_exp_brackets_3452 = yard_opt_1994 ident 
 511: yard_exp_brackets_3451 = KW_WITH LPAREN table_hint yard_many_343 RPAREN 
 512: yard_exp_brackets_3450 = LOCALVAR DOT ident LPAREN yard_rule_comma_list_3256 RPAREN yard_opt_2003 yard_opt_2004 
 513: yard_exp_brackets_3450 = LOCALVAR yard_opt_2001 
 514: yard_exp_brackets_3450 = unpivoted_table 
 515: yard_exp_brackets_3449 = sql_expr yard_opt_1996 yard_opt_1998 
 516: yard_exp_brackets_3449 = yard_exp_brackets_3653 
 517: yard_exp_brackets_3448 = COMMA table_source 
 518: yard_exp_brackets_3447 = KW_FROM yard_rule_comma_list_3282 
 519: yard_exp_brackets_3446 = LPAREN RPAREN 
 520: yard_exp_brackets_3445 = DOT IDENT 
 521: yard_exp_brackets_3444 = KW_ESCAPE STRING_CONST 
 522: yard_exp_brackets_3443 = yard_exp_brackets_3651 COMMA yard_exp_brackets_3652 
 523: yard_exp_brackets_3442 = KW_ANY 
 524: yard_exp_brackets_3442 = KW_SOME 
 525: yard_exp_brackets_3442 = KW_ALL 
 526: yard_exp_brackets_3441 = yard_exp_brackets_3649 yard_opt_1983 yard_exp_brackets_3650 
 527: yard_exp_brackets_3440 = LPAREN search_condition RPAREN 
 528: yard_exp_brackets_3440 = yard_opt_1982 predicate 
 529: yard_exp_brackets_3439 = COMMA yard_exp_brackets_3648 
 530: yard_exp_brackets_3438 = KW_DESC 
 531: yard_exp_brackets_3438 = KW_ASC 
 532: yard_exp_brackets_3437 = KW_DESC 
 533: yard_exp_brackets_3437 = KW_ASC 
 534: yard_exp_brackets_3436 = sql_expr yard_opt_1980 
 535: yard_exp_brackets_3435 = KW_ORDER KW_BY yard_rule_comma_list_3280 
 536: yard_exp_brackets_3434 = full_ident 
 537: yard_exp_brackets_3434 = select_stmnt 
 538: yard_exp_brackets_3434 = KW_PARTITION KW_BY LOCALVAR 
 539: yard_exp_brackets_3433 = KW_NTILE 
 540: yard_exp_brackets_3433 = KW_ROW_NUMBER 
 541: yard_exp_brackets_3433 = KW_DENSE_RANK 
 542: yard_exp_brackets_3433 = KW_RANK 
 543: yard_exp_brackets_3432 = COMMA yard_opt_1976 
 544: yard_exp_brackets_3431 = select_stmnt 
 545: yard_exp_brackets_3431 = KW_PARTITION KW_BY LOCALVAR 
 546: yard_exp_brackets_3430 = select_stmnt 
 547: yard_exp_brackets_3430 = KW_PARTITION KW_BY LOCALVAR 
 548: yard_exp_brackets_3429 = KW_DISTINCT 
 549: yard_exp_brackets_3429 = KW_ALL 
 550: yard_exp_brackets_3428 = COMMA yard_exp_brackets_3647 
 551: yard_exp_brackets_3427 = yard_opt_1973 ident 
 552: yard_exp_brackets_3426 = yard_exp_brackets_3645 yard_exp_brackets_3646 
 553: yard_exp_brackets_3425 = ident DOT 
 554: yard_exp_brackets_3424 = yard_opt_1969 ident 
 555: yard_exp_brackets_3423 = yard_exp_brackets_3643 yard_exp_brackets_3644 
 556: yard_exp_brackets_3422 = ident DOT 
 557: yard_exp_brackets_3421 = ident OP_EQ sql_expr 
 558: yard_exp_brackets_3421 = yard_exp_brackets_3642 
 559: yard_exp_brackets_3421 = full_ident DOT STAR 
 560: yard_exp_brackets_3421 = STAR 
 561: yard_exp_brackets_3420 = KW_HAVING search_condition 
 562: yard_exp_brackets_3419 = KW_GROUP KW_BY yard_opt_1963 yard_rule_comma_list_3256 yard_opt_1964 
 563: yard_exp_brackets_3418 = KW_WITH yard_exp_brackets_3641 
 564: yard_exp_brackets_3417 = KW_WHERE search_condition 
 565: yard_exp_brackets_3416 = KW_INTO full_ident 
 566: yard_exp_brackets_3415 = KW_TOP sql_expr yard_opt_1957 yard_opt_1958 
 567: yard_exp_brackets_3414 = KW_WITH KW_TIES 
 568: yard_exp_brackets_3413 = KW_DISTINCT 
 569: yard_exp_brackets_3413 = KW_ALL 
 570: yard_exp_brackets_3412 = COMMA yard_exp_brackets_3640 
 571: yard_exp_brackets_3411 = LPAREN query_expression RPAREN 
 572: yard_exp_brackets_3410 = yard_rule_comma_list_3274 
 573: yard_exp_brackets_3410 = yard_exp_brackets_3639 query_specification 
 574: yard_exp_brackets_3409 = LPAREN query_expression RPAREN 
 575: yard_exp_brackets_3409 = query_specification 
 576: yard_exp_brackets_3408 = LPAREN yard_rule_comma_list_3251 RPAREN 
 577: yard_exp_brackets_3407 = ident 
 578: yard_exp_brackets_3407 = full_ident 
 579: yard_exp_brackets_3406 = COMMA yard_exp_brackets_3638 
 580: yard_exp_brackets_3405 = LOCALVAR OP_EQ STRING_CONST 
 581: yard_exp_brackets_3404 = KW_USE KW_PLAN STRING_CONST 
 582: yard_exp_brackets_3404 = KW_MAXRECURSION DEC_NUMBER 
 583: yard_exp_brackets_3404 = KW_EXPAND KW_VIEWS 
 584: yard_exp_brackets_3404 = KW_KEEPFIXED KW_PLAN 
 585: yard_exp_brackets_3404 = KW_KEEP KW_PLAN 
 586: yard_exp_brackets_3404 = KW_ROBUST KW_PLAN 
 587: yard_exp_brackets_3404 = KW_RECOMPILE 
 588: yard_exp_brackets_3404 = KW_PARAMETERIZATION yard_exp_brackets_3637 
 589: yard_exp_brackets_3404 = KW_OPTIMIZE KW_FOR LPAREN yard_rule_comma_list_3272 RPAREN 
 590: yard_exp_brackets_3404 = KW_MAXDOP DEC_NUMBER 
 591: yard_exp_brackets_3404 = KW_FORCE KW_ORDER 
 592: yard_exp_brackets_3404 = KW_FAST DEC_NUMBER 
 593: yard_exp_brackets_3404 = yard_exp_brackets_3636 KW_JOIN 
 594: yard_exp_brackets_3404 = yard_exp_brackets_3635 KW_UNION 
 595: yard_exp_brackets_3404 = yard_exp_brackets_3634 KW_GROUP 
 596: yard_exp_brackets_3403 = COMMA KW_ROOT yard_opt_1950 
 597: yard_exp_brackets_3402 = LPAREN STRING_CONST RPAREN 
 598: yard_exp_brackets_3401 = COMMA KW_TYPE 
 599: yard_exp_brackets_3400 = COMMA KW_BINARY KW_BASE64 
 600: yard_exp_brackets_3399 = common_directives yard_opt_1945 
 601: yard_exp_brackets_3398 = COMMA KW_ELEMENTS yard_opt_1946 
 602: yard_exp_brackets_3397 = KW_ABSENT 
 603: yard_exp_brackets_3397 = KW_XSINIL 
 604: yard_exp_brackets_3396 = LPAREN STRING_CONST RPAREN 
 605: yard_exp_brackets_3395 = common_directives yard_opt_1942 
 606: yard_exp_brackets_3394 = COMMA KW_XMLDATA 
 607: yard_exp_brackets_3393 = common_directives yard_opt_1937 yard_opt_1939 
 608: yard_exp_brackets_3392 = COMMA KW_ELEMENTS yard_opt_1940 
 609: yard_exp_brackets_3391 = KW_ABSENT 
 610: yard_exp_brackets_3391 = KW_XSINIL 
 611: yard_exp_brackets_3390 = COMMA yard_exp_brackets_3633 
 612: yard_exp_brackets_3389 = LPAREN STRING_CONST RPAREN 
 613: yard_exp_brackets_3388 = LPAREN STRING_CONST RPAREN 
 614: yard_exp_brackets_3387 = KW_PATH yard_opt_1943 yard_opt_1944 
 615: yard_exp_brackets_3387 = KW_EXPLICIT yard_opt_1941 
 616: yard_exp_brackets_3387 = yard_exp_brackets_3632 yard_opt_1936 
 617: yard_exp_brackets_3386 = KW_FOR yard_exp_brackets_3631 
 618: yard_exp_brackets_3385 = COMMA yard_exp_brackets_3630 
 619: yard_exp_brackets_3384 = LOCALVAR OP_EQ sql_expr 
 620: yard_exp_brackets_3383 = COMMA common_table_expression 
 621: yard_exp_brackets_3382 = COMMA yard_exp_brackets_3629 
 622: yard_exp_brackets_3381 = KW_DESC 
 623: yard_exp_brackets_3381 = KW_ASC 
 624: yard_exp_brackets_3380 = KW_DESC 
 625: yard_exp_brackets_3380 = KW_ASC 
 626: yard_exp_brackets_3379 = yard_exp_brackets_3628 yard_opt_1932 
 627: yard_exp_brackets_3378 = COMMA yard_exp_brackets_3627 
 628: yard_exp_brackets_3377 = yard_exp_brackets_3626 sql_expr 
 629: yard_exp_brackets_3376 = COMMA query_hint 
 630: yard_exp_brackets_3375 = yard_exp_brackets_3625 yard_rule_brace_opt_3255 
 631: yard_exp_brackets_3374 = KW_OPTION LPAREN yard_rule_comma_list_3268 RPAREN 
 632: yard_exp_brackets_3373 = KW_COMPUTE yard_rule_comma_list_3266 yard_opt_1927 
 633: yard_exp_brackets_3372 = KW_BY yard_rule_comma_list_3256 
 634: yard_exp_brackets_3371 = KW_ORDER KW_BY yard_rule_comma_list_3264 
 635: yard_exp_brackets_3370 = KW_WITH yard_rule_comma_list_3262 
 636: yard_exp_brackets_3369 = yard_exp_brackets_3624 
 637: yard_exp_brackets_3369 = KW_COUNT LPAREN yard_exp_brackets_3623 RPAREN 
 638: yard_exp_brackets_3368 = yard_opt_1924 query_expression yard_opt_1925 yard_opt_1926 yard_opt_1928 yard_opt_1929 
 639: yard_exp_brackets_3367 = KW_CHECK LPAREN search_condition RPAREN 
 640: yard_exp_brackets_3366 = yard_exp_brackets_3622 LPAREN yard_rule_comma_list_3251 RPAREN 
 641: yard_exp_brackets_3365 = KW_UNIQUE 
 642: yard_exp_brackets_3365 = KW_PRIMARY KW_KEY 
 643: yard_exp_brackets_3364 = KW_NOT KW_NULL 
 644: yard_exp_brackets_3364 = KW_NULL 
 645: yard_exp_brackets_3363 = KW_CHECK sql_expr 
 646: yard_exp_brackets_3363 = yard_opt_1923 
 647: yard_exp_brackets_3363 = yard_opt_1922 
 648: yard_exp_brackets_3362 = KW_IDENTITY yard_opt_1919 
 649: yard_exp_brackets_3362 = yard_opt_1918 
 650: yard_exp_brackets_3361 = DEC_NUMBER COMMA DEC_NUMBER 
 651: yard_exp_brackets_3360 = KW_DEFAULT sql_expr 
 652: yard_exp_brackets_3359 = KW_COLLATE ident 
 653: yard_exp_brackets_3358 = yard_exp_brackets_3621 
 654: yard_exp_brackets_3358 = KW_SCALAR_DATA_TYPE 
 655: yard_exp_brackets_3357 = table_constraint 
 656: yard_exp_brackets_3357 = column_definition 
 657: yard_exp_brackets_3356 = COMMA yard_exp_brackets_3620 
 658: yard_exp_brackets_3355 = ident yard_opt_1910 table_type_definition 
 659: yard_exp_brackets_3355 = ident KW_CURSOR yard_opt_1907 yard_opt_1908 yard_opt_1909 sql_expr 
 660: yard_exp_brackets_3355 = LOCALVAR yard_opt_1906 sql_datatype 
 661: yard_exp_brackets_3354 = COMMA sql_expr 
 662: yard_exp_brackets_3353 = COMMA yard_exp_brackets_3619 
 663: yard_exp_brackets_3352 = KW_SETERROR 
 664: yard_exp_brackets_3352 = KW_NOWAIT 
 665: yard_exp_brackets_3352 = KW_LOG 
 666: yard_exp_brackets_3351 = KW_WITH yard_rule_comma_list_3258 
 667: yard_exp_brackets_3350 = COMMA yard_rule_comma_list_3256 
 668: yard_exp_brackets_3349 = COMMA dec_num COMMA dec_num 
 669: yard_exp_brackets_3348 = LOCALVAR 
 670: yard_exp_brackets_3348 = STRING_CONST 
 671: yard_exp_brackets_3348 = dec_num 
 672: yard_exp_brackets_3347 = KW_ELSE proc_body_stmnt 
 673: yard_exp_brackets_3346 = proc_body_stmnt yard_opt_1901 
 674: yard_exp_brackets_3345 = proc_body_stmnt yard_opt_1897 
 675: yard_exp_brackets_3344 = proc_body_stmnt yard_opt_1896 
 676: yard_exp_brackets_3343 = KW_FOR KW_REPLICATION 
 677: yard_exp_brackets_3342 = KW_WITH yard_some_58 
 678: yard_exp_brackets_3341 = SEMI DEC_NUMBER 
 679: yard_exp_brackets_3340 = ident DOT 
 680: yard_exp_brackets_3339 = KW_PROC 
 681: yard_exp_brackets_3339 = KW_PROCEDURE 
 682: yard_exp_brackets_3338 = KW_OUTPUT 
 683: yard_exp_brackets_3338 = KW_OUT 
 684: yard_exp_brackets_3337 = OP_EQ yard_exp_brackets_3618 
 685: yard_exp_brackets_3336 = full_ident DOT 
 686: yard_exp_brackets_3335 = yard_opt_1884 ident 
 687: yard_exp_brackets_3334 = yard_opt_1884 ident 
 688: yard_exp_brackets_3333 = ident DOT 
 689: yard_exp_brackets_3332 = KW_PROCEDURE 
 690: yard_exp_brackets_3332 = KW_PROC 
 691: yard_exp_brackets_3331 = COMMA ident 
 692: yard_exp_brackets_3330 = COMMA proc_formal_param 
 693: yard_exp_brackets_3329 = KW_FOR yard_exp_brackets_3617 
 694: yard_exp_brackets_3328 = KW_OF yard_rule_comma_list_3251 
 695: yard_exp_brackets_3327 = KW_OPTIMISTIC 
 696: yard_exp_brackets_3327 = KW_SCROLL_LOCKS 
 697: yard_exp_brackets_3327 = KW_READ_ONLY 
 698: yard_exp_brackets_3326 = KW_FAST_FORWARD 
 699: yard_exp_brackets_3326 = KW_DYNAMIC 
 700: yard_exp_brackets_3326 = KW_KEYSET 
 701: yard_exp_brackets_3326 = KW_STATIC 
 702: yard_exp_brackets_3325 = KW_SCROLL 
 703: yard_exp_brackets_3325 = KW_FORWARD_ONLY 
 704: yard_exp_brackets_3324 = DOUBLE_COLON ident 
 705: yard_exp_brackets_3323 = yard_exp_brackets_3616 
 706: yard_exp_brackets_3323 = ident 
 707: yard_exp_brackets_3323 = LOCALVAR OP_EQ LOCALVAR 
 708: yard_exp_brackets_3322 = STRING_CONST yard_exp_brackets_3615 ident LPAREN yard_rule_comma_list_3249 RPAREN 
 709: yard_exp_brackets_3322 = LOCALVAR yard_opt_1877 OP_EQ sql_expr 
 710: yard_exp_brackets_3321 = KW_OFF 
 711: yard_exp_brackets_3321 = KW_ON 
 712: yard_exp_brackets_3320 = KW_XACT_ABORT 
 713: yard_exp_brackets_3320 = KW_STATISTICS yard_exp_brackets_3614 
 714: yard_exp_brackets_3320 = KW_SHOWPLAN_XML 
 715: yard_exp_brackets_3320 = KW_SHOWPLAN_TEXT 
 716: yard_exp_brackets_3320 = KW_SHOWPLAN_ALL 
 717: yard_exp_brackets_3320 = KW_REMOTE_PROC_TRANSACTIONS 
 718: yard_exp_brackets_3320 = KW_PARSEONLY 
 719: yard_exp_brackets_3320 = KW_NUMERIC_ROUNDABORT 
 720: yard_exp_brackets_3320 = KW_NOEXEC 
 721: yard_exp_brackets_3320 = KW_NOCOUNT 
 722: yard_exp_brackets_3320 = KW_IMPLICIT_TRANSACTIONS 
 723: yard_exp_brackets_3320 = KW_FORCEPLAN 
 724: yard_exp_brackets_3320 = KW_FMTONLY 
 725: yard_exp_brackets_3320 = KW_QUOTED_IDENTIFIER 
 726: yard_exp_brackets_3320 = KW_CURSOR_CLOSE_ON_COMMIT 
 727: yard_exp_brackets_3320 = KW_CONCAT_NULL_YIELDS_NULL 
 728: yard_exp_brackets_3320 = KW_ANSI_WARNINGS 
 729: yard_exp_brackets_3320 = KW_ANSI_PADDING 
 730: yard_exp_brackets_3320 = KW_ANSI_NULL_DFLT 
 731: yard_exp_brackets_3320 = KW_ANSI_DEFAULTS 
 732: yard_exp_brackets_3320 = KW_ANSI_NULLS 
 733: yard_exp_brackets_3319 = LOCALVAR 
 734: yard_exp_brackets_3319 = IDENT 
 735: yard_exp_brackets_3318 = KW_TRANSACTION 
 736: yard_exp_brackets_3318 = KW_TRAN 
 737: yard_exp_brackets_3317 = batch_body yard_opt_1873 
 738: yard_many_363 = yard_exp_brackets_3613 yard_many_363 
 739: yard_many_363 = 
 740: yard_rule_list_3313 = yard_exp_brackets_3612 yard_many_363 
 741: yard_rule_list_3313 = 
 742: yard_rule_comma_list_3312 = yard_rule_list_3313 
 743: call_expr = full_ident LPAREN yard_rule_comma_list_3312 RPAREN 
 744: yard_opt_2136 = KW_NOT 
 745: yard_opt_2136 = 
 746: yard_opt_2135 = KW_NOT 
 747: yard_opt_2135 = 
 748: yard_opt_2134 = NOT 
 749: yard_opt_2134 = 
 750: yard_opt_2133 = KW_NOT 
 751: yard_opt_2133 = 
 752: sql_expr = sql_expr yard_opt_2136 KW_LIKE sql_expr 
 753: sql_expr = sql_expr yard_opt_2135 KW_IN LPAREN yard_rule_comma_list_3256 RPAREN 
 754: sql_expr = fetch_stmnt 
 755: sql_expr = KW_TYPE KW_FROM full_ident 
 756: sql_expr = sql_expr yard_exp_brackets_3611 sql_expr 
 757: sql_expr = IDENT LPAREN LOCALVAR COMMA STRING_CONST RPAREN 
 758: sql_expr = sql_expr KW_IS yard_opt_2134 sql_expr 
 759: sql_expr = KW_IS_MEMBER LPAREN STRING_CONST RPAREN 
 760: sql_expr = KW_EXISTS sql_expr 
 761: sql_expr = begin_transaction 
 762: sql_expr = case 
 763: sql_expr = sql_expr KW_COLLATE ident 
 764: sql_expr = aggregate_windowed_function 
 765: sql_expr = ranking_windowed_function 
 766: sql_expr = sql_expr KW_IS yard_opt_2133 KW_NULL 
 767: sql_expr = sql_expr binop sql_expr 
 768: sql_expr = GLOBALVAR 
 769: sql_expr = yard_exp_brackets_3610 sql_expr 
 770: sql_expr = select_stmnt 
 771: sql_expr = full_ident 
 772: sql_expr = call_expr 
 773: sql_expr = LOCALVAR 
 774: sql_expr = LPAREN sql_expr RPAREN 
 775: sql_expr = scalar_function 
 776: sql_expr = sql_value 
 777: yard_opt_2132 = yard_exp_brackets_3609 
 778: yard_opt_2132 = 
 779: yard_opt_2131 = KW_GLOBAL 
 780: yard_opt_2131 = 
 781: yard_opt_2129 = yard_exp_brackets_3608 
 782: yard_opt_2129 = 
 783: yard_opt_2130 = yard_exp_brackets_3607 
 784: yard_opt_2130 = 
 785: fetch_stmnt = KW_FETCH yard_opt_2129 yard_exp_brackets_3606 yard_opt_2132 
 786: binop = yard_exp_brackets_3605 
 787: binop = yard_exp_brackets_3604 
 788: binop = yard_exp_brackets_3603 
 789: binop = yard_exp_brackets_3602 
 790: binop = OP_MT 
 791: binop = OP_LT 
 792: binop = OP_TILDA 
 793: binop = OP_MOD 
 794: binop = OP_DIV 
 795: binop = STAR 
 796: binop = OP_MINUS 
 797: binop = OP_PLUS 
 798: binop = OP_EQ 
 799: binop = OP_OR_EQ 
 800: binop = OP_XOR_EQ 
 801: binop = OP_AND_EQ 
 802: binop = OP_MOD_EQ 
 803: binop = OP_DIV_EQ 
 804: binop = OP_MUL_EQ 
 805: binop = OP_MINUS_EQ 
 806: binop = OP_PLUS_EQ 
 807: execute_as = yard_exp_brackets_3600 KW_AS yard_exp_brackets_3601 
 808: yard_opt_2128 = type_size 
 809: yard_opt_2128 = 
 810: yard_opt_2127 = type_size 
 811: yard_opt_2127 = 
 812: yard_opt_2126 = type_size 
 813: yard_opt_2126 = 
 814: yard_opt_2125 = type_size 
 815: yard_opt_2125 = 
 816: yard_opt_2124 = type_size 
 817: yard_opt_2124 = 
 818: yard_opt_2123 = type_size 
 819: yard_opt_2123 = 
 820: sql_datatype = KW_SQL_VARIANT 
 821: sql_datatype = KW_NVARCHAR yard_opt_2128 
 822: sql_datatype = KW_NCHAR yard_opt_2127 
 823: sql_datatype = KW_VARBINARY yard_opt_2126 
 824: sql_datatype = KW_VARCHAR yard_opt_2125 
 825: sql_datatype = KW_CHAR yard_opt_2124 
 826: sql_datatype = KW_REAL 
 827: sql_datatype = KW_FLOAT yard_opt_2123 
 828: sql_datatype = KW_MONEY 
 829: sql_datatype = KW_TINYINT 
 830: sql_datatype = KW_INT 
 831: sql_datatype = KW_SYSNAME 
 832: sql_datatype = KW_SMALLMONEY 
 833: sql_datatype = KW_DATETIME 
 834: sql_datatype = KW_DECIMAL 
 835: sql_datatype = KW_SMALLINT 
 836: sql_datatype = KW_BIT 
 837: sql_datatype = KW_NUMERIC 
 838: sql_datatype = KW_BIGINT 
 839: type_size = LPAREN yard_exp_brackets_3599 RPAREN 
 840: yard_opt_2122 = SEMI 
 841: yard_opt_2122 = 
 842: yard_opt_2121 = yard_exp_brackets_3598 
 843: yard_opt_2121 = 
 844: yard_opt_2120 = yard_exp_brackets_3597 
 845: yard_opt_2120 = 
 846: yard_opt_2118 = yard_some_64 
 847: yard_opt_2118 = 
 848: yard_some_64 = yard_exp_brackets_3596 yard_some_64 
 849: yard_some_64 = yard_exp_brackets_3595 
 850: yard_opt_2119 = KW_OUTPUT 
 851: yard_opt_2119 = 
 852: yard_some_63 = yard_exp_brackets_3594 yard_some_63 
 853: yard_some_63 = yard_exp_brackets_3593 
 854: yard_opt_2117 = PLUS 
 855: yard_opt_2117 = 
 856: yard_opt_2116 = EMPTY 
 857: yard_opt_2116 = 
 858: execute_command = yard_exp_brackets_3592 LPAREN yard_some_63 yard_opt_2118 RPAREN yard_opt_2120 yard_opt_2121 yard_opt_2122 
 859: yard_opt_2115 = SEMI 
 860: yard_opt_2115 = 
 861: yard_opt_2114 = yard_exp_brackets_3591 
 862: yard_opt_2114 = 
 863: yard_some_62 = yard_exp_brackets_3590 yard_some_62 
 864: yard_some_62 = yard_exp_brackets_3589 
 865: yard_opt_2113 = PLUS 
 866: yard_opt_2113 = 
 867: execute_character_string = yard_exp_brackets_3588 LPAREN yard_some_62 RPAREN yard_opt_2114 yard_opt_2115 
 868: create_object = STOREDPROCEDURE LPAREN yard_rule_comma_list_3256 RPAREN 
 869: yard_many_362 = yard_exp_brackets_3587 yard_many_362 
 870: yard_many_362 = 
 871: yard_opt_2112 = yard_exp_brackets_3586 
 872: yard_opt_2112 = 
 873: yard_opt_2111 = yard_exp_brackets_3585 
 874: yard_opt_2111 = 
 875: yard_rule_list_3311 = yard_exp_brackets_3584 yard_many_362 
 876: yard_rule_list_3311 = 
 877: yard_rule_comma_list_3310 = yard_rule_list_3311 
 878: yard_many_361 = yard_exp_brackets_3583 yard_many_361 
 879: yard_many_361 = 
 880: yard_opt_2107 = yard_exp_brackets_3582 
 881: yard_opt_2107 = 
 882: yard_opt_2110 = KW_DEFAULT 
 883: yard_opt_2110 = 
 884: yard_opt_2109 = yard_exp_brackets_3581 
 885: yard_opt_2109 = 
 886: yard_opt_2108 = yard_exp_brackets_3580 
 887: yard_opt_2108 = 
 888: yard_opt_2103 = yard_exp_brackets_3579 
 889: yard_opt_2103 = 
 890: yard_opt_2106 = KW_DEFAULT 
 891: yard_opt_2106 = 
 892: yard_opt_2105 = yard_exp_brackets_3578 
 893: yard_opt_2105 = 
 894: yard_opt_2104 = yard_exp_brackets_3577 
 895: yard_opt_2104 = 
 896: yard_rule_list_3308 = yard_opt_2103 yard_many_361 
 897: yard_rule_list_3308 = 
 898: yard_rule_comma_list_3307 = yard_rule_list_3308 
 899: yard_rule_brace_opt_3309 = LPAREN yard_rule_comma_list_3307 RPAREN 
 900: yard_rule_brace_opt_3309 = yard_rule_comma_list_3307 
 901: yard_opt_2102 = yard_exp_brackets_3576 
 902: yard_opt_2102 = 
 903: yard_opt_2101 = yard_exp_brackets_3575 
 904: yard_opt_2101 = 
 905: yard_opt_2100 = yard_exp_brackets_3574 
 906: yard_opt_2100 = 
 907: yard_opt_2099 = yard_exp_brackets_3573 
 908: yard_opt_2099 = 
 909: execute_proc = yard_opt_2099 yard_exp_brackets_3572 
 910: execute_stmnt = execute_command 
 911: execute_stmnt = execute_character_string 
 912: execute_stmnt = execute_proc 
 913: yard_opt_2098 = SEMI 
 914: yard_opt_2098 = 
 915: yard_opt_2097 = yard_exp_brackets_3571 
 916: yard_opt_2097 = 
 917: commit_transaction = KW_COMMIT yard_exp_brackets_3570 yard_opt_2097 yard_opt_2098 
 918: yard_opt_2096 = SEMI 
 919: yard_opt_2096 = 
 920: yard_opt_2093 = yard_exp_brackets_3569 
 921: yard_opt_2093 = 
 922: yard_opt_2094 = yard_exp_brackets_3568 
 923: yard_opt_2094 = 
 924: yard_opt_2095 = STRING_CONST 
 925: yard_opt_2095 = 
 926: begin_transaction = KW_BEGIN yard_exp_brackets_3567 yard_opt_2093 yard_opt_2096 
 927: yard_opt_2091 = yard_exp_brackets_3566 
 928: yard_opt_2091 = 
 929: yard_opt_2092 = IDENT 
 930: yard_opt_2092 = 
 931: object = yard_opt_2091 ident 
 932: column_name = yard_exp_brackets_3564 DOT yard_exp_brackets_3565 
 933: yard_many_360 = yard_exp_brackets_3563 yard_many_360 
 934: yard_many_360 = 
 935: yard_opt_2089 = yard_exp_brackets_3562 
 936: yard_opt_2089 = 
 937: yard_opt_2090 = KW_AS 
 938: yard_opt_2090 = 
 939: yard_opt_2087 = yard_exp_brackets_3561 
 940: yard_opt_2087 = 
 941: yard_opt_2088 = KW_AS 
 942: yard_opt_2088 = 
 943: yard_rule_list_3306 = yard_exp_brackets_3560 yard_many_360 
 944: yard_rule_list_3306 = 
 945: yard_rule_comma_list_3305 = yard_rule_list_3306 
 946: yard_opt_2085 = yard_exp_brackets_3559 
 947: yard_opt_2085 = 
 948: yard_opt_2086 = KW_AS 
 949: yard_opt_2086 = 
 950: dml_select_list = yard_exp_brackets_3558 yard_opt_2085 yard_rule_comma_list_3305 
 951: yard_opt_2084 = yard_exp_brackets_3557 
 952: yard_opt_2084 = 
 953: yard_opt_2083 = yard_exp_brackets_3556 
 954: yard_opt_2083 = 
 955: output_clause = KW_OUTPUT dml_select_list KW_INTO yard_exp_brackets_3555 yard_opt_2083 yard_opt_2084 
 956: yard_many_359 = yard_exp_brackets_3554 yard_many_359 
 957: yard_many_359 = 
 958: yard_rule_list_3302 = LOCALVAR yard_many_359 
 959: yard_rule_list_3302 = 
 960: yard_rule_comma_list_3301 = yard_rule_list_3302 
 961: yard_many_358 = yard_exp_brackets_3553 yard_many_358 
 962: yard_many_358 = 
 963: yard_rule_list_3304 = yard_exp_brackets_3552 yard_many_358 
 964: yard_rule_list_3304 = 
 965: yard_rule_comma_list_3303 = yard_rule_list_3304 
 966: yard_opt_2082 = SEMI 
 967: yard_opt_2082 = 
 968: yard_opt_2081 = yard_exp_brackets_3551 
 969: yard_opt_2081 = 
 970: yard_opt_2080 = yard_exp_brackets_3550 
 971: yard_opt_2080 = 
 972: yard_opt_2079 = output_clause 
 973: yard_opt_2079 = 
 974: yard_opt_2078 = yard_exp_brackets_3549 
 975: yard_opt_2078 = 
 976: yard_opt_2077 = yard_exp_brackets_3548 
 977: yard_opt_2077 = 
 978: yard_many_357 = table_hint yard_many_357 
 979: yard_many_357 = 
 980: yard_opt_2076 = KW_INTO 
 981: yard_opt_2076 = 
 982: yard_opt_2074 = yard_exp_brackets_3547 
 983: yard_opt_2074 = 
 984: yard_opt_2075 = KW_PERCENT 
 985: yard_opt_2075 = 
 986: yard_opt_2073 = yard_exp_brackets_3546 
 987: yard_opt_2073 = 
 988: insert = yard_opt_2081 yard_opt_2082 
 989: insert = yard_opt_2073 KW_INSERT yard_opt_2074 yard_opt_2076 yard_exp_brackets_3544 yard_exp_brackets_3545 
 990: index_option = yard_exp_brackets_3543 
 991: delete_update_options = KW_SET KW_DEFAULT 
 992: delete_update_options = KW_SET KW_NULL 
 993: delete_update_options = KW_CASCADE 
 994: delete_update_options = KW_NO KW_ACTION 
 995: delete_update = KW_ON yard_exp_brackets_3542 delete_update_options 
 996: yard_many_356 = yard_exp_brackets_3541 yard_many_356 
 997: yard_many_356 = 
 998: yard_rule_list_3300 = IDENT yard_many_356 
 999: yard_rule_list_3300 = 
1000: yard_rule_comma_list_3299 = yard_rule_list_3300 
1001: yard_many_355 = yard_exp_brackets_3540 yard_many_355 
1002: yard_many_355 = 
1003: yard_opt_2072 = yard_exp_brackets_3539 
1004: yard_opt_2072 = 
1005: yard_opt_2071 = yard_exp_brackets_3538 
1006: yard_opt_2071 = 
1007: yard_rule_list_3298 = yard_exp_brackets_3537 yard_many_355 
1008: yard_rule_list_3298 = 
1009: yard_rule_comma_list_3297 = yard_rule_list_3298 
1010: yard_opt_2070 = yard_exp_brackets_3536 
1011: yard_opt_2070 = 
1012: yard_opt_2069 = yard_exp_brackets_3535 
1013: yard_opt_2069 = 
1014: yard_many_354 = delete_update yard_many_354 
1015: yard_many_354 = 
1016: yard_opt_2068 = yard_exp_brackets_3534 
1017: yard_opt_2068 = 
1018: yard_opt_2067 = yard_exp_brackets_3533 
1019: yard_opt_2067 = 
1020: yard_opt_2066 = yard_exp_brackets_3532 
1021: yard_opt_2066 = 
1022: yard_opt_2065 = yard_exp_brackets_3531 
1023: yard_opt_2065 = 
1024: yard_opt_2064 = yard_exp_brackets_3530 
1025: yard_opt_2064 = 
1026: table_constraint_create_table = yard_opt_2064 yard_exp_brackets_3529 
1027: yard_opt_2055 = yard_exp_brackets_3528 
1028: yard_opt_2055 = 
1029: yard_opt_2063 = yard_exp_brackets_3527 
1030: yard_opt_2063 = 
1031: yard_opt_2062 = yard_exp_brackets_3526 
1032: yard_opt_2062 = 
1033: yard_many_353 = delete_update yard_many_353 
1034: yard_many_353 = 
1035: yard_opt_2061 = yard_exp_brackets_3525 
1036: yard_opt_2061 = 
1037: yard_opt_2060 = yard_exp_brackets_3524 
1038: yard_opt_2060 = 
1039: yard_opt_2059 = yard_exp_brackets_3523 
1040: yard_opt_2059 = 
1041: yard_opt_2058 = yard_exp_brackets_3522 
1042: yard_opt_2058 = 
1043: yard_opt_2057 = yard_exp_brackets_3521 
1044: yard_opt_2057 = 
1045: yard_opt_2056 = yard_exp_brackets_3520 
1046: yard_opt_2056 = 
1047: yard_opt_2053 = yard_exp_brackets_3519 
1048: yard_opt_2053 = 
1049: yard_opt_2054 = yard_exp_brackets_3518 
1050: yard_opt_2054 = 
1051: computed_column_definition = IDENT KW_AS sql_expr yard_opt_2053 yard_opt_2055 
1052: yard_many_352 = yard_exp_brackets_3517 yard_many_352 
1053: yard_many_352 = 
1054: yard_rule_list_3296 = index_option yard_many_352 
1055: yard_rule_list_3296 = 
1056: yard_rule_comma_list_3295 = yard_rule_list_3296 
1057: yard_opt_2052 = yard_exp_brackets_3516 
1058: yard_opt_2052 = 
1059: yard_opt_2051 = yard_exp_brackets_3515 
1060: yard_opt_2051 = 
1061: yard_many_351 = delete_update yard_many_351 
1062: yard_many_351 = 
1063: yard_opt_2050 = yard_exp_brackets_3514 
1064: yard_opt_2050 = 
1065: yard_opt_2049 = yard_exp_brackets_3513 
1066: yard_opt_2049 = 
1067: yard_opt_2048 = yard_exp_brackets_3512 
1068: yard_opt_2048 = 
1069: yard_opt_2047 = yard_exp_brackets_3511 
1070: yard_opt_2047 = 
1071: yard_opt_2046 = yard_exp_brackets_3510 
1072: yard_opt_2046 = 
1073: yard_opt_2045 = yard_exp_brackets_3509 
1074: yard_opt_2045 = 
1075: yard_opt_2044 = yard_exp_brackets_3508 
1076: yard_opt_2044 = 
1077: column_constraint_create_table = yard_opt_2044 yard_exp_brackets_3507 
1078: yard_many_350 = column_constraint_create_table yard_many_350 
1079: yard_many_350 = 
1080: yard_opt_2043 = KW_ROWGUIDCOL 
1081: yard_opt_2043 = 
1082: yard_opt_2040 = yard_exp_brackets_3506 
1083: yard_opt_2040 = 
1084: yard_opt_2042 = yard_exp_brackets_3505 
1085: yard_opt_2042 = 
1086: yard_opt_2041 = yard_exp_brackets_3504 
1087: yard_opt_2041 = 
1088: yard_opt_2038 = yard_exp_brackets_3503 
1089: yard_opt_2038 = 
1090: yard_opt_2039 = yard_exp_brackets_3502 
1091: yard_opt_2039 = 
1092: yard_opt_2037 = yard_exp_brackets_3501 
1093: yard_opt_2037 = 
1094: yard_opt_2036 = yard_exp_brackets_3500 
1095: yard_opt_2036 = 
1096: column_definition_create_table = yard_opt_2040 yard_opt_2043 yard_many_350 
1097: column_definition_create_table = ident sql_datatype yard_opt_2036 yard_opt_2037 yard_opt_2038 
1098: yard_many_349 = yard_exp_brackets_3499 yard_many_349 
1099: yard_many_349 = 
1100: yard_rule_list_3292 = yard_exp_brackets_3498 yard_many_349 
1101: yard_rule_list_3292 = 
1102: yard_rule_comma_list_3291 = yard_rule_list_3292 
1103: yard_many_348 = yard_exp_brackets_3497 yard_many_348 
1104: yard_many_348 = 
1105: yard_rule_list_3294 = table_constraint_create_table yard_many_348 
1106: yard_rule_list_3294 = 
1107: yard_rule_comma_list_3293 = yard_rule_list_3294 
1108: yard_opt_2035 = SEMI 
1109: yard_opt_2035 = 
1110: yard_opt_2034 = yard_exp_brackets_3496 
1111: yard_opt_2034 = 
1112: yard_opt_2033 = yard_exp_brackets_3495 
1113: yard_opt_2033 = 
1114: yard_opt_2030 = yard_exp_brackets_3494 
1115: yard_opt_2030 = 
1116: yard_opt_2032 = DOT 
1117: yard_opt_2032 = 
1118: yard_opt_2031 = IDENT 
1119: yard_opt_2031 = 
1120: create_table = KW_CREATE KW_TABLE yard_opt_2030 IDENT LPAREN yard_rule_comma_list_3291 yard_rule_comma_list_3293 RPAREN yard_opt_2033 yard_opt_2034 yard_opt_2035 
1121: yard_opt_2029 = yard_exp_brackets_3493 
1122: yard_opt_2029 = 
1123: yard_many_347 = yard_exp_brackets_3492 yard_many_347 
1124: yard_many_347 = 
1125: yard_opt_2028 = sql_expr 
1126: yard_opt_2028 = 
1127: case = KW_CASE yard_opt_2028 yard_many_347 yard_opt_2029 KW_END 
1128: unpivot_clause = LPAREN ident KW_FOR sql_expr KW_IN LPAREN yard_rule_comma_list_3284 RPAREN RPAREN 
1129: unpivoted_table = table_source KW_UNPIVOT unpivot_clause full_ident 
1130: yard_some_61 = sql_expr yard_some_61 
1131: yard_some_61 = sql_expr 
1132: pivot_clause = LPAREN yard_some_61 KW_FOR sql_expr KW_IN LPAREN yard_rule_comma_list_3251 RPAREN RPAREN 
1133: pivoted_table = table_source KW_PIVOT pivot_clause full_ident 
1134: join_hint = KW_REMOTE 
1135: join_hint = KW_MERGE 
1136: join_hint = KW_HASH 
1137: join_hint = KW_LOOP 
1138: yard_opt_2025 = yard_exp_brackets_3491 
1139: yard_opt_2025 = 
1140: yard_opt_2027 = join_hint 
1141: yard_opt_2027 = 
1142: yard_opt_2026 = KW_OUTER 
1143: yard_opt_2026 = 
1144: join_type = yard_opt_2025 KW_JOIN 
1145: yard_rule_brace_opt_3290 = LPAREN joined_table RPAREN 
1146: yard_rule_brace_opt_3290 = joined_table 
1147: joined_table = yard_rule_brace_opt_3290 
1148: joined_table = table_source KW_CROSS KW_JOIN table_source 
1149: joined_table = table_source join_type table_source KW_ON search_condition 
1150: yard_opt_2024 = yard_exp_brackets_3490 
1151: yard_opt_2024 = 
1152: yard_opt_2023 = yard_exp_brackets_3489 
1153: yard_opt_2023 = 
1154: yard_opt_2022 = KW_SYSTEM 
1155: yard_opt_2022 = 
1156: tablesample_clause = KW_TABLESAMPLE yard_opt_2022 LPAREN sql_expr yard_opt_2023 RPAREN yard_opt_2024 
1157: yard_opt_2021 = yard_exp_brackets_3488 
1158: yard_opt_2021 = 
1159: table_hint_limited = yard_opt_2021 
1160: yard_opt_2020 = KW_NOEXPAND 
1161: yard_opt_2020 = 
1162: table_hint = yard_opt_2020 yard_exp_brackets_3487 
1163: yard_many_346 = yard_exp_brackets_3486 yard_many_346 
1164: yard_many_346 = 
1165: yard_opt_2019 = yard_exp_brackets_3485 
1166: yard_opt_2019 = 
1167: yard_opt_2018 = yard_exp_brackets_3484 
1168: yard_opt_2018 = 
1169: yard_rule_list_3289 = yard_exp_brackets_3483 yard_many_346 
1170: yard_rule_list_3289 = 
1171: yard_rule_comma_list_3288 = yard_rule_list_3289 
1172: weighted_term = KW_ISABOUT LPAREN yard_rule_comma_list_3288 RPAREN 
1173: yard_some_60 = yard_exp_brackets_3482 yard_some_60 
1174: yard_some_60 = yard_exp_brackets_3481 
1175: proximity_term = yard_exp_brackets_3480 yard_some_60 
1176: yard_many_345 = yard_exp_brackets_3479 yard_many_345 
1177: yard_many_345 = 
1178: yard_rule_list_3287 = simple_term yard_many_345 
1179: yard_rule_list_3287 = 
1180: yard_rule_comma_list_3286 = yard_rule_list_3287 
1181: generation_term = KW_FORMSOF LPAREN yard_exp_brackets_3478 COMMA yard_rule_comma_list_3286 RPAREN 
1182: prefix_term = STRING_CONST 
1183: simple_term = STRING_CONST 
1184: yard_some_59 = contains_search_condition yard_some_59 
1185: yard_some_59 = contains_search_condition 
1186: contains_search_condition = yard_exp_brackets_3477 
1187: contains_search_condition = yard_exp_brackets_3476 
1188: yard_opt_2017 = yard_exp_brackets_3475 
1189: yard_opt_2017 = 
1190: yard_opt_2016 = yard_exp_brackets_3474 
1191: yard_opt_2016 = 
1192: containstable = KW_CONTAINSTABLE LPAREN full_ident COMMA yard_exp_brackets_3473 COMMA EMPTY contains_search_condition EMPTY yard_opt_2016 yard_opt_2017 RPAREN 
1193: yard_many_344 = yard_exp_brackets_3472 yard_many_344 
1194: yard_many_344 = 
1195: yard_rule_list_3285 = full_ident yard_many_344 
1196: yard_rule_list_3285 = 
1197: yard_rule_comma_list_3284 = yard_rule_list_3285 
1198: yard_opt_2015 = yard_exp_brackets_3471 
1199: yard_opt_2015 = 
1200: yard_opt_2014 = yard_exp_brackets_3470 
1201: yard_opt_2014 = 
1202: freetexttable = KW_FREETEXTTABLE LPAREN full_ident COMMA yard_exp_brackets_3469 COMMA STRING_CONST yard_opt_2014 yard_opt_2015 RPAREN 
1203: opendatasource = KW_OPENDATASOURCE LPAREN ident COMMA STRING_CONST RPAREN 
1204: openquery = KW_OPENQUERY LPAREN full_ident COMMA STRING_CONST RPAREN 
1205: yard_opt_2013 = yard_exp_brackets_3468 
1206: yard_opt_2013 = 
1207: yard_opt_2012 = yard_exp_brackets_3467 
1208: yard_opt_2012 = 
1209: yard_opt_2011 = yard_exp_brackets_3466 
1210: yard_opt_2011 = 
1211: yard_opt_2010 = yard_exp_brackets_3465 
1212: yard_opt_2010 = 
1213: yard_opt_2009 = yard_exp_brackets_3464 
1214: yard_opt_2009 = 
1215: yard_opt_2008 = yard_exp_brackets_3463 
1216: yard_opt_2008 = 
1217: bulk_options = yard_opt_2008 yard_opt_2009 yard_opt_2010 yard_opt_2011 yard_opt_2012 yard_opt_2013 
1218: yard_opt_2007 = bulk_options 
1219: yard_opt_2007 = 
1220: yard_opt_2006 = yard_exp_brackets_3462 
1221: yard_opt_2006 = 
1222: yard_opt_2005 = yard_exp_brackets_3461 
1223: yard_opt_2005 = 
1224: openrowset = KW_OPENROWSET LPAREN yard_exp_brackets_3460 RPAREN 
1225: rowset_function = openrowset 
1226: rowset_function = openquery 
1227: rowset_function = opendatasource 
1228: rowset_function = freetexttable 
1229: rowset_function = containstable 
1230: yard_opt_2004 = yard_exp_brackets_3459 
1231: yard_opt_2004 = 
1232: yard_opt_2003 = yard_exp_brackets_3458 
1233: yard_opt_2003 = 
1234: yard_opt_2001 = yard_exp_brackets_3457 
1235: yard_opt_2001 = 
1236: yard_opt_2002 = KW_AS 
1237: yard_opt_2002 = 
1238: yard_opt_2000 = yard_exp_brackets_3456 
1239: yard_opt_2000 = 
1240: yard_opt_1999 = KW_AS 
1241: yard_opt_1999 = 
1242: yard_opt_1998 = yard_exp_brackets_3455 
1243: yard_opt_1998 = 
1244: yard_opt_1996 = yard_exp_brackets_3454 
1245: yard_opt_1996 = 
1246: yard_opt_1997 = KW_AS 
1247: yard_opt_1997 = 
1248: yard_opt_1995 = yard_exp_brackets_3453 
1249: yard_opt_1995 = 
1250: yard_opt_1993 = yard_exp_brackets_3452 
1251: yard_opt_1993 = 
1252: yard_opt_1994 = KW_AS 
1253: yard_opt_1994 = 
1254: yard_opt_1992 = yard_exp_brackets_3451 
1255: yard_opt_1992 = 
1256: yard_many_343 = COMMA yard_many_343 
1257: yard_many_343 = 
1258: yard_opt_1991 = tablesample_clause 
1259: yard_opt_1991 = 
1260: yard_opt_1990 = KW_AS 
1261: yard_opt_1990 = 
1262: table_source = yard_exp_brackets_3450 
1263: table_source = pivoted_table 
1264: table_source = joined_table 
1265: table_source = ident yard_opt_1999 ident yard_opt_2000 
1266: table_source = yard_exp_brackets_3449 
1267: table_source = full_ident yard_opt_1990 full_ident yard_opt_1991 yard_opt_1992 
1268: yard_many_342 = yard_exp_brackets_3448 yard_many_342 
1269: yard_many_342 = 
1270: yard_rule_list_3283 = table_source yard_many_342 
1271: yard_rule_list_3283 = 
1272: yard_rule_comma_list_3282 = yard_rule_list_3283 
1273: yard_opt_1989 = yard_exp_brackets_3447 
1274: yard_opt_1989 = 
1275: from = yard_opt_1989 
1276: yard_opt_1988 = yard_exp_brackets_3446 
1277: yard_opt_1988 = 
1278: yard_opt_1987 = yard_exp_brackets_3445 
1279: yard_opt_1987 = 
1280: yard_opt_1986 = KW_NOT 
1281: yard_opt_1986 = 
1282: yard_opt_1985 = KW_NOT 
1283: yard_opt_1985 = 
1284: yard_opt_1984 = yard_exp_brackets_3444 
1285: yard_opt_1984 = 
1286: predicate = IDENT yard_opt_1987 yard_opt_1988 KW_IN LPAREN yard_exp_brackets_3443 RPAREN 
1287: predicate = KW_EXISTS LPAREN query_expression RPAREN 
1288: predicate = sql_expr binop yard_exp_brackets_3442 LPAREN query_expression RPAREN 
1289: predicate = sql_expr KW_IS yard_opt_1986 KW_NULL 
1290: predicate = sql_expr yard_opt_1985 KW_BETWEEN sql_expr KW_AND sql_expr 
1291: predicate = sql_expr yard_opt_1984 
1292: yard_many_341 = yard_exp_brackets_3441 yard_many_341 
1293: yard_many_341 = 
1294: yard_opt_1983 = KW_NOT 
1295: yard_opt_1983 = 
1296: yard_opt_1982 = KW_NOT 
1297: yard_opt_1982 = 
1298: search_condition = yard_exp_brackets_3440 yard_many_341 
1299: yard_many_340 = yard_exp_brackets_3439 yard_many_340 
1300: yard_many_340 = 
1301: yard_opt_1981 = yard_exp_brackets_3438 
1302: yard_opt_1981 = 
1303: yard_opt_1980 = yard_exp_brackets_3437 
1304: yard_opt_1980 = 
1305: yard_rule_list_3281 = yard_exp_brackets_3436 yard_many_340 
1306: yard_rule_list_3281 = 
1307: yard_rule_comma_list_3280 = yard_rule_list_3281 
1308: yard_opt_1979 = yard_exp_brackets_3435 
1309: yard_opt_1979 = 
1310: order_by_clause = yard_opt_1979 
1311: yard_opt_1978 = yard_many_339 
1312: yard_opt_1978 = 
1313: yard_many_339 = yard_exp_brackets_3434 yard_many_339 
1314: yard_many_339 = 
1315: yard_opt_1977 = sql_expr 
1316: yard_opt_1977 = 
1317: ranking_windowed_function = yard_exp_brackets_3433 LPAREN yard_opt_1977 RPAREN KW_OVER LPAREN yard_opt_1978 order_by_clause RPAREN 
1318: yard_many_338 = yard_exp_brackets_3432 yard_many_338 
1319: yard_many_338 = 
1320: yard_opt_1976 = yard_exp_brackets_3431 
1321: yard_opt_1976 = 
1322: yard_opt_1975 = yard_exp_brackets_3430 
1323: yard_opt_1975 = 
1324: yard_rule_list_3279 = yard_opt_1975 yard_many_338 
1325: yard_rule_list_3279 = 
1326: yard_rule_comma_list_3278 = yard_rule_list_3279 
1327: aggregate_windowed_function = KW_OVER LPAREN yard_rule_comma_list_3278 order_by_clause RPAREN 
1328: yard_opt_1974 = yard_exp_brackets_3429 
1329: yard_opt_1974 = 
1330: scalar_function = KW_SUM LPAREN yard_opt_1974 sql_expr 
1331: scalar_function = KW_LOWER sql_expr 
1332: yard_many_337 = yard_exp_brackets_3428 yard_many_337 
1333: yard_many_337 = 
1334: yard_opt_1972 = yard_exp_brackets_3427 
1335: yard_opt_1972 = 
1336: yard_opt_1973 = KW_AS 
1337: yard_opt_1973 = 
1338: yard_opt_1971 = yard_exp_brackets_3426 
1339: yard_opt_1971 = 
1340: yard_opt_1970 = yard_exp_brackets_3425 
1341: yard_opt_1970 = 
1342: yard_opt_1968 = yard_exp_brackets_3424 
1343: yard_opt_1968 = 
1344: yard_opt_1969 = KW_AS 
1345: yard_opt_1969 = 
1346: yard_opt_1967 = yard_exp_brackets_3423 
1347: yard_opt_1967 = 
1348: yard_opt_1966 = yard_exp_brackets_3422 
1349: yard_opt_1966 = 
1350: yard_rule_list_3277 = yard_exp_brackets_3421 yard_many_337 
1351: yard_rule_list_3277 = 
1352: yard_rule_comma_list_3276 = yard_rule_list_3277 
1353: select_list = yard_rule_comma_list_3276 
1354: yard_opt_1965 = yard_exp_brackets_3420 
1355: yard_opt_1965 = 
1356: yard_opt_1962 = yard_exp_brackets_3419 
1357: yard_opt_1962 = 
1358: yard_opt_1964 = yard_exp_brackets_3418 
1359: yard_opt_1964 = 
1360: yard_opt_1963 = KW_ALL 
1361: yard_opt_1963 = 
1362: yard_opt_1961 = yard_exp_brackets_3417 
1363: yard_opt_1961 = 
1364: yard_opt_1960 = from 
1365: yard_opt_1960 = 
1366: yard_opt_1959 = yard_exp_brackets_3416 
1367: yard_opt_1959 = 
1368: yard_opt_1956 = yard_exp_brackets_3415 
1369: yard_opt_1956 = 
1370: yard_opt_1958 = yard_exp_brackets_3414 
1371: yard_opt_1958 = 
1372: yard_opt_1957 = KW_PERCENT 
1373: yard_opt_1957 = 
1374: yard_opt_1955 = yard_exp_brackets_3413 
1375: yard_opt_1955 = 
1376: query_specification = KW_SELECT yard_opt_1955 yard_opt_1956 select_list yard_opt_1959 yard_opt_1960 yard_opt_1961 yard_opt_1962 yard_opt_1965 
1377: yard_many_336 = yard_exp_brackets_3412 yard_many_336 
1378: yard_many_336 = 
1379: yard_rule_list_3275 = yard_exp_brackets_3411 yard_many_336 
1380: yard_rule_list_3275 = 
1381: yard_rule_comma_list_3274 = yard_rule_list_3275 
1382: yard_opt_1953 = yard_exp_brackets_3410 
1383: yard_opt_1953 = 
1384: yard_opt_1954 = KW_ALL 
1385: yard_opt_1954 = 
1386: query_expression = yard_exp_brackets_3409 yard_opt_1953 
1387: yard_opt_1952 = SEMI 
1388: yard_opt_1952 = 
1389: yard_opt_1951 = yard_exp_brackets_3408 
1390: yard_opt_1951 = 
1391: common_table_expression = yard_exp_brackets_3407 yard_opt_1951 KW_AS LPAREN select_stmnt RPAREN yard_opt_1952 
1392: yard_many_335 = yard_exp_brackets_3406 yard_many_335 
1393: yard_many_335 = 
1394: yard_rule_list_3273 = yard_exp_brackets_3405 yard_many_335 
1395: yard_rule_list_3273 = 
1396: yard_rule_comma_list_3272 = yard_rule_list_3273 
1397: query_hint = yard_exp_brackets_3404 
1398: yard_opt_1949 = yard_exp_brackets_3403 
1399: yard_opt_1949 = 
1400: yard_opt_1950 = yard_exp_brackets_3402 
1401: yard_opt_1950 = 
1402: yard_opt_1948 = yard_exp_brackets_3401 
1403: yard_opt_1948 = 
1404: yard_opt_1947 = yard_exp_brackets_3400 
1405: yard_opt_1947 = 
1406: common_directives = yard_opt_1947 yard_opt_1948 yard_opt_1949 
1407: yard_opt_1944 = yard_exp_brackets_3399 
1408: yard_opt_1944 = 
1409: yard_opt_1945 = yard_exp_brackets_3398 
1410: yard_opt_1945 = 
1411: yard_opt_1946 = yard_exp_brackets_3397 
1412: yard_opt_1946 = 
1413: yard_opt_1943 = yard_exp_brackets_3396 
1414: yard_opt_1943 = 
1415: yard_opt_1941 = yard_exp_brackets_3395 
1416: yard_opt_1941 = 
1417: yard_opt_1942 = yard_exp_brackets_3394 
1418: yard_opt_1942 = 
1419: yard_opt_1936 = yard_exp_brackets_3393 
1420: yard_opt_1936 = 
1421: yard_opt_1939 = yard_exp_brackets_3392 
1422: yard_opt_1939 = 
1423: yard_opt_1940 = yard_exp_brackets_3391 
1424: yard_opt_1940 = 
1425: yard_opt_1937 = yard_exp_brackets_3390 
1426: yard_opt_1937 = 
1427: yard_opt_1938 = yard_exp_brackets_3389 
1428: yard_opt_1938 = 
1429: yard_opt_1935 = yard_exp_brackets_3388 
1430: yard_opt_1935 = 
1431: xml = KW_XML yard_exp_brackets_3387 
1432: yard_opt_1934 = yard_exp_brackets_3386 
1433: yard_opt_1934 = 
1434: for = yard_opt_1934 
1435: yard_many_334 = yard_exp_brackets_3385 yard_many_334 
1436: yard_many_334 = 
1437: yard_rule_list_3271 = yard_exp_brackets_3384 yard_many_334 
1438: yard_rule_list_3271 = 
1439: yard_rule_comma_list_3270 = yard_rule_list_3271 
1440: yard_many_333 = yard_exp_brackets_3383 yard_many_333 
1441: yard_many_333 = 
1442: yard_rule_list_3263 = common_table_expression yard_many_333 
1443: yard_rule_list_3263 = 
1444: yard_rule_comma_list_3262 = yard_rule_list_3263 
1445: yard_many_332 = yard_exp_brackets_3382 yard_many_332 
1446: yard_many_332 = 
1447: yard_opt_1933 = yard_exp_brackets_3381 
1448: yard_opt_1933 = 
1449: yard_opt_1932 = yard_exp_brackets_3380 
1450: yard_opt_1932 = 
1451: yard_rule_list_3265 = yard_exp_brackets_3379 yard_many_332 
1452: yard_rule_list_3265 = 
1453: yard_rule_comma_list_3264 = yard_rule_list_3265 
1454: yard_many_331 = yard_exp_brackets_3378 yard_many_331 
1455: yard_many_331 = 
1456: yard_rule_list_3267 = yard_exp_brackets_3377 yard_many_331 
1457: yard_rule_list_3267 = 
1458: yard_rule_comma_list_3266 = yard_rule_list_3267 
1459: yard_many_330 = yard_exp_brackets_3376 yard_many_330 
1460: yard_many_330 = 
1461: yard_rule_list_3269 = query_hint yard_many_330 
1462: yard_rule_list_3269 = 
1463: yard_rule_comma_list_3268 = yard_rule_list_3269 
1464: yard_opt_1931 = yard_many_329 
1465: yard_opt_1931 = 
1466: yard_many_329 = yard_exp_brackets_3375 yard_many_329 
1467: yard_many_329 = 
1468: yard_opt_1930 = SEMI 
1469: yard_opt_1930 = 
1470: yard_opt_1929 = yard_exp_brackets_3374 
1471: yard_opt_1929 = 
1472: yard_opt_1928 = for 
1473: yard_opt_1928 = 
1474: yard_opt_1926 = yard_exp_brackets_3373 
1475: yard_opt_1926 = 
1476: yard_opt_1927 = yard_exp_brackets_3372 
1477: yard_opt_1927 = 
1478: yard_opt_1925 = yard_exp_brackets_3371 
1479: yard_opt_1925 = 
1480: yard_opt_1924 = yard_exp_brackets_3370 
1481: yard_opt_1924 = 
1482: select_stmnt = KW_SELECT yard_exp_brackets_3369 KW_FROM full_ident KW_WHERE sql_expr yard_opt_1931 
1483: select_stmnt = KW_SELECT yard_rule_comma_list_3270 yard_opt_1930 
1484: select_stmnt = yard_exp_brackets_3368 
1485: table_constraint = yard_exp_brackets_3367 
1486: table_constraint = yard_exp_brackets_3366 
1487: yard_opt_1923 = yard_exp_brackets_3365 
1488: yard_opt_1923 = 
1489: yard_opt_1922 = yard_exp_brackets_3364 
1490: yard_opt_1922 = 
1491: column_constraint = yard_exp_brackets_3363 
1492: yard_opt_1921 = column_constraint 
1493: yard_opt_1921 = 
1494: yard_opt_1920 = KW_ROWGUIDCOL 
1495: yard_opt_1920 = 
1496: yard_opt_1917 = yard_exp_brackets_3362 
1497: yard_opt_1917 = 
1498: yard_opt_1919 = yard_exp_brackets_3361 
1499: yard_opt_1919 = 
1500: yard_opt_1918 = yard_exp_brackets_3360 
1501: yard_opt_1918 = 
1502: yard_opt_1916 = yard_exp_brackets_3359 
1503: yard_opt_1916 = 
1504: column_definition = ident yard_exp_brackets_3358 yard_opt_1916 yard_opt_1917 yard_opt_1920 yard_opt_1921 
1505: yard_many_328 = yard_exp_brackets_3357 yard_many_328 
1506: yard_many_328 = 
1507: table_type_definition = KW_TABLE LPAREN yard_many_328 RPAREN 
1508: yard_many_327 = yard_exp_brackets_3356 yard_many_327 
1509: yard_many_327 = 
1510: yard_opt_1915 = KW_AS 
1511: yard_opt_1915 = 
1512: yard_opt_1914 = KW_FOR 
1513: yard_opt_1914 = 
1514: yard_opt_1913 = KW_STATIC 
1515: yard_opt_1913 = 
1516: yard_opt_1912 = KW_LOCAL 
1517: yard_opt_1912 = 
1518: yard_opt_1911 = KW_AS 
1519: yard_opt_1911 = 
1520: yard_opt_1910 = KW_AS 
1521: yard_opt_1910 = 
1522: yard_opt_1909 = KW_FOR 
1523: yard_opt_1909 = 
1524: yard_opt_1908 = KW_STATIC 
1525: yard_opt_1908 = 
1526: yard_opt_1907 = KW_LOCAL 
1527: yard_opt_1907 = 
1528: yard_opt_1906 = KW_AS 
1529: yard_opt_1906 = 
1530: yard_rule_list_3261 = yard_exp_brackets_3355 yard_many_327 
1531: yard_rule_list_3261 = 
1532: yard_rule_comma_list_3260 = yard_rule_list_3261 
1533: yard_opt_1905 = SEMI 
1534: yard_opt_1905 = 
1535: declare = KW_DECLARE yard_rule_comma_list_3260 yard_opt_1905 
1536: yard_many_326 = yard_exp_brackets_3354 yard_many_326 
1537: yard_many_326 = 
1538: yard_rule_list_3257 = sql_expr yard_many_326 
1539: yard_rule_list_3257 = 
1540: yard_rule_comma_list_3256 = yard_rule_list_3257 
1541: yard_many_325 = yard_exp_brackets_3353 yard_many_325 
1542: yard_many_325 = 
1543: yard_rule_list_3259 = yard_exp_brackets_3352 yard_many_325 
1544: yard_rule_list_3259 = 
1545: yard_rule_comma_list_3258 = yard_rule_list_3259 
1546: yard_opt_1904 = yard_exp_brackets_3351 
1547: yard_opt_1904 = 
1548: yard_opt_1903 = yard_exp_brackets_3350 
1549: yard_opt_1903 = 
1550: raiserror_stmnt = KW_RAISERROR LPAREN yard_exp_brackets_3348 yard_exp_brackets_3349 yard_opt_1903 RPAREN yard_opt_1904 
1551: yard_rule_brace_opt_3255 = LPAREN sql_expr RPAREN 
1552: yard_rule_brace_opt_3255 = sql_expr 
1553: yard_opt_1902 = yard_exp_brackets_3347 
1554: yard_opt_1902 = 
1555: if_stmt = KW_IF yard_rule_brace_opt_3255 proc_body_stmnt yard_opt_1902 
1556: yard_many_324 = yard_exp_brackets_3346 yard_many_324 
1557: yard_many_324 = 
1558: yard_opt_1901 = SEMI 
1559: yard_opt_1901 = 
1560: stmt_block = KW_BEGIN yard_many_324 KW_END 
1561: while_stmt = KW_WHILE sql_expr proc_body_stmnt 
1562: proc_body_stmnt = fetch_stmnt 
1563: proc_body_stmnt = insert 
1564: proc_body_stmnt = create_table 
1565: proc_body_stmnt = while_stmt 
1566: proc_body_stmnt = drop_procedure 
1567: proc_body_stmnt = rollback_transaction 
1568: proc_body_stmnt = commit_transaction 
1569: proc_body_stmnt = begin_transaction 
1570: proc_body_stmnt = stmt_block 
1571: proc_body_stmnt = raiserror_stmnt 
1572: proc_body_stmnt = if_stmt 
1573: proc_body_stmnt = KW_RETURN sql_expr 
1574: proc_body_stmnt = declare 
1575: proc_body_stmnt = sql_expr 
1576: proc_body_stmnt = execute_stmnt 
1577: proc_body_stmnt = set_stmnt 
1578: proc_body_stmnt = select_stmnt 
1579: yard_opt_1900 = KW_EXECUTE_AS_Clause 
1580: yard_opt_1900 = 
1581: yard_opt_1899 = KW_RECOMPILE 
1582: yard_opt_1899 = 
1583: yard_opt_1898 = KW_ENCRYPTION 
1584: yard_opt_1898 = 
1585: procedure_option = yard_opt_1900 
1586: procedure_option = yard_opt_1899 
1587: procedure_option = yard_opt_1898 
1588: yard_rule_brace_opt_3253 = LPAREN yard_rule_comma_list_3249 RPAREN 
1589: yard_rule_brace_opt_3253 = yard_rule_comma_list_3249 
1590: yard_many_323 = yard_exp_brackets_3345 yard_many_323 
1591: yard_many_323 = 
1592: yard_opt_1897 = SEMI 
1593: yard_opt_1897 = 
1594: yard_many_322 = yard_exp_brackets_3344 yard_many_322 
1595: yard_many_322 = 
1596: yard_opt_1896 = SEMI 
1597: yard_opt_1896 = 
1598: yard_rule_brace_opt_3254 = KW_BEGIN yard_many_323 KW_END 
1599: yard_rule_brace_opt_3254 = yard_many_322 
1600: yard_opt_1895 = SEMI 
1601: yard_opt_1895 = 
1602: yard_opt_1894 = yard_exp_brackets_3343 
1603: yard_opt_1894 = 
1604: yard_opt_1893 = yard_exp_brackets_3342 
1605: yard_opt_1893 = 
1606: yard_some_58 = execute_as yard_some_58 
1607: yard_some_58 = execute_as 
1608: yard_opt_1892 = yard_exp_brackets_3341 
1609: yard_opt_1892 = 
1610: yard_opt_1891 = yard_exp_brackets_3340 
1611: yard_opt_1891 = 
1612: create_proc = KW_CREATE yard_exp_brackets_3339 yard_opt_1891 ident yard_opt_1892 yard_rule_brace_opt_3253 yard_opt_1893 yard_opt_1894 KW_AS yard_rule_brace_opt_3254 yard_opt_1895 
1613: yard_opt_1890 = KW_READONLY 
1614: yard_opt_1890 = 
1615: yard_opt_1889 = yard_exp_brackets_3338 
1616: yard_opt_1889 = 
1617: yard_opt_1888 = yard_exp_brackets_3337 
1618: yard_opt_1888 = 
1619: yard_opt_1887 = KW_VARYING 
1620: yard_opt_1887 = 
1621: yard_opt_1886 = sql_datatype 
1622: yard_opt_1886 = 
1623: yard_opt_1885 = yard_exp_brackets_3336 
1624: yard_opt_1885 = 
1625: proc_formal_param = LOCALVAR yard_opt_1885 yard_opt_1886 yard_opt_1887 yard_opt_1888 yard_opt_1889 yard_opt_1890 
1626: yard_some_57 = yard_exp_brackets_3335 yard_some_57 
1627: yard_some_57 = yard_exp_brackets_3334 
1628: yard_opt_1884 = yard_exp_brackets_3333 
1629: yard_opt_1884 = 
1630: drop_procedure = KW_DROP yard_exp_brackets_3332 yard_some_57 
1631: yard_many_321 = yard_exp_brackets_3331 yard_many_321 
1632: yard_many_321 = 
1633: yard_rule_list_3252 = ident yard_many_321 
1634: yard_rule_list_3252 = 
1635: yard_rule_comma_list_3251 = yard_rule_list_3252 
1636: yard_many_320 = yard_exp_brackets_3330 yard_many_320 
1637: yard_many_320 = 
1638: yard_rule_list_3250 = proc_formal_param yard_many_320 
1639: yard_rule_list_3250 = 
1640: yard_rule_comma_list_3249 = yard_rule_list_3250 
1641: yard_opt_1882 = yard_exp_brackets_3329 
1642: yard_opt_1882 = 
1643: yard_opt_1883 = yard_exp_brackets_3328 
1644: yard_opt_1883 = 
1645: yard_opt_1881 = KW_TYPE_WARNING 
1646: yard_opt_1881 = 
1647: yard_opt_1880 = yard_exp_brackets_3327 
1648: yard_opt_1880 = 
1649: yard_opt_1879 = yard_exp_brackets_3326 
1650: yard_opt_1879 = 
1651: yard_opt_1878 = yard_exp_brackets_3325 
1652: yard_opt_1878 = 
1653: yard_opt_1877 = yard_exp_brackets_3324 
1654: yard_opt_1877 = 
1655: set_localvar = yard_exp_brackets_3323 
1656: set_localvar = KW_SET yard_exp_brackets_3322 
1657: set_stmnt = set_localvar 
1658: set_stmnt = KW_SET yard_exp_brackets_3320 yard_exp_brackets_3321 
1659: yard_opt_1876 = SEMI 
1660: yard_opt_1876 = 
1661: yard_opt_1875 = yard_exp_brackets_3319 
1662: yard_opt_1875 = 
1663: yard_opt_1874 = yard_exp_brackets_3318 
1664: yard_opt_1874 = 
1665: rollback_transaction = KW_ROLLBACK yard_opt_1874 yard_opt_1875 yard_opt_1876 
1666: batch_body = insert 
1667: batch_body = create_table 
1668: batch_body = drop_procedure 
1669: batch_body = if_stmt 
1670: batch_body = rollback_transaction 
1671: batch_body = case 
1672: batch_body = declare 
1673: batch_body = commit_transaction 
1674: batch_body = begin_transaction 
1675: batch_body = KW_USE LBRACKET KW_MDW_CONTROL RBRACKET 
1676: batch_body = set_stmnt 
1677: batch_body = create_proc 
1678: yard_many_319 = yard_exp_brackets_3317 yard_many_319 
1679: yard_many_319 = 
1680: yard_opt_1873 = KW_GO 
1681: yard_opt_1873 = 
1682: root_rule = yard_many_319 
1683: yard_start_rule = root_rule 
Grammar contains non-terminals, which can infinitely infer epsilon:
yard_many_324 <- yard_many_324
yard_many_323 <- yard_many_323
yard_many_322 <- yard_many_322
yard_many_319 <- yard_many_319

States count: 2254
Generation time: 00:00:45.3026865
