This is pdfTeX, Version 3.1415926-1.40.9 (MiKTeX 2.7) (preloaded format=pdflatex 2009.4.3)  9 APR 2009 22:46
entering extended mode
**D:/Users/rec_ascent/trunk/Docs/Отчёт/Исходники/Курсовая.tex
(D:/Users/rec_ascent/trunk/Docs/Отчёт/Исходники/Курсовая.tex
LaTeX2e <2005/12/01>
Babel <v3.8l> and hyphenation patterns for english, dumylang, nohyphenation, ge
rman, ngerman, german-x-2008-06-18, ngerman-x-2008-06-18, french, loaded.
("C:\Program Files\MiKTeX 2.7\tex\latex\base\article.cls"
Document Class: article 2005/09/16 v1.4f Standard LaTeX document class
("C:\Program Files\MiKTeX 2.7\tex\latex\base\size12.clo"
File: size12.clo 2005/09/16 v1.4f Standard LaTeX file (size option)
)
\c@part=\count79
\c@section=\count80
\c@subsection=\count81
\c@subsubsection=\count82
\c@paragraph=\count83
\c@subparagraph=\count84
\c@figure=\count85
\c@table=\count86
\abovecaptionskip=\skip41
\belowcaptionskip=\skip42
\bibindent=\dimen102
)
("C:\Program Files\MiKTeX 2.7\tex\latex\base\inputenc.sty"
Package: inputenc 2006/05/05 v1.1b Input encoding file
\inpenc@prehook=\toks14
\inpenc@posthook=\toks15

("C:\Program Files\MiKTeX 2.7\tex\latex\cyrillic\cp1251.def"
File: cp1251.def 1999/11/16 v1.0d Input encoding file
))
("C:\Program Files\MiKTeX 2.7\tex\generic\babel\babel.sty"
Package: babel 2008/07/06 v3.8l The Babel package

*************************************
* Local config file bblopts.cfg used
*
("C:\Program Files\MiKTeX 2.7\tex\latex\00miktex\bblopts.cfg"
File: bblopts.cfg 2006/07/31 v1.0 MiKTeX 'babel' configuration
)
("C:\Program Files\MiKTeX 2.7\tex\generic\babel\english.ldf"
Language: english 2005/03/30 v3.3o English support from the babel system

("C:\Program Files\MiKTeX 2.7\tex\generic\babel\babel.def"
File: babel.def 2008/07/06 v3.8l Babel common definitions
\babel@savecnt=\count87
\U@D=\dimen103
)
\l@canadian = a dialect from \language\l@american 
\l@australian = a dialect from \language\l@british 
\l@newzealand = a dialect from \language\l@british 
)
("C:\Program Files\MiKTeX 2.7\tex\generic\babel\russianb.ldf"
Language: russianb 2008/03/21 v1.1r Russian support from the babel system


Package babel Warning: No hyphenation patterns were loaded for
(babel)                the language `Russian'
(babel)                I will use the patterns loaded for \language=0 instead.

\l@russian = a dialect from \language0
("C:\Program Files\MiKTeX 2.7\tex\latex\cyrillic\t2aenc.def"
File: t2aenc.def 2005/09/27 v1.0i Cyrillic encoding definition file
)
Package babel Info: Making " an active character on input line 199.
))
("C:\Program Files\MiKTeX 2.7\tex\latex\graphics\graphicx.sty"
Package: graphicx 1999/02/16 v1.0f Enhanced LaTeX Graphics (DPC,SPQR)

("C:\Program Files\MiKTeX 2.7\tex\latex\graphics\keyval.sty"
Package: keyval 1999/03/16 v1.13 key=value parser (DPC)
\KV@toks@=\toks16
)
("C:\Program Files\MiKTeX 2.7\tex\latex\graphics\graphics.sty"
Package: graphics 2006/02/20 v1.0o Standard LaTeX Graphics (DPC,SPQR)

("C:\Program Files\MiKTeX 2.7\tex\latex\graphics\trig.sty"
Package: trig 1999/03/16 v1.09 sin cos tan (DPC)
)
("C:\Program Files\MiKTeX 2.7\tex\latex\00miktex\graphics.cfg"
File: graphics.cfg 2007/01/18 v1.5 graphics configuration of teTeX/TeXLive
)
Package graphics Info: Driver file: pdftex.def on input line 90.

("C:\Program Files\MiKTeX 2.7\tex\latex\pdftex-def\pdftex.def"
File: pdftex.def 2008/09/08 v0.04l Graphics/color for pdfTeX
\Gread@gobject=\count88
))
\Gin@req@height=\dimen104
\Gin@req@width=\dimen105
)
("C:\Program Files\MiKTeX 2.7\tex\latex\dottex\dottex.sty"
Package: dottex 2007/08/22 v0.6 dot/neato graphs in LaTeX

("C:\Program Files\MiKTeX 2.7\tex\latex\moreverb\moreverb.sty"
Package: moreverb 2008/06/03 v2.3 `more' verbatim facilities

("C:\Program Files\MiKTeX 2.7\tex\latex\tools\verbatim.sty"
Package: verbatim 2003/08/22 v1.5q LaTeX2e package for verbatim enhancements
\every@verbatim=\toks17
\verbatim@line=\toks18
\verbatim@in@stream=\read1
)
\verbatim@out=\write3
\tab@position=\count89
\tab@size=\count90
\listing@line=\count91
)
system(touch /tmp/w18-test-2009491366)...executed.

system(rm -f /tmp/w18-test-2009491366)...executed.



Package dottex Warning: Shell escape not enabled.
(dottex)                You'll need to convert the graphs yourself..

\c@fignum=\count92
) (Курсовая.aux
LaTeX Font Info:    Try loading font information for T2A+cmr on input line 3.
 ("C:\Program Files\MiKTeX 2.7\tex\latex\cyrillic\t2acmr.fd"
File: t2acmr.fd 2001/08/11 v1.0a Computer Modern Cyrillic font definitions
))
LaTeX Font Info:    Checking defaults for OML/cmm/m/it on input line 24.
LaTeX Font Info:    ... okay on input line 24.
LaTeX Font Info:    Checking defaults for T1/cmr/m/n on input line 24.
LaTeX Font Info:    ... okay on input line 24.
LaTeX Font Info:    Checking defaults for OT1/cmr/m/n on input line 24.
LaTeX Font Info:    ... okay on input line 24.
LaTeX Font Info:    Checking defaults for OMS/cmsy/m/n on input line 24.
LaTeX Font Info:    ... okay on input line 24.
LaTeX Font Info:    Checking defaults for OMX/cmex/m/n on input line 24.
LaTeX Font Info:    ... okay on input line 24.
LaTeX Font Info:    Checking defaults for U/cmr/m/n on input line 24.
LaTeX Font Info:    ... okay on input line 24.
LaTeX Font Info:    Checking defaults for T2A/cmr/m/n on input line 24.
LaTeX Font Info:    ... okay on input line 24.

("C:\Program Files\MiKTeX 2.7\tex\context\base\supp-pdf.tex"
[Loading MPS to PDF converter (version 2006.09.02).]
\scratchcounter=\count93
\scratchdimen=\dimen106
\scratchbox=\box26
\nofMPsegments=\count94
\nofMParguments=\count95
\everyMPshowfont=\toks19
\MPscratchCnt=\count96
\MPscratchDim=\dimen107
\MPnumerator=\count97
\everyMPtoPDFconversion=\toks20
)
LaTeX Font Info:    External font `cmex10' loaded for size
(Font)              <14.4> on input line 28.
LaTeX Font Info:    External font `cmex10' loaded for size
(Font)              <7> on input line 28.
 [1

{C:/ProgramData/MiKTeX/2.7/pdftex/config/pdftex.map}] (Курсовая.toc
LaTeX Font Info:    External font `cmex10' loaded for size
(Font)              <12> on input line 6.
LaTeX Font Info:    External font `cmex10' loaded for size
(Font)              <8> on input line 6.
LaTeX Font Info:    External font `cmex10' loaded for size
(Font)              <6> on input line 6.
)
\tf@toc=\write4

[2

]
Underfull \hbox (badness 2521) in paragraph at lines 35--36
\T2A/cmr/m/n/12 свободную грамматику. Необходимо существенно преобразовать его 
спецификацию, которая
 []


Underfull \hbox (badness 10000) in paragraph at lines 37--39
[] \T2A/cmr/m/n/12 При поддержке нескольких диалектов языка необходима возможно
сть лјгкой
 []


Underfull \hbox (badness 2302) in paragraph at lines 42--43
\T2A/cmr/m/n/12 Анализатор, построенный с помощью данного алгоритма, в результа
те разбора строит не
 []


Underfull \hbox (badness 3407) in paragraph at lines 44--45
[] \T2A/cmr/m/n/12 Стоит отметить, что по производительности такой анализатор, 
являясь некоторой
 []


Underfull \hbox (badness 2512) in paragraph at lines 44--45
\T2A/cmr/m/n/12 надстройкой над LR-анализатором, незначительно ему уступает. 
На сегодняшний день в
 []

LaTeX Font Info:    Try loading font information for OMS+cmr on input line 49.
("C:\Program Files\MiKTeX 2.7\tex\latex\base\omscmr.fd"
File: omscmr.fd 1999/05/25 v2.5h Standard LaTeX font definitions
)
LaTeX Font Info:    Font shape `OMS/cmr/m/n' in size <12> not available
(Font)              Font shape `OMS/cmsy/m/n' tried instead on input line 49.

Underfull \hbox (badness 2213) in paragraph at lines 51--52
[]\T2A/cmr/m/n/12 В рамках .NET есть возможность легко комбинировать функционал
ьный и объектно
 []

[3

]
Underfull \hbox (badness 1831) in paragraph at lines 70--71
 \T2A/cmr/m/n/12 Планируется расширить представление конструкциями для расширен
ных регулярных
 []


Underfull \hbox (badness 10000) in paragraph at lines 72--73
[] \T2A/cmr/m/n/12 Так как для реализации GLR-алгоритма требуется построение LR
(k) таблицы
 []


Underfull \hbox (badness 10000) in paragraph at lines 72--73
\T2A/cmr/m/n/12 и предварительный анализ и преобразоване грамматики [[]],наприм
ер удаление циклов
 []

LaTeX Font Info:    Try loading font information for T2A+cmtt on input line 73.

("C:\Program Files\MiKTeX 2.7\tex\latex\cyrillic\t2acmtt.fd"
File: t2acmtt.fd 2001/08/11 v1.0a Computer Modern Cyrillic font definitions
)
Underfull \hbox (badness 2547) in paragraph at lines 83--84
\T2A/cmr/m/n/12 на платформе .NET и реализации его на функциональном языке прог
раммирования F#.
 []


Underfull \hbox (badness 7326) in paragraph at lines 87--88
[] \T2A/cmr/m/n/12 Предпочтительным алгоритмам анализа является алгоритм разбор
а произвольной
 []


Underfull \hbox (badness 1242) in paragraph at lines 89--90
[] \T2A/cmr/m/n/12 Так как язык программирования F# является функциональным, то
 особый интерес
 []

[4] [5]
Underfull \hbox (badness 3029) in paragraph at lines 144--145
[] \T2A/cmr/m/n/12 Используя рекурсивно-восходящий алгоритм можно получить экви
валент алгоритму
 []


Underfull \hbox (badness 10000) in paragraph at lines 166--167
[] \T2A/cmr/m/n/12 Дополнительного ускорения можно добиться заранее вычислив фу
нкцию go-to.
 []


Underfull \hbox (badness 1642) in paragraph at lines 166--167
\T2A/cmr/m/n/12 Действительно, построение замыкания (clo-sure), необходимое для
 вычисления функции go-to
 []

[6]
Underfull \hbox (badness 1365) in paragraph at lines 193--194
\T2A/cmr/m/n/12 анализатора, без преобразований входной грамматики [[]]. Для эт
ого нужно переопределить
 []


Underfull \hbox (badness 1259) in paragraph at lines 197--198
\T2A/cmr/m/n/12 переходов в результирующем LR-автомате можно преобразовать НКА 
в детерминированный
 []


Underfull \hbox (badness 1629) in paragraph at lines 197--198
\T2A/cmr/m/n/12 конечный автомат(ДКА). Для этого применим стандартный алгоритм 
преобразования НКА
 []


Underfull \hbox (badness 5563) in paragraph at lines 197--198
\T2A/cmr/m/n/12 в ДКА[[]]. Полученный в результате преобразований ДКА будет выг
лядеть следующим
 []

[7]
Underfull \hbox (badness 2012) in paragraph at lines 232--233
[]\T2A/cmr/m/n/12 Дополним эту грамматику и пронумеруем правила. Введјм стартов
ый нетерминал S и
 []


Underfull \hbox (badness 1142) in paragraph at lines 246--247
[]\T2A/cmr/m/n/12 Очевидно, что такая грамматика неоднозначна. Существуют цепоч
ки, которые выводимы
 []


Underfull \hbox (badness 10000) in paragraph at lines 264--265
[]\T2A/cmr/m/it/12 Чемоданов И.С. \T2A/cmr/m/n/12 Генератор синтаксических анал
изаторов для решения задач
 []

[8] [9] (Курсовая.aux) ) 
Here is how much of TeX's memory you used:
 1894 strings out of 95304
 22593 string characters out of 1183071
 77115 words of memory out of 1500000
 5086 multiletter control sequences out of 110000
 15363 words of font info for 37 fonts, out of 3000000 for 5000
 14 hyphenation exceptions out of 8191
 25i,6n,24p,779b,299s stack positions out of 5000i,500n,10000p,200000b,50000s
 <C:\ProgramData\MiKTeX\2.7\fonts\pk\ljfour\lh\lh-t2a\d
pi600\lati1200.pk> <C:\ProgramData\MiKTeX\2.7\fonts\pk\ljfour\lh\lh-t2a\dpi600\
latt1200.pk> <C:\ProgramData\MiKTeX\2.7\fonts\pk\ljfour\lh\lh-t2a\dpi600\labx14
40.pk> <C:\ProgramData\MiKTeX\2.7\fonts\pk\ljfour\lh\lh-t2a\dpi600\labx1200.pk>
 <C:\ProgramData\MiKTeX\2.7\fonts\pk\ljfour\lh\lh-t2a\dpi600\labx1728.pk> <C:\P
rogramData\MiKTeX\2.7\fonts\pk\ljfour\unknown\unknown\dpi600\larm1200.pk> <C:\P
rogramData\MiKTeX\2.7\fonts\pk\ljfour\lh\lh-t2a\dpi600\lasl1200.pk> <C:\Program
Data\MiKTeX\2.7\fonts\pk\ljfour\lh\lh-t2a\dpi600\larm1440.pk> <C:\ProgramData\M
iKTeX\2.7\fonts\pk\ljfour\lh\lh-t2a\dpi600\larm2074.pk><C:/Program Files/MiKTeX
 2.7/fonts/type1/bluesky/cm/cmex10.pfb><C:/Program Files/MiKTeX 2.7/fonts/type1
/bluesky/cm/cmmi12.pfb><C:/Program Files/MiKTeX 2.7/fonts/type1/bluesky/cm/cmr1
2.pfb><C:/Program Files/MiKTeX 2.7/fonts/type1/bluesky/cm/cmr8.pfb><C:/Program 
Files/MiKTeX 2.7/fonts/type1/bluesky/cm/cmsy10.pfb>
Output written on Курсовая.pdf (9 pages, 189615 bytes).
PDF statistics:
 488 PDF objects out of 1000 (max. 8388607)
 0 named destinations out of 1000 (max. 131072)
 1 words of extra memory for PDF output out of 10000 (max. 10000000)

