
rules:
   0: yard_exp_brackets_481 = . ident 
   1: yard_exp_brackets_480 = count 
   2: yard_exp_brackets_480 = ignore_dup_key 
   3: yard_exp_brackets_480 = owner 
   4: yard_exp_brackets_480 = state 
   5: yard_exp_brackets_480 = class 
   6: yard_exp_brackets_480 = type 
   7: yard_exp_brackets_480 = IDENT 
   8: yard_exp_brackets_479 = count 
   9: yard_exp_brackets_479 = ignore_dup_key 
  10: yard_exp_brackets_479 = owner 
  11: yard_exp_brackets_479 = state 
  12: yard_exp_brackets_479 = class 
  13: yard_exp_brackets_479 = type 
  14: yard_exp_brackets_479 = IDENT 
  15: yard_many_45 = yard_exp_brackets_481 yard_many_45 
  16: yard_many_45 = 
  17: yard_rule_not_empty_list_421 = ident yard_many_45 
  18: full_ident = yard_rule_not_empty_list_421 
  19: yard_rule_brace_opt_420 = [ yard_exp_brackets_480 ] 
  20: yard_rule_brace_opt_420 = yard_exp_brackets_479 
  21: ident = yard_rule_brace_opt_420 
  22: sql_value = null 
  23: sql_value = ident 
  24: sql_value = dec_num 
  25: sql_value = STRING_CONST 
  26: yard_opt_254 = - 
  27: yard_opt_254 = 
  28: dec_num = yard_opt_254 DEC_NUMBER 
  29: yard_exp_brackets_824 = rowguid 
  30: yard_exp_brackets_824 = identity 
  31: yard_exp_brackets_824 = ident 
  32: yard_exp_brackets_823 = sql_expr 
  33: yard_exp_brackets_823 = ident 
  34: yard_exp_brackets_822 = proximity_term 
  35: yard_exp_brackets_822 = generation_term 
  36: yard_exp_brackets_822 = prefix_term 
  37: yard_exp_brackets_822 = simple_term 
  38: yard_exp_brackets_821 = sql_expr yard_opt_349 
  39: yard_exp_brackets_821 = yard_opt_347 yard_exp_brackets_824 yard_opt_348 
  40: yard_exp_brackets_820 = rowguid 
  41: yard_exp_brackets_820 = identity 
  42: yard_exp_brackets_820 = ident 
  43: yard_exp_brackets_819 = DEC_NUMBER 
  44: yard_exp_brackets_819 = ident 
  45: yard_exp_brackets_818 = sum 
  46: yard_exp_brackets_818 = min 
  47: yard_exp_brackets_818 = max 
  48: yard_exp_brackets_818 = count 
  49: yard_exp_brackets_818 = avg 
  50: yard_exp_brackets_817 = sql_expr 
  51: yard_exp_brackets_817 = sql_datatype 
  52: yard_exp_brackets_816 = LOCALVAR 
  53: yard_exp_brackets_816 = dec_num 
  54: yard_exp_brackets_815 = LOCALVAR 
  55: yard_exp_brackets_815 = dec_num 
  56: yard_exp_brackets_814 = user 
  57: yard_exp_brackets_814 = login 
  58: yard_exp_brackets_813 = user 
  59: yard_exp_brackets_813 = login 
  60: yard_exp_brackets_812 = STRING_CONST 
  61: yard_exp_brackets_812 = LOCALVAR 
  62: yard_exp_brackets_811 = STRING_CONST 
  63: yard_exp_brackets_811 = LOCALVAR 
  64: yard_exp_brackets_810 = sql_expr yard_opt_476 
  65: yard_exp_brackets_809 = sql_expr yard_opt_473 
  66: yard_exp_brackets_808 = LOCALVAR 
  67: yard_exp_brackets_808 = ident 
  68: yard_exp_brackets_807 = yard_exp_brackets_823 yard_opt_461 
  69: yard_exp_brackets_806 = sql_expr 
  70: yard_exp_brackets_806 = ident 
  71: yard_exp_brackets_805 = sql_expr 
  72: yard_exp_brackets_805 = null 
  73: yard_exp_brackets_805 = default 
  74: yard_exp_brackets_804 = off 
  75: yard_exp_brackets_804 = on 
  76: yard_exp_brackets_803 = off 
  77: yard_exp_brackets_803 = on 
  78: yard_exp_brackets_802 = off 
  79: yard_exp_brackets_802 = on 
  80: yard_exp_brackets_801 = off 
  81: yard_exp_brackets_801 = on 
  82: yard_exp_brackets_800 = off 
  83: yard_exp_brackets_800 = on 
  84: yard_exp_brackets_799 = IDENT yard_opt_445 
  85: yard_exp_brackets_798 = default 
  86: yard_exp_brackets_798 = IDENT 
  87: yard_exp_brackets_798 = IDENT ( IDENT ) 
  88: yard_exp_brackets_797 = unique 
  89: yard_exp_brackets_797 = primary key 
  90: yard_exp_brackets_796 = unique 
  91: yard_exp_brackets_796 = primary key 
  92: yard_exp_brackets_795 = default 
  93: yard_exp_brackets_795 = IDENT 
  94: yard_exp_brackets_795 = IDENT ( IDENT ) 
  95: yard_exp_brackets_794 = default 
  96: yard_exp_brackets_794 = IDENT 
  97: yard_exp_brackets_794 = IDENT ( IDENT ) 
  98: yard_exp_brackets_793 = unique 
  99: yard_exp_brackets_793 = primary key 
 100: yard_exp_brackets_792 = computed_column_definition 
 101: yard_exp_brackets_792 = column_definition_create_table 
 102: yard_exp_brackets_791 = default 
 103: yard_exp_brackets_791 = IDENT 
 104: yard_exp_brackets_790 = default 
 105: yard_exp_brackets_790 = IDENT 
 106: yard_exp_brackets_790 = IDENT ( IDENT ) 
 107: yard_exp_brackets_789 = yard_exp_brackets_822 yard_opt_392 
 108: yard_exp_brackets_788 = proximity_term 
 109: yard_exp_brackets_788 = generation_term 
 110: yard_exp_brackets_788 = prefix_term 
 111: yard_exp_brackets_788 = simple_term 
 112: yard_exp_brackets_787 = prefix_term 
 113: yard_exp_brackets_787 = simple_term 
 114: yard_exp_brackets_786 = ~ 
 115: yard_exp_brackets_786 = near 
 116: yard_exp_brackets_785 = prefix_term 
 117: yard_exp_brackets_785 = simple_term 
 118: yard_exp_brackets_784 = ~ 
 119: yard_exp_brackets_784 = near 
 120: yard_exp_brackets_783 = DEC_NUMBER 
 121: yard_exp_brackets_783 = STRING_CONST 
 122: yard_exp_brackets_782 = DEC_NUMBER 
 123: yard_exp_brackets_782 = STRING_CONST 
 124: yard_exp_brackets_781 = single_nclob 
 125: yard_exp_brackets_781 = single_clob 
 126: yard_exp_brackets_781 = single_blob 
 127: yard_exp_brackets_781 = formatfile = STRING_CONST yard_opt_380 
 128: yard_exp_brackets_780 = STRING_CONST 
 129: yard_exp_brackets_780 = yard_opt_378 full_ident 
 130: yard_exp_brackets_779 = STRING_CONST 
 131: yard_exp_brackets_779 = STRING_CONST ; STRING_CONST ; STRING_CONST 
 132: yard_exp_brackets_778 = ( search_condition ) 
 133: yard_exp_brackets_778 = predicate 
 134: yard_exp_brackets_777 = or 
 135: yard_exp_brackets_777 = and 
 136: yard_exp_brackets_776 = sql_expr yard_opt_358 
 137: yard_exp_brackets_775 = ident = sql_expr 
 138: yard_exp_brackets_775 = yard_exp_brackets_821 
 139: yard_exp_brackets_775 = full_ident . * 
 140: yard_exp_brackets_775 = * 
 141: yard_exp_brackets_774 = ident ( yard_rule_comma_list_427 ) 
 142: yard_exp_brackets_774 = ident 
 143: yard_exp_brackets_774 = STRING_CONST 
 144: yard_exp_brackets_773 = DOUBLE_COLON 
 145: yard_exp_brackets_773 = . 
 146: yard_exp_brackets_772 = ident ( yard_rule_comma_list_427 ) 
 147: yard_exp_brackets_772 = ident 
 148: yard_exp_brackets_772 = STRING_CONST 
 149: yard_exp_brackets_771 = DOUBLE_COLON 
 150: yard_exp_brackets_771 = . 
 151: yard_exp_brackets_770 = sql_expr yard_opt_345 
 152: yard_exp_brackets_770 = yard_opt_343 yard_exp_brackets_820 yard_opt_344 
 153: yard_exp_brackets_769 = rollup 
 154: yard_exp_brackets_769 = cube 
 155: yard_exp_brackets_768 = ( query_expression ) 
 156: yard_exp_brackets_767 = intersect 
 157: yard_exp_brackets_767 = except 
 158: yard_exp_brackets_767 = union yard_opt_331 
 159: yard_exp_brackets_766 = LOCALVAR = STRING_CONST 
 160: yard_exp_brackets_765 = xmlschema yard_opt_315 
 161: yard_exp_brackets_765 = xmldata 
 162: yard_exp_brackets_764 = auto 
 163: yard_exp_brackets_764 = raw yard_opt_312 
 164: yard_exp_brackets_763 = yard_exp_brackets_819 yard_opt_311 
 165: yard_exp_brackets_762 = DEC_NUMBER 
 166: yard_exp_brackets_762 = ident 
 167: yard_exp_brackets_761 = yard_exp_brackets_818 sql_expr 
 168: yard_exp_brackets_760 = sum 
 169: yard_exp_brackets_760 = min 
 170: yard_exp_brackets_760 = max 
 171: yard_exp_brackets_760 = count 
 172: yard_exp_brackets_760 = avg 
 173: yard_exp_brackets_759 = ident yard_opt_295 table_type_definition 
 174: yard_exp_brackets_759 = ident cursor yard_opt_292 yard_opt_293 yard_opt_294 sql_expr 
 175: yard_exp_brackets_759 = LOCALVAR yard_opt_291 sql_datatype 
 176: yard_exp_brackets_758 = seterror 
 177: yard_exp_brackets_758 = nowait 
 178: yard_exp_brackets_758 = log 
 179: yard_exp_brackets_757 = STRING_CONST 
 180: yard_exp_brackets_757 = DEC_NUMBER 
 181: yard_exp_brackets_757 = null 
 182: yard_exp_brackets_756 = update yard_opt_265 
 183: yard_exp_brackets_756 = read only 
 184: yard_exp_brackets_755 = DOUBLE_COLON 
 185: yard_exp_brackets_755 = . 
 186: yard_exp_brackets_754 = xml 
 187: yard_exp_brackets_754 = time 
 188: yard_exp_brackets_754 = profile 
 189: yard_exp_brackets_754 = io 
 190: yard_exp_brackets_753 = , yard_exp_brackets_817 
 191: yard_exp_brackets_752 = sql_expr 
 192: yard_exp_brackets_752 = sql_datatype 
 193: yard_exp_brackets_751 = or 
 194: yard_exp_brackets_751 = and 
 195: yard_exp_brackets_750 = ~ 
 196: yard_exp_brackets_750 = -= 
 197: yard_exp_brackets_750 = += 
 198: yard_exp_brackets_750 = not 
 199: yard_exp_brackets_749 = into yard_rule_comma_list_469 
 200: yard_exp_brackets_748 = yard_opt_493 from 
 201: yard_exp_brackets_747 = relative yard_exp_brackets_816 
 202: yard_exp_brackets_747 = absolute yard_exp_brackets_815 
 203: yard_exp_brackets_747 = last 
 204: yard_exp_brackets_747 = first 
 205: yard_exp_brackets_747 = prior 
 206: yard_exp_brackets_747 = next 
 207: yard_exp_brackets_746 = LOCALVAR 
 208: yard_exp_brackets_746 = yard_opt_494 IDENT 
 209: yard_exp_brackets_745 = > = 
 210: yard_exp_brackets_744 = < = 
 211: yard_exp_brackets_743 = < > 
 212: yard_exp_brackets_742 = ident = STRING_CONST 
 213: yard_exp_brackets_742 = owner 
 214: yard_exp_brackets_742 = self 
 215: yard_exp_brackets_742 = caller 
 216: yard_exp_brackets_741 = execute 
 217: yard_exp_brackets_741 = exec 
 218: yard_exp_brackets_740 = max 
 219: yard_exp_brackets_740 = DEC_NUMBER 
 220: yard_exp_brackets_739 = at full_ident 
 221: yard_exp_brackets_738 = as yard_exp_brackets_814 = STRING_CONST 
 222: yard_exp_brackets_737 = , sql_expr yard_opt_482 
 223: yard_exp_brackets_736 = STRING_CONST yard_opt_480 yard_opt_481 
 224: yard_exp_brackets_736 = LOCALVAR 
 225: yard_exp_brackets_735 = STRING_CONST yard_opt_480 yard_opt_481 
 226: yard_exp_brackets_735 = LOCALVAR 
 227: yard_exp_brackets_734 = execute 
 228: yard_exp_brackets_734 = exec 
 229: yard_exp_brackets_733 = as yard_exp_brackets_813 = STRING_CONST 
 230: yard_exp_brackets_732 = yard_exp_brackets_812 yard_opt_477 
 231: yard_exp_brackets_731 = yard_exp_brackets_811 yard_opt_477 
 232: yard_exp_brackets_730 = execute 
 233: yard_exp_brackets_730 = exec 
 234: yard_exp_brackets_729 = , yard_opt_474 
 235: yard_exp_brackets_728 = yard_opt_475 yard_exp_brackets_810 
 236: yard_exp_brackets_727 = out 
 237: yard_exp_brackets_727 = output 
 238: yard_exp_brackets_726 = ident = > 
 239: yard_exp_brackets_725 = yard_opt_472 yard_exp_brackets_809 
 240: yard_exp_brackets_724 = out 
 241: yard_exp_brackets_724 = output 
 242: yard_exp_brackets_723 = ident = > 
 243: yard_exp_brackets_722 = LOCALVAR 
 244: yard_exp_brackets_722 = IDENT 
 245: yard_exp_brackets_721 = transaction 
 246: yard_exp_brackets_721 = tran 
 247: yard_exp_brackets_720 = yard_exp_brackets_808 yard_opt_466 
 248: yard_exp_brackets_719 = with mark yard_opt_467 
 249: yard_exp_brackets_718 = transaction 
 250: yard_exp_brackets_718 = tran 
 251: yard_exp_brackets_717 = IDENT . 
 252: yard_exp_brackets_717 = IDENT . yard_opt_464 . 
 253: yard_exp_brackets_717 = IDENT . IDENT . IDENT . 
 254: yard_exp_brackets_716 = ident 
 255: yard_exp_brackets_716 = * 
 256: yard_exp_brackets_715 = ident 
 257: yard_exp_brackets_715 = inserted 
 258: yard_exp_brackets_715 = deleted 
 259: yard_exp_brackets_714 = , yard_exp_brackets_807 
 260: yard_exp_brackets_713 = yard_opt_462 IDENT 
 261: yard_exp_brackets_712 = yard_opt_460 IDENT 
 262: yard_exp_brackets_711 = yard_exp_brackets_806 yard_opt_459 
 263: yard_exp_brackets_710 = yard_opt_458 IDENT 
 264: yard_exp_brackets_709 = sql_expr 
 265: yard_exp_brackets_709 = ident 
 266: yard_exp_brackets_708 = output dml_select_list 
 267: yard_exp_brackets_707 = ( yard_rule_comma_list_469 ) 
 268: yard_exp_brackets_706 = IDENT 
 269: yard_exp_brackets_706 = LOCALVAR 
 270: yard_exp_brackets_705 = , LOCALVAR 
 271: yard_exp_brackets_704 = , yard_exp_brackets_805 
 272: yard_exp_brackets_703 = sql_expr 
 273: yard_exp_brackets_703 = null 
 274: yard_exp_brackets_703 = default 
 275: yard_exp_brackets_702 = default values 
 276: yard_exp_brackets_702 = batch_body 
 277: yard_exp_brackets_702 = values ( yard_rule_comma_list_471 ) 
 278: yard_exp_brackets_701 = ( yard_rule_comma_list_469 ) 
 279: yard_exp_brackets_700 = with ( yard_many_81 ) 
 280: yard_exp_brackets_699 = top sql_expr yard_opt_448 
 281: yard_exp_brackets_698 = with yard_rule_comma_list_433 
 282: yard_exp_brackets_697 = rowset_function yard_opt_450 
 283: yard_exp_brackets_697 = object 
 284: yard_exp_brackets_696 = allow_page_locks = yard_exp_brackets_804 
 285: yard_exp_brackets_696 = allow_row_locks = yard_exp_brackets_803 
 286: yard_exp_brackets_696 = statistics_norecompute = yard_exp_brackets_802 
 287: yard_exp_brackets_696 = ignore_dup_key = yard_exp_brackets_801 
 288: yard_exp_brackets_696 = fillfactor = DEC_NUMBER 
 289: yard_exp_brackets_696 = pad_index = yard_exp_brackets_800 
 290: yard_exp_brackets_695 = update 
 291: yard_exp_brackets_695 = delete 
 292: yard_exp_brackets_694 = , IDENT 
 293: yard_exp_brackets_693 = , yard_exp_brackets_799 
 294: yard_exp_brackets_692 = desc 
 295: yard_exp_brackets_692 = asc 
 296: yard_exp_brackets_691 = desc 
 297: yard_exp_brackets_691 = asc 
 298: yard_exp_brackets_690 = IDENT yard_opt_444 
 299: yard_exp_brackets_689 = not for replication 
 300: yard_exp_brackets_688 = not for replication 
 301: yard_exp_brackets_687 = ( yard_rule_comma_list_467 ) 
 302: yard_exp_brackets_686 = on yard_exp_brackets_798 
 303: yard_exp_brackets_685 = with ( yard_rule_comma_list_463 ) 
 304: yard_exp_brackets_685 = with fillfactor = DEC_NUMBER 
 305: yard_exp_brackets_684 = nonclustered 
 306: yard_exp_brackets_684 = clustered 
 307: yard_exp_brackets_683 = constraint IDENT 
 308: yard_exp_brackets_682 = check yard_opt_443 sql_expr 
 309: yard_exp_brackets_682 = foreign key ( yard_rule_comma_list_467 ) references IDENT yard_opt_441 yard_many_78 yard_opt_442 
 310: yard_exp_brackets_682 = yard_exp_brackets_797 yard_opt_438 ( yard_rule_comma_list_465 ) yard_opt_439 yard_opt_440 
 311: yard_exp_brackets_681 = check yard_opt_436 sql_expr 
 312: yard_exp_brackets_681 = yard_opt_433 references IDENT yard_opt_434 yard_many_77 yard_opt_435 
 313: yard_exp_brackets_681 = yard_opt_429 yard_exp_brackets_796 yard_opt_430 yard_opt_431 yard_opt_432 
 314: yard_exp_brackets_680 = not for replication 
 315: yard_exp_brackets_679 = not for replication 
 316: yard_exp_brackets_678 = ( IDENT ) 
 317: yard_exp_brackets_677 = foreign key 
 318: yard_exp_brackets_676 = on yard_exp_brackets_795 
 319: yard_exp_brackets_675 = with ( yard_rule_comma_list_463 ) 
 320: yard_exp_brackets_675 = with fillfactor = DEC_NUMBER 
 321: yard_exp_brackets_674 = nonclustered 
 322: yard_exp_brackets_674 = clustered 
 323: yard_exp_brackets_673 = constraint IDENT 
 324: yard_exp_brackets_672 = persisted yard_opt_427 
 325: yard_exp_brackets_671 = not null 
 326: yard_exp_brackets_670 = , index_option 
 327: yard_exp_brackets_669 = not for replication 
 328: yard_exp_brackets_668 = not for replication 
 329: yard_exp_brackets_667 = ( IDENT ) 
 330: yard_exp_brackets_666 = IDENT . 
 331: yard_exp_brackets_665 = foreign key 
 332: yard_exp_brackets_664 = on yard_exp_brackets_794 
 333: yard_exp_brackets_663 = with ( yard_rule_comma_list_463 ) 
 334: yard_exp_brackets_663 = with fillfactor = DEC_NUMBER 
 335: yard_exp_brackets_662 = nonclustered 
 336: yard_exp_brackets_662 = clustered 
 337: yard_exp_brackets_661 = constraint IDENT 
 338: yard_exp_brackets_660 = check yard_opt_425 sql_expr 
 339: yard_exp_brackets_660 = yard_opt_421 references yard_opt_422 IDENT yard_opt_423 yard_many_75 yard_opt_424 
 340: yard_exp_brackets_660 = yard_exp_brackets_793 yard_opt_418 yard_opt_419 yard_opt_420 
 341: yard_exp_brackets_659 = identity yard_opt_414 yard_opt_415 
 342: yard_exp_brackets_658 = not for replication 
 343: yard_exp_brackets_657 = ( sql_expr , sql_expr ) 
 344: yard_exp_brackets_656 = yard_opt_412 default sql_expr 
 345: yard_exp_brackets_655 = constraint IDENT 
 346: yard_exp_brackets_654 = yard_opt_410 null 
 347: yard_exp_brackets_653 = collate IDENT 
 348: yard_exp_brackets_652 = , yard_exp_brackets_792 
 349: yard_exp_brackets_651 = computed_column_definition 
 350: yard_exp_brackets_651 = column_definition_create_table 
 351: yard_exp_brackets_650 = , table_constraint_create_table 
 352: yard_exp_brackets_649 = textimage_on yard_exp_brackets_791 
 353: yard_exp_brackets_648 = on yard_exp_brackets_790 
 354: yard_exp_brackets_647 = IDENT . yard_opt_403 yard_opt_404 
 355: yard_exp_brackets_646 = else sql_expr 
 356: yard_exp_brackets_645 = when sql_expr then sql_expr 
 357: yard_exp_brackets_644 = full 
 358: yard_exp_brackets_644 = right 
 359: yard_exp_brackets_644 = left 
 360: yard_exp_brackets_643 = repeatable sql_expr 
 361: yard_exp_brackets_642 = rows 
 362: yard_exp_brackets_642 = percent 
 363: yard_exp_brackets_641 = xlock 
 364: yard_exp_brackets_641 = updlock 
 365: yard_exp_brackets_641 = tablockx 
 366: yard_exp_brackets_641 = tablock 
 367: yard_exp_brackets_641 = serializable 
 368: yard_exp_brackets_641 = rowlock 
 369: yard_exp_brackets_641 = repeatableread 
 370: yard_exp_brackets_641 = readuncommitted 
 371: yard_exp_brackets_641 = readpast 
 372: yard_exp_brackets_641 = readcommittedlock 
 373: yard_exp_brackets_641 = readcommitted 
 374: yard_exp_brackets_641 = paglock 
 375: yard_exp_brackets_641 = nowait 
 376: yard_exp_brackets_641 = nolock 
 377: yard_exp_brackets_641 = holdlock 
 378: yard_exp_brackets_641 = fastfirstrow 
 379: yard_exp_brackets_641 = index ( yard_rule_comma_list_424 ) 
 380: yard_exp_brackets_640 = , yard_exp_brackets_789 
 381: yard_exp_brackets_639 = WEIGHT ( DEC_NUMBER ) 
 382: yard_exp_brackets_638 = WEIGHT ( DEC_NUMBER ) 
 383: yard_exp_brackets_637 = yard_exp_brackets_788 yard_opt_391 
 384: yard_exp_brackets_636 = yard_exp_brackets_786 yard_exp_brackets_787 
 385: yard_exp_brackets_635 = yard_exp_brackets_784 yard_exp_brackets_785 
 386: yard_exp_brackets_634 = prefix_term 
 387: yard_exp_brackets_634 = simple_term 
 388: yard_exp_brackets_633 = , simple_term 
 389: yard_exp_brackets_632 = thesaurus 
 390: yard_exp_brackets_632 = inflectional 
 391: yard_exp_brackets_631 = | 
 392: yard_exp_brackets_631 = or 
 393: yard_exp_brackets_631 = &! 
 394: yard_exp_brackets_631 = and not 
 395: yard_exp_brackets_631 = & 
 396: yard_exp_brackets_631 = and 
 397: yard_exp_brackets_630 = , DEC_NUMBER 
 398: yard_exp_brackets_629 = , language yard_exp_brackets_783 
 399: yard_exp_brackets_628 = * 
 400: yard_exp_brackets_628 = ( yard_rule_comma_list_424 ) 
 401: yard_exp_brackets_628 = ident 
 402: yard_exp_brackets_627 = , full_ident 
 403: yard_exp_brackets_626 = , DEC_NUMBER 
 404: yard_exp_brackets_625 = , language yard_exp_brackets_782 
 405: yard_exp_brackets_624 = * 
 406: yard_exp_brackets_624 = ( yard_rule_comma_list_453 ) 
 407: yard_exp_brackets_624 = full_ident 
 408: yard_exp_brackets_623 = , rows_per_batch = DEC_NUMBER 
 409: yard_exp_brackets_622 = , maxerrors = DEC_NUMBER 
 410: yard_exp_brackets_621 = , lastrow = DEC_NUMBER 
 411: yard_exp_brackets_620 = , firstrow = DEC_NUMBER 
 412: yard_exp_brackets_619 = , errorfile = STRING_CONST 
 413: yard_exp_brackets_618 = , codepage = STRING_CONST 
 414: yard_exp_brackets_617 = yard_opt_379 full_ident . 
 415: yard_exp_brackets_616 = full_ident . 
 416: yard_exp_brackets_615 = bulk STRING_CONST , yard_exp_brackets_781 
 417: yard_exp_brackets_615 = STRING_CONST , yard_exp_brackets_779 , yard_exp_brackets_780 
 418: yard_exp_brackets_614 = ( yard_rule_comma_list_424 ) 
 419: yard_exp_brackets_613 = as ident 
 420: yard_exp_brackets_612 = yard_opt_375 full_ident 
 421: yard_exp_brackets_611 = ( yard_rule_comma_list_424 ) 
 422: yard_exp_brackets_610 = ( yard_rule_comma_list_424 ) 
 423: yard_exp_brackets_609 = yard_opt_370 ident 
 424: yard_exp_brackets_608 = with ( table_hint yard_many_67 ) 
 425: yard_exp_brackets_607 = sql_expr 
 426: yard_exp_brackets_607 = rowset_function 
 427: yard_exp_brackets_606 = , table_source 
 428: yard_exp_brackets_605 = ( ) 
 429: yard_exp_brackets_604 = . IDENT 
 430: yard_exp_brackets_603 = escape STRING_CONST 
 431: yard_exp_brackets_602 = STRING_CONST 
 432: yard_exp_brackets_602 = dec_num 
 433: yard_exp_brackets_601 = STRING_CONST 
 434: yard_exp_brackets_601 = dec_num 
 435: yard_exp_brackets_600 = any 
 436: yard_exp_brackets_600 = some 
 437: yard_exp_brackets_600 = all 
 438: yard_exp_brackets_599 = yard_exp_brackets_777 yard_opt_360 yard_exp_brackets_778 
 439: yard_exp_brackets_598 = ( search_condition ) 
 440: yard_exp_brackets_598 = yard_opt_359 predicate 
 441: yard_exp_brackets_597 = , yard_exp_brackets_776 
 442: yard_exp_brackets_596 = desc 
 443: yard_exp_brackets_596 = asc 
 444: yard_exp_brackets_595 = desc 
 445: yard_exp_brackets_595 = asc 
 446: yard_exp_brackets_594 = sql_expr yard_opt_357 
 447: yard_exp_brackets_593 = order by yard_rule_comma_list_449 
 448: yard_exp_brackets_592 = full_ident 
 449: yard_exp_brackets_592 = select_stmnt 
 450: yard_exp_brackets_592 = partition by LOCALVAR 
 451: yard_exp_brackets_591 = ntile 
 452: yard_exp_brackets_591 = row_number 
 453: yard_exp_brackets_591 = dense_rank 
 454: yard_exp_brackets_591 = rank 
 455: yard_exp_brackets_590 = , yard_opt_353 
 456: yard_exp_brackets_589 = select_stmnt 
 457: yard_exp_brackets_589 = partition by LOCALVAR 
 458: yard_exp_brackets_588 = select_stmnt 
 459: yard_exp_brackets_588 = partition by LOCALVAR 
 460: yard_exp_brackets_587 = distinct 
 461: yard_exp_brackets_587 = all 
 462: yard_exp_brackets_586 = , yard_exp_brackets_775 
 463: yard_exp_brackets_585 = yard_opt_350 ident 
 464: yard_exp_brackets_584 = yard_exp_brackets_773 yard_exp_brackets_774 
 465: yard_exp_brackets_583 = ident . 
 466: yard_exp_brackets_582 = yard_opt_346 ident 
 467: yard_exp_brackets_581 = yard_exp_brackets_771 yard_exp_brackets_772 
 468: yard_exp_brackets_580 = ident . 
 469: yard_exp_brackets_579 = ident = sql_expr 
 470: yard_exp_brackets_579 = yard_exp_brackets_770 
 471: yard_exp_brackets_579 = full_ident . * 
 472: yard_exp_brackets_579 = * 
 473: yard_exp_brackets_578 = having search_condition 
 474: yard_exp_brackets_577 = group by yard_opt_340 yard_rule_comma_list_427 yard_opt_341 
 475: yard_exp_brackets_576 = with yard_exp_brackets_769 
 476: yard_exp_brackets_575 = where search_condition 
 477: yard_exp_brackets_574 = into full_ident 
 478: yard_exp_brackets_573 = top sql_expr yard_opt_334 yard_opt_335 
 479: yard_exp_brackets_572 = with ties 
 480: yard_exp_brackets_571 = distinct 
 481: yard_exp_brackets_571 = all 
 482: yard_exp_brackets_570 = , yard_exp_brackets_768 
 483: yard_exp_brackets_569 = ( query_expression ) 
 484: yard_exp_brackets_568 = yard_rule_comma_list_443 
 485: yard_exp_brackets_568 = yard_exp_brackets_767 query_specification 
 486: yard_exp_brackets_567 = ( query_expression ) 
 487: yard_exp_brackets_567 = query_specification 
 488: yard_exp_brackets_566 = ( yard_rule_comma_list_424 ) 
 489: yard_exp_brackets_565 = ident 
 490: yard_exp_brackets_565 = full_ident 
 491: yard_exp_brackets_564 = , yard_exp_brackets_766 
 492: yard_exp_brackets_563 = LOCALVAR = STRING_CONST 
 493: yard_exp_brackets_562 = forced 
 494: yard_exp_brackets_562 = simple 
 495: yard_exp_brackets_561 = hash 
 496: yard_exp_brackets_561 = merge 
 497: yard_exp_brackets_561 = loop 
 498: yard_exp_brackets_560 = merge 
 499: yard_exp_brackets_560 = hash 
 500: yard_exp_brackets_560 = concat 
 501: yard_exp_brackets_559 = order 
 502: yard_exp_brackets_559 = hash 
 503: yard_exp_brackets_558 = , root yard_opt_327 
 504: yard_exp_brackets_557 = ( STRING_CONST ) 
 505: yard_exp_brackets_556 = , type 
 506: yard_exp_brackets_555 = , binary base64 
 507: yard_exp_brackets_554 = common_directives yard_opt_322 
 508: yard_exp_brackets_553 = , elements yard_opt_323 
 509: yard_exp_brackets_552 = absent 
 510: yard_exp_brackets_552 = xsinil 
 511: yard_exp_brackets_551 = ( STRING_CONST ) 
 512: yard_exp_brackets_550 = common_directives yard_opt_319 
 513: yard_exp_brackets_549 = , xmldata 
 514: yard_exp_brackets_548 = common_directives yard_opt_314 yard_opt_316 
 515: yard_exp_brackets_547 = , elements yard_opt_317 
 516: yard_exp_brackets_546 = absent 
 517: yard_exp_brackets_546 = xsinil 
 518: yard_exp_brackets_545 = , yard_exp_brackets_765 
 519: yard_exp_brackets_544 = ( STRING_CONST ) 
 520: yard_exp_brackets_543 = ( STRING_CONST ) 
 521: yard_exp_brackets_542 = path yard_opt_320 yard_opt_321 
 522: yard_exp_brackets_542 = explicit yard_opt_318 
 523: yard_exp_brackets_542 = yard_exp_brackets_764 yard_opt_313 
 524: yard_exp_brackets_541 = xml 
 525: yard_exp_brackets_541 = browse 
 526: yard_exp_brackets_540 = , common_table_expression 
 527: yard_exp_brackets_539 = , yard_exp_brackets_763 
 528: yard_exp_brackets_538 = desc 
 529: yard_exp_brackets_538 = asc 
 530: yard_exp_brackets_537 = desc 
 531: yard_exp_brackets_537 = asc 
 532: yard_exp_brackets_536 = yard_exp_brackets_762 yard_opt_310 
 533: yard_exp_brackets_535 = , yard_exp_brackets_761 
 534: yard_exp_brackets_534 = yard_exp_brackets_760 sql_expr 
 535: yard_exp_brackets_533 = , query_hint 
 536: yard_exp_brackets_532 = option ( yard_rule_comma_list_439 ) 
 537: yard_exp_brackets_531 = compute yard_rule_comma_list_437 yard_opt_306 
 538: yard_exp_brackets_530 = by yard_rule_comma_list_427 
 539: yard_exp_brackets_529 = order by yard_rule_comma_list_435 
 540: yard_exp_brackets_528 = with yard_rule_comma_list_433 
 541: yard_exp_brackets_527 = unique 
 542: yard_exp_brackets_527 = primary key 
 543: yard_exp_brackets_526 = check sql_expr 
 544: yard_exp_brackets_526 = unique 
 545: yard_exp_brackets_526 = primary key 
 546: yard_exp_brackets_526 = yard_opt_302 null 
 547: yard_exp_brackets_525 = identity yard_opt_298 
 548: yard_exp_brackets_525 = default sql_expr 
 549: yard_exp_brackets_524 = DEC_NUMBER , DEC_NUMBER 
 550: yard_exp_brackets_523 = collate ident 
 551: yard_exp_brackets_522 = as sql_expr 
 552: yard_exp_brackets_522 = scalar_data_type 
 553: yard_exp_brackets_521 = table_constraint 
 554: yard_exp_brackets_521 = column_definition 
 555: yard_exp_brackets_520 = , yard_exp_brackets_759 
 556: yard_exp_brackets_519 = ident yard_opt_290 table_type_definition 
 557: yard_exp_brackets_519 = ident cursor yard_opt_287 yard_opt_288 yard_opt_289 sql_expr 
 558: yard_exp_brackets_519 = LOCALVAR yard_opt_286 sql_datatype 
 559: yard_exp_brackets_518 = , sql_expr 
 560: yard_exp_brackets_517 = , yard_exp_brackets_758 
 561: yard_exp_brackets_516 = seterror 
 562: yard_exp_brackets_516 = nowait 
 563: yard_exp_brackets_516 = log 
 564: yard_exp_brackets_515 = with yard_rule_comma_list_429 
 565: yard_exp_brackets_514 = , yard_rule_comma_list_427 
 566: yard_exp_brackets_513 = , dec_num , dec_num 
 567: yard_exp_brackets_512 = LOCALVAR 
 568: yard_exp_brackets_512 = STRING_CONST 
 569: yard_exp_brackets_512 = dec_num 
 570: yard_exp_brackets_511 = else proc_body_stmnt 
 571: yard_exp_brackets_510 = proc_body_stmnt yard_opt_281 
 572: yard_exp_brackets_509 = execute_as_clause 
 573: yard_exp_brackets_509 = recompile 
 574: yard_exp_brackets_509 = encryption 
 575: yard_exp_brackets_508 = proc_body_stmnt yard_opt_277 
 576: yard_exp_brackets_507 = for replication 
 577: yard_exp_brackets_506 = with yard_some_9 
 578: yard_exp_brackets_505 = ; DEC_NUMBER 
 579: yard_exp_brackets_504 = ident . 
 580: yard_exp_brackets_503 = proc 
 581: yard_exp_brackets_503 = procedure 
 582: yard_exp_brackets_502 = output 
 583: yard_exp_brackets_502 = out 
 584: yard_exp_brackets_501 = = yard_exp_brackets_757 
 585: yard_exp_brackets_500 = full_ident . 
 586: yard_exp_brackets_499 = yard_opt_266 ident 
 587: yard_exp_brackets_498 = yard_opt_266 ident 
 588: yard_exp_brackets_497 = ident . 
 589: yard_exp_brackets_496 = procedure 
 590: yard_exp_brackets_496 = proc 
 591: yard_exp_brackets_495 = , ident 
 592: yard_exp_brackets_494 = , proc_formal_param 
 593: yard_exp_brackets_493 = for yard_exp_brackets_756 
 594: yard_exp_brackets_492 = of yard_rule_comma_list_424 
 595: yard_exp_brackets_491 = optimistic 
 596: yard_exp_brackets_491 = scroll_locks 
 597: yard_exp_brackets_491 = read_only 
 598: yard_exp_brackets_490 = fast_forward 
 599: yard_exp_brackets_490 = dynamic 
 600: yard_exp_brackets_490 = keyset 
 601: yard_exp_brackets_490 = static 
 602: yard_exp_brackets_489 = scroll 
 603: yard_exp_brackets_489 = forward_only 
 604: yard_exp_brackets_488 = DOUBLE_COLON ident 
 605: yard_exp_brackets_487 = STRING_CONST yard_exp_brackets_755 ident ( yard_rule_comma_list_422 ) 
 606: yard_exp_brackets_487 = LOCALVAR yard_opt_259 = sql_expr 
 607: yard_exp_brackets_486 = off 
 608: yard_exp_brackets_486 = on 
 609: yard_exp_brackets_485 = xact_abort 
 610: yard_exp_brackets_485 = statistics yard_exp_brackets_754 
 611: yard_exp_brackets_485 = showplan_xml 
 612: yard_exp_brackets_485 = showplan_text 
 613: yard_exp_brackets_485 = showplan_all 
 614: yard_exp_brackets_485 = remote_proc_transactions 
 615: yard_exp_brackets_485 = parseonly 
 616: yard_exp_brackets_485 = numeric_roundabort 
 617: yard_exp_brackets_485 = noexec 
 618: yard_exp_brackets_485 = nocount 
 619: yard_exp_brackets_485 = implicit_transactions 
 620: yard_exp_brackets_485 = forceplan 
 621: yard_exp_brackets_485 = fmtonly 
 622: yard_exp_brackets_485 = quoted_identifier 
 623: yard_exp_brackets_485 = cursor_close_on_commit 
 624: yard_exp_brackets_485 = concat_null_yields_null 
 625: yard_exp_brackets_485 = ansi_warnings 
 626: yard_exp_brackets_485 = ansi_padding 
 627: yard_exp_brackets_485 = ansi_null_dflt 
 628: yard_exp_brackets_485 = ansi_defaults 
 629: yard_exp_brackets_485 = ansi_nulls 
 630: yard_exp_brackets_484 = LOCALVAR 
 631: yard_exp_brackets_484 = IDENT 
 632: yard_exp_brackets_483 = transaction 
 633: yard_exp_brackets_483 = tran 
 634: yard_exp_brackets_482 = batch_body yard_opt_255 
 635: yard_many_87 = yard_exp_brackets_753 yard_many_87 
 636: yard_many_87 = 
 637: yard_rule_list_478 = yard_exp_brackets_752 yard_many_87 
 638: yard_rule_list_478 = 
 639: yard_rule_comma_list_477 = yard_rule_list_478 
 640: call_expr = full_ident ( yard_rule_comma_list_477 ) 
 641: yard_opt_498 = not 
 642: yard_opt_498 = 
 643: yard_opt_497 = not 
 644: yard_opt_497 = 
 645: yard_opt_496 = not 
 646: yard_opt_496 = 
 647: sql_expr = sql_expr yard_opt_498 like sql_expr 
 648: sql_expr = sql_expr yard_opt_497 in ( yard_rule_comma_list_427 ) 
 649: sql_expr = fetch_stmnt 
 650: sql_expr = type from full_ident 
 651: sql_expr = sql_expr yard_exp_brackets_751 sql_expr 
 652: sql_expr = is_member ( STRING_CONST ) 
 653: sql_expr = exists sql_expr 
 654: sql_expr = begin_transaction 
 655: sql_expr = case 
 656: sql_expr = sql_expr collate ident 
 657: sql_expr = aggregate_windowed_function 
 658: sql_expr = ranking_windowed_function 
 659: sql_expr = sql_expr is yard_opt_496 null 
 660: sql_expr = sql_expr binop sql_expr 
 661: sql_expr = * 
 662: sql_expr = LOCALVAR 
 663: sql_expr = GLOBALVAR 
 664: sql_expr = yard_exp_brackets_750 sql_expr 
 665: sql_expr = select_stmnt 
 666: sql_expr = full_ident 
 667: sql_expr = call_expr 
 668: sql_expr = ( sql_expr ) 
 669: sql_expr = scalar_function 
 670: sql_expr = sql_value 
 671: yard_opt_495 = yard_exp_brackets_749 
 672: yard_opt_495 = 
 673: yard_opt_494 = global 
 674: yard_opt_494 = 
 675: yard_opt_492 = yard_exp_brackets_748 
 676: yard_opt_492 = 
 677: yard_opt_493 = yard_exp_brackets_747 
 678: yard_opt_493 = 
 679: fetch_stmnt = fetch yard_opt_492 yard_exp_brackets_746 yard_opt_495 
 680: binop = yard_exp_brackets_745 
 681: binop = yard_exp_brackets_744 
 682: binop = yard_exp_brackets_743 
 683: binop = > 
 684: binop = < 
 685: binop = ~ 
 686: binop = % 
 687: binop = / 
 688: binop = * 
 689: binop = - 
 690: binop = + 
 691: binop = = 
 692: binop = |= 
 693: binop = ^= 
 694: binop = &= 
 695: binop = %= 
 696: binop = /= 
 697: binop = *= 
 698: binop = -= 
 699: binop = += 
 700: execute_as = yard_exp_brackets_741 as yard_exp_brackets_742 
 701: yard_opt_491 = type_size 
 702: yard_opt_491 = 
 703: yard_opt_490 = type_size 
 704: yard_opt_490 = 
 705: yard_opt_489 = type_size 
 706: yard_opt_489 = 
 707: yard_opt_488 = type_size 
 708: yard_opt_488 = 
 709: yard_opt_487 = type_size 
 710: yard_opt_487 = 
 711: yard_opt_486 = type_size 
 712: yard_opt_486 = 
 713: sql_datatype = sql_variant 
 714: sql_datatype = nvarchar yard_opt_491 
 715: sql_datatype = nchar yard_opt_490 
 716: sql_datatype = varbinary yard_opt_489 
 717: sql_datatype = varchar yard_opt_488 
 718: sql_datatype = char yard_opt_487 
 719: sql_datatype = real 
 720: sql_datatype = float yard_opt_486 
 721: sql_datatype = money 
 722: sql_datatype = tinyint 
 723: sql_datatype = int 
 724: sql_datatype = sysname 
 725: sql_datatype = smallmoney 
 726: sql_datatype = datetime 
 727: sql_datatype = decimal 
 728: sql_datatype = smallint 
 729: sql_datatype = bit 
 730: sql_datatype = numeric 
 731: sql_datatype = bigint 
 732: type_size = ( yard_exp_brackets_740 ) 
 733: yard_opt_485 = ; 
 734: yard_opt_485 = 
 735: yard_opt_484 = yard_exp_brackets_739 
 736: yard_opt_484 = 
 737: yard_opt_483 = yard_exp_brackets_738 
 738: yard_opt_483 = 
 739: yard_many_86 = yard_exp_brackets_737 yard_many_86 
 740: yard_many_86 = 
 741: yard_opt_482 = output 
 742: yard_opt_482 = 
 743: yard_some_14 = yard_exp_brackets_736 yard_some_14 
 744: yard_some_14 = yard_exp_brackets_735 
 745: yard_opt_481 = + 
 746: yard_opt_481 = 
 747: yard_opt_480 = ? 
 748: yard_opt_480 = 
 749: execute_command = yard_exp_brackets_734 ( yard_some_14 yard_many_86 ) yard_opt_483 yard_opt_484 yard_opt_485 
 750: yard_opt_479 = ; 
 751: yard_opt_479 = 
 752: yard_opt_478 = yard_exp_brackets_733 
 753: yard_opt_478 = 
 754: yard_some_13 = yard_exp_brackets_732 yard_some_13 
 755: yard_some_13 = yard_exp_brackets_731 
 756: yard_opt_477 = + 
 757: yard_opt_477 = 
 758: execute_character_string = yard_exp_brackets_730 ( yard_some_13 ) yard_opt_478 yard_opt_479 
 759: create_object = STOREDPROCEDURE ( yard_rule_comma_list_427 ) 
 760: yard_many_85 = yard_exp_brackets_729 yard_many_85 
 761: yard_many_85 = 
 762: yard_opt_474 = yard_exp_brackets_728 
 763: yard_opt_474 = 
 764: yard_opt_476 = yard_exp_brackets_727 
 765: yard_opt_476 = 
 766: yard_opt_475 = yard_exp_brackets_726 
 767: yard_opt_475 = 
 768: yard_opt_471 = yard_exp_brackets_725 
 769: yard_opt_471 = 
 770: yard_opt_473 = yard_exp_brackets_724 
 771: yard_opt_473 = 
 772: yard_opt_472 = yard_exp_brackets_723 
 773: yard_opt_472 = 
 774: yard_rule_list_476 = yard_opt_471 yard_many_85 
 775: yard_rule_list_476 = 
 776: yard_rule_comma_list_475 = yard_rule_list_476 
 777: execute_proc = full_ident ( yard_rule_comma_list_475 ) 
 778: execute_stmnt = execute_command 
 779: execute_stmnt = execute_character_string 
 780: execute_stmnt = execute_proc 
 781: yard_opt_470 = ; 
 782: yard_opt_470 = 
 783: yard_opt_469 = yard_exp_brackets_722 
 784: yard_opt_469 = 
 785: commit_transaction = commit yard_exp_brackets_721 yard_opt_469 yard_opt_470 
 786: yard_opt_468 = ; 
 787: yard_opt_468 = 
 788: yard_opt_465 = yard_exp_brackets_720 
 789: yard_opt_465 = 
 790: yard_opt_466 = yard_exp_brackets_719 
 791: yard_opt_466 = 
 792: yard_opt_467 = STRING_CONST 
 793: yard_opt_467 = 
 794: begin_transaction = begin yard_exp_brackets_718 yard_opt_465 yard_opt_468 
 795: yard_opt_463 = yard_exp_brackets_717 
 796: yard_opt_463 = 
 797: yard_opt_464 = IDENT 
 798: yard_opt_464 = 
 799: object = yard_opt_463 ident 
 800: column_name = yard_exp_brackets_715 . yard_exp_brackets_716 
 801: yard_many_84 = yard_exp_brackets_714 yard_many_84 
 802: yard_many_84 = 
 803: yard_opt_461 = yard_exp_brackets_713 
 804: yard_opt_461 = 
 805: yard_opt_462 = as 
 806: yard_opt_462 = 
 807: yard_opt_459 = yard_exp_brackets_712 
 808: yard_opt_459 = 
 809: yard_opt_460 = as 
 810: yard_opt_460 = 
 811: yard_rule_list_474 = yard_exp_brackets_711 yard_many_84 
 812: yard_rule_list_474 = 
 813: yard_rule_comma_list_473 = yard_rule_list_474 
 814: yard_opt_457 = yard_exp_brackets_710 
 815: yard_opt_457 = 
 816: yard_opt_458 = as 
 817: yard_opt_458 = 
 818: dml_select_list = yard_exp_brackets_709 yard_opt_457 yard_rule_comma_list_473 
 819: yard_opt_456 = yard_exp_brackets_708 
 820: yard_opt_456 = 
 821: yard_opt_455 = yard_exp_brackets_707 
 822: yard_opt_455 = 
 823: output_clause = output dml_select_list into yard_exp_brackets_706 yard_opt_455 yard_opt_456 
 824: yard_many_83 = yard_exp_brackets_705 yard_many_83 
 825: yard_many_83 = 
 826: yard_rule_list_470 = LOCALVAR yard_many_83 
 827: yard_rule_list_470 = 
 828: yard_rule_comma_list_469 = yard_rule_list_470 
 829: yard_many_82 = yard_exp_brackets_704 yard_many_82 
 830: yard_many_82 = 
 831: yard_rule_list_472 = yard_exp_brackets_703 yard_many_82 
 832: yard_rule_list_472 = 
 833: yard_rule_comma_list_471 = yard_rule_list_472 
 834: yard_opt_454 = ; 
 835: yard_opt_454 = 
 836: yard_opt_453 = yard_exp_brackets_702 
 837: yard_opt_453 = 
 838: yard_opt_452 = output_clause 
 839: yard_opt_452 = 
 840: yard_opt_451 = yard_exp_brackets_701 
 841: yard_opt_451 = 
 842: yard_opt_450 = yard_exp_brackets_700 
 843: yard_opt_450 = 
 844: yard_many_81 = table_hint yard_many_81 
 845: yard_many_81 = 
 846: yard_opt_449 = into 
 847: yard_opt_449 = 
 848: yard_opt_447 = yard_exp_brackets_699 
 849: yard_opt_447 = 
 850: yard_opt_448 = percent 
 851: yard_opt_448 = 
 852: yard_opt_446 = yard_exp_brackets_698 
 853: yard_opt_446 = 
 854: insert = yard_opt_446 insert yard_opt_447 yard_opt_449 yard_exp_brackets_697 yard_opt_451 yard_opt_452 yard_opt_453 yard_opt_454 
 855: index_option = yard_exp_brackets_696 
 856: delete_update_options = set default 
 857: delete_update_options = set null 
 858: delete_update_options = cascade 
 859: delete_update_options = no action 
 860: delete_update = on yard_exp_brackets_695 delete_update_options 
 861: yard_many_80 = yard_exp_brackets_694 yard_many_80 
 862: yard_many_80 = 
 863: yard_rule_list_468 = IDENT yard_many_80 
 864: yard_rule_list_468 = 
 865: yard_rule_comma_list_467 = yard_rule_list_468 
 866: yard_many_79 = yard_exp_brackets_693 yard_many_79 
 867: yard_many_79 = 
 868: yard_opt_445 = yard_exp_brackets_692 
 869: yard_opt_445 = 
 870: yard_opt_444 = yard_exp_brackets_691 
 871: yard_opt_444 = 
 872: yard_rule_list_466 = yard_exp_brackets_690 yard_many_79 
 873: yard_rule_list_466 = 
 874: yard_rule_comma_list_465 = yard_rule_list_466 
 875: yard_opt_443 = yard_exp_brackets_689 
 876: yard_opt_443 = 
 877: yard_opt_442 = yard_exp_brackets_688 
 878: yard_opt_442 = 
 879: yard_many_78 = delete_update yard_many_78 
 880: yard_many_78 = 
 881: yard_opt_441 = yard_exp_brackets_687 
 882: yard_opt_441 = 
 883: yard_opt_440 = yard_exp_brackets_686 
 884: yard_opt_440 = 
 885: yard_opt_439 = yard_exp_brackets_685 
 886: yard_opt_439 = 
 887: yard_opt_438 = yard_exp_brackets_684 
 888: yard_opt_438 = 
 889: yard_opt_437 = yard_exp_brackets_683 
 890: yard_opt_437 = 
 891: table_constraint_create_table = yard_opt_437 yard_exp_brackets_682 
 892: yard_opt_428 = yard_exp_brackets_681 
 893: yard_opt_428 = 
 894: yard_opt_436 = yard_exp_brackets_680 
 895: yard_opt_436 = 
 896: yard_opt_435 = yard_exp_brackets_679 
 897: yard_opt_435 = 
 898: yard_many_77 = delete_update yard_many_77 
 899: yard_many_77 = 
 900: yard_opt_434 = yard_exp_brackets_678 
 901: yard_opt_434 = 
 902: yard_opt_433 = yard_exp_brackets_677 
 903: yard_opt_433 = 
 904: yard_opt_432 = yard_exp_brackets_676 
 905: yard_opt_432 = 
 906: yard_opt_431 = yard_exp_brackets_675 
 907: yard_opt_431 = 
 908: yard_opt_430 = yard_exp_brackets_674 
 909: yard_opt_430 = 
 910: yard_opt_429 = yard_exp_brackets_673 
 911: yard_opt_429 = 
 912: yard_opt_426 = yard_exp_brackets_672 
 913: yard_opt_426 = 
 914: yard_opt_427 = yard_exp_brackets_671 
 915: yard_opt_427 = 
 916: computed_column_definition = IDENT as sql_expr yard_opt_426 yard_opt_428 
 917: yard_many_76 = yard_exp_brackets_670 yard_many_76 
 918: yard_many_76 = 
 919: yard_rule_list_464 = index_option yard_many_76 
 920: yard_rule_list_464 = 
 921: yard_rule_comma_list_463 = yard_rule_list_464 
 922: yard_opt_425 = yard_exp_brackets_669 
 923: yard_opt_425 = 
 924: yard_opt_424 = yard_exp_brackets_668 
 925: yard_opt_424 = 
 926: yard_many_75 = delete_update yard_many_75 
 927: yard_many_75 = 
 928: yard_opt_423 = yard_exp_brackets_667 
 929: yard_opt_423 = 
 930: yard_opt_422 = yard_exp_brackets_666 
 931: yard_opt_422 = 
 932: yard_opt_421 = yard_exp_brackets_665 
 933: yard_opt_421 = 
 934: yard_opt_420 = yard_exp_brackets_664 
 935: yard_opt_420 = 
 936: yard_opt_419 = yard_exp_brackets_663 
 937: yard_opt_419 = 
 938: yard_opt_418 = yard_exp_brackets_662 
 939: yard_opt_418 = 
 940: yard_opt_417 = yard_exp_brackets_661 
 941: yard_opt_417 = 
 942: column_constraint_create_table = yard_opt_417 yard_exp_brackets_660 
 943: yard_many_74 = column_constraint_create_table yard_many_74 
 944: yard_many_74 = 
 945: yard_opt_416 = rowguidcol 
 946: yard_opt_416 = 
 947: yard_opt_413 = yard_exp_brackets_659 
 948: yard_opt_413 = 
 949: yard_opt_415 = yard_exp_brackets_658 
 950: yard_opt_415 = 
 951: yard_opt_414 = yard_exp_brackets_657 
 952: yard_opt_414 = 
 953: yard_opt_411 = yard_exp_brackets_656 
 954: yard_opt_411 = 
 955: yard_opt_412 = yard_exp_brackets_655 
 956: yard_opt_412 = 
 957: yard_opt_409 = yard_exp_brackets_654 
 958: yard_opt_409 = 
 959: yard_opt_410 = not 
 960: yard_opt_410 = 
 961: yard_opt_408 = yard_exp_brackets_653 
 962: yard_opt_408 = 
 963: column_definition_create_table = yard_opt_413 yard_opt_416 yard_many_74 
 964: column_definition_create_table = ident sql_datatype yard_opt_408 yard_opt_409 yard_opt_411 
 965: yard_many_73 = yard_exp_brackets_652 yard_many_73 
 966: yard_many_73 = 
 967: yard_rule_list_460 = yard_exp_brackets_651 yard_many_73 
 968: yard_rule_list_460 = 
 969: yard_rule_comma_list_459 = yard_rule_list_460 
 970: yard_many_72 = yard_exp_brackets_650 yard_many_72 
 971: yard_many_72 = 
 972: yard_rule_list_462 = table_constraint_create_table yard_many_72 
 973: yard_rule_list_462 = 
 974: yard_rule_comma_list_461 = yard_rule_list_462 
 975: yard_opt_407 = ; 
 976: yard_opt_407 = 
 977: yard_opt_406 = yard_exp_brackets_649 
 978: yard_opt_406 = 
 979: yard_opt_405 = yard_exp_brackets_648 
 980: yard_opt_405 = 
 981: yard_opt_402 = yard_exp_brackets_647 
 982: yard_opt_402 = 
 983: yard_opt_404 = . 
 984: yard_opt_404 = 
 985: yard_opt_403 = IDENT 
 986: yard_opt_403 = 
 987: create_table = create table yard_opt_402 IDENT ( yard_rule_comma_list_459 yard_rule_comma_list_461 ) yard_opt_405 yard_opt_406 yard_opt_407 
 988: yard_opt_401 = yard_exp_brackets_646 
 989: yard_opt_401 = 
 990: yard_many_71 = yard_exp_brackets_645 yard_many_71 
 991: yard_many_71 = 
 992: yard_opt_400 = sql_expr 
 993: yard_opt_400 = 
 994: case = case yard_opt_400 yard_many_71 yard_opt_401 end 
 995: unpivot_clause = ( ident for sql_expr in ( yard_rule_comma_list_453 ) ) 
 996: unpivoted_table = table_source unpivot unpivot_clause full_ident 
 997: yard_some_12 = sql_expr yard_some_12 
 998: yard_some_12 = sql_expr 
 999: pivot_clause = ( yard_some_12 for sql_expr in ( yard_rule_comma_list_424 ) ) 
1000: pivoted_table = table_source pivot pivot_clause full_ident 
1001: join_hint = remote 
1002: join_hint = merge 
1003: join_hint = hash 
1004: join_hint = loop 
1005: yard_opt_399 = join_hint 
1006: yard_opt_399 = 
1007: yard_opt_398 = outer 
1008: yard_opt_398 = 
1009: join_type = yard_exp_brackets_644 yard_opt_398 yard_opt_399 
1010: join_type = inner 
1011: yard_opt_397 = join_type 
1012: yard_opt_397 = 
1013: joined_table = ( joined_table ) 
1014: joined_table = table_source cross join table_source 
1015: joined_table = table_source yard_opt_397 join table_source on search_condition 
1016: yard_opt_396 = yard_exp_brackets_643 
1017: yard_opt_396 = 
1018: yard_opt_395 = yard_exp_brackets_642 
1019: yard_opt_395 = 
1020: yard_opt_394 = system 
1021: yard_opt_394 = 
1022: tablesample_clause = tablesample yard_opt_394 ( sql_expr yard_opt_395 ) yard_opt_396 
1023: table_hint_limited = xlock 
1024: table_hint_limited = updlock 
1025: table_hint_limited = tablockx 
1026: table_hint_limited = tablock 
1027: table_hint_limited = serializable 
1028: table_hint_limited = rowlock 
1029: table_hint_limited = repeatableread 
1030: table_hint_limited = readpast 
1031: table_hint_limited = readcommittedlock 
1032: table_hint_limited = readcommitted 
1033: table_hint_limited = paglock 
1034: table_hint_limited = nowait 
1035: table_hint_limited = ignore_triggers 
1036: table_hint_limited = ignore_constraints 
1037: table_hint_limited = holdlock 
1038: table_hint_limited = fastfirstrow 
1039: table_hint_limited = keepdefaults 
1040: table_hint_limited = keepidentity 
1041: yard_opt_393 = noexpand 
1042: yard_opt_393 = 
1043: table_hint = yard_opt_393 yard_exp_brackets_641 
1044: yard_many_70 = yard_exp_brackets_640 yard_many_70 
1045: yard_many_70 = 
1046: yard_opt_392 = yard_exp_brackets_639 
1047: yard_opt_392 = 
1048: yard_opt_391 = yard_exp_brackets_638 
1049: yard_opt_391 = 
1050: yard_rule_list_458 = yard_exp_brackets_637 yard_many_70 
1051: yard_rule_list_458 = 
1052: yard_rule_comma_list_457 = yard_rule_list_458 
1053: weighted_term = isabout ( yard_rule_comma_list_457 ) 
1054: yard_some_11 = yard_exp_brackets_636 yard_some_11 
1055: yard_some_11 = yard_exp_brackets_635 
1056: proximity_term = yard_exp_brackets_634 yard_some_11 
1057: yard_many_69 = yard_exp_brackets_633 yard_many_69 
1058: yard_many_69 = 
1059: yard_rule_list_456 = simple_term yard_many_69 
1060: yard_rule_list_456 = 
1061: yard_rule_comma_list_455 = yard_rule_list_456 
1062: generation_term = formsof ( yard_exp_brackets_632 , yard_rule_comma_list_455 ) 
1063: prefix_term = STRING_CONST 
1064: simple_term = STRING_CONST 
1065: yard_some_10 = contains_search_condition yard_some_10 
1066: yard_some_10 = contains_search_condition 
1067: contains_search_condition = ( contains_search_condition ) yard_exp_brackets_631 yard_some_10 
1068: contains_search_condition = weighted_term 
1069: contains_search_condition = proximity_term 
1070: contains_search_condition = generation_term 
1071: contains_search_condition = prefix_term 
1072: contains_search_condition = simple_term 
1073: yard_opt_390 = yard_exp_brackets_630 
1074: yard_opt_390 = 
1075: yard_opt_389 = yard_exp_brackets_629 
1076: yard_opt_389 = 
1077: containstable = containstable ( full_ident , yard_exp_brackets_628 , \' contains_search_condition \' yard_opt_389 yard_opt_390 ) 
1078: yard_many_68 = yard_exp_brackets_627 yard_many_68 
1079: yard_many_68 = 
1080: yard_rule_list_454 = full_ident yard_many_68 
1081: yard_rule_list_454 = 
1082: yard_rule_comma_list_453 = yard_rule_list_454 
1083: yard_opt_388 = yard_exp_brackets_626 
1084: yard_opt_388 = 
1085: yard_opt_387 = yard_exp_brackets_625 
1086: yard_opt_387 = 
1087: freetexttable = freetexttable ( full_ident , yard_exp_brackets_624 , STRING_CONST yard_opt_387 yard_opt_388 ) 
1088: opendatasource = opendatasource ( ident , STRING_CONST ) 
1089: openquery = openquery ( full_ident , STRING_CONST ) 
1090: yard_opt_386 = yard_exp_brackets_623 
1091: yard_opt_386 = 
1092: yard_opt_385 = yard_exp_brackets_622 
1093: yard_opt_385 = 
1094: yard_opt_384 = yard_exp_brackets_621 
1095: yard_opt_384 = 
1096: yard_opt_383 = yard_exp_brackets_620 
1097: yard_opt_383 = 
1098: yard_opt_382 = yard_exp_brackets_619 
1099: yard_opt_382 = 
1100: yard_opt_381 = yard_exp_brackets_618 
1101: yard_opt_381 = 
1102: bulk_options = yard_opt_381 yard_opt_382 yard_opt_383 yard_opt_384 yard_opt_385 yard_opt_386 
1103: yard_opt_380 = bulk_options 
1104: yard_opt_380 = 
1105: yard_opt_378 = yard_exp_brackets_617 
1106: yard_opt_378 = 
1107: yard_opt_379 = yard_exp_brackets_616 
1108: yard_opt_379 = 
1109: openrowset = openrowset ( yard_exp_brackets_615 ) 
1110: rowset_function = openrowset 
1111: rowset_function = openquery 
1112: rowset_function = opendatasource 
1113: rowset_function = freetexttable 
1114: rowset_function = containstable 
1115: yard_opt_377 = yard_exp_brackets_614 
1116: yard_opt_377 = 
1117: yard_opt_376 = yard_exp_brackets_613 
1118: yard_opt_376 = 
1119: yard_opt_374 = yard_exp_brackets_612 
1120: yard_opt_374 = 
1121: yard_opt_375 = as 
1122: yard_opt_375 = 
1123: yard_opt_373 = yard_exp_brackets_611 
1124: yard_opt_373 = 
1125: yard_opt_372 = as 
1126: yard_opt_372 = 
1127: yard_opt_371 = yard_exp_brackets_610 
1128: yard_opt_371 = 
1129: yard_opt_369 = yard_exp_brackets_609 
1130: yard_opt_369 = 
1131: yard_opt_370 = as 
1132: yard_opt_370 = 
1133: yard_opt_368 = yard_exp_brackets_608 
1134: yard_opt_368 = 
1135: yard_many_67 = , yard_many_67 
1136: yard_many_67 = 
1137: yard_opt_367 = tablesample_clause 
1138: yard_opt_367 = 
1139: yard_opt_366 = as 
1140: yard_opt_366 = 
1141: table_source = LOCALVAR . ident ( yard_rule_comma_list_427 ) yard_opt_376 yard_opt_377 
1142: table_source = LOCALVAR yard_opt_374 
1143: table_source = unpivoted_table 
1144: table_source = pivoted_table 
1145: table_source = joined_table 
1146: table_source = ident yard_opt_372 ident yard_opt_373 
1147: table_source = yard_exp_brackets_607 yard_opt_369 yard_opt_371 
1148: table_source = full_ident yard_opt_366 full_ident yard_opt_367 yard_opt_368 
1149: yard_many_66 = yard_exp_brackets_606 yard_many_66 
1150: yard_many_66 = 
1151: yard_rule_list_452 = table_source yard_many_66 
1152: yard_rule_list_452 = 
1153: yard_rule_comma_list_451 = yard_rule_list_452 
1154: from = from yard_rule_comma_list_451 
1155: yard_opt_365 = yard_exp_brackets_605 
1156: yard_opt_365 = 
1157: yard_opt_364 = yard_exp_brackets_604 
1158: yard_opt_364 = 
1159: yard_opt_363 = not 
1160: yard_opt_363 = 
1161: yard_opt_362 = not 
1162: yard_opt_362 = 
1163: yard_opt_361 = yard_exp_brackets_603 
1164: yard_opt_361 = 
1165: predicate = IDENT yard_opt_364 yard_opt_365 in ( yard_exp_brackets_601 , yard_exp_brackets_602 ) 
1166: predicate = exists ( query_expression ) 
1167: predicate = sql_expr binop yard_exp_brackets_600 ( query_expression ) 
1168: predicate = sql_expr is yard_opt_363 null 
1169: predicate = sql_expr yard_opt_362 between sql_expr and sql_expr 
1170: predicate = sql_expr yard_opt_361 
1171: yard_many_65 = yard_exp_brackets_599 yard_many_65 
1172: yard_many_65 = 
1173: yard_opt_360 = not 
1174: yard_opt_360 = 
1175: yard_opt_359 = not 
1176: yard_opt_359 = 
1177: search_condition = yard_exp_brackets_598 yard_many_65 
1178: yard_many_64 = yard_exp_brackets_597 yard_many_64 
1179: yard_many_64 = 
1180: yard_opt_358 = yard_exp_brackets_596 
1181: yard_opt_358 = 
1182: yard_opt_357 = yard_exp_brackets_595 
1183: yard_opt_357 = 
1184: yard_rule_list_450 = yard_exp_brackets_594 yard_many_64 
1185: yard_rule_list_450 = 
1186: yard_rule_comma_list_449 = yard_rule_list_450 
1187: yard_opt_356 = yard_exp_brackets_593 
1188: yard_opt_356 = 
1189: order_by_clause = yard_opt_356 
1190: yard_opt_355 = yard_many_63 
1191: yard_opt_355 = 
1192: yard_many_63 = yard_exp_brackets_592 yard_many_63 
1193: yard_many_63 = 
1194: yard_opt_354 = sql_expr 
1195: yard_opt_354 = 
1196: ranking_windowed_function = yard_exp_brackets_591 ( yard_opt_354 ) over ( yard_opt_355 order_by_clause ) 
1197: yard_many_62 = yard_exp_brackets_590 yard_many_62 
1198: yard_many_62 = 
1199: yard_opt_353 = yard_exp_brackets_589 
1200: yard_opt_353 = 
1201: yard_opt_352 = yard_exp_brackets_588 
1202: yard_opt_352 = 
1203: yard_rule_list_448 = yard_opt_352 yard_many_62 
1204: yard_rule_list_448 = 
1205: yard_rule_comma_list_447 = yard_rule_list_448 
1206: aggregate_windowed_function = over ( yard_rule_comma_list_447 order_by_clause ) 
1207: yard_opt_351 = yard_exp_brackets_587 
1208: yard_opt_351 = 
1209: scalar_function = sum ( yard_opt_351 sql_expr ) 
1210: scalar_function = lower sql_expr 
1211: yard_many_61 = yard_exp_brackets_586 yard_many_61 
1212: yard_many_61 = 
1213: yard_opt_349 = yard_exp_brackets_585 
1214: yard_opt_349 = 
1215: yard_opt_350 = as 
1216: yard_opt_350 = 
1217: yard_opt_348 = yard_exp_brackets_584 
1218: yard_opt_348 = 
1219: yard_opt_347 = yard_exp_brackets_583 
1220: yard_opt_347 = 
1221: yard_opt_345 = yard_exp_brackets_582 
1222: yard_opt_345 = 
1223: yard_opt_346 = as 
1224: yard_opt_346 = 
1225: yard_opt_344 = yard_exp_brackets_581 
1226: yard_opt_344 = 
1227: yard_opt_343 = yard_exp_brackets_580 
1228: yard_opt_343 = 
1229: yard_rule_list_446 = yard_exp_brackets_579 yard_many_61 
1230: yard_rule_list_446 = 
1231: yard_rule_comma_list_445 = yard_rule_list_446 
1232: select_list = yard_rule_comma_list_445 
1233: yard_opt_342 = yard_exp_brackets_578 
1234: yard_opt_342 = 
1235: yard_opt_339 = yard_exp_brackets_577 
1236: yard_opt_339 = 
1237: yard_opt_341 = yard_exp_brackets_576 
1238: yard_opt_341 = 
1239: yard_opt_340 = all 
1240: yard_opt_340 = 
1241: yard_opt_338 = yard_exp_brackets_575 
1242: yard_opt_338 = 
1243: yard_opt_337 = from 
1244: yard_opt_337 = 
1245: yard_opt_336 = yard_exp_brackets_574 
1246: yard_opt_336 = 
1247: yard_opt_333 = yard_exp_brackets_573 
1248: yard_opt_333 = 
1249: yard_opt_335 = yard_exp_brackets_572 
1250: yard_opt_335 = 
1251: yard_opt_334 = percent 
1252: yard_opt_334 = 
1253: yard_opt_332 = yard_exp_brackets_571 
1254: yard_opt_332 = 
1255: query_specification = select yard_opt_332 yard_opt_333 select_list yard_opt_336 yard_opt_337 yard_opt_338 yard_opt_339 yard_opt_342 
1256: yard_many_60 = yard_exp_brackets_570 yard_many_60 
1257: yard_many_60 = 
1258: yard_rule_list_444 = yard_exp_brackets_569 yard_many_60 
1259: yard_rule_list_444 = 
1260: yard_rule_comma_list_443 = yard_rule_list_444 
1261: yard_opt_330 = yard_exp_brackets_568 
1262: yard_opt_330 = 
1263: yard_opt_331 = all 
1264: yard_opt_331 = 
1265: query_expression = yard_exp_brackets_567 yard_opt_330 
1266: yard_opt_329 = ; 
1267: yard_opt_329 = 
1268: yard_opt_328 = yard_exp_brackets_566 
1269: yard_opt_328 = 
1270: common_table_expression = yard_exp_brackets_565 yard_opt_328 as ( select_stmnt ) yard_opt_329 
1271: yard_many_59 = yard_exp_brackets_564 yard_many_59 
1272: yard_many_59 = 
1273: yard_rule_list_442 = yard_exp_brackets_563 yard_many_59 
1274: yard_rule_list_442 = 
1275: yard_rule_comma_list_441 = yard_rule_list_442 
1276: query_hint = use plan STRING_CONST 
1277: query_hint = maxrecursion DEC_NUMBER 
1278: query_hint = expand views 
1279: query_hint = keepfixed plan 
1280: query_hint = keep plan 
1281: query_hint = robust plan 
1282: query_hint = recompile 
1283: query_hint = parameterization yard_exp_brackets_562 
1284: query_hint = optimize for ( yard_rule_comma_list_441 ) 
1285: query_hint = maxdop DEC_NUMBER 
1286: query_hint = force order 
1287: query_hint = fast DEC_NUMBER 
1288: query_hint = yard_exp_brackets_561 join 
1289: query_hint = yard_exp_brackets_560 union 
1290: query_hint = yard_exp_brackets_559 group 
1291: yard_opt_326 = yard_exp_brackets_558 
1292: yard_opt_326 = 
1293: yard_opt_327 = yard_exp_brackets_557 
1294: yard_opt_327 = 
1295: yard_opt_325 = yard_exp_brackets_556 
1296: yard_opt_325 = 
1297: yard_opt_324 = yard_exp_brackets_555 
1298: yard_opt_324 = 
1299: common_directives = yard_opt_324 yard_opt_325 yard_opt_326 
1300: yard_opt_321 = yard_exp_brackets_554 
1301: yard_opt_321 = 
1302: yard_opt_322 = yard_exp_brackets_553 
1303: yard_opt_322 = 
1304: yard_opt_323 = yard_exp_brackets_552 
1305: yard_opt_323 = 
1306: yard_opt_320 = yard_exp_brackets_551 
1307: yard_opt_320 = 
1308: yard_opt_318 = yard_exp_brackets_550 
1309: yard_opt_318 = 
1310: yard_opt_319 = yard_exp_brackets_549 
1311: yard_opt_319 = 
1312: yard_opt_313 = yard_exp_brackets_548 
1313: yard_opt_313 = 
1314: yard_opt_316 = yard_exp_brackets_547 
1315: yard_opt_316 = 
1316: yard_opt_317 = yard_exp_brackets_546 
1317: yard_opt_317 = 
1318: yard_opt_314 = yard_exp_brackets_545 
1319: yard_opt_314 = 
1320: yard_opt_315 = yard_exp_brackets_544 
1321: yard_opt_315 = 
1322: yard_opt_312 = yard_exp_brackets_543 
1323: yard_opt_312 = 
1324: xml = xml yard_exp_brackets_542 
1325: for = for yard_exp_brackets_541 
1326: yard_many_58 = yard_exp_brackets_540 yard_many_58 
1327: yard_many_58 = 
1328: yard_rule_list_434 = common_table_expression yard_many_58 
1329: yard_rule_list_434 = 
1330: yard_rule_comma_list_433 = yard_rule_list_434 
1331: yard_many_57 = yard_exp_brackets_539 yard_many_57 
1332: yard_many_57 = 
1333: yard_opt_311 = yard_exp_brackets_538 
1334: yard_opt_311 = 
1335: yard_opt_310 = yard_exp_brackets_537 
1336: yard_opt_310 = 
1337: yard_rule_list_436 = yard_exp_brackets_536 yard_many_57 
1338: yard_rule_list_436 = 
1339: yard_rule_comma_list_435 = yard_rule_list_436 
1340: yard_many_56 = yard_exp_brackets_535 yard_many_56 
1341: yard_many_56 = 
1342: yard_rule_list_438 = yard_exp_brackets_534 yard_many_56 
1343: yard_rule_list_438 = 
1344: yard_rule_comma_list_437 = yard_rule_list_438 
1345: yard_many_55 = yard_exp_brackets_533 yard_many_55 
1346: yard_many_55 = 
1347: yard_rule_list_440 = query_hint yard_many_55 
1348: yard_rule_list_440 = 
1349: yard_rule_comma_list_439 = yard_rule_list_440 
1350: yard_opt_309 = ; 
1351: yard_opt_309 = 
1352: yard_opt_308 = yard_exp_brackets_532 
1353: yard_opt_308 = 
1354: yard_opt_307 = for 
1355: yard_opt_307 = 
1356: yard_opt_305 = yard_exp_brackets_531 
1357: yard_opt_305 = 
1358: yard_opt_306 = yard_exp_brackets_530 
1359: yard_opt_306 = 
1360: yard_opt_304 = yard_exp_brackets_529 
1361: yard_opt_304 = 
1362: yard_opt_303 = yard_exp_brackets_528 
1363: yard_opt_303 = 
1364: select_stmnt = yard_opt_303 query_expression yard_opt_304 yard_opt_305 yard_opt_307 yard_opt_308 yard_opt_309 
1365: table_constraint = check ( search_condition ) 
1366: table_constraint = yard_exp_brackets_527 ( yard_rule_comma_list_424 ) 
1367: yard_opt_301 = yard_exp_brackets_526 
1368: yard_opt_301 = 
1369: yard_opt_302 = not 
1370: yard_opt_302 = 
1371: column_constraint = yard_opt_301 
1372: yard_opt_300 = column_constraint 
1373: yard_opt_300 = 
1374: yard_opt_299 = rowguidcol 
1375: yard_opt_299 = 
1376: yard_opt_297 = yard_exp_brackets_525 
1377: yard_opt_297 = 
1378: yard_opt_298 = yard_exp_brackets_524 
1379: yard_opt_298 = 
1380: yard_opt_296 = yard_exp_brackets_523 
1381: yard_opt_296 = 
1382: column_definition = ident yard_exp_brackets_522 yard_opt_296 yard_opt_297 yard_opt_299 yard_opt_300 
1383: yard_many_54 = yard_exp_brackets_521 yard_many_54 
1384: yard_many_54 = 
1385: table_type_definition = table ( yard_many_54 ) 
1386: yard_many_53 = yard_exp_brackets_520 yard_many_53 
1387: yard_many_53 = 
1388: yard_opt_295 = as 
1389: yard_opt_295 = 
1390: yard_opt_294 = for 
1391: yard_opt_294 = 
1392: yard_opt_293 = static 
1393: yard_opt_293 = 
1394: yard_opt_292 = local 
1395: yard_opt_292 = 
1396: yard_opt_291 = as 
1397: yard_opt_291 = 
1398: yard_opt_290 = as 
1399: yard_opt_290 = 
1400: yard_opt_289 = for 
1401: yard_opt_289 = 
1402: yard_opt_288 = static 
1403: yard_opt_288 = 
1404: yard_opt_287 = local 
1405: yard_opt_287 = 
1406: yard_opt_286 = as 
1407: yard_opt_286 = 
1408: yard_rule_list_432 = yard_exp_brackets_519 yard_many_53 
1409: yard_rule_list_432 = 
1410: yard_rule_comma_list_431 = yard_rule_list_432 
1411: yard_opt_285 = ; 
1412: yard_opt_285 = 
1413: declare = declare yard_rule_comma_list_431 yard_opt_285 
1414: yard_many_52 = yard_exp_brackets_518 yard_many_52 
1415: yard_many_52 = 
1416: yard_rule_list_428 = sql_expr yard_many_52 
1417: yard_rule_list_428 = 
1418: yard_rule_comma_list_427 = yard_rule_list_428 
1419: yard_many_51 = yard_exp_brackets_517 yard_many_51 
1420: yard_many_51 = 
1421: yard_rule_list_430 = yard_exp_brackets_516 yard_many_51 
1422: yard_rule_list_430 = 
1423: yard_rule_comma_list_429 = yard_rule_list_430 
1424: yard_opt_284 = yard_exp_brackets_515 
1425: yard_opt_284 = 
1426: yard_opt_283 = yard_exp_brackets_514 
1427: yard_opt_283 = 
1428: raiserror_stmnt = raiserror ( yard_exp_brackets_512 yard_exp_brackets_513 yard_opt_283 ) yard_opt_284 
1429: yard_opt_282 = yard_exp_brackets_511 
1430: yard_opt_282 = 
1431: if_stmt = if sql_expr proc_body_stmnt yard_opt_282 
1432: yard_many_50 = yard_exp_brackets_510 yard_many_50 
1433: yard_many_50 = 
1434: yard_opt_281 = ; 
1435: yard_opt_281 = 
1436: stmt_block = begin yard_many_50 end 
1437: while_stmt = while sql_expr proc_body_stmnt 
1438: yard_opt_280 = ; 
1439: yard_opt_280 = 
1440: print_stmt = print sql_expr yard_opt_280 
1441: proc_body_stmnt = error 
1442: proc_body_stmnt = print_stmt 
1443: proc_body_stmnt = fetch_stmnt 
1444: proc_body_stmnt = insert 
1445: proc_body_stmnt = create_table 
1446: proc_body_stmnt = while_stmt 
1447: proc_body_stmnt = drop_procedure 
1448: proc_body_stmnt = rollback_transaction 
1449: proc_body_stmnt = commit_transaction 
1450: proc_body_stmnt = begin_transaction 
1451: proc_body_stmnt = stmt_block 
1452: proc_body_stmnt = raiserror_stmnt 
1453: proc_body_stmnt = if_stmt 
1454: proc_body_stmnt = return sql_expr 
1455: proc_body_stmnt = declare 
1456: proc_body_stmnt = execute_stmnt 
1457: proc_body_stmnt = set_stmnt 
1458: proc_body_stmnt = select_stmnt 
1459: yard_opt_279 = yard_exp_brackets_509 
1460: yard_opt_279 = 
1461: procedure_option = yard_opt_279 
1462: yard_rule_brace_opt_426 = ( yard_rule_comma_list_422 ) 
1463: yard_rule_brace_opt_426 = yard_rule_comma_list_422 
1464: yard_opt_278 = ; 
1465: yard_opt_278 = 
1466: yard_many_49 = yard_exp_brackets_508 yard_many_49 
1467: yard_many_49 = 
1468: yard_opt_277 = ; 
1469: yard_opt_277 = 
1470: yard_opt_276 = yard_exp_brackets_507 
1471: yard_opt_276 = 
1472: yard_opt_275 = yard_exp_brackets_506 
1473: yard_opt_275 = 
1474: yard_some_9 = execute_as yard_some_9 
1475: yard_some_9 = execute_as 
1476: yard_opt_274 = yard_exp_brackets_505 
1477: yard_opt_274 = 
1478: yard_opt_273 = yard_exp_brackets_504 
1479: yard_opt_273 = 
1480: create_proc = create yard_exp_brackets_503 yard_opt_273 ident yard_opt_274 yard_rule_brace_opt_426 yard_opt_275 yard_opt_276 as yard_many_49 yard_opt_278 
1481: yard_opt_272 = readonly 
1482: yard_opt_272 = 
1483: yard_opt_271 = yard_exp_brackets_502 
1484: yard_opt_271 = 
1485: yard_opt_270 = yard_exp_brackets_501 
1486: yard_opt_270 = 
1487: yard_opt_269 = varying 
1488: yard_opt_269 = 
1489: yard_opt_268 = sql_datatype 
1490: yard_opt_268 = 
1491: yard_opt_267 = yard_exp_brackets_500 
1492: yard_opt_267 = 
1493: proc_formal_param = LOCALVAR yard_opt_267 yard_opt_268 yard_opt_269 yard_opt_270 yard_opt_271 yard_opt_272 
1494: yard_some_8 = yard_exp_brackets_499 yard_some_8 
1495: yard_some_8 = yard_exp_brackets_498 
1496: yard_opt_266 = yard_exp_brackets_497 
1497: yard_opt_266 = 
1498: drop_procedure = drop yard_exp_brackets_496 yard_some_8 
1499: yard_many_48 = yard_exp_brackets_495 yard_many_48 
1500: yard_many_48 = 
1501: yard_rule_list_425 = ident yard_many_48 
1502: yard_rule_list_425 = 
1503: yard_rule_comma_list_424 = yard_rule_list_425 
1504: yard_many_47 = yard_exp_brackets_494 yard_many_47 
1505: yard_many_47 = 
1506: yard_rule_list_423 = proc_formal_param yard_many_47 
1507: yard_rule_list_423 = 
1508: yard_rule_comma_list_422 = yard_rule_list_423 
1509: yard_opt_264 = yard_exp_brackets_493 
1510: yard_opt_264 = 
1511: yard_opt_265 = yard_exp_brackets_492 
1512: yard_opt_265 = 
1513: yard_opt_263 = type_warning 
1514: yard_opt_263 = 
1515: yard_opt_262 = yard_exp_brackets_491 
1516: yard_opt_262 = 
1517: yard_opt_261 = yard_exp_brackets_490 
1518: yard_opt_261 = 
1519: yard_opt_260 = yard_exp_brackets_489 
1520: yard_opt_260 = 
1521: yard_opt_259 = yard_exp_brackets_488 
1522: yard_opt_259 = 
1523: set_localvar = cursor yard_opt_260 yard_opt_261 yard_opt_262 yard_opt_263 for select_stmnt yard_opt_264 
1524: set_localvar = ident 
1525: set_localvar = LOCALVAR = LOCALVAR 
1526: set_localvar = set yard_exp_brackets_487 
1527: set_stmnt = set_localvar 
1528: set_stmnt = set yard_exp_brackets_485 yard_exp_brackets_486 
1529: yard_opt_258 = ; 
1530: yard_opt_258 = 
1531: yard_opt_257 = yard_exp_brackets_484 
1532: yard_opt_257 = 
1533: yard_opt_256 = yard_exp_brackets_483 
1534: yard_opt_256 = 
1535: rollback_transaction = rollback yard_opt_256 yard_opt_257 yard_opt_258 
1536: batch_body = stmt_block 
1537: batch_body = insert 
1538: batch_body = create_table 
1539: batch_body = drop_procedure 
1540: batch_body = if_stmt 
1541: batch_body = rollback_transaction 
1542: batch_body = case 
1543: batch_body = declare 
1544: batch_body = commit_transaction 
1545: batch_body = begin_transaction 
1546: batch_body = use [ mdw_control ] 
1547: batch_body = set_stmnt 
1548: batch_body = create_proc 
1549: yard_many_46 = yard_exp_brackets_482 yard_many_46 
1550: yard_many_46 = 
1551: yard_opt_255 = go 
1552: yard_opt_255 = 
1553: root_rule = yard_many_46 
1554: yard_start_rule = root_rule 
States count: 2101
Generation time: 00:00:23.5503470
