
rules:
   0: yard_exp_brackets_397 = simple_term 
   1: yard_exp_brackets_397 = prefix_term 
   2: yard_exp_brackets_397 = generation_term 
   3: yard_exp_brackets_397 = proximity_term 
   4: yard_exp_brackets_396 = sql_expr yard_opt_150 
   5: yard_exp_brackets_395 = ident 
   6: yard_exp_brackets_395 = DEC_NUMBER 
   7: yard_exp_brackets_394 = avg 
   8: yard_exp_brackets_394 = count 
   9: yard_exp_brackets_394 = max 
  10: yard_exp_brackets_394 = min 
  11: yard_exp_brackets_394 = sum 
  12: yard_exp_brackets_393 = ident 
  13: yard_exp_brackets_393 = sql_expr 
  14: yard_exp_brackets_392 = ident 
  15: yard_exp_brackets_392 = LOCALVAR 
  16: yard_exp_brackets_391 = on 
  17: yard_exp_brackets_391 = off 
  18: yard_exp_brackets_390 = on 
  19: yard_exp_brackets_390 = off 
  20: yard_exp_brackets_389 = on 
  21: yard_exp_brackets_389 = off 
  22: yard_exp_brackets_388 = on 
  23: yard_exp_brackets_388 = off 
  24: yard_exp_brackets_387 = on 
  25: yard_exp_brackets_387 = off 
  26: yard_exp_brackets_386 = IDENT yard_opt_230 
  27: yard_exp_brackets_385 = IDENT ( IDENT ) 
  28: yard_exp_brackets_385 = IDENT 
  29: yard_exp_brackets_385 = default 
  30: yard_exp_brackets_384 = primary key 
  31: yard_exp_brackets_384 = unique 
  32: yard_exp_brackets_383 = primary key 
  33: yard_exp_brackets_383 = unique 
  34: yard_exp_brackets_382 = IDENT ( IDENT ) 
  35: yard_exp_brackets_382 = IDENT 
  36: yard_exp_brackets_382 = default 
  37: yard_exp_brackets_381 = IDENT ( IDENT ) 
  38: yard_exp_brackets_381 = IDENT 
  39: yard_exp_brackets_381 = default 
  40: yard_exp_brackets_380 = primary key 
  41: yard_exp_brackets_380 = unique 
  42: yard_exp_brackets_379 = column_definition_create_table 
  43: yard_exp_brackets_379 = computed_column_definition 
  44: yard_exp_brackets_378 = IDENT 
  45: yard_exp_brackets_378 = default 
  46: yard_exp_brackets_377 = IDENT ( IDENT ) 
  47: yard_exp_brackets_377 = IDENT 
  48: yard_exp_brackets_377 = default 
  49: yard_exp_brackets_376 = yard_exp_brackets_397 yard_opt_183 
  50: yard_exp_brackets_375 = simple_term 
  51: yard_exp_brackets_375 = prefix_term 
  52: yard_exp_brackets_375 = generation_term 
  53: yard_exp_brackets_375 = proximity_term 
  54: yard_exp_brackets_374 = simple_term 
  55: yard_exp_brackets_374 = prefix_term 
  56: yard_exp_brackets_373 = near 
  57: yard_exp_brackets_373 = ~ 
  58: yard_exp_brackets_372 = simple_term 
  59: yard_exp_brackets_372 = prefix_term 
  60: yard_exp_brackets_371 = near 
  61: yard_exp_brackets_371 = ~ 
  62: yard_exp_brackets_370 = STRING_CONST 
  63: yard_exp_brackets_370 = DEC_NUMBER 
  64: yard_exp_brackets_369 = STRING_CONST 
  65: yard_exp_brackets_369 = DEC_NUMBER 
  66: yard_exp_brackets_368 = formatfile = STRING_CONST yard_opt_171 
  67: yard_exp_brackets_368 = single_blob 
  68: yard_exp_brackets_368 = single_clob 
  69: yard_exp_brackets_368 = single_nclob 
  70: yard_exp_brackets_367 = full_ident 
  71: yard_exp_brackets_367 = STRING_CONST 
  72: yard_exp_brackets_366 = STRING_CONST ; STRING_CONST ; STRING_CONST 
  73: yard_exp_brackets_366 = STRING_CONST 
  74: yard_exp_brackets_365 = predicate 
  75: yard_exp_brackets_365 = ( search_condition ) 
  76: yard_exp_brackets_364 = and 
  77: yard_exp_brackets_364 = or 
  78: yard_exp_brackets_363 = * 
  79: yard_exp_brackets_363 = full_ident . * 
  80: yard_exp_brackets_363 = yard_exp_brackets_396 
  81: yard_exp_brackets_363 = ident = sql_expr 
  82: yard_exp_brackets_362 = sql_expr yard_opt_148 
  83: yard_exp_brackets_361 = cube 
  84: yard_exp_brackets_361 = rollup 
  85: yard_exp_brackets_360 = ( query_expression ) 
  86: yard_exp_brackets_359 = union yard_opt_136 
  87: yard_exp_brackets_359 = except 
  88: yard_exp_brackets_359 = intersect 
  89: yard_exp_brackets_358 = LOCALVAR = STRING_CONST 
  90: yard_exp_brackets_357 = xmldata 
  91: yard_exp_brackets_357 = xmlschema yard_opt_120 
  92: yard_exp_brackets_356 = raw yard_opt_117 
  93: yard_exp_brackets_356 = auto 
  94: yard_exp_brackets_355 = yard_exp_brackets_395 yard_opt_116 
  95: yard_exp_brackets_354 = ident 
  96: yard_exp_brackets_354 = DEC_NUMBER 
  97: yard_exp_brackets_353 = yard_exp_brackets_394 sql_expr 
  98: yard_exp_brackets_352 = avg 
  99: yard_exp_brackets_352 = count 
 100: yard_exp_brackets_352 = max 
 101: yard_exp_brackets_352 = min 
 102: yard_exp_brackets_352 = sum 
 103: yard_exp_brackets_351 = yard_exp_brackets_393 yard_opt_106 
 104: yard_exp_brackets_350 = ident 
 105: yard_exp_brackets_350 = sql_expr 
 106: yard_exp_brackets_349 = default 
 107: yard_exp_brackets_349 = null 
 108: yard_exp_brackets_349 = sql_expr 
 109: yard_exp_brackets_348 = login 
 110: yard_exp_brackets_348 = user 
 111: yard_exp_brackets_347 = login 
 112: yard_exp_brackets_347 = user 
 113: yard_exp_brackets_346 = LOCALVAR 
 114: yard_exp_brackets_346 = STRING_CONST 
 115: yard_exp_brackets_345 = LOCALVAR 
 116: yard_exp_brackets_345 = STRING_CONST 
 117: yard_exp_brackets_344 = sql_expr 
 118: yard_exp_brackets_344 = LOCALVAR yard_opt_80 
 119: yard_exp_brackets_344 = yard_opt_81 
 120: yard_exp_brackets_343 = sql_expr 
 121: yard_exp_brackets_343 = LOCALVAR yard_opt_76 
 122: yard_exp_brackets_343 = yard_opt_77 
 123: yard_exp_brackets_342 = yard_opt_73 sql_expr 
 124: yard_exp_brackets_341 = full_ident yard_opt_70 
 125: yard_exp_brackets_341 = LOCALVAR 
 126: yard_exp_brackets_340 = log 
 127: yard_exp_brackets_340 = nowait 
 128: yard_exp_brackets_340 = seterror 
 129: yard_exp_brackets_339 = LOCALVAR yard_opt_52 sql_datatype 
 130: yard_exp_brackets_339 = ident cursor yard_opt_53 yard_opt_54 yard_opt_55 sql_expr 
 131: yard_exp_brackets_339 = ident yard_opt_56 table_type_definition 
 132: yard_exp_brackets_338 = dec_num 
 133: yard_exp_brackets_338 = LOCALVAR 
 134: yard_exp_brackets_337 = dec_num 
 135: yard_exp_brackets_337 = LOCALVAR 
 136: yard_exp_brackets_336 = sql_expr yard_opt_26 
 137: yard_exp_brackets_335 = sql_datatype 
 138: yard_exp_brackets_335 = sql_expr 
 139: yard_exp_brackets_334 = null 
 140: yard_exp_brackets_334 = DEC_NUMBER 
 141: yard_exp_brackets_334 = STRING_CONST 
 142: yard_exp_brackets_333 = read only 
 143: yard_exp_brackets_333 = update yard_opt_8 
 144: yard_exp_brackets_332 = . 
 145: yard_exp_brackets_332 = DOUBLE_COLON 
 146: yard_exp_brackets_331 = io 
 147: yard_exp_brackets_331 = profile 
 148: yard_exp_brackets_331 = time 
 149: yard_exp_brackets_331 = xml 
 150: yard_exp_brackets_330 = IDENT 
 151: yard_exp_brackets_330 = LOCALVAR 
 152: yard_exp_brackets_329 = tran 
 153: yard_exp_brackets_329 = transaction 
 154: yard_exp_brackets_328 = yard_exp_brackets_392 yard_opt_235 
 155: yard_exp_brackets_327 = with mark yard_opt_236 
 156: yard_exp_brackets_326 = tran 
 157: yard_exp_brackets_326 = transaction 
 158: yard_exp_brackets_325 = IDENT 
 159: yard_exp_brackets_325 = LOCALVAR 
 160: yard_exp_brackets_324 = tran 
 161: yard_exp_brackets_324 = transaction 
 162: yard_exp_brackets_323 = pad_index = yard_exp_brackets_387 
 163: yard_exp_brackets_323 = fillfactor = DEC_NUMBER 
 164: yard_exp_brackets_323 = ignore_dup_key = yard_exp_brackets_388 
 165: yard_exp_brackets_323 = statistics_norecompute = yard_exp_brackets_389 
 166: yard_exp_brackets_323 = allow_row_locks = yard_exp_brackets_390 
 167: yard_exp_brackets_323 = allow_page_locks = yard_exp_brackets_391 
 168: yard_exp_brackets_322 = delete 
 169: yard_exp_brackets_322 = update 
 170: yard_exp_brackets_321 = , IDENT 
 171: yard_exp_brackets_320 = , yard_exp_brackets_386 
 172: yard_exp_brackets_319 = asc 
 173: yard_exp_brackets_319 = desc 
 174: yard_exp_brackets_318 = asc 
 175: yard_exp_brackets_318 = desc 
 176: yard_exp_brackets_317 = IDENT yard_opt_229 
 177: yard_exp_brackets_316 = not for replication 
 178: yard_exp_brackets_315 = not for replication 
 179: yard_exp_brackets_314 = ( yard_rule_comma_list_59 ) 
 180: yard_exp_brackets_313 = on yard_exp_brackets_385 
 181: yard_exp_brackets_312 = with fillfactor = DEC_NUMBER 
 182: yard_exp_brackets_312 = with ( yard_rule_comma_list_55 ) 
 183: yard_exp_brackets_311 = clustered 
 184: yard_exp_brackets_311 = nonclustered 
 185: yard_exp_brackets_310 = constraint IDENT 
 186: yard_exp_brackets_309 = yard_exp_brackets_384 yard_opt_223 ( yard_rule_comma_list_57 ) yard_opt_224 yard_opt_225 
 187: yard_exp_brackets_309 = foreign key ( yard_rule_comma_list_59 ) references IDENT yard_opt_226 yard_many_41 yard_opt_227 
 188: yard_exp_brackets_309 = check yard_opt_228 sql_expr 
 189: yard_exp_brackets_308 = yard_opt_214 yard_exp_brackets_383 yard_opt_215 yard_opt_216 yard_opt_217 
 190: yard_exp_brackets_308 = yard_opt_218 references IDENT yard_opt_219 yard_many_40 yard_opt_220 
 191: yard_exp_brackets_308 = check yard_opt_221 sql_expr 
 192: yard_exp_brackets_307 = not for replication 
 193: yard_exp_brackets_306 = not for replication 
 194: yard_exp_brackets_305 = ( IDENT ) 
 195: yard_exp_brackets_304 = foreign key 
 196: yard_exp_brackets_303 = on yard_exp_brackets_382 
 197: yard_exp_brackets_302 = with fillfactor = DEC_NUMBER 
 198: yard_exp_brackets_302 = with ( yard_rule_comma_list_55 ) 
 199: yard_exp_brackets_301 = clustered 
 200: yard_exp_brackets_301 = nonclustered 
 201: yard_exp_brackets_300 = constraint IDENT 
 202: yard_exp_brackets_299 = persisted yard_opt_212 
 203: yard_exp_brackets_298 = not null 
 204: yard_exp_brackets_297 = , index_option 
 205: yard_exp_brackets_296 = not for replication 
 206: yard_exp_brackets_295 = not for replication 
 207: yard_exp_brackets_294 = ( IDENT ) 
 208: yard_exp_brackets_293 = foreign key 
 209: yard_exp_brackets_292 = on yard_exp_brackets_381 
 210: yard_exp_brackets_291 = with fillfactor = DEC_NUMBER 
 211: yard_exp_brackets_291 = with ( yard_rule_comma_list_55 ) 
 212: yard_exp_brackets_290 = clustered 
 213: yard_exp_brackets_290 = nonclustered 
 214: yard_exp_brackets_289 = constraint IDENT 
 215: yard_exp_brackets_288 = yard_exp_brackets_380 yard_opt_204 yard_opt_205 yard_opt_206 
 216: yard_exp_brackets_288 = yard_opt_207 references full_ident yard_opt_208 yard_many_38 yard_opt_209 
 217: yard_exp_brackets_288 = check yard_opt_210 sql_expr 
 218: yard_exp_brackets_287 = identity yard_opt_200 yard_opt_201 
 219: yard_exp_brackets_286 = not for replication 
 220: yard_exp_brackets_285 = ( sql_expr , sql_expr ) 
 221: yard_exp_brackets_284 = yard_opt_198 default sql_expr 
 222: yard_exp_brackets_283 = constraint IDENT 
 223: yard_exp_brackets_282 = yard_opt_196 null 
 224: yard_exp_brackets_281 = collate IDENT 
 225: yard_exp_brackets_280 = , yard_exp_brackets_379 
 226: yard_exp_brackets_279 = column_definition_create_table 
 227: yard_exp_brackets_279 = computed_column_definition 
 228: yard_exp_brackets_278 = , table_constraint_create_table 
 229: yard_exp_brackets_277 = textimage_on yard_exp_brackets_378 
 230: yard_exp_brackets_276 = on yard_exp_brackets_377 
 231: yard_exp_brackets_275 = left 
 232: yard_exp_brackets_275 = right 
 233: yard_exp_brackets_275 = full 
 234: yard_exp_brackets_274 = repeatable sql_expr 
 235: yard_exp_brackets_273 = percent 
 236: yard_exp_brackets_273 = rows 
 237: yard_exp_brackets_272 = index ( yard_rule_comma_list_5 ) 
 238: yard_exp_brackets_272 = fastfirstrow 
 239: yard_exp_brackets_272 = holdlock 
 240: yard_exp_brackets_272 = nolock 
 241: yard_exp_brackets_272 = nowait 
 242: yard_exp_brackets_272 = paglock 
 243: yard_exp_brackets_272 = readcommitted 
 244: yard_exp_brackets_272 = readcommittedlock 
 245: yard_exp_brackets_272 = readpast 
 246: yard_exp_brackets_272 = readuncommitted 
 247: yard_exp_brackets_272 = repeatableread 
 248: yard_exp_brackets_272 = rowlock 
 249: yard_exp_brackets_272 = serializable 
 250: yard_exp_brackets_272 = tablock 
 251: yard_exp_brackets_272 = tablockx 
 252: yard_exp_brackets_272 = updlock 
 253: yard_exp_brackets_272 = xlock 
 254: yard_exp_brackets_271 = , yard_exp_brackets_376 
 255: yard_exp_brackets_270 = WEIGHT ( DEC_NUMBER ) 
 256: yard_exp_brackets_269 = WEIGHT ( DEC_NUMBER ) 
 257: yard_exp_brackets_268 = yard_exp_brackets_375 yard_opt_182 
 258: yard_exp_brackets_267 = yard_exp_brackets_373 yard_exp_brackets_374 
 259: yard_exp_brackets_266 = yard_exp_brackets_371 yard_exp_brackets_372 
 260: yard_exp_brackets_265 = simple_term 
 261: yard_exp_brackets_265 = prefix_term 
 262: yard_exp_brackets_264 = , simple_term 
 263: yard_exp_brackets_263 = inflectional 
 264: yard_exp_brackets_263 = thesaurus 
 265: yard_exp_brackets_262 = and 
 266: yard_exp_brackets_262 = & 
 267: yard_exp_brackets_262 = and not 
 268: yard_exp_brackets_262 = &! 
 269: yard_exp_brackets_262 = or 
 270: yard_exp_brackets_262 = | 
 271: yard_exp_brackets_261 = , DEC_NUMBER 
 272: yard_exp_brackets_260 = , language yard_exp_brackets_370 
 273: yard_exp_brackets_259 = ident 
 274: yard_exp_brackets_259 = ( yard_rule_comma_list_5 ) 
 275: yard_exp_brackets_259 = * 
 276: yard_exp_brackets_258 = , full_ident 
 277: yard_exp_brackets_257 = , DEC_NUMBER 
 278: yard_exp_brackets_256 = , language yard_exp_brackets_369 
 279: yard_exp_brackets_255 = full_ident 
 280: yard_exp_brackets_255 = ( yard_rule_comma_list_45 ) 
 281: yard_exp_brackets_255 = * 
 282: yard_exp_brackets_254 = , rows_per_batch = DEC_NUMBER 
 283: yard_exp_brackets_253 = , maxerrors = DEC_NUMBER 
 284: yard_exp_brackets_252 = , lastrow = DEC_NUMBER 
 285: yard_exp_brackets_251 = , firstrow = DEC_NUMBER 
 286: yard_exp_brackets_250 = , errorfile = STRING_CONST 
 287: yard_exp_brackets_249 = , codepage = STRING_CONST 
 288: yard_exp_brackets_248 = STRING_CONST , yard_exp_brackets_366 , yard_exp_brackets_367 
 289: yard_exp_brackets_248 = bulk STRING_CONST , yard_exp_brackets_368 
 290: yard_exp_brackets_247 = ( yard_rule_comma_list_5 ) 
 291: yard_exp_brackets_246 = as ident 
 292: yard_exp_brackets_245 = yard_opt_168 full_ident 
 293: yard_exp_brackets_244 = ( yard_rule_comma_list_5 ) 
 294: yard_exp_brackets_243 = ( yard_rule_comma_list_5 ) 
 295: yard_exp_brackets_242 = yard_opt_163 ident 
 296: yard_exp_brackets_241 = with ( table_hint yard_many_31 ) 
 297: yard_exp_brackets_240 = rowset_function 
 298: yard_exp_brackets_240 = sql_expr 
 299: yard_exp_brackets_239 = , table_source 
 300: yard_exp_brackets_238 = ( ) 
 301: yard_exp_brackets_237 = . IDENT 
 302: yard_exp_brackets_236 = escape STRING_CONST 
 303: yard_exp_brackets_235 = dec_num 
 304: yard_exp_brackets_235 = STRING_CONST 
 305: yard_exp_brackets_234 = dec_num 
 306: yard_exp_brackets_234 = STRING_CONST 
 307: yard_exp_brackets_233 = all 
 308: yard_exp_brackets_233 = some 
 309: yard_exp_brackets_233 = any 
 310: yard_exp_brackets_232 = yard_exp_brackets_364 yard_opt_153 yard_exp_brackets_365 
 311: yard_exp_brackets_231 = yard_opt_152 predicate 
 312: yard_exp_brackets_231 = ( search_condition ) 
 313: yard_exp_brackets_230 = , yard_exp_brackets_363 
 314: yard_exp_brackets_229 = yard_opt_151 ident 
 315: yard_exp_brackets_228 = yard_opt_149 ident 
 316: yard_exp_brackets_227 = * 
 317: yard_exp_brackets_227 = full_ident . * 
 318: yard_exp_brackets_227 = yard_exp_brackets_362 
 319: yard_exp_brackets_227 = ident = sql_expr 
 320: yard_exp_brackets_226 = having search_condition 
 321: yard_exp_brackets_225 = group by yard_opt_145 yard_rule_comma_list_7 yard_opt_146 
 322: yard_exp_brackets_224 = with yard_exp_brackets_361 
 323: yard_exp_brackets_223 = where search_condition 
 324: yard_exp_brackets_222 = into full_ident 
 325: yard_exp_brackets_221 = top sql_expr yard_opt_139 yard_opt_140 
 326: yard_exp_brackets_220 = with ties 
 327: yard_exp_brackets_219 = all 
 328: yard_exp_brackets_219 = distinct 
 329: yard_exp_brackets_218 = , yard_exp_brackets_360 
 330: yard_exp_brackets_217 = ( query_expression ) 
 331: yard_exp_brackets_216 = yard_exp_brackets_359 query_specification 
 332: yard_exp_brackets_216 = yard_rule_comma_list_40 
 333: yard_exp_brackets_215 = query_specification 
 334: yard_exp_brackets_215 = ( query_expression ) 
 335: yard_exp_brackets_214 = ( yard_rule_comma_list_5 ) 
 336: yard_exp_brackets_213 = full_ident 
 337: yard_exp_brackets_213 = ident 
 338: yard_exp_brackets_212 = , root yard_opt_132 
 339: yard_exp_brackets_211 = ( STRING_CONST ) 
 340: yard_exp_brackets_210 = , type 
 341: yard_exp_brackets_209 = , binary base64 
 342: yard_exp_brackets_208 = , yard_exp_brackets_358 
 343: yard_exp_brackets_207 = LOCALVAR = STRING_CONST 
 344: yard_exp_brackets_206 = simple 
 345: yard_exp_brackets_206 = forced 
 346: yard_exp_brackets_205 = loop 
 347: yard_exp_brackets_205 = merge 
 348: yard_exp_brackets_205 = hash 
 349: yard_exp_brackets_204 = concat 
 350: yard_exp_brackets_204 = hash 
 351: yard_exp_brackets_204 = merge 
 352: yard_exp_brackets_203 = hash 
 353: yard_exp_brackets_203 = order 
 354: yard_exp_brackets_202 = common_directives yard_opt_127 
 355: yard_exp_brackets_201 = , elements yard_opt_128 
 356: yard_exp_brackets_200 = xsinil 
 357: yard_exp_brackets_200 = absent 
 358: yard_exp_brackets_199 = ( STRING_CONST ) 
 359: yard_exp_brackets_198 = common_directives yard_opt_124 
 360: yard_exp_brackets_197 = , xmldata 
 361: yard_exp_brackets_196 = common_directives yard_opt_119 yard_opt_121 
 362: yard_exp_brackets_195 = , elements yard_opt_122 
 363: yard_exp_brackets_194 = xsinil 
 364: yard_exp_brackets_194 = absent 
 365: yard_exp_brackets_193 = , yard_exp_brackets_357 
 366: yard_exp_brackets_192 = ( STRING_CONST ) 
 367: yard_exp_brackets_191 = ( STRING_CONST ) 
 368: yard_exp_brackets_190 = yard_exp_brackets_356 yard_opt_118 
 369: yard_exp_brackets_190 = explicit yard_opt_123 
 370: yard_exp_brackets_190 = path yard_opt_125 yard_opt_126 
 371: yard_exp_brackets_189 = browse 
 372: yard_exp_brackets_189 = xml 
 373: yard_exp_brackets_188 = , yard_exp_brackets_355 
 374: yard_exp_brackets_187 = asc 
 375: yard_exp_brackets_187 = desc 
 376: yard_exp_brackets_186 = asc 
 377: yard_exp_brackets_186 = desc 
 378: yard_exp_brackets_185 = yard_exp_brackets_354 yard_opt_115 
 379: yard_exp_brackets_184 = , yard_exp_brackets_353 
 380: yard_exp_brackets_183 = yard_exp_brackets_352 sql_expr 
 381: yard_exp_brackets_182 = , query_hint 
 382: yard_exp_brackets_181 = option ( yard_rule_comma_list_36 ) 
 383: yard_exp_brackets_180 = compute yard_rule_comma_list_34 yard_opt_111 
 384: yard_exp_brackets_179 = by yard_rule_comma_list_7 
 385: yard_exp_brackets_178 = order by yard_rule_comma_list_32 
 386: yard_exp_brackets_177 = with yard_rule_comma_list_26 
 387: yard_exp_brackets_176 = , yard_exp_brackets_351 
 388: yard_exp_brackets_175 = yard_opt_107 IDENT 
 389: yard_exp_brackets_174 = yard_opt_105 IDENT 
 390: yard_exp_brackets_173 = yard_exp_brackets_350 yard_opt_104 
 391: yard_exp_brackets_172 = yard_opt_103 IDENT 
 392: yard_exp_brackets_171 = ident 
 393: yard_exp_brackets_171 = sql_expr 
 394: yard_exp_brackets_170 = output dml_select_list 
 395: yard_exp_brackets_169 = ( yard_rule_comma_list_15 ) 
 396: yard_exp_brackets_168 = LOCALVAR 
 397: yard_exp_brackets_168 = IDENT 
 398: yard_exp_brackets_167 = , common_table_expression 
 399: yard_exp_brackets_166 = , yard_exp_brackets_349 
 400: yard_exp_brackets_165 = default 
 401: yard_exp_brackets_165 = null 
 402: yard_exp_brackets_165 = sql_expr 
 403: yard_exp_brackets_164 = values ( yard_rule_comma_list_28 ) 
 404: yard_exp_brackets_164 = proc_body_stmnt 
 405: yard_exp_brackets_164 = default values 
 406: yard_exp_brackets_163 = ( yard_rule_comma_list_15 ) 
 407: yard_exp_brackets_162 = with ( yard_many_19 ) 
 408: yard_exp_brackets_161 = top sql_expr yard_opt_93 
 409: yard_exp_brackets_160 = with yard_rule_comma_list_26 
 410: yard_exp_brackets_159 = object 
 411: yard_exp_brackets_159 = rowset_function yard_opt_95 
 412: yard_exp_brackets_158 = at full_ident 
 413: yard_exp_brackets_157 = as yard_exp_brackets_348 = STRING_CONST 
 414: yard_exp_brackets_156 = , sql_expr yard_opt_87 
 415: yard_exp_brackets_155 = LOCALVAR 
 416: yard_exp_brackets_155 = STRING_CONST yard_opt_85 yard_opt_86 
 417: yard_exp_brackets_154 = LOCALVAR 
 418: yard_exp_brackets_154 = STRING_CONST yard_opt_85 yard_opt_86 
 419: yard_exp_brackets_153 = exec 
 420: yard_exp_brackets_153 = execute 
 421: yard_exp_brackets_152 = as yard_exp_brackets_347 = STRING_CONST 
 422: yard_exp_brackets_151 = yard_exp_brackets_346 yard_opt_82 
 423: yard_exp_brackets_150 = yard_exp_brackets_345 yard_opt_82 
 424: yard_exp_brackets_149 = exec 
 425: yard_exp_brackets_149 = execute 
 426: yard_exp_brackets_148 = , yard_opt_78 
 427: yard_exp_brackets_147 = yard_opt_79 yard_exp_brackets_344 
 428: yard_exp_brackets_146 = output 
 429: yard_exp_brackets_146 = out 
 430: yard_exp_brackets_145 = LOCALVAR = 
 431: yard_exp_brackets_144 = yard_opt_75 yard_exp_brackets_343 
 432: yard_exp_brackets_143 = output 
 433: yard_exp_brackets_143 = out 
 434: yard_exp_brackets_142 = LOCALVAR = 
 435: yard_exp_brackets_141 = , yard_exp_brackets_342 
 436: yard_exp_brackets_140 = LOCALVAR = 
 437: yard_exp_brackets_139 = LOCALVAR = 
 438: yard_exp_brackets_138 = yard_opt_72 sql_expr 
 439: yard_exp_brackets_137 = with recompile 
 440: yard_exp_brackets_136 = ; DEC_NUMBER 
 441: yard_exp_brackets_135 = LOCALVAR = 
 442: yard_exp_brackets_134 = exec 
 443: yard_exp_brackets_134 = execute 
 444: yard_exp_brackets_133 = create_object . IDENT ( yard_rule_comma_list_22 ) 
 445: yard_exp_brackets_133 = yard_opt_69 yard_exp_brackets_341 yard_rule_comma_list_24 yard_opt_71 
 446: yard_exp_brackets_132 = proc 
 447: yard_exp_brackets_132 = procedure 
 448: yard_exp_brackets_131 = proc_body_stmnt yard_opt_66 
 449: yard_exp_brackets_130 = , yard_exp_brackets_340 
 450: yard_exp_brackets_129 = log 
 451: yard_exp_brackets_129 = nowait 
 452: yard_exp_brackets_129 = seterror 
 453: yard_exp_brackets_128 = with yard_rule_comma_list_20 
 454: yard_exp_brackets_127 = , yard_rule_comma_list_7 
 455: yard_exp_brackets_126 = , dec_num , dec_num 
 456: yard_exp_brackets_125 = dec_num 
 457: yard_exp_brackets_125 = STRING_CONST 
 458: yard_exp_brackets_125 = LOCALVAR 
 459: yard_exp_brackets_124 = primary key 
 460: yard_exp_brackets_124 = unique 
 461: yard_exp_brackets_123 = yard_opt_63 null 
 462: yard_exp_brackets_123 = primary key 
 463: yard_exp_brackets_123 = unique 
 464: yard_exp_brackets_123 = check sql_expr 
 465: yard_exp_brackets_122 = default sql_expr 
 466: yard_exp_brackets_122 = identity yard_opt_59 
 467: yard_exp_brackets_121 = DEC_NUMBER , DEC_NUMBER 
 468: yard_exp_brackets_120 = collate ident 
 469: yard_exp_brackets_119 = scalar_data_type 
 470: yard_exp_brackets_119 = as sql_expr 
 471: yard_exp_brackets_118 = column_definition 
 472: yard_exp_brackets_118 = table_constraint 
 473: yard_exp_brackets_117 = , yard_exp_brackets_339 
 474: yard_exp_brackets_116 = LOCALVAR yard_opt_47 sql_datatype 
 475: yard_exp_brackets_116 = ident cursor yard_opt_48 yard_opt_49 yard_opt_50 sql_expr 
 476: yard_exp_brackets_116 = ident yard_opt_51 table_type_definition 
 477: yard_exp_brackets_115 = DEC_NUMBER 
 478: yard_exp_brackets_115 = max 
 479: yard_exp_brackets_114 = else sql_expr 
 480: yard_exp_brackets_113 = when sql_expr then sql_expr 
 481: yard_exp_brackets_112 = else proc_body_stmnt 
 482: yard_exp_brackets_111 = caller 
 483: yard_exp_brackets_111 = self 
 484: yard_exp_brackets_111 = owner 
 485: yard_exp_brackets_111 = ident = STRING_CONST 
 486: yard_exp_brackets_110 = exec 
 487: yard_exp_brackets_110 = execute 
 488: yard_exp_brackets_109 = proc_body_stmnt yard_opt_35 
 489: yard_exp_brackets_108 = for replication 
 490: yard_exp_brackets_107 = with yard_some_1 
 491: yard_exp_brackets_106 = ; DEC_NUMBER 
 492: yard_exp_brackets_105 = ident . 
 493: yard_exp_brackets_104 = procedure 
 494: yard_exp_brackets_104 = proc 
 495: yard_exp_brackets_103 = , LOCALVAR 
 496: yard_exp_brackets_102 = into yard_rule_comma_list_15 
 497: yard_exp_brackets_101 = yard_opt_28 from 
 498: yard_exp_brackets_100 = next 
 499: yard_exp_brackets_100 = prior 
 500: yard_exp_brackets_100 = first 
 501: yard_exp_brackets_100 = last 
 502: yard_exp_brackets_100 = absolute yard_exp_brackets_337 
 503: yard_exp_brackets_100 = relative yard_exp_brackets_338 
 504: yard_exp_brackets_99 = yard_opt_29 IDENT 
 505: yard_exp_brackets_99 = LOCALVAR 
 506: yard_exp_brackets_98 = > = 
 507: yard_exp_brackets_97 = < = 
 508: yard_exp_brackets_96 = < > 
 509: yard_exp_brackets_95 = , yard_exp_brackets_336 
 510: yard_exp_brackets_94 = asc 
 511: yard_exp_brackets_94 = desc 
 512: yard_exp_brackets_93 = asc 
 513: yard_exp_brackets_93 = desc 
 514: yard_exp_brackets_92 = sql_expr yard_opt_25 
 515: yard_exp_brackets_91 = order by yard_rule_comma_list_13 
 516: yard_exp_brackets_90 = , yard_opt_23 
 517: yard_exp_brackets_89 = partition by LOCALVAR 
 518: yard_exp_brackets_89 = select_stmnt 
 519: yard_exp_brackets_88 = partition by LOCALVAR 
 520: yard_exp_brackets_88 = select_stmnt 
 521: yard_exp_brackets_87 = partition by LOCALVAR 
 522: yard_exp_brackets_87 = select_stmnt 
 523: yard_exp_brackets_87 = full_ident 
 524: yard_exp_brackets_86 = rank 
 525: yard_exp_brackets_86 = dense_rank 
 526: yard_exp_brackets_86 = row_number 
 527: yard_exp_brackets_86 = ntile 
 528: yard_exp_brackets_85 = , yard_exp_brackets_335 
 529: yard_exp_brackets_84 = sql_datatype 
 530: yard_exp_brackets_84 = sql_expr 
 531: yard_exp_brackets_83 = all 
 532: yard_exp_brackets_83 = distinct 
 533: yard_exp_brackets_82 = hour 
 534: yard_exp_brackets_82 = minute 
 535: yard_exp_brackets_82 = second 
 536: yard_exp_brackets_81 = unistr 
 537: yard_exp_brackets_81 = trunc 
 538: yard_exp_brackets_81 = extract 
 539: yard_exp_brackets_80 = , sql_expr 
 540: yard_exp_brackets_79 = and 
 541: yard_exp_brackets_79 = or 
 542: yard_exp_brackets_78 = not 
 543: yard_exp_brackets_78 = += 
 544: yard_exp_brackets_78 = -= 
 545: yard_exp_brackets_78 = ~ 
 546: yard_exp_brackets_77 = out 
 547: yard_exp_brackets_77 = output 
 548: yard_exp_brackets_76 = = yard_exp_brackets_334 
 549: yard_exp_brackets_75 = full_ident . 
 550: yard_exp_brackets_74 = , ident 
 551: yard_exp_brackets_73 = , proc_formal_param 
 552: yard_exp_brackets_72 = for yard_exp_brackets_333 
 553: yard_exp_brackets_71 = of yard_rule_comma_list_5 
 554: yard_exp_brackets_70 = read_only 
 555: yard_exp_brackets_70 = scroll_locks 
 556: yard_exp_brackets_70 = optimistic 
 557: yard_exp_brackets_69 = static 
 558: yard_exp_brackets_69 = keyset 
 559: yard_exp_brackets_69 = dynamic 
 560: yard_exp_brackets_69 = fast_forward 
 561: yard_exp_brackets_68 = forward_only 
 562: yard_exp_brackets_68 = scroll 
 563: yard_exp_brackets_67 = DOUBLE_COLON ident 
 564: yard_exp_brackets_66 = LOCALVAR yard_opt_2 = sql_expr 
 565: yard_exp_brackets_66 = STRING_CONST yard_exp_brackets_332 ident ( yard_rule_comma_list_3 ) 
 566: yard_exp_brackets_65 = on 
 567: yard_exp_brackets_65 = off 
 568: yard_exp_brackets_64 = ansi_nulls 
 569: yard_exp_brackets_64 = ansi_defaults 
 570: yard_exp_brackets_64 = ansi_null_dflt 
 571: yard_exp_brackets_64 = ansi_padding 
 572: yard_exp_brackets_64 = ansi_warnings 
 573: yard_exp_brackets_64 = concat_null_yields_null 
 574: yard_exp_brackets_64 = cursor_close_on_commit 
 575: yard_exp_brackets_64 = quoted_identifier 
 576: yard_exp_brackets_64 = fmtonly 
 577: yard_exp_brackets_64 = forceplan 
 578: yard_exp_brackets_64 = implicit_transactions 
 579: yard_exp_brackets_64 = nocount 
 580: yard_exp_brackets_64 = noexec 
 581: yard_exp_brackets_64 = numeric_roundabort 
 582: yard_exp_brackets_64 = parseonly 
 583: yard_exp_brackets_64 = remote_proc_transactions 
 584: yard_exp_brackets_64 = showplan_all 
 585: yard_exp_brackets_64 = showplan_text 
 586: yard_exp_brackets_64 = showplan_xml 
 587: yard_exp_brackets_64 = statistics yard_exp_brackets_331 
 588: yard_exp_brackets_64 = xact_abort 
 589: yard_exp_brackets_63 = . ident 
 590: yard_exp_brackets_62 = IDENT 
 591: yard_exp_brackets_62 = type 
 592: yard_exp_brackets_62 = class 
 593: yard_exp_brackets_62 = state 
 594: yard_exp_brackets_62 = owner 
 595: yard_exp_brackets_62 = ignore_dup_key 
 596: yard_exp_brackets_62 = count 
 597: yard_exp_brackets_62 = enable 
 598: yard_exp_brackets_62 = open 
 599: yard_exp_brackets_62 = close 
 600: yard_exp_brackets_61 = IDENT 
 601: yard_exp_brackets_61 = type 
 602: yard_exp_brackets_61 = class 
 603: yard_exp_brackets_61 = state 
 604: yard_exp_brackets_61 = owner 
 605: yard_exp_brackets_61 = ignore_dup_key 
 606: yard_exp_brackets_61 = count 
 607: yard_exp_brackets_61 = enable 
 608: yard_exp_brackets_61 = open 
 609: yard_exp_brackets_61 = close 
 610: batch_body = create_proc 
 611: batch_body = set_stmnt 
 612: batch_body = use [ mdw_control ] 
 613: batch_body = begin_transaction 
 614: batch_body = commit_transaction 
 615: batch_body = declare 
 616: batch_body = case 
 617: batch_body = rollback_transaction 
 618: batch_body = if_stmt 
 619: batch_body = drop_procedure 
 620: batch_body = create_table 
 621: batch_body = insert 
 622: batch_body = select_stmnt 
 623: batch_body = stmt_block 
 624: root_rule = batch_body 
 625: yard_start_rule = root_rule 
 626: yard_opt_239 = 
 627: yard_opt_239 = ; 
 628: yard_opt_238 = 
 629: yard_opt_238 = yard_exp_brackets_330 
 630: commit_transaction = commit yard_exp_brackets_329 yard_opt_238 yard_opt_239 
 631: yard_opt_237 = 
 632: yard_opt_237 = ; 
 633: yard_opt_234 = 
 634: yard_opt_234 = yard_exp_brackets_328 
 635: yard_opt_235 = 
 636: yard_opt_235 = yard_exp_brackets_327 
 637: yard_opt_236 = 
 638: yard_opt_236 = STRING_CONST 
 639: begin_transaction = begin yard_exp_brackets_326 yard_opt_234 yard_opt_237 
 640: yard_opt_233 = 
 641: yard_opt_233 = ; 
 642: yard_opt_232 = 
 643: yard_opt_232 = yard_exp_brackets_325 
 644: yard_opt_231 = 
 645: yard_opt_231 = yard_exp_brackets_324 
 646: rollback_transaction = rollback yard_opt_231 yard_opt_232 yard_opt_233 
 647: index_option = yard_exp_brackets_323 
 648: delete_update_options = no action 
 649: delete_update_options = cascade 
 650: delete_update_options = set null 
 651: delete_update_options = set default 
 652: delete_update = on yard_exp_brackets_322 delete_update_options 
 653: yard_many_43 = 
 654: yard_many_43 = yard_exp_brackets_321 yard_many_43 
 655: yard_rule_list_60 = 
 656: yard_rule_list_60 = IDENT yard_many_43 
 657: yard_rule_comma_list_59 = yard_rule_list_60 
 658: yard_many_42 = 
 659: yard_many_42 = yard_exp_brackets_320 yard_many_42 
 660: yard_opt_230 = 
 661: yard_opt_230 = yard_exp_brackets_319 
 662: yard_opt_229 = 
 663: yard_opt_229 = yard_exp_brackets_318 
 664: yard_rule_list_58 = 
 665: yard_rule_list_58 = yard_exp_brackets_317 yard_many_42 
 666: yard_rule_comma_list_57 = yard_rule_list_58 
 667: yard_opt_228 = 
 668: yard_opt_228 = yard_exp_brackets_316 
 669: yard_opt_227 = 
 670: yard_opt_227 = yard_exp_brackets_315 
 671: yard_many_41 = 
 672: yard_many_41 = delete_update yard_many_41 
 673: yard_opt_226 = 
 674: yard_opt_226 = yard_exp_brackets_314 
 675: yard_opt_225 = 
 676: yard_opt_225 = yard_exp_brackets_313 
 677: yard_opt_224 = 
 678: yard_opt_224 = yard_exp_brackets_312 
 679: yard_opt_223 = 
 680: yard_opt_223 = yard_exp_brackets_311 
 681: yard_opt_222 = 
 682: yard_opt_222 = yard_exp_brackets_310 
 683: table_constraint_create_table = yard_opt_222 yard_exp_brackets_309 
 684: yard_opt_213 = 
 685: yard_opt_213 = yard_exp_brackets_308 
 686: yard_opt_221 = 
 687: yard_opt_221 = yard_exp_brackets_307 
 688: yard_opt_220 = 
 689: yard_opt_220 = yard_exp_brackets_306 
 690: yard_many_40 = 
 691: yard_many_40 = delete_update yard_many_40 
 692: yard_opt_219 = 
 693: yard_opt_219 = yard_exp_brackets_305 
 694: yard_opt_218 = 
 695: yard_opt_218 = yard_exp_brackets_304 
 696: yard_opt_217 = 
 697: yard_opt_217 = yard_exp_brackets_303 
 698: yard_opt_216 = 
 699: yard_opt_216 = yard_exp_brackets_302 
 700: yard_opt_215 = 
 701: yard_opt_215 = yard_exp_brackets_301 
 702: yard_opt_214 = 
 703: yard_opt_214 = yard_exp_brackets_300 
 704: yard_opt_211 = 
 705: yard_opt_211 = yard_exp_brackets_299 
 706: yard_opt_212 = 
 707: yard_opt_212 = yard_exp_brackets_298 
 708: computed_column_definition = IDENT as sql_expr yard_opt_211 yard_opt_213 
 709: yard_many_39 = 
 710: yard_many_39 = yard_exp_brackets_297 yard_many_39 
 711: yard_rule_list_56 = 
 712: yard_rule_list_56 = index_option yard_many_39 
 713: yard_rule_comma_list_55 = yard_rule_list_56 
 714: yard_opt_210 = 
 715: yard_opt_210 = yard_exp_brackets_296 
 716: yard_opt_209 = 
 717: yard_opt_209 = yard_exp_brackets_295 
 718: yard_many_38 = 
 719: yard_many_38 = delete_update yard_many_38 
 720: yard_opt_208 = 
 721: yard_opt_208 = yard_exp_brackets_294 
 722: yard_opt_207 = 
 723: yard_opt_207 = yard_exp_brackets_293 
 724: yard_opt_206 = 
 725: yard_opt_206 = yard_exp_brackets_292 
 726: yard_opt_205 = 
 727: yard_opt_205 = yard_exp_brackets_291 
 728: yard_opt_204 = 
 729: yard_opt_204 = yard_exp_brackets_290 
 730: yard_opt_203 = 
 731: yard_opt_203 = yard_exp_brackets_289 
 732: column_constraint_create_table = yard_opt_203 yard_exp_brackets_288 
 733: yard_many_37 = 
 734: yard_many_37 = column_constraint_create_table yard_many_37 
 735: yard_opt_202 = 
 736: yard_opt_202 = rowguidcol 
 737: yard_opt_199 = 
 738: yard_opt_199 = yard_exp_brackets_287 
 739: yard_opt_201 = 
 740: yard_opt_201 = yard_exp_brackets_286 
 741: yard_opt_200 = 
 742: yard_opt_200 = yard_exp_brackets_285 
 743: yard_opt_197 = 
 744: yard_opt_197 = yard_exp_brackets_284 
 745: yard_opt_198 = 
 746: yard_opt_198 = yard_exp_brackets_283 
 747: yard_opt_195 = 
 748: yard_opt_195 = yard_exp_brackets_282 
 749: yard_opt_196 = 
 750: yard_opt_196 = not 
 751: yard_opt_194 = 
 752: yard_opt_194 = yard_exp_brackets_281 
 753: column_definition_create_table = ident sql_datatype yard_opt_194 yard_opt_195 yard_opt_197 
 754: column_definition_create_table = yard_opt_199 yard_opt_202 yard_many_37 
 755: yard_many_36 = 
 756: yard_many_36 = yard_exp_brackets_280 yard_many_36 
 757: yard_rule_list_52 = 
 758: yard_rule_list_52 = yard_exp_brackets_279 yard_many_36 
 759: yard_rule_comma_list_51 = yard_rule_list_52 
 760: yard_many_35 = 
 761: yard_many_35 = yard_exp_brackets_278 yard_many_35 
 762: yard_rule_list_54 = 
 763: yard_rule_list_54 = table_constraint_create_table yard_many_35 
 764: yard_rule_comma_list_53 = yard_rule_list_54 
 765: yard_opt_193 = 
 766: yard_opt_193 = ; 
 767: yard_opt_192 = 
 768: yard_opt_192 = yard_exp_brackets_277 
 769: yard_opt_191 = 
 770: yard_opt_191 = yard_exp_brackets_276 
 771: create_table = create table full_ident ( yard_rule_comma_list_51 yard_rule_comma_list_53 ) yard_opt_191 yard_opt_192 yard_opt_193 
 772: unpivot_clause = ( ident for sql_expr in ( yard_rule_comma_list_45 ) ) 
 773: unpivoted_table = table_source unpivot unpivot_clause full_ident 
 774: yard_some_7 = sql_expr 
 775: yard_some_7 = sql_expr yard_some_7 
 776: pivot_clause = ( yard_some_7 for sql_expr in ( yard_rule_comma_list_5 ) ) 
 777: pivoted_table = table_source pivot pivot_clause full_ident 
 778: join_hint = loop 
 779: join_hint = hash 
 780: join_hint = merge 
 781: join_hint = remote 
 782: yard_opt_190 = 
 783: yard_opt_190 = join_hint 
 784: yard_opt_189 = 
 785: yard_opt_189 = outer 
 786: join_type = inner 
 787: join_type = yard_exp_brackets_275 yard_opt_189 yard_opt_190 
 788: yard_opt_188 = 
 789: yard_opt_188 = join_type 
 790: joined_table = table_source yard_opt_188 join table_source on search_condition 
 791: joined_table = table_source cross join table_source 
 792: joined_table = ( joined_table ) 
 793: yard_opt_187 = 
 794: yard_opt_187 = yard_exp_brackets_274 
 795: yard_opt_186 = 
 796: yard_opt_186 = yard_exp_brackets_273 
 797: yard_opt_185 = 
 798: yard_opt_185 = system 
 799: tablesample_clause = tablesample yard_opt_185 ( sql_expr yard_opt_186 ) yard_opt_187 
 800: yard_opt_184 = 
 801: yard_opt_184 = noexpand 
 802: table_hint = yard_opt_184 yard_exp_brackets_272 
 803: yard_many_34 = 
 804: yard_many_34 = yard_exp_brackets_271 yard_many_34 
 805: yard_opt_183 = 
 806: yard_opt_183 = yard_exp_brackets_270 
 807: yard_opt_182 = 
 808: yard_opt_182 = yard_exp_brackets_269 
 809: yard_rule_list_50 = 
 810: yard_rule_list_50 = yard_exp_brackets_268 yard_many_34 
 811: yard_rule_comma_list_49 = yard_rule_list_50 
 812: weighted_term = isabout ( yard_rule_comma_list_49 ) 
 813: yard_some_6 = yard_exp_brackets_266 
 814: yard_some_6 = yard_exp_brackets_267 yard_some_6 
 815: proximity_term = yard_exp_brackets_265 yard_some_6 
 816: yard_many_33 = 
 817: yard_many_33 = yard_exp_brackets_264 yard_many_33 
 818: yard_rule_list_48 = 
 819: yard_rule_list_48 = simple_term yard_many_33 
 820: yard_rule_comma_list_47 = yard_rule_list_48 
 821: generation_term = formsof ( yard_exp_brackets_263 , yard_rule_comma_list_47 ) 
 822: prefix_term = STRING_CONST 
 823: simple_term = STRING_CONST 
 824: yard_some_5 = contains_search_condition 
 825: yard_some_5 = contains_search_condition yard_some_5 
 826: contains_search_condition = simple_term 
 827: contains_search_condition = prefix_term 
 828: contains_search_condition = generation_term 
 829: contains_search_condition = proximity_term 
 830: contains_search_condition = weighted_term 
 831: contains_search_condition = ( contains_search_condition ) yard_exp_brackets_262 yard_some_5 
 832: yard_opt_181 = 
 833: yard_opt_181 = yard_exp_brackets_261 
 834: yard_opt_180 = 
 835: yard_opt_180 = yard_exp_brackets_260 
 836: containstable = containstable ( full_ident , yard_exp_brackets_259 , \' contains_search_condition \' yard_opt_180 yard_opt_181 ) 
 837: yard_many_32 = 
 838: yard_many_32 = yard_exp_brackets_258 yard_many_32 
 839: yard_rule_list_46 = 
 840: yard_rule_list_46 = full_ident yard_many_32 
 841: yard_rule_comma_list_45 = yard_rule_list_46 
 842: yard_opt_179 = 
 843: yard_opt_179 = yard_exp_brackets_257 
 844: yard_opt_178 = 
 845: yard_opt_178 = yard_exp_brackets_256 
 846: freetexttable = freetexttable ( full_ident , yard_exp_brackets_255 , STRING_CONST yard_opt_178 yard_opt_179 ) 
 847: opendatasource = opendatasource ( ident , STRING_CONST ) 
 848: openquery = openquery ( full_ident , STRING_CONST ) 
 849: yard_opt_177 = 
 850: yard_opt_177 = yard_exp_brackets_254 
 851: yard_opt_176 = 
 852: yard_opt_176 = yard_exp_brackets_253 
 853: yard_opt_175 = 
 854: yard_opt_175 = yard_exp_brackets_252 
 855: yard_opt_174 = 
 856: yard_opt_174 = yard_exp_brackets_251 
 857: yard_opt_173 = 
 858: yard_opt_173 = yard_exp_brackets_250 
 859: yard_opt_172 = 
 860: yard_opt_172 = yard_exp_brackets_249 
 861: bulk_options = yard_opt_172 yard_opt_173 yard_opt_174 yard_opt_175 yard_opt_176 yard_opt_177 
 862: yard_opt_171 = 
 863: yard_opt_171 = bulk_options 
 864: openrowset = openrowset ( yard_exp_brackets_248 ) 
 865: rowset_function = containstable 
 866: rowset_function = freetexttable 
 867: rowset_function = opendatasource 
 868: rowset_function = openquery 
 869: rowset_function = openrowset 
 870: yard_opt_170 = 
 871: yard_opt_170 = yard_exp_brackets_247 
 872: yard_opt_169 = 
 873: yard_opt_169 = yard_exp_brackets_246 
 874: yard_opt_167 = 
 875: yard_opt_167 = yard_exp_brackets_245 
 876: yard_opt_168 = 
 877: yard_opt_168 = as 
 878: yard_opt_166 = 
 879: yard_opt_166 = yard_exp_brackets_244 
 880: yard_opt_165 = 
 881: yard_opt_165 = as 
 882: yard_opt_164 = 
 883: yard_opt_164 = yard_exp_brackets_243 
 884: yard_opt_162 = 
 885: yard_opt_162 = yard_exp_brackets_242 
 886: yard_opt_163 = 
 887: yard_opt_163 = as 
 888: yard_opt_161 = 
 889: yard_opt_161 = yard_exp_brackets_241 
 890: yard_many_31 = 
 891: yard_many_31 = , yard_many_31 
 892: yard_opt_160 = 
 893: yard_opt_160 = tablesample_clause 
 894: yard_opt_159 = 
 895: yard_opt_159 = as 
 896: table_source = full_ident yard_opt_159 full_ident yard_opt_160 yard_opt_161 
 897: table_source = yard_exp_brackets_240 yard_opt_162 yard_opt_164 
 898: table_source = ident yard_opt_165 ident yard_opt_166 
 899: table_source = joined_table 
 900: table_source = pivoted_table 
 901: table_source = unpivoted_table 
 902: table_source = LOCALVAR yard_opt_167 
 903: table_source = LOCALVAR . ident ( yard_rule_comma_list_7 ) yard_opt_169 yard_opt_170 
 904: yard_many_30 = 
 905: yard_many_30 = yard_exp_brackets_239 yard_many_30 
 906: yard_rule_not_empty_list_44 = table_source yard_many_30 
 907: from = from yard_rule_not_empty_list_44 
 908: yard_opt_158 = 
 909: yard_opt_158 = yard_exp_brackets_238 
 910: yard_opt_157 = 
 911: yard_opt_157 = yard_exp_brackets_237 
 912: yard_opt_156 = 
 913: yard_opt_156 = not 
 914: yard_opt_155 = 
 915: yard_opt_155 = not 
 916: yard_opt_154 = 
 917: yard_opt_154 = yard_exp_brackets_236 
 918: predicate = sql_expr yard_opt_154 
 919: predicate = sql_expr yard_opt_155 between sql_expr and sql_expr 
 920: predicate = sql_expr is yard_opt_156 null 
 921: predicate = sql_expr binop yard_exp_brackets_233 ( query_expression ) 
 922: predicate = exists ( query_expression ) 
 923: predicate = IDENT yard_opt_157 yard_opt_158 in ( yard_exp_brackets_234 , yard_exp_brackets_235 ) 
 924: yard_many_29 = 
 925: yard_many_29 = yard_exp_brackets_232 yard_many_29 
 926: yard_opt_153 = 
 927: yard_opt_153 = not 
 928: yard_opt_152 = 
 929: yard_opt_152 = not 
 930: search_condition = yard_exp_brackets_231 yard_many_29 
 931: yard_many_28 = 
 932: yard_many_28 = yard_exp_brackets_230 yard_many_28 
 933: yard_opt_150 = 
 934: yard_opt_150 = yard_exp_brackets_229 
 935: yard_opt_151 = 
 936: yard_opt_151 = as 
 937: yard_opt_148 = 
 938: yard_opt_148 = yard_exp_brackets_228 
 939: yard_opt_149 = 
 940: yard_opt_149 = as 
 941: yard_rule_list_43 = 
 942: yard_rule_list_43 = yard_exp_brackets_227 yard_many_28 
 943: yard_rule_comma_list_42 = yard_rule_list_43 
 944: select_list = yard_rule_comma_list_42 
 945: yard_opt_147 = 
 946: yard_opt_147 = yard_exp_brackets_226 
 947: yard_opt_144 = 
 948: yard_opt_144 = yard_exp_brackets_225 
 949: yard_opt_146 = 
 950: yard_opt_146 = yard_exp_brackets_224 
 951: yard_opt_145 = 
 952: yard_opt_145 = all 
 953: yard_opt_143 = 
 954: yard_opt_143 = yard_exp_brackets_223 
 955: yard_opt_142 = 
 956: yard_opt_142 = from 
 957: yard_opt_141 = 
 958: yard_opt_141 = yard_exp_brackets_222 
 959: yard_opt_138 = 
 960: yard_opt_138 = yard_exp_brackets_221 
 961: yard_opt_140 = 
 962: yard_opt_140 = yard_exp_brackets_220 
 963: yard_opt_139 = 
 964: yard_opt_139 = percent 
 965: yard_opt_137 = 
 966: yard_opt_137 = yard_exp_brackets_219 
 967: query_specification = select yard_opt_137 yard_opt_138 select_list yard_opt_141 yard_opt_142 yard_opt_143 yard_opt_144 yard_opt_147 
 968: yard_many_27 = 
 969: yard_many_27 = yard_exp_brackets_218 yard_many_27 
 970: yard_rule_list_41 = 
 971: yard_rule_list_41 = yard_exp_brackets_217 yard_many_27 
 972: yard_rule_comma_list_40 = yard_rule_list_41 
 973: yard_opt_135 = 
 974: yard_opt_135 = yard_exp_brackets_216 
 975: yard_opt_136 = 
 976: yard_opt_136 = all 
 977: query_expression = yard_exp_brackets_215 yard_opt_135 
 978: yard_opt_134 = 
 979: yard_opt_134 = ; 
 980: yard_opt_133 = 
 981: yard_opt_133 = yard_exp_brackets_214 
 982: common_table_expression = yard_exp_brackets_213 yard_opt_133 as ( select_stmnt ) yard_opt_134 
 983: yard_opt_131 = 
 984: yard_opt_131 = yard_exp_brackets_212 
 985: yard_opt_132 = 
 986: yard_opt_132 = yard_exp_brackets_211 
 987: yard_opt_130 = 
 988: yard_opt_130 = yard_exp_brackets_210 
 989: yard_opt_129 = 
 990: yard_opt_129 = yard_exp_brackets_209 
 991: common_directives = yard_opt_129 yard_opt_130 yard_opt_131 
 992: yard_many_26 = 
 993: yard_many_26 = yard_exp_brackets_208 yard_many_26 
 994: yard_rule_list_39 = 
 995: yard_rule_list_39 = yard_exp_brackets_207 yard_many_26 
 996: yard_rule_comma_list_38 = yard_rule_list_39 
 997: query_hint = yard_exp_brackets_203 group 
 998: query_hint = yard_exp_brackets_204 union 
 999: query_hint = yard_exp_brackets_205 join 
1000: query_hint = fast DEC_NUMBER 
1001: query_hint = force order 
1002: query_hint = maxdop DEC_NUMBER 
1003: query_hint = optimize for ( yard_rule_comma_list_38 ) 
1004: query_hint = parameterization yard_exp_brackets_206 
1005: query_hint = recompile 
1006: query_hint = robust plan 
1007: query_hint = keep plan 
1008: query_hint = keepfixed plan 
1009: query_hint = expand views 
1010: query_hint = maxrecursion DEC_NUMBER 
1011: query_hint = use plan STRING_CONST 
1012: yard_opt_126 = 
1013: yard_opt_126 = yard_exp_brackets_202 
1014: yard_opt_127 = 
1015: yard_opt_127 = yard_exp_brackets_201 
1016: yard_opt_128 = 
1017: yard_opt_128 = yard_exp_brackets_200 
1018: yard_opt_125 = 
1019: yard_opt_125 = yard_exp_brackets_199 
1020: yard_opt_123 = 
1021: yard_opt_123 = yard_exp_brackets_198 
1022: yard_opt_124 = 
1023: yard_opt_124 = yard_exp_brackets_197 
1024: yard_opt_118 = 
1025: yard_opt_118 = yard_exp_brackets_196 
1026: yard_opt_121 = 
1027: yard_opt_121 = yard_exp_brackets_195 
1028: yard_opt_122 = 
1029: yard_opt_122 = yard_exp_brackets_194 
1030: yard_opt_119 = 
1031: yard_opt_119 = yard_exp_brackets_193 
1032: yard_opt_120 = 
1033: yard_opt_120 = yard_exp_brackets_192 
1034: yard_opt_117 = 
1035: yard_opt_117 = yard_exp_brackets_191 
1036: xml = xml yard_exp_brackets_190 
1037: for = for yard_exp_brackets_189 
1038: yard_many_25 = 
1039: yard_many_25 = yard_exp_brackets_188 yard_many_25 
1040: yard_opt_116 = 
1041: yard_opt_116 = yard_exp_brackets_187 
1042: yard_opt_115 = 
1043: yard_opt_115 = yard_exp_brackets_186 
1044: yard_rule_list_33 = 
1045: yard_rule_list_33 = yard_exp_brackets_185 yard_many_25 
1046: yard_rule_comma_list_32 = yard_rule_list_33 
1047: yard_many_24 = 
1048: yard_many_24 = yard_exp_brackets_184 yard_many_24 
1049: yard_rule_list_35 = 
1050: yard_rule_list_35 = yard_exp_brackets_183 yard_many_24 
1051: yard_rule_comma_list_34 = yard_rule_list_35 
1052: yard_many_23 = 
1053: yard_many_23 = yard_exp_brackets_182 yard_many_23 
1054: yard_rule_list_37 = 
1055: yard_rule_list_37 = query_hint yard_many_23 
1056: yard_rule_comma_list_36 = yard_rule_list_37 
1057: yard_opt_114 = 
1058: yard_opt_114 = ; 
1059: yard_opt_113 = 
1060: yard_opt_113 = yard_exp_brackets_181 
1061: yard_opt_112 = 
1062: yard_opt_112 = for 
1063: yard_opt_110 = 
1064: yard_opt_110 = yard_exp_brackets_180 
1065: yard_opt_111 = 
1066: yard_opt_111 = yard_exp_brackets_179 
1067: yard_opt_109 = 
1068: yard_opt_109 = yard_exp_brackets_178 
1069: yard_opt_108 = 
1070: yard_opt_108 = yard_exp_brackets_177 
1071: select_stmnt = yard_opt_108 query_expression yard_opt_109 yard_opt_110 yard_opt_112 yard_opt_113 yard_opt_114 
1072: object = full_ident 
1073: yard_many_22 = 
1074: yard_many_22 = yard_exp_brackets_176 yard_many_22 
1075: yard_opt_106 = 
1076: yard_opt_106 = yard_exp_brackets_175 
1077: yard_opt_107 = 
1078: yard_opt_107 = as 
1079: yard_opt_104 = 
1080: yard_opt_104 = yard_exp_brackets_174 
1081: yard_opt_105 = 
1082: yard_opt_105 = as 
1083: yard_rule_list_31 = 
1084: yard_rule_list_31 = yard_exp_brackets_173 yard_many_22 
1085: yard_rule_comma_list_30 = yard_rule_list_31 
1086: yard_opt_102 = 
1087: yard_opt_102 = yard_exp_brackets_172 
1088: yard_opt_103 = 
1089: yard_opt_103 = as 
1090: dml_select_list = yard_exp_brackets_171 yard_opt_102 yard_rule_comma_list_30 
1091: yard_opt_101 = 
1092: yard_opt_101 = yard_exp_brackets_170 
1093: yard_opt_100 = 
1094: yard_opt_100 = yard_exp_brackets_169 
1095: output_clause = output dml_select_list into yard_exp_brackets_168 yard_opt_100 yard_opt_101 
1096: yard_many_21 = 
1097: yard_many_21 = yard_exp_brackets_167 yard_many_21 
1098: yard_rule_list_27 = 
1099: yard_rule_list_27 = common_table_expression yard_many_21 
1100: yard_rule_comma_list_26 = yard_rule_list_27 
1101: yard_many_20 = 
1102: yard_many_20 = yard_exp_brackets_166 yard_many_20 
1103: yard_rule_list_29 = 
1104: yard_rule_list_29 = yard_exp_brackets_165 yard_many_20 
1105: yard_rule_comma_list_28 = yard_rule_list_29 
1106: yard_opt_99 = 
1107: yard_opt_99 = ; 
1108: yard_opt_98 = 
1109: yard_opt_98 = yard_exp_brackets_164 
1110: yard_opt_97 = 
1111: yard_opt_97 = output_clause 
1112: yard_opt_96 = 
1113: yard_opt_96 = yard_exp_brackets_163 
1114: yard_opt_95 = 
1115: yard_opt_95 = yard_exp_brackets_162 
1116: yard_many_19 = 
1117: yard_many_19 = table_hint yard_many_19 
1118: yard_opt_94 = 
1119: yard_opt_94 = into 
1120: yard_opt_92 = 
1121: yard_opt_92 = yard_exp_brackets_161 
1122: yard_opt_93 = 
1123: yard_opt_93 = percent 
1124: yard_opt_91 = 
1125: yard_opt_91 = yard_exp_brackets_160 
1126: insert = yard_opt_91 insert yard_opt_92 yard_opt_94 yard_exp_brackets_159 yard_opt_96 yard_opt_97 yard_opt_98 yard_opt_99 
1127: yard_opt_90 = 
1128: yard_opt_90 = ; 
1129: yard_opt_89 = 
1130: yard_opt_89 = yard_exp_brackets_158 
1131: yard_opt_88 = 
1132: yard_opt_88 = yard_exp_brackets_157 
1133: yard_many_18 = 
1134: yard_many_18 = yard_exp_brackets_156 yard_many_18 
1135: yard_opt_87 = 
1136: yard_opt_87 = output 
1137: yard_some_4 = yard_exp_brackets_154 
1138: yard_some_4 = yard_exp_brackets_155 yard_some_4 
1139: yard_opt_86 = 
1140: yard_opt_86 = + 
1141: yard_opt_85 = 
1142: yard_opt_85 = ? 
1143: execute_command = yard_exp_brackets_153 ( yard_some_4 yard_many_18 ) yard_opt_88 yard_opt_89 yard_opt_90 
1144: yard_opt_84 = 
1145: yard_opt_84 = ; 
1146: yard_opt_83 = 
1147: yard_opt_83 = yard_exp_brackets_152 
1148: yard_some_3 = yard_exp_brackets_150 
1149: yard_some_3 = yard_exp_brackets_151 yard_some_3 
1150: yard_opt_82 = 
1151: yard_opt_82 = + 
1152: execute_character_string = yard_exp_brackets_149 ( yard_some_3 ) yard_opt_83 yard_opt_84 
1153: create_object = STOREDPROCEDURE ( yard_rule_comma_list_7 ) 
1154: yard_many_17 = 
1155: yard_many_17 = yard_exp_brackets_148 yard_many_17 
1156: yard_opt_78 = 
1157: yard_opt_78 = yard_exp_brackets_147 
1158: yard_opt_81 = 
1159: yard_opt_81 = default 
1160: yard_opt_80 = 
1161: yard_opt_80 = yard_exp_brackets_146 
1162: yard_opt_79 = 
1163: yard_opt_79 = yard_exp_brackets_145 
1164: yard_opt_74 = 
1165: yard_opt_74 = yard_exp_brackets_144 
1166: yard_opt_77 = 
1167: yard_opt_77 = default 
1168: yard_opt_76 = 
1169: yard_opt_76 = yard_exp_brackets_143 
1170: yard_opt_75 = 
1171: yard_opt_75 = yard_exp_brackets_142 
1172: yard_rule_list_25 = 
1173: yard_rule_list_25 = yard_opt_74 yard_many_17 
1174: yard_rule_comma_list_24 = yard_rule_list_25 
1175: yard_many_16 = 
1176: yard_many_16 = yard_exp_brackets_141 yard_many_16 
1177: yard_opt_73 = 
1178: yard_opt_73 = yard_exp_brackets_140 
1179: yard_opt_72 = 
1180: yard_opt_72 = yard_exp_brackets_139 
1181: yard_rule_list_23 = 
1182: yard_rule_list_23 = yard_exp_brackets_138 yard_many_16 
1183: yard_rule_comma_list_22 = yard_rule_list_23 
1184: yard_opt_71 = 
1185: yard_opt_71 = yard_exp_brackets_137 
1186: yard_opt_70 = 
1187: yard_opt_70 = yard_exp_brackets_136 
1188: yard_opt_69 = 
1189: yard_opt_69 = yard_exp_brackets_135 
1190: yard_opt_68 = 
1191: yard_opt_68 = yard_exp_brackets_134 
1192: execute_proc = yard_opt_68 yard_exp_brackets_133 
1193: execute_stmnt = execute_proc 
1194: execute_stmnt = execute_character_string 
1195: execute_stmnt = execute_command 
1196: yard_opt_67 = 
1197: yard_opt_67 = ; 
1198: print_stmt = print sql_expr yard_opt_67 
1199: yard_some_2 = full_ident 
1200: yard_some_2 = full_ident yard_some_2 
1201: drop_procedure = drop yard_exp_brackets_132 yard_some_2 
1202: yard_many_15 = 
1203: yard_many_15 = yard_exp_brackets_131 yard_many_15 
1204: yard_opt_66 = 
1205: yard_opt_66 = ; 
1206: stmt_block = begin yard_many_15 end 
1207: yard_many_14 = 
1208: yard_many_14 = yard_exp_brackets_130 yard_many_14 
1209: yard_rule_list_21 = 
1210: yard_rule_list_21 = yard_exp_brackets_129 yard_many_14 
1211: yard_rule_comma_list_20 = yard_rule_list_21 
1212: yard_opt_65 = 
1213: yard_opt_65 = yard_exp_brackets_128 
1214: yard_opt_64 = 
1215: yard_opt_64 = yard_exp_brackets_127 
1216: raiserror_stmnt = raiserror ( yard_exp_brackets_125 yard_exp_brackets_126 yard_opt_64 ) yard_opt_65 
1217: table_constraint = yard_exp_brackets_124 ( yard_rule_comma_list_5 ) 
1218: table_constraint = check ( search_condition ) 
1219: yard_opt_62 = 
1220: yard_opt_62 = yard_exp_brackets_123 
1221: yard_opt_63 = 
1222: yard_opt_63 = not 
1223: column_constraint = yard_opt_62 
1224: yard_opt_61 = 
1225: yard_opt_61 = column_constraint 
1226: yard_opt_60 = 
1227: yard_opt_60 = rowguidcol 
1228: yard_opt_58 = 
1229: yard_opt_58 = yard_exp_brackets_122 
1230: yard_opt_59 = 
1231: yard_opt_59 = yard_exp_brackets_121 
1232: yard_opt_57 = 
1233: yard_opt_57 = yard_exp_brackets_120 
1234: column_definition = ident yard_exp_brackets_119 yard_opt_57 yard_opt_58 yard_opt_60 yard_opt_61 
1235: yard_many_13 = 
1236: yard_many_13 = yard_exp_brackets_118 yard_many_13 
1237: table_type_definition = table ( yard_many_13 ) 
1238: yard_many_12 = 
1239: yard_many_12 = yard_exp_brackets_117 yard_many_12 
1240: yard_opt_56 = 
1241: yard_opt_56 = as 
1242: yard_opt_55 = 
1243: yard_opt_55 = for 
1244: yard_opt_54 = 
1245: yard_opt_54 = static 
1246: yard_opt_53 = 
1247: yard_opt_53 = local 
1248: yard_opt_52 = 
1249: yard_opt_52 = as 
1250: yard_opt_51 = 
1251: yard_opt_51 = as 
1252: yard_opt_50 = 
1253: yard_opt_50 = for 
1254: yard_opt_49 = 
1255: yard_opt_49 = static 
1256: yard_opt_48 = 
1257: yard_opt_48 = local 
1258: yard_opt_47 = 
1259: yard_opt_47 = as 
1260: yard_rule_list_19 = 
1261: yard_rule_list_19 = yard_exp_brackets_116 yard_many_12 
1262: yard_rule_comma_list_18 = yard_rule_list_19 
1263: yard_opt_46 = 
1264: yard_opt_46 = ; 
1265: declare = declare yard_rule_comma_list_18 yard_opt_46 
1266: proc_body_stmnt = select_stmnt 
1267: proc_body_stmnt = set_stmnt 
1268: proc_body_stmnt = execute_stmnt 
1269: proc_body_stmnt = declare 
1270: proc_body_stmnt = return sql_expr 
1271: proc_body_stmnt = if_stmt 
1272: proc_body_stmnt = raiserror_stmnt 
1273: proc_body_stmnt = stmt_block 
1274: proc_body_stmnt = begin_transaction 
1275: proc_body_stmnt = commit_transaction 
1276: proc_body_stmnt = rollback_transaction 
1277: proc_body_stmnt = drop_procedure 
1278: proc_body_stmnt = while_stmt 
1279: proc_body_stmnt = create_table 
1280: proc_body_stmnt = insert 
1281: proc_body_stmnt = fetch_stmnt 
1282: proc_body_stmnt = print_stmt 
1283: type_size = ( yard_exp_brackets_115 ) 
1284: yard_opt_45 = 
1285: yard_opt_45 = type_size 
1286: yard_opt_44 = 
1287: yard_opt_44 = type_size 
1288: yard_opt_43 = 
1289: yard_opt_43 = type_size 
1290: yard_opt_42 = 
1291: yard_opt_42 = type_size 
1292: yard_opt_41 = 
1293: yard_opt_41 = type_size 
1294: yard_opt_40 = 
1295: yard_opt_40 = type_size 
1296: sql_datatype = bigint 
1297: sql_datatype = numeric 
1298: sql_datatype = bit 
1299: sql_datatype = smallint 
1300: sql_datatype = decimal 
1301: sql_datatype = datetime 
1302: sql_datatype = smallmoney 
1303: sql_datatype = sysname 
1304: sql_datatype = int 
1305: sql_datatype = tinyint 
1306: sql_datatype = money 
1307: sql_datatype = float yard_opt_40 
1308: sql_datatype = real 
1309: sql_datatype = char yard_opt_41 
1310: sql_datatype = varchar yard_opt_42 
1311: sql_datatype = varbinary yard_opt_43 
1312: sql_datatype = nchar yard_opt_44 
1313: sql_datatype = nvarchar yard_opt_45 
1314: sql_datatype = sql_variant 
1315: yard_opt_39 = 
1316: yard_opt_39 = yard_exp_brackets_114 
1317: yard_many_11 = 
1318: yard_many_11 = yard_exp_brackets_113 yard_many_11 
1319: yard_opt_38 = 
1320: yard_opt_38 = sql_expr 
1321: case = case yard_opt_38 yard_many_11 yard_opt_39 end 
1322: yard_opt_37 = 
1323: yard_opt_37 = yard_exp_brackets_112 
1324: if_stmt = if sql_expr proc_body_stmnt yard_opt_37 
1325: while_stmt = while sql_expr proc_body_stmnt 
1326: execute_as = yard_exp_brackets_110 as yard_exp_brackets_111 
1327: yard_rule_brace_opt_17 = yard_rule_comma_list_3 
1328: yard_rule_brace_opt_17 = ( yard_rule_comma_list_3 ) 
1329: yard_opt_36 = 
1330: yard_opt_36 = ; 
1331: yard_many_10 = 
1332: yard_many_10 = yard_exp_brackets_109 yard_many_10 
1333: yard_opt_35 = 
1334: yard_opt_35 = ; 
1335: yard_opt_34 = 
1336: yard_opt_34 = yard_exp_brackets_108 
1337: yard_opt_33 = 
1338: yard_opt_33 = yard_exp_brackets_107 
1339: yard_some_1 = execute_as 
1340: yard_some_1 = execute_as yard_some_1 
1341: yard_opt_32 = 
1342: yard_opt_32 = yard_exp_brackets_106 
1343: yard_opt_31 = 
1344: yard_opt_31 = yard_exp_brackets_105 
1345: create_proc = create yard_exp_brackets_104 yard_opt_31 ident yard_opt_32 yard_rule_brace_opt_17 yard_opt_33 yard_opt_34 as yard_many_10 yard_opt_36 
1346: yard_many_9 = 
1347: yard_many_9 = yard_exp_brackets_103 yard_many_9 
1348: yard_rule_list_16 = 
1349: yard_rule_list_16 = LOCALVAR yard_many_9 
1350: yard_rule_comma_list_15 = yard_rule_list_16 
1351: yard_opt_30 = 
1352: yard_opt_30 = yard_exp_brackets_102 
1353: yard_opt_29 = 
1354: yard_opt_29 = global 
1355: yard_opt_27 = 
1356: yard_opt_27 = yard_exp_brackets_101 
1357: yard_opt_28 = 
1358: yard_opt_28 = yard_exp_brackets_100 
1359: fetch_stmnt = fetch yard_opt_27 yard_exp_brackets_99 yard_opt_30 
1360: binop = += 
1361: binop = -= 
1362: binop = *= 
1363: binop = /= 
1364: binop = %= 
1365: binop = &= 
1366: binop = ^= 
1367: binop = |= 
1368: binop = = 
1369: binop = + 
1370: binop = - 
1371: binop = * 
1372: binop = / 
1373: binop = % 
1374: binop = ~ 
1375: binop = < 
1376: binop = > 
1377: binop = yard_exp_brackets_96 
1378: binop = yard_exp_brackets_97 
1379: binop = yard_exp_brackets_98 
1380: yard_many_8 = 
1381: yard_many_8 = yard_exp_brackets_95 yard_many_8 
1382: yard_opt_26 = 
1383: yard_opt_26 = yard_exp_brackets_94 
1384: yard_opt_25 = 
1385: yard_opt_25 = yard_exp_brackets_93 
1386: yard_rule_list_14 = 
1387: yard_rule_list_14 = yard_exp_brackets_92 yard_many_8 
1388: yard_rule_comma_list_13 = yard_rule_list_14 
1389: yard_opt_24 = 
1390: yard_opt_24 = yard_exp_brackets_91 
1391: order_by_clause = yard_opt_24 
1392: yard_many_7 = 
1393: yard_many_7 = yard_exp_brackets_90 yard_many_7 
1394: yard_opt_23 = 
1395: yard_opt_23 = yard_exp_brackets_89 
1396: yard_opt_22 = 
1397: yard_opt_22 = yard_exp_brackets_88 
1398: yard_rule_list_12 = 
1399: yard_rule_list_12 = yard_opt_22 yard_many_7 
1400: yard_rule_comma_list_11 = yard_rule_list_12 
1401: aggregate_windowed_function = over ( yard_rule_comma_list_11 order_by_clause ) 
1402: yard_opt_21 = 
1403: yard_opt_21 = yard_many_6 
1404: yard_many_6 = 
1405: yard_many_6 = yard_exp_brackets_87 yard_many_6 
1406: yard_opt_20 = 
1407: yard_opt_20 = sql_expr 
1408: ranking_windowed_function = yard_exp_brackets_86 ( yard_opt_20 ) over ( yard_opt_21 order_by_clause ) 
1409: yard_many_5 = 
1410: yard_many_5 = yard_exp_brackets_85 yard_many_5 
1411: yard_rule_list_10 = 
1412: yard_rule_list_10 = yard_exp_brackets_84 yard_many_5 
1413: yard_rule_comma_list_9 = yard_rule_list_10 
1414: call_expr = full_ident ( yard_rule_comma_list_9 ) 
1415: yard_opt_19 = 
1416: yard_opt_19 = yard_exp_brackets_83 
1417: scalar_function = lower sql_expr 
1418: scalar_function = sum ( yard_opt_19 sql_expr ) 
1419: scalar_function = yard_exp_brackets_81 ( sql_expr ) 
1420: scalar_function = yard_exp_brackets_82 from sql_expr 
1421: scalar_function = hextoraw ( sql_value ) 
1422: sql_expr = sql_expr_not_concat 
1423: sql_expr = sql_expr_not_concat | | sql_expr 
1424: yard_many_4 = 
1425: yard_many_4 = yard_exp_brackets_80 yard_many_4 
1426: yard_rule_list_8 = 
1427: yard_rule_list_8 = sql_expr yard_many_4 
1428: yard_rule_comma_list_7 = yard_rule_list_8 
1429: yard_opt_18 = 
1430: yard_opt_18 = not 
1431: yard_opt_17 = 
1432: yard_opt_17 = not 
1433: yard_opt_16 = 
1434: yard_opt_16 = not 
1435: yard_opt_15 = 
1436: yard_opt_15 = is 
1437: sql_expr_not_concat = sql_value 
1438: sql_expr_not_concat = scalar_function 
1439: sql_expr_not_concat = ( sql_expr ) 
1440: sql_expr_not_concat = call_expr 
1441: sql_expr_not_concat = full_ident 
1442: sql_expr_not_concat = select_stmnt 
1443: sql_expr_not_concat = yard_exp_brackets_78 sql_expr 
1444: sql_expr_not_concat = GLOBALVAR 
1445: sql_expr_not_concat = LOCALVAR 
1446: sql_expr_not_concat = * 
1447: sql_expr_not_concat = sql_expr binop sql_expr 
1448: sql_expr_not_concat = sql_expr yard_opt_15 yard_opt_16 null 
1449: sql_expr_not_concat = ranking_windowed_function 
1450: sql_expr_not_concat = aggregate_windowed_function 
1451: sql_expr_not_concat = sql_expr collate ident 
1452: sql_expr_not_concat = case 
1453: sql_expr_not_concat = exists sql_expr 
1454: sql_expr_not_concat = is_member ( STRING_CONST ) 
1455: sql_expr_not_concat = sql_expr yard_exp_brackets_79 sql_expr 
1456: sql_expr_not_concat = type from full_ident 
1457: sql_expr_not_concat = fetch_stmnt 
1458: sql_expr_not_concat = sql_expr yard_opt_17 in ( yard_rule_comma_list_7 ) 
1459: sql_expr_not_concat = sql_expr yard_opt_18 like sql_expr 
1460: yard_opt_14 = 
1461: yard_opt_14 = readonly 
1462: yard_opt_13 = 
1463: yard_opt_13 = yard_exp_brackets_77 
1464: yard_opt_12 = 
1465: yard_opt_12 = yard_exp_brackets_76 
1466: yard_opt_11 = 
1467: yard_opt_11 = varying 
1468: yard_opt_10 = 
1469: yard_opt_10 = sql_datatype 
1470: yard_opt_9 = 
1471: yard_opt_9 = yard_exp_brackets_75 
1472: proc_formal_param = LOCALVAR yard_opt_9 yard_opt_10 yard_opt_11 yard_opt_12 yard_opt_13 yard_opt_14 
1473: yard_many_3 = 
1474: yard_many_3 = yard_exp_brackets_74 yard_many_3 
1475: yard_rule_list_6 = 
1476: yard_rule_list_6 = ident yard_many_3 
1477: yard_rule_comma_list_5 = yard_rule_list_6 
1478: yard_many_2 = 
1479: yard_many_2 = yard_exp_brackets_73 yard_many_2 
1480: yard_rule_list_4 = 
1481: yard_rule_list_4 = proc_formal_param yard_many_2 
1482: yard_rule_comma_list_3 = yard_rule_list_4 
1483: yard_opt_7 = 
1484: yard_opt_7 = yard_exp_brackets_72 
1485: yard_opt_8 = 
1486: yard_opt_8 = yard_exp_brackets_71 
1487: yard_opt_6 = 
1488: yard_opt_6 = type_warning 
1489: yard_opt_5 = 
1490: yard_opt_5 = yard_exp_brackets_70 
1491: yard_opt_4 = 
1492: yard_opt_4 = yard_exp_brackets_69 
1493: yard_opt_3 = 
1494: yard_opt_3 = yard_exp_brackets_68 
1495: yard_opt_2 = 
1496: yard_opt_2 = yard_exp_brackets_67 
1497: set_localvar = set yard_exp_brackets_66 
1498: set_localvar = LOCALVAR = LOCALVAR 
1499: set_localvar = cursor yard_opt_3 yard_opt_4 yard_opt_5 yard_opt_6 for select_stmnt yard_opt_7 
1500: set_stmnt = set yard_exp_brackets_64 yard_exp_brackets_65 
1501: set_stmnt = set_localvar 
1502: yard_many_1 = 
1503: yard_many_1 = yard_exp_brackets_63 yard_many_1 
1504: yard_rule_not_empty_list_2 = ident yard_many_1 
1505: full_ident = yard_rule_not_empty_list_2 
1506: yard_rule_brace_opt_1 = yard_exp_brackets_61 
1507: yard_rule_brace_opt_1 = [ yard_exp_brackets_62 ] 
1508: ident = yard_rule_brace_opt_1 
1509: sql_value = STRING_CONST 
1510: sql_value = dec_num 
1511: sql_value = null 
1512: yard_opt_1 = 
1513: yard_opt_1 = - 
1514: dec_num = yard_opt_1 DEC_NUMBER 
States count: 2090
Generation time: 00:00:22.2857382
